<?xml version="1.0" encoding="UTF-8"?>
<!-- Generated by org.testng.reporters.JUnitReportReporter -->
<testsuite hostname="DESKTOP-VQLLA2K" failures="0" tests="6" name="healthApp.HealthLogout" time="56.258" errors="0" timestamp="2023-09-20T16:26:27 IST" skipped="0">
  <testcase classname="healthApp.HealthLogout" name="NumberField" time="12.098"/>
  <testcase classname="healthApp.HealthLogout" name="IAgree" time="2.178"/>
  <testcase classname="healthApp.HealthLogout" name="proceedButton" time="5.399"/>
  <testcase classname="healthApp.HealthLogout" name="OTP" time="15.850"/>
  <testcase classname="healthApp.HealthLogout" name="Verify" time="2.880"/>
  <testcase classname="healthApp.HealthLogout" name="menu" time="17.853"/>
</testsuite> <!-- healthApp.HealthLogout -->
