<?xml version="1.0" encoding="UTF-8"?>
<!-- Generated by org.testng.reporters.JUnitReportReporter -->
<testsuite hostname="DESKTOP-VQLLA2K" failures="0" tests="8" name="webAutoQueue.Certificate" time="79.978" errors="0" timestamp="2023-06-21T13:18:38 IST" skipped="0">
  <testcase classname="webAutoQueue.Certificate" name="numberField" time="0.296"/>
  <system-out/>
  <testcase classname="webAutoQueue.Certificate" name="sendOTP" time="8.554"/>
  <system-out/>
  <testcase classname="webAutoQueue.Certificate" name="verifyButton" time="10.178"/>
  <system-out/>
  <testcase classname="webAutoQueue.Certificate" name="searchBar" time="4.133"/>
  <system-out/>
  <testcase classname="webAutoQueue.Certificate" name="searchOpt" time="3.191"/>
  <system-out/>
  <testcase classname="webAutoQueue.Certificate" name="clickPatient" time="10.392"/>
  <system-out/>
  <testcase classname="webAutoQueue.Certificate" name="Document" time="0.536"/>
  <system-out/>
  <testcase classname="webAutoQueue.Certificate" name="cirtificateOption" time="42.698"/>
  <system-out/>
</testsuite> <!-- webAutoQueue.Certificate -->
