<?xml version="1.0" encoding="UTF-8"?>
<!-- Generated by org.testng.reporters.JUnitReportReporter -->
<testsuite hostname="DESKTOP-VQLLA2K" failures="0" tests="43" name="pivotalApplication.LMPAddPivo" time="253.738" errors="0" timestamp="2023-09-18T13:33:39 IST" skipped="0">
  <testcase classname="pivotalApplication.LMPAddPivo" name="NumberField" time="1.655"/>
  <testcase classname="pivotalApplication.LMPAddPivo" name="IAgree" time="2.195"/>
  <testcase classname="pivotalApplication.LMPAddPivo" name="proceedButton" time="2.404"/>
  <testcase classname="pivotalApplication.LMPAddPivo" name="OTP" time="11.151"/>
  <testcase classname="pivotalApplication.LMPAddPivo" name="submit" time="3.517"/>
  <testcase classname="pivotalApplication.LMPAddPivo" name="Createptient" time="4.347"/>
  <testcase classname="pivotalApplication.LMPAddPivo" name="Neweptient" time="12.347"/>
  <testcase classname="pivotalApplication.LMPAddPivo" name="Close" time="5.051"/>
  <testcase classname="pivotalApplication.LMPAddPivo" name="MobileNumber1" time="3.054"/>
  <testcase classname="pivotalApplication.LMPAddPivo" name="confirm" time="4.584"/>
  <testcase classname="pivotalApplication.LMPAddPivo" name="confirmPopup" time="6.568"/>
  <testcase classname="pivotalApplication.LMPAddPivo" name="AdditionalNumber1" time="3.100"/>
  <testcase classname="pivotalApplication.LMPAddPivo" name="FirstName" time="5.008"/>
  <testcase classname="pivotalApplication.LMPAddPivo" name="MiddleName" time="4.985"/>
  <testcase classname="pivotalApplication.LMPAddPivo" name="LastName" time="4.479"/>
  <testcase classname="pivotalApplication.LMPAddPivo" name="Age" time="0.564"/>
  <testcase classname="pivotalApplication.LMPAddPivo" name="GenFemale" time="4.491"/>
  <testcase classname="pivotalApplication.LMPAddPivo" name="Address" time="2.966"/>
  <testcase classname="pivotalApplication.LMPAddPivo" name="Area" time="2.926"/>
  <testcase classname="pivotalApplication.LMPAddPivo" name="City" time="2.417"/>
  <testcase classname="pivotalApplication.LMPAddPivo" name="PinCode" time="2.922"/>
  <testcase classname="pivotalApplication.LMPAddPivo" name="Next" time="15.479"/>
  <testcase classname="pivotalApplication.LMPAddPivo" name="AddVital" time="5.335"/>
  <testcase classname="pivotalApplication.LMPAddPivo" name="Continue" time="10.778"/>
  <testcase classname="pivotalApplication.LMPAddPivo" name="weight" time="0.349"/>
  <testcase classname="pivotalApplication.LMPAddPivo" name="Height" time="6.048"/>
  <testcase classname="pivotalApplication.LMPAddPivo" name="Temperature" time="5.875"/>
  <testcase classname="pivotalApplication.LMPAddPivo" name="SPO2" time="5.401"/>
  <testcase classname="pivotalApplication.LMPAddPivo" name="LMPDate" time="16.260"/>
  <testcase classname="pivotalApplication.LMPAddPivo" name="UpArrow" time="10.752"/>
  <testcase classname="pivotalApplication.LMPAddPivo" name="BPSYS" time="5.331"/>
  <testcase classname="pivotalApplication.LMPAddPivo" name="BPDIA" time="5.361"/>
  <testcase classname="pivotalApplication.LMPAddPivo" name="HeartRate" time="6.347"/>
  <testcase classname="pivotalApplication.LMPAddPivo" name="Pulse" time="11.490"/>
  <testcase classname="pivotalApplication.LMPAddPivo" name="BloodSugar" time="6.259"/>
  <testcase classname="pivotalApplication.LMPAddPivo" name="BloodSugarf" time="5.312"/>
  <testcase classname="pivotalApplication.LMPAddPivo" name="BloodSugarPP" time="5.903"/>
  <testcase classname="pivotalApplication.LMPAddPivo" name="BloodSugarHB" time="11.680"/>
  <testcase classname="pivotalApplication.LMPAddPivo" name="CholesterolHDL" time="6.626"/>
  <testcase classname="pivotalApplication.LMPAddPivo" name="CholesterolLDL" time="5.806"/>
  <testcase classname="pivotalApplication.LMPAddPivo" name="TotalCholesterol" time="5.862"/>
  <testcase classname="pivotalApplication.LMPAddPivo" name="Triglycerides" time="5.307"/>
  <testcase classname="pivotalApplication.LMPAddPivo" name="Save" time="5.446"/>
</testsuite> <!-- pivotalApplication.LMPAddPivo -->
