<?xml version="1.0" encoding="UTF-8"?>
<!-- Generated by org.testng.reporters.JUnitReportReporter -->
<testsuite hostname="DESKTOP-VQLLA2K" failures="0" tests="8" name="webAutoQueue.ViewCertificateQ" time="65.988" errors="0" timestamp="2023-06-21T15:15:47 IST" skipped="0">
  <testcase classname="webAutoQueue.ViewCertificateQ" name="numberField" time="0.321"/>
  <system-out/>
  <testcase classname="webAutoQueue.ViewCertificateQ" name="sendOTP" time="8.614"/>
  <system-out/>
  <testcase classname="webAutoQueue.ViewCertificateQ" name="verifyButton" time="10.193"/>
  <system-out/>
  <testcase classname="webAutoQueue.ViewCertificateQ" name="searchBar" time="6.006"/>
  <system-out/>
  <testcase classname="webAutoQueue.ViewCertificateQ" name="searchOpt" time="3.278"/>
  <system-out/>
  <testcase classname="webAutoQueue.ViewCertificateQ" name="clickPatient" time="10.426"/>
  <system-out/>
  <testcase classname="webAutoQueue.ViewCertificateQ" name="Document" time="0.645"/>
  <system-out/>
  <testcase classname="webAutoQueue.ViewCertificateQ" name="cirtificateOption" time="26.505"/>
  <system-out/>
</testsuite> <!-- webAutoQueue.ViewCertificateQ -->
