<?xml version="1.0" encoding="UTF-8"?>
<!-- Generated by org.testng.reporters.JUnitReportReporter -->
<testsuite hostname="DESKTOP-VQLLA2K" failures="0" tests="5" name="healthApp.HealthLogin" time="39.184" errors="0" timestamp="2023-09-18T14:41:28 IST" skipped="0">
  <testcase classname="healthApp.HealthLogin" name="NumberField" time="11.395"/>
  <testcase classname="healthApp.HealthLogin" name="IAgree" time="2.183"/>
  <testcase classname="healthApp.HealthLogin" name="proceedButton" time="5.351"/>
  <testcase classname="healthApp.HealthLogin" name="OTP" time="15.794"/>
  <testcase classname="healthApp.HealthLogin" name="Verify" time="4.461"/>
</testsuite> <!-- healthApp.HealthLogin -->
