<?xml version="1.0" encoding="UTF-8"?>
<!-- Generated by org.testng.reporters.JUnitReportReporter -->
<testsuite hostname="DESKTOP-VQLLA2K" failures="0" tests="28" name="webAuto.AddVitalWeb" time="176.449" errors="0" timestamp="2023-10-31T10:48:44 IST" skipped="0">
  <testcase classname="webAuto.AddVitalWeb" name="numberField" time="0.316"/>
  <testcase classname="webAuto.AddVitalWeb" name="sendOTP" time="12.242"/>
  <testcase classname="webAuto.AddVitalWeb" name="verifyButton" time="10.148"/>
  <testcase classname="webAuto.AddVitalWeb" name="createPatient" time="3.773"/>
  <testcase classname="webAuto.AddVitalWeb" name="Number1" time="0.895"/>
  <testcase classname="webAuto.AddVitalWeb" name="confirm" time="2.712"/>
  <testcase classname="webAuto.AddVitalWeb" name="number2" time="0.501"/>
  <testcase classname="webAuto.AddVitalWeb" name="firstName" time="0.547"/>
  <testcase classname="webAuto.AddVitalWeb" name="middleName" time="0.349"/>
  <testcase classname="webAuto.AddVitalWeb" name="lastName" time="0.378"/>
  <testcase classname="webAuto.AddVitalWeb" name="birthDate" time="0.702"/>
  <testcase classname="webAuto.AddVitalWeb" name="genFemale" time="0.223"/>
  <testcase classname="webAuto.AddVitalWeb" name="address" time="0.477"/>
  <testcase classname="webAuto.AddVitalWeb" name="locality" time="0.423"/>
  <testcase classname="webAuto.AddVitalWeb" name="city" time="0.354"/>
  <testcase classname="webAuto.AddVitalWeb" name="pinCode" time="0.418"/>
  <testcase classname="webAuto.AddVitalWeb" name="proceedWithSameRMN" time="0.394"/>
  <testcase classname="webAuto.AddVitalWeb" name="nextButton" time="15.173"/>
  <testcase classname="webAuto.AddVitalWeb" name="clickClose" time="1.170"/>
  <testcase classname="webAuto.AddVitalWeb" name="fillVitalForm" time="17.714"/>
  <testcase classname="webAuto.AddVitalWeb" name="fillHealthProfile" time="13.233"/>
  <testcase classname="webAuto.AddVitalWeb" name="fillFamilyProfile" time="18.155"/>
  <testcase classname="webAuto.AddVitalWeb" name="GoHome" time="0.608"/>
  <testcase classname="webAuto.AddVitalWeb" name="searchBar2" time="20.017"/>
  <testcase classname="webAuto.AddVitalWeb" name="AdVitals" time="5.001"/>
  <testcase classname="webAuto.AddVitalWeb" name="AdBpandHeartOption" time="16.503"/>
  <testcase classname="webAuto.AddVitalWeb" name="AdBloodAndAnalysis" time="16.902"/>
  <testcase classname="webAuto.AddVitalWeb" name="AdLipidProfile" time="17.121"/>
</testsuite> <!-- webAuto.AddVitalWeb -->
