<?xml version="1.0" encoding="UTF-8"?>
<!-- Generated by org.testng.reporters.JUnitReportReporter -->
<testsuite hostname="DESKTOP-VQLLA2K" failures="0" tests="12" name="pivotalApplication.PriorityAppointment" time="57.327" errors="0" timestamp="2023-08-31T11:34:15 IST" skipped="0">
  <testcase classname="pivotalApplication.PriorityAppointment" name="NumberField" time="0.896"/>
  <testcase classname="pivotalApplication.PriorityAppointment" name="IAgree" time="2.219"/>
  <testcase classname="pivotalApplication.PriorityAppointment" name="proceedButton" time="10.451"/>
  <testcase classname="pivotalApplication.PriorityAppointment" name="OTP" time="10.410"/>
  <testcase classname="pivotalApplication.PriorityAppointment" name="submit" time="6.222"/>
  <testcase classname="pivotalApplication.PriorityAppointment" name="Search" time="8.132"/>
  <testcase classname="pivotalApplication.PriorityAppointment" name="close" time="4.472"/>
  <testcase classname="pivotalApplication.PriorityAppointment" name="Appointment" time="2.366"/>
  <testcase classname="pivotalApplication.PriorityAppointment" name="PriorityTime" time="3.289"/>
  <testcase classname="pivotalApplication.PriorityAppointment" name="PriorityTimeSlot" time="3.019"/>
  <testcase classname="pivotalApplication.PriorityAppointment" name="PriorityBookAppointment" time="2.683"/>
  <testcase classname="pivotalApplication.PriorityAppointment" name="PopBookAppointment" time="3.168"/>
</testsuite> <!-- pivotalApplication.PriorityAppointment -->
