<?xml version="1.0" encoding="UTF-8"?>
<!-- Generated by org.testng.reporters.JUnitReportReporter -->
<testsuite hostname="DESKTOP-VQLLA2K" failures="0" tests="3" name="webAutoQueue.AddFavouriteMedicineQ" time="31.198" errors="0" timestamp="2023-06-21T13:08:50 IST" skipped="0">
  <testcase classname="webAutoQueue.AddFavouriteMedicineQ" name="numberField" time="0.694"/>
  <system-out/>
  <testcase classname="webAutoQueue.AddFavouriteMedicineQ" name="sendOTP" time="11.714"/>
  <system-out/>
  <testcase classname="webAutoQueue.AddFavouriteMedicineQ" name="verifyButton" time="18.790"/>
  <system-out/>
</testsuite> <!-- webAutoQueue.AddFavouriteMedicineQ -->
