<?xml version="1.0" encoding="UTF-8"?>
<!-- Generated by org.testng.reporters.JUnitReportReporter -->
<testsuite hostname="DESKTOP-VQLLA2K" failures="0" tests="10" name="pivotalApplicationNegative.NMedicine" time="78.301" errors="0" timestamp="2023-10-16T16:50:12 IST" skipped="0">
  <testcase classname="pivotalApplicationNegative.NMedicine" name="NumberField" time="1.422"/>
  <testcase classname="pivotalApplicationNegative.NMedicine" name="IAgree" time="2.307"/>
  <testcase classname="pivotalApplicationNegative.NMedicine" name="proceedButton" time="2.758"/>
  <testcase classname="pivotalApplicationNegative.NMedicine" name="OTP" time="11.029"/>
  <testcase classname="pivotalApplicationNegative.NMedicine" name="submit" time="5.606"/>
  <testcase classname="pivotalApplicationNegative.NMedicine" name="Search" time="10.494"/>
  <testcase classname="pivotalApplicationNegative.NMedicine" name="ClickPatient" time="21.502"/>
  <testcase classname="pivotalApplicationNegative.NMedicine" name="SearchMedDolo" time="12.573"/>
  <testcase classname="pivotalApplicationNegative.NMedicine" name="DosageAndDays" time="8.142"/>
  <testcase classname="pivotalApplicationNegative.NMedicine" name="AddToPrescription" time="2.468"/>
</testsuite> <!-- pivotalApplicationNegative.NMedicine -->
