<?xml version="1.0" encoding="UTF-8"?>
<!-- Generated by org.testng.reporters.JUnitReportReporter -->
<testsuite hostname="DESKTOP-VQLLA2K" failures="0" tests="26" name="healthApp.HealthUploadDoc" time="145.920" errors="0" timestamp="2023-09-08T15:01:48 IST" skipped="0">
  <testcase classname="healthApp.HealthUploadDoc" name="NumberField" time="11.255"/>
  <testcase classname="healthApp.HealthUploadDoc" name="IAgree" time="2.130"/>
  <testcase classname="healthApp.HealthUploadDoc" name="proceedButton" time="5.341"/>
  <testcase classname="healthApp.HealthUploadDoc" name="OTP" time="16.161"/>
  <testcase classname="healthApp.HealthUploadDoc" name="Verify" time="5.688"/>
  <testcase classname="healthApp.HealthUploadDoc" name="SelectFamilyMember" time="6.897"/>
  <testcase classname="healthApp.HealthUploadDoc" name="AddButton" time="5.599"/>
  <testcase classname="healthApp.HealthUploadDoc" name="UploadDoc" time="5.814"/>
  <testcase classname="healthApp.HealthUploadDoc" name="DocumentsDropDown" time="5.312"/>
  <testcase classname="healthApp.HealthUploadDoc" name="DischargeSummary" time="2.294"/>
  <testcase classname="healthApp.HealthUploadDoc" name="CreatedBy" time="2.383"/>
  <testcase classname="healthApp.HealthUploadDoc" name="DocumentOn" time="2.268"/>
  <testcase classname="healthApp.HealthUploadDoc" name="popUpOk" time="2.358"/>
  <testcase classname="healthApp.HealthUploadDoc" name="Camera" time="19.799"/>
  <testcase classname="healthApp.HealthUploadDoc" name="UploadCam" time="7.320"/>
  <testcase classname="healthApp.HealthUploadDoc" name="UploadCamOk" time="10.268"/>
  <testcase classname="healthApp.HealthUploadDoc" name="UploadDocuments1" time="3.168"/>
  <testcase classname="healthApp.HealthUploadDoc" name="DocumentsDropDown1" time="5.256"/>
  <testcase classname="healthApp.HealthUploadDoc" name="DischargeSummary1" time="2.280"/>
  <testcase classname="healthApp.HealthUploadDoc" name="CreatedBy1" time="2.304"/>
  <testcase classname="healthApp.HealthUploadDoc" name="DocumentOn1" time="2.281"/>
  <testcase classname="healthApp.HealthUploadDoc" name="popUpOk1" time="2.361"/>
  <testcase classname="healthApp.HealthUploadDoc" name="Gallery" time="2.322"/>
  <testcase classname="healthApp.HealthUploadDoc" name="photo" time="10.356"/>
  <testcase classname="healthApp.HealthUploadDoc" name="Upload" time="2.326"/>
  <testcase classname="healthApp.HealthUploadDoc" name="UploadOk" time="2.379"/>
</testsuite> <!-- healthApp.HealthUploadDoc -->
