<?xml version="1.0" encoding="UTF-8"?>
<!-- Generated by org.testng.reporters.JUnitReportReporter -->
<testsuite hostname="DESKTOP-VQLLA2K" failures="0" tests="9" name="healthApp.GrowthRecord" time="85.841" errors="0" timestamp="2023-10-06T16:25:42 IST" skipped="0">
  <testcase classname="healthApp.GrowthRecord" name="NumberField" time="11.536"/>
  <testcase classname="healthApp.GrowthRecord" name="IAgree" time="2.204"/>
  <testcase classname="healthApp.GrowthRecord" name="proceedButton" time="5.346"/>
  <testcase classname="healthApp.GrowthRecord" name="OTP" time="15.803"/>
  <testcase classname="healthApp.GrowthRecord" name="Verify" time="4.807"/>
  <testcase classname="healthApp.GrowthRecord" name="SelectFamilyMember" time="11.181"/>
  <testcase classname="healthApp.GrowthRecord" name="AddButton" time="5.776"/>
  <testcase classname="healthApp.GrowthRecord" name="GrowthRecord1" time="5.849"/>
  <testcase classname="healthApp.GrowthRecord" name="Vital" time="23.339"/>
</testsuite> <!-- healthApp.GrowthRecord -->
