<?xml version="1.0" encoding="UTF-8"?>
<!-- Generated by org.testng.reporters.JUnitReportReporter -->
<testsuite hostname="DESKTOP-VQLLA2K" failures="0" tests="33" name="healthApp.HealthFamily" time="198.788" errors="0" timestamp="2023-12-11T12:29:33 IST" skipped="0">
  <testcase classname="healthApp.HealthFamily" name="NumberField" time="11.361"/>
  <testcase classname="healthApp.HealthFamily" name="IAgree" time="2.152"/>
  <testcase classname="healthApp.HealthFamily" name="proceedButton" time="5.378"/>
  <testcase classname="healthApp.HealthFamily" name="OTP" time="15.586"/>
  <testcase classname="healthApp.HealthFamily" name="Verify" time="10.981"/>
  <testcase classname="healthApp.HealthFamily" name="Family" time="5.889"/>
  <testcase classname="healthApp.HealthFamily" name="AddFamilyMember" time="6.756"/>
  <testcase classname="healthApp.HealthFamily" name="FirstName" time="5.435"/>
  <testcase classname="healthApp.HealthFamily" name="MiddleName" time="5.871"/>
  <testcase classname="healthApp.HealthFamily" name="Birthdate" time="10.658"/>
  <testcase classname="healthApp.HealthFamily" name="Male" time="5.388"/>
  <testcase classname="healthApp.HealthFamily" name="SaveAndNext" time="10.594"/>
  <testcase classname="healthApp.HealthFamily" name="SelectClick" time="6.425"/>
  <testcase classname="healthApp.HealthFamily" name="SelectOther" time="5.372"/>
  <testcase classname="healthApp.HealthFamily" name="Next" time="6.355"/>
  <testcase classname="healthApp.HealthFamily" name="LinkDr" time="1.188"/>
  <testcase classname="healthApp.HealthFamily" name="AddtionalInformation" time="1.942"/>
  <testcase classname="healthApp.HealthFamily" name="MedicalConditionAdd" time="3.801"/>
  <testcase classname="healthApp.HealthFamily" name="MedicalConditionSelect" time="3.867"/>
  <testcase classname="healthApp.HealthFamily" name="AddMedicalCondition" time="2.385"/>
  <testcase classname="healthApp.HealthFamily" name="Allergies" time="2.347"/>
  <testcase classname="healthApp.HealthFamily" name="Reactions" time="2.810"/>
  <testcase classname="healthApp.HealthFamily" name="RecurringComplaints" time="2.378"/>
  <testcase classname="healthApp.HealthFamily" name="HospitalizationHistory" time="2.322"/>
  <testcase classname="healthApp.HealthFamily" name="HealthHistory" time="2.845"/>
  <testcase classname="healthApp.HealthFamily" name="GeneticdisoredrAdd" time="4.145"/>
  <testcase classname="healthApp.HealthFamily" name="GeneticdisoredrSelect" time="13.262"/>
  <testcase classname="healthApp.HealthFamily" name="AddGeneticdisoredr" time="2.897"/>
  <testcase classname="healthApp.HealthFamily" name="helathNext" time="2.338"/>
  <testcase classname="healthApp.HealthFamily" name="FamailyNedicalHistory" time="8.178"/>
  <testcase classname="healthApp.HealthFamily" name="EnterDisorders" time="10.117"/>
  <testcase classname="healthApp.HealthFamily" name="FathersName" time="3.267"/>
  <testcase classname="healthApp.HealthFamily" name="MothersName" time="14.498"/>
</testsuite> <!-- healthApp.HealthFamily -->
