<?xml version="1.0" encoding="UTF-8"?>
<!-- Generated by org.testng.reporters.JUnitReportReporter -->
<testsuite hostname="DESKTOP-VQLLA2K" failures="0" tests="28" name="webAuto.AddVitalWeb" time="186.006" errors="0" timestamp="2023-12-15T10:32:47 IST" skipped="0">
  <testcase classname="webAuto.AddVitalWeb" name="numberField" time="0.375"/>
  <testcase classname="webAuto.AddVitalWeb" name="sendOTP" time="12.260"/>
  <testcase classname="webAuto.AddVitalWeb" name="verifyButton" time="10.175"/>
  <testcase classname="webAuto.AddVitalWeb" name="createPatient" time="5.290"/>
  <testcase classname="webAuto.AddVitalWeb" name="Number1" time="0.966"/>
  <testcase classname="webAuto.AddVitalWeb" name="confirm" time="2.445"/>
  <testcase classname="webAuto.AddVitalWeb" name="number2" time="0.612"/>
  <testcase classname="webAuto.AddVitalWeb" name="firstName" time="0.534"/>
  <testcase classname="webAuto.AddVitalWeb" name="middleName" time="0.408"/>
  <testcase classname="webAuto.AddVitalWeb" name="lastName" time="0.438"/>
  <testcase classname="webAuto.AddVitalWeb" name="birthDate" time="0.682"/>
  <testcase classname="webAuto.AddVitalWeb" name="genFemale" time="0.245"/>
  <testcase classname="webAuto.AddVitalWeb" name="address" time="0.531"/>
  <testcase classname="webAuto.AddVitalWeb" name="locality" time="0.480"/>
  <testcase classname="webAuto.AddVitalWeb" name="city" time="0.355"/>
  <testcase classname="webAuto.AddVitalWeb" name="pinCode" time="0.433"/>
  <testcase classname="webAuto.AddVitalWeb" name="proceedWithSameRMN" time="0.373"/>
  <testcase classname="webAuto.AddVitalWeb" name="nextButton" time="15.169"/>
  <testcase classname="webAuto.AddVitalWeb" name="clickClose" time="1.159"/>
  <testcase classname="webAuto.AddVitalWeb" name="fillVitalForm" time="18.160"/>
  <testcase classname="webAuto.AddVitalWeb" name="fillHealthProfile" time="13.426"/>
  <testcase classname="webAuto.AddVitalWeb" name="fillFamilyProfile" time="18.447"/>
  <testcase classname="webAuto.AddVitalWeb" name="GoHome" time="0.649"/>
  <testcase classname="webAuto.AddVitalWeb" name="searchBar2" time="19.786"/>
  <testcase classname="webAuto.AddVitalWeb" name="AdVitals" time="12.014"/>
  <testcase classname="webAuto.AddVitalWeb" name="AdBpandHeartOption" time="16.528"/>
  <testcase classname="webAuto.AddVitalWeb" name="AdBloodAndAnalysis" time="16.877"/>
  <testcase classname="webAuto.AddVitalWeb" name="AdLipidProfile" time="17.189"/>
</testsuite> <!-- webAuto.AddVitalWeb -->
