<?xml version="1.0" encoding="UTF-8"?>
<!-- Generated by org.testng.reporters.JUnitReportReporter -->
<testsuite hostname="DESKTOP-VQLLA2K" failures="0" tests="11" name="healthApp.HealthAddVital" time="126.175" errors="0" timestamp="2023-09-13T15:08:57 IST" skipped="0">
  <testcase classname="healthApp.HealthAddVital" name="NumberField" time="11.479"/>
  <testcase classname="healthApp.HealthAddVital" name="IAgree" time="2.106"/>
  <testcase classname="healthApp.HealthAddVital" name="proceedButton" time="5.278"/>
  <testcase classname="healthApp.HealthAddVital" name="OTP" time="15.757"/>
  <testcase classname="healthApp.HealthAddVital" name="Verify" time="7.670"/>
  <testcase classname="healthApp.HealthAddVital" name="SelectFamilyMember" time="6.027"/>
  <testcase classname="healthApp.HealthAddVital" name="AddButton" time="5.858"/>
  <testcase classname="healthApp.HealthAddVital" name="AllVisits" time="5.851"/>
  <testcase classname="healthApp.HealthAddVital" name="AddVitalsClick" time="5.427"/>
  <testcase classname="healthApp.HealthAddVital" name="AddVitals" time="38.983"/>
  <testcase classname="healthApp.HealthAddVital" name="LipidProfile" time="21.739"/>
</testsuite> <!-- healthApp.HealthAddVital -->
