<?xml version="1.0" encoding="UTF-8"?>
<!-- Generated by org.testng.reporters.JUnitReportReporter -->
<testsuite hostname="DESKTOP-VQLLA2K" failures="0" tests="9" name="pivotalApplication.PivoVaccineInventory" time="37.493" errors="0" timestamp="2023-08-23T13:32:22 IST" skipped="0">
  <testcase classname="pivotalApplication.PivoVaccineInventory" name="NumberField" time="1.327"/>
  <testcase classname="pivotalApplication.PivoVaccineInventory" name="IAgree" time="2.167"/>
  <testcase classname="pivotalApplication.PivoVaccineInventory" name="proceedButton" time="2.382"/>
  <testcase classname="pivotalApplication.PivoVaccineInventory" name="OTP" time="10.929"/>
  <testcase classname="pivotalApplication.PivoVaccineInventory" name="submit" time="2.944"/>
  <testcase classname="pivotalApplication.PivoVaccineInventory" name="close" time="4.267"/>
  <testcase classname="pivotalApplication.PivoVaccineInventory" name="menu" time="4.534"/>
  <testcase classname="pivotalApplication.PivoVaccineInventory" name="VccineInventory" time="4.379"/>
  <testcase classname="pivotalApplication.PivoVaccineInventory" name="NewStock" time="4.564"/>
</testsuite> <!-- pivotalApplication.PivoVaccineInventory -->
