<?xml version="1.0" encoding="UTF-8"?>
<!-- Generated by org.testng.reporters.JUnitReportReporter -->
<testsuite hostname="DESKTOP-VQLLA2K" failures="0" tests="43" name="pivotalApplication.LMPAddPivo" time="253.941" errors="0" timestamp="2023-12-15T11:56:52 IST" skipped="0">
  <testcase classname="pivotalApplication.LMPAddPivo" name="NumberField" time="1.258"/>
  <testcase classname="pivotalApplication.LMPAddPivo" name="IAgree" time="2.167"/>
  <testcase classname="pivotalApplication.LMPAddPivo" name="proceedButton" time="2.420"/>
  <testcase classname="pivotalApplication.LMPAddPivo" name="OTP" time="11.793"/>
  <testcase classname="pivotalApplication.LMPAddPivo" name="submit" time="5.766"/>
  <testcase classname="pivotalApplication.LMPAddPivo" name="Createptient" time="4.544"/>
  <testcase classname="pivotalApplication.LMPAddPivo" name="Neweptient" time="12.271"/>
  <testcase classname="pivotalApplication.LMPAddPivo" name="Close" time="5.110"/>
  <testcase classname="pivotalApplication.LMPAddPivo" name="MobileNumber1" time="3.072"/>
  <testcase classname="pivotalApplication.LMPAddPivo" name="confirm" time="4.550"/>
  <testcase classname="pivotalApplication.LMPAddPivo" name="confirmPopup" time="4.990"/>
  <testcase classname="pivotalApplication.LMPAddPivo" name="AdditionalNumber1" time="3.112"/>
  <testcase classname="pivotalApplication.LMPAddPivo" name="FirstName" time="4.940"/>
  <testcase classname="pivotalApplication.LMPAddPivo" name="MiddleName" time="4.473"/>
  <testcase classname="pivotalApplication.LMPAddPivo" name="LastName" time="4.997"/>
  <testcase classname="pivotalApplication.LMPAddPivo" name="Age" time="0.967"/>
  <testcase classname="pivotalApplication.LMPAddPivo" name="GenFemale" time="4.510"/>
  <testcase classname="pivotalApplication.LMPAddPivo" name="Address" time="2.926"/>
  <testcase classname="pivotalApplication.LMPAddPivo" name="Area" time="2.438"/>
  <testcase classname="pivotalApplication.LMPAddPivo" name="City" time="2.945"/>
  <testcase classname="pivotalApplication.LMPAddPivo" name="PinCode" time="2.907"/>
  <testcase classname="pivotalApplication.LMPAddPivo" name="Next" time="15.428"/>
  <testcase classname="pivotalApplication.LMPAddPivo" name="AddVital" time="5.337"/>
  <testcase classname="pivotalApplication.LMPAddPivo" name="Continue" time="5.238"/>
  <testcase classname="pivotalApplication.LMPAddPivo" name="weight" time="0.320"/>
  <testcase classname="pivotalApplication.LMPAddPivo" name="Height" time="6.039"/>
  <testcase classname="pivotalApplication.LMPAddPivo" name="Temperature" time="5.326"/>
  <testcase classname="pivotalApplication.LMPAddPivo" name="SPO2" time="5.336"/>
  <testcase classname="pivotalApplication.LMPAddPivo" name="LMPDate" time="16.676"/>
  <testcase classname="pivotalApplication.LMPAddPivo" name="UpArrow" time="10.718"/>
  <testcase classname="pivotalApplication.LMPAddPivo" name="BPSYS" time="5.755"/>
  <testcase classname="pivotalApplication.LMPAddPivo" name="BPDIA" time="5.242"/>
  <testcase classname="pivotalApplication.LMPAddPivo" name="HeartRate" time="6.740"/>
  <testcase classname="pivotalApplication.LMPAddPivo" name="Pulse" time="16.432"/>
  <testcase classname="pivotalApplication.LMPAddPivo" name="BloodSugar" time="5.762"/>
  <testcase classname="pivotalApplication.LMPAddPivo" name="BloodSugarf" time="5.454"/>
  <testcase classname="pivotalApplication.LMPAddPivo" name="BloodSugarPP" time="5.802"/>
  <testcase classname="pivotalApplication.LMPAddPivo" name="BloodSugarHB" time="11.354"/>
  <testcase classname="pivotalApplication.LMPAddPivo" name="CholesterolHDL" time="6.707"/>
  <testcase classname="pivotalApplication.LMPAddPivo" name="CholesterolLDL" time="5.756"/>
  <testcase classname="pivotalApplication.LMPAddPivo" name="TotalCholesterol" time="5.766"/>
  <testcase classname="pivotalApplication.LMPAddPivo" name="Triglycerides" time="5.242"/>
  <testcase classname="pivotalApplication.LMPAddPivo" name="Save" time="5.355"/>
</testsuite> <!-- pivotalApplication.LMPAddPivo -->
