<?xml version="1.0" encoding="UTF-8"?>
<!-- Generated by org.testng.reporters.JUnitReportReporter -->
<testsuite hostname="DESKTOP-VQLLA2K" failures="0" tests="4" name="webAuto.LogOut" time="28.432" errors="0" timestamp="2023-09-20T17:11:12 IST" skipped="0">
  <testcase classname="webAuto.LogOut" name="numberField" time="0.402"/>
  <testcase classname="webAuto.LogOut" name="sendOTP" time="8.802"/>
  <testcase classname="webAuto.LogOut" name="verifyButton" time="10.215"/>
  <testcase classname="webAuto.LogOut" name="city" time="9.013"/>
</testsuite> <!-- webAuto.LogOut -->
