<?xml version="1.0" encoding="UTF-8"?>
<!-- Generated by org.testng.reporters.JUnitReportReporter -->
<testsuite hostname="DESKTOP-VQLLA2K" failures="0" tests="10" name="healthApp.HealthAddVital" time="143.780" errors="0" timestamp="2023-12-11T12:01:53 IST" skipped="0">
  <testcase classname="healthApp.HealthAddVital" name="NumberField" time="11.346"/>
  <testcase classname="healthApp.HealthAddVital" name="IAgree" time="2.113"/>
  <testcase classname="healthApp.HealthAddVital" name="proceedButton" time="5.321"/>
  <testcase classname="healthApp.HealthAddVital" name="OTP" time="15.668"/>
  <testcase classname="healthApp.HealthAddVital" name="Verify" time="11.221"/>
  <testcase classname="healthApp.HealthAddVital" name="AddButton2" time="22.625"/>
  <testcase classname="healthApp.HealthAddVital" name="AllVisits" time="5.876"/>
  <testcase classname="healthApp.HealthAddVital" name="AddVitalsClick" time="5.495"/>
  <testcase classname="healthApp.HealthAddVital" name="AddVitals" time="37.525"/>
  <testcase classname="healthApp.HealthAddVital" name="LipidProfile" time="26.590"/>
</testsuite> <!-- healthApp.HealthAddVital -->
