<?xml version="1.0" encoding="UTF-8"?>
<!-- Generated by org.testng.reporters.JUnitReportReporter -->
<testsuite hostname="DESKTOP-VQLLA2K" failures="0" tests="27" name="pivotalApplication.InvestigationReport" time="110.793" errors="0" timestamp="2023-08-31T10:48:29 IST" skipped="0">
  <testcase classname="pivotalApplication.InvestigationReport" name="NumberField" time="1.318"/>
  <testcase classname="pivotalApplication.InvestigationReport" name="IAgree" time="2.209"/>
  <testcase classname="pivotalApplication.InvestigationReport" name="proceedButton" time="2.412"/>
  <testcase classname="pivotalApplication.InvestigationReport" name="OTP" time="10.882"/>
  <testcase classname="pivotalApplication.InvestigationReport" name="submit" time="5.376"/>
  <testcase classname="pivotalApplication.InvestigationReport" name="Search" time="7.311"/>
  <testcase classname="pivotalApplication.InvestigationReport" name="close" time="4.463"/>
  <testcase classname="pivotalApplication.InvestigationReport" name="ClickPatient" time="2.428"/>
  <testcase classname="pivotalApplication.InvestigationReport" name="InvestigationClick" time="3.582"/>
  <testcase classname="pivotalApplication.InvestigationReport" name="ReportClick" time="2.365"/>
  <testcase classname="pivotalApplication.InvestigationReport" name="UploadReport" time="2.376"/>
  <testcase classname="pivotalApplication.InvestigationReport" name="CreatedBy" time="2.891"/>
  <testcase classname="pivotalApplication.InvestigationReport" name="DocumentOn" time="2.310"/>
  <testcase classname="pivotalApplication.InvestigationReport" name="popUpOk" time="2.398"/>
  <testcase classname="pivotalApplication.InvestigationReport" name="Camera" time="19.212"/>
  <testcase classname="pivotalApplication.InvestigationReport" name="UploadCam" time="2.338"/>
  <testcase classname="pivotalApplication.InvestigationReport" name="UploadCamOk" time="2.847"/>
  <testcase classname="pivotalApplication.InvestigationReport" name="Transscript1" time="2.340"/>
  <testcase classname="pivotalApplication.InvestigationReport" name="DocumentsDropDown" time="5.281"/>
  <testcase classname="pivotalApplication.InvestigationReport" name="LabReport" time="2.255"/>
  <testcase classname="pivotalApplication.InvestigationReport" name="CreatedBy1" time="2.306"/>
  <testcase classname="pivotalApplication.InvestigationReport" name="DocumentOn1" time="2.305"/>
  <testcase classname="pivotalApplication.InvestigationReport" name="popUpOk1" time="2.360"/>
  <testcase classname="pivotalApplication.InvestigationReport" name="Gallery" time="2.358"/>
  <testcase classname="pivotalApplication.InvestigationReport" name="photo" time="10.330"/>
  <testcase classname="pivotalApplication.InvestigationReport" name="Upload" time="2.316"/>
  <testcase classname="pivotalApplication.InvestigationReport" name="UploadOk" time="2.224"/>
</testsuite> <!-- pivotalApplication.InvestigationReport -->
