<?xml version="1.0" encoding="UTF-8"?>
<!-- Generated by org.testng.reporters.JUnitReportReporter -->
<testsuite hostname="DESKTOP-VQLLA2K" failures="0" tests="14" name="pivotalApplication.Continue" time="70.021" errors="0" timestamp="2023-09-08T15:59:42 IST" skipped="0">
  <testcase classname="pivotalApplication.Continue" name="NumberField" time="1.371"/>
  <testcase classname="pivotalApplication.Continue" name="IAgree" time="2.196"/>
  <testcase classname="pivotalApplication.Continue" name="proceedButton" time="2.445"/>
  <testcase classname="pivotalApplication.Continue" name="OTP" time="11.134"/>
  <testcase classname="pivotalApplication.Continue" name="submit" time="5.863"/>
  <testcase classname="pivotalApplication.Continue" name="Search" time="8.013"/>
  <testcase classname="pivotalApplication.Continue" name="close" time="4.512"/>
  <testcase classname="pivotalApplication.Continue" name="Appointment" time="2.409"/>
  <testcase classname="pivotalApplication.Continue" name="SlotTime" time="10.311"/>
  <testcase classname="pivotalApplication.Continue" name="Time" time="2.276"/>
  <testcase classname="pivotalApplication.Continue" name="SlotBook" time="2.417"/>
  <testcase classname="pivotalApplication.Continue" name="VideoCheckBox" time="2.406"/>
  <testcase classname="pivotalApplication.Continue" name="Book" time="7.469"/>
  <testcase classname="pivotalApplication.Continue" name="AppointmentBookedPopup" time="7.199"/>
</testsuite> <!-- pivotalApplication.Continue -->
