<?xml version="1.0" encoding="UTF-8"?>
<!-- Generated by org.testng.reporters.JUnitReportReporter -->
<testsuite hostname="DESKTOP-VQLLA2K" failures="0" tests="8" name="webAuto.ViewInvestigationReportInAllDoc" time="69.890" errors="0" timestamp="2023-08-24T15:51:38 IST" skipped="0">
  <testcase classname="webAuto.ViewInvestigationReportInAllDoc" name="numberField" time="0.383"/>
  <testcase classname="webAuto.ViewInvestigationReportInAllDoc" name="sendOTP" time="8.769"/>
  <testcase classname="webAuto.ViewInvestigationReportInAllDoc" name="verifyButton" time="10.613"/>
  <testcase classname="webAuto.ViewInvestigationReportInAllDoc" name="searchBar" time="6.083"/>
  <testcase classname="webAuto.ViewInvestigationReportInAllDoc" name="searchOpt" time="3.232"/>
  <testcase classname="webAuto.ViewInvestigationReportInAllDoc" name="clickPatient" time="13.145"/>
  <testcase classname="webAuto.ViewInvestigationReportInAllDoc" name="Document" time="0.528"/>
  <testcase classname="webAuto.ViewInvestigationReportInAllDoc" name="AllDocuments" time="27.137"/>
</testsuite> <!-- webAuto.ViewInvestigationReportInAllDoc -->
