<?xml version="1.0" encoding="UTF-8"?>
<!-- Generated by org.testng.reporters.JUnitReportReporter -->
<testsuite hostname="DESKTOP-VQLLA2K" failures="0" tests="7" name="pivotalApplication.PivotalLogIn$CreateRequisition" time="32.171" errors="0" timestamp="2023-06-07T12:43:22 IST" skipped="0">
  <testcase classname="pivotalApplication.PivotalLogIn$CreateRequisition" name="NumberField" time="0.913"/>
  <system-out/>
  <testcase classname="pivotalApplication.PivotalLogIn$CreateRequisition" name="IAgree" time="2.211"/>
  <system-out/>
  <testcase classname="pivotalApplication.PivotalLogIn$CreateRequisition" name="proceedButton" time="2.443"/>
  <system-out/>
  <testcase classname="pivotalApplication.PivotalLogIn$CreateRequisition" name="OTP" time="11.620"/>
  <system-out/>
  <testcase classname="pivotalApplication.PivotalLogIn$CreateRequisition" name="submit" time="2.405"/>
  <system-out/>
  <testcase classname="pivotalApplication.PivotalLogIn$CreateRequisition" name="Search" time="8.074"/>
  <system-out/>
  <testcase classname="pivotalApplication.PivotalLogIn$CreateRequisition" name="close" time="4.505"/>
  <system-out/>
</testsuite> <!-- pivotalApplication.PivotalLogIn$CreateRequisition -->
