<?xml version="1.0" encoding="UTF-8"?>
<!-- Generated by org.testng.reporters.JUnitReportReporter -->
<testsuite hostname="DESKTOP-VQLLA2K" failures="0" tests="8" name="webAutoQueue.ViewCertificateInAllDocQ" time="68.511" errors="0" timestamp="2023-06-21T15:13:33 IST" skipped="0">
  <testcase classname="webAutoQueue.ViewCertificateInAllDocQ" name="numberField" time="0.409"/>
  <system-out/>
  <testcase classname="webAutoQueue.ViewCertificateInAllDocQ" name="sendOTP" time="8.452"/>
  <system-out/>
  <testcase classname="webAutoQueue.ViewCertificateInAllDocQ" name="verifyButton" time="10.142"/>
  <system-out/>
  <testcase classname="webAutoQueue.ViewCertificateInAllDocQ" name="searchBar" time="7.935"/>
  <system-out/>
  <testcase classname="webAutoQueue.ViewCertificateInAllDocQ" name="searchOpt" time="3.217"/>
  <system-out/>
  <testcase classname="webAutoQueue.ViewCertificateInAllDocQ" name="clickPatient" time="10.447"/>
  <system-out/>
  <testcase classname="webAutoQueue.ViewCertificateInAllDocQ" name="Document" time="0.650"/>
  <system-out/>
  <testcase classname="webAutoQueue.ViewCertificateInAllDocQ" name="AllDocuments" time="27.259"/>
  <system-out/>
</testsuite> <!-- webAutoQueue.ViewCertificateInAllDocQ -->
