<?xml version="1.0" encoding="UTF-8"?>
<!-- Generated by org.testng.reporters.JUnitReportReporter -->
<testsuite hostname="DESKTOP-VQLLA2K" failures="0" tests="6" name="pivotalApplication.PivotalLogout" time="39.859" errors="0" timestamp="2023-09-20T16:46:04 IST" skipped="0">
  <testcase classname="pivotalApplication.PivotalLogout" name="NumberField" time="1.416"/>
  <testcase classname="pivotalApplication.PivotalLogout" name="IAgree" time="2.198"/>
  <testcase classname="pivotalApplication.PivotalLogout" name="proceedButton" time="2.401"/>
  <testcase classname="pivotalApplication.PivotalLogout" name="OTP" time="11.090"/>
  <testcase classname="pivotalApplication.PivotalLogout" name="submit" time="8.437"/>
  <testcase classname="pivotalApplication.PivotalLogout" name="menu" time="14.317"/>
</testsuite> <!-- pivotalApplication.PivotalLogout -->
