<?xml version="1.0" encoding="UTF-8"?>
<!-- Generated by org.testng.reporters.JUnitReportReporter -->
<testsuite hostname="DESKTOP-VQLLA2K" failures="0" tests="43" name="pivotalApplication.LMPAddPivo" time="246.796" errors="1" timestamp="2023-10-30T11:58:18 IST" skipped="0">
  <testcase classname="pivotalApplication.LMPAddPivo" name="NumberField" time="0.973"/>
  <testcase classname="pivotalApplication.LMPAddPivo" name="IAgree" time="2.224"/>
  <testcase classname="pivotalApplication.LMPAddPivo" name="proceedButton" time="3.535"/>
  <testcase classname="pivotalApplication.LMPAddPivo" name="OTP" time="11.101"/>
  <testcase classname="pivotalApplication.LMPAddPivo" name="submit" time="3.468"/>
  <testcase classname="pivotalApplication.LMPAddPivo" name="Createptient" time="4.421"/>
  <testcase classname="pivotalApplication.LMPAddPivo" name="Neweptient" time="12.368"/>
  <testcase classname="pivotalApplication.LMPAddPivo" name="Close" time="5.263"/>
  <testcase classname="pivotalApplication.LMPAddPivo" name="MobileNumber1" time="3.112"/>
  <testcase classname="pivotalApplication.LMPAddPivo" name="confirm" time="4.647"/>
  <testcase classname="pivotalApplication.LMPAddPivo" name="confirmPopup" time="4.607"/>
  <testcase classname="pivotalApplication.LMPAddPivo" name="AdditionalNumber1" time="2.585"/>
  <testcase classname="pivotalApplication.LMPAddPivo" name="FirstName" time="5.043"/>
  <testcase classname="pivotalApplication.LMPAddPivo" name="MiddleName" time="4.552"/>
  <testcase classname="pivotalApplication.LMPAddPivo" name="LastName" time="4.506"/>
  <testcase classname="pivotalApplication.LMPAddPivo" name="Age" time="0.963"/>
  <testcase classname="pivotalApplication.LMPAddPivo" name="GenFemale" time="4.533"/>
  <testcase classname="pivotalApplication.LMPAddPivo" name="Address" time="2.464"/>
  <testcase classname="pivotalApplication.LMPAddPivo" name="Area" time="3.013"/>
  <testcase classname="pivotalApplication.LMPAddPivo" name="City" time="2.472"/>
  <testcase classname="pivotalApplication.LMPAddPivo" name="PinCode" time="2.972"/>
  <testcase classname="pivotalApplication.LMPAddPivo" name="Next" time="15.495"/>
  <testcase classname="pivotalApplication.LMPAddPivo" name="AddVital" time="5.375"/>
  <testcase classname="pivotalApplication.LMPAddPivo" name="Continue" time="10.991"/>
  <testcase classname="pivotalApplication.LMPAddPivo" name="weight" time="0.388"/>
  <testcase classname="pivotalApplication.LMPAddPivo" name="Height" time="6.037"/>
  <testcase classname="pivotalApplication.LMPAddPivo" name="Temperature" time="5.367"/>
  <testcase classname="pivotalApplication.LMPAddPivo" name="SPO2" time="5.418"/>
  <testcase classname="pivotalApplication.LMPAddPivo" name="LMPDate" time="16.869"/>
  <testcase classname="pivotalApplication.LMPAddPivo" name="UpArrow" time="10.722"/>
  <testcase classname="pivotalApplication.LMPAddPivo" name="BPSYS" time="5.827"/>
  <testcase classname="pivotalApplication.LMPAddPivo" name="BPDIA" time="5.362"/>
  <testcase classname="pivotalApplication.LMPAddPivo" name="HeartRate" time="6.793"/>
  <testcase classname="pivotalApplication.LMPAddPivo" name="Pulse" time="11.490"/>
  <testcase classname="pivotalApplication.LMPAddPivo" name="BloodSugar" time="0.226">
    <error message="Index 0 out of bounds for length 0" type="java.lang.IndexOutOfBoundsException">
      <![CDATA[java.lang.IndexOutOfBoundsException: Index 0 out of bounds for length 0
at java.base/jdk.internal.util.Preconditions.outOfBounds(Preconditions.java:64)
at java.base/jdk.internal.util.Preconditions.outOfBoundsCheckIndex(Preconditions.java:70)
at java.base/jdk.internal.util.Preconditions.checkIndex(Preconditions.java:266)
at java.base/java.util.Objects.checkIndex(Objects.java:359)
at java.base/java.util.ArrayList.get(ArrayList.java:427)
at pivotalApplication.LMPAddPivo.BloodSugar(LMPAddPivo.java:556)
at java.base/jdk.internal.reflect.NativeMethodAccessorImpl.invoke0(Native Method)
at java.base/jdk.internal.reflect.NativeMethodAccessorImpl.invoke(NativeMethodAccessorImpl.java:77)
at java.base/jdk.internal.reflect.DelegatingMethodAccessorImpl.invoke(DelegatingMethodAccessorImpl.java:43)
at java.base/java.lang.reflect.Method.invoke(Method.java:568)
at org.testng.internal.invokers.MethodInvocationHelper.invokeMethod(MethodInvocationHelper.java:139)
at org.testng.internal.invokers.TestInvoker.invokeMethod(TestInvoker.java:664)
at org.testng.internal.invokers.TestInvoker.invokeTestMethod(TestInvoker.java:227)
at org.testng.internal.invokers.MethodRunner.runInSequence(MethodRunner.java:50)
at org.testng.internal.invokers.TestInvoker$MethodInvocationAgent.invoke(TestInvoker.java:957)
at org.testng.internal.invokers.TestInvoker.invokeTestMethods(TestInvoker.java:200)
at org.testng.internal.invokers.TestMethodWorker.invokeTestMethods(TestMethodWorker.java:148)
at org.testng.internal.invokers.TestMethodWorker.run(TestMethodWorker.java:128)
at java.base/java.util.ArrayList.forEach(ArrayList.java:1511)
at org.testng.TestRunner.privateRun(TestRunner.java:848)
at org.testng.TestRunner.run(TestRunner.java:621)
at org.testng.SuiteRunner.runTest(SuiteRunner.java:443)
at org.testng.SuiteRunner.runSequentially(SuiteRunner.java:437)
at org.testng.SuiteRunner.privateRun(SuiteRunner.java:397)
at org.testng.SuiteRunner.run(SuiteRunner.java:336)
at org.testng.SuiteRunnerWorker.runSuite(SuiteRunnerWorker.java:52)
at org.testng.SuiteRunnerWorker.run(SuiteRunnerWorker.java:95)
at org.testng.TestNG.runSuitesSequentially(TestNG.java:1280)
at org.testng.TestNG.runSuitesLocally(TestNG.java:1200)
at org.testng.TestNG.runSuites(TestNG.java:1114)
at org.testng.TestNG.run(TestNG.java:1082)
at org.testng.remote.AbstractRemoteTestNG.run(AbstractRemoteTestNG.java:115)
at org.testng.remote.RemoteTestNG.initAndRun(RemoteTestNG.java:251)
at org.testng.remote.RemoteTestNG.main(RemoteTestNG.java:77)
]]>
    </error>
  </testcase> <!-- BloodSugar -->
  <testcase classname="pivotalApplication.LMPAddPivo" name="BloodSugarf" time="5.318"/>
  <testcase classname="pivotalApplication.LMPAddPivo" name="BloodSugarPP" time="5.817"/>
  <testcase classname="pivotalApplication.LMPAddPivo" name="BloodSugarHB" time="11.516"/>
  <testcase classname="pivotalApplication.LMPAddPivo" name="CholesterolHDL" time="6.831"/>
  <testcase classname="pivotalApplication.LMPAddPivo" name="CholesterolLDL" time="5.328"/>
  <testcase classname="pivotalApplication.LMPAddPivo" name="TotalCholesterol" time="5.320"/>
  <testcase classname="pivotalApplication.LMPAddPivo" name="Triglycerides" time="5.968"/>
  <testcase classname="pivotalApplication.LMPAddPivo" name="Save" time="5.516"/>
</testsuite> <!-- pivotalApplication.LMPAddPivo -->
