<?xml version="1.0" encoding="UTF-8"?>
<!-- Generated by org.testng.reporters.JUnitReportReporter -->
<testsuite hostname="DESKTOP-VQLLA2K" failures="0" tests="7" name="webAuto.InvestigationReportUpload" time="64.251" errors="0" timestamp="2023-06-19T12:42:16 IST" skipped="0">
  <testcase classname="webAuto.InvestigationReportUpload" name="numberField" time="0.420"/>
  <system-out/>
  <testcase classname="webAuto.InvestigationReportUpload" name="sendOTP" time="9.372"/>
  <system-out/>
  <testcase classname="webAuto.InvestigationReportUpload" name="verifyButton" time="10.686"/>
  <system-out/>
  <testcase classname="webAuto.InvestigationReportUpload" name="searchBar" time="5.996"/>
  <system-out/>
  <testcase classname="webAuto.InvestigationReportUpload" name="searchOpt" time="3.244"/>
  <system-out/>
  <testcase classname="webAuto.InvestigationReportUpload" name="clickPatient" time="11.104"/>
  <system-out/>
  <testcase classname="webAuto.InvestigationReportUpload" name="Investigation" time="23.429"/>
  <system-out/>
</testsuite> <!-- webAuto.InvestigationReportUpload -->
