<?xml version="1.0" encoding="UTF-8"?>
<!-- Generated by org.testng.reporters.JUnitReportReporter -->
<testsuite hostname="DESKTOP-VQLLA2K" failures="0" tests="37" name="webAuto.OpdEndToEndWorkFlow1" time="391.280" errors="0" timestamp="2023-09-18T09:23:23 IST" skipped="0">
  <testcase classname="webAuto.OpdEndToEndWorkFlow1" name="numberField" time="0.876"/>
  <testcase classname="webAuto.OpdEndToEndWorkFlow1" name="sendOTP" time="12.564"/>
  <testcase classname="webAuto.OpdEndToEndWorkFlow1" name="verifyButton" time="10.214"/>
  <testcase classname="webAuto.OpdEndToEndWorkFlow1" name="createPatient" time="4.265"/>
  <testcase classname="webAuto.OpdEndToEndWorkFlow1" name="Number1" time="1.169"/>
  <testcase classname="webAuto.OpdEndToEndWorkFlow1" name="confirm" time="2.932"/>
  <testcase classname="webAuto.OpdEndToEndWorkFlow1" name="number2" time="1.460"/>
  <testcase classname="webAuto.OpdEndToEndWorkFlow1" name="firstName" time="0.697"/>
  <testcase classname="webAuto.OpdEndToEndWorkFlow1" name="middleName" time="0.758"/>
  <testcase classname="webAuto.OpdEndToEndWorkFlow1" name="lastName" time="0.736"/>
  <testcase classname="webAuto.OpdEndToEndWorkFlow1" name="birthDate" time="1.145"/>
  <testcase classname="webAuto.OpdEndToEndWorkFlow1" name="genFemale" time="0.330"/>
  <testcase classname="webAuto.OpdEndToEndWorkFlow1" name="address" time="0.689"/>
  <testcase classname="webAuto.OpdEndToEndWorkFlow1" name="locality" time="0.731"/>
  <testcase classname="webAuto.OpdEndToEndWorkFlow1" name="city" time="0.606"/>
  <testcase classname="webAuto.OpdEndToEndWorkFlow1" name="pinCode" time="0.574"/>
  <testcase classname="webAuto.OpdEndToEndWorkFlow1" name="proceedWithSameRMN" time="0.883"/>
  <testcase classname="webAuto.OpdEndToEndWorkFlow1" name="nextButton" time="15.194"/>
  <testcase classname="webAuto.OpdEndToEndWorkFlow1" name="clickClose" time="1.389"/>
  <testcase classname="webAuto.OpdEndToEndWorkFlow1" name="fillVitalForm" time="19.893"/>
  <testcase classname="webAuto.OpdEndToEndWorkFlow1" name="fillHealthProfile" time="14.761"/>
  <testcase classname="webAuto.OpdEndToEndWorkFlow1" name="fillFamilyProfile" time="19.200"/>
  <testcase classname="webAuto.OpdEndToEndWorkFlow1" name="GoHome" time="0.843"/>
  <testcase classname="webAuto.OpdEndToEndWorkFlow1" name="AddNewAppointment" time="26.176"/>
  <testcase classname="webAuto.OpdEndToEndWorkFlow1" name="AddPrescription" time="21.006"/>
  <testcase classname="webAuto.OpdEndToEndWorkFlow1" name="Complaints" time="4.013"/>
  <testcase classname="webAuto.OpdEndToEndWorkFlow1" name="VitalsOption" time="6.650"/>
  <testcase classname="webAuto.OpdEndToEndWorkFlow1" name="BpandHeartOption" time="17.139"/>
  <testcase classname="webAuto.OpdEndToEndWorkFlow1" name="BloodAndAnalysis" time="17.420"/>
  <testcase classname="webAuto.OpdEndToEndWorkFlow1" name="LipidProfile" time="16.970"/>
  <testcase classname="webAuto.OpdEndToEndWorkFlow1" name="OnExamination" time="15.519"/>
  <testcase classname="webAuto.OpdEndToEndWorkFlow1" name="Diagnosis" time="15.536"/>
  <testcase classname="webAuto.OpdEndToEndWorkFlow1" name="Medicine1" time="49.381"/>
  <testcase classname="webAuto.OpdEndToEndWorkFlow1" name="DietaryAdvice" time="15.685"/>
  <testcase classname="webAuto.OpdEndToEndWorkFlow1" name="GeneralInstruction" time="15.549"/>
  <testcase classname="webAuto.OpdEndToEndWorkFlow1" name="SaveandProceed" time="0.347"/>
  <testcase classname="webAuto.OpdEndToEndWorkFlow1" name="ConfirmPrescription" time="57.980"/>
</testsuite> <!-- webAuto.OpdEndToEndWorkFlow1 -->
