<?xml version="1.0" encoding="UTF-8"?>
<!-- Generated by org.testng.reporters.JUnitReportReporter -->
<testsuite hostname="DESKTOP-VQLLA2K" failures="0" tests="16" name="pivotalApplication.CreateRequisition" time="62.747" errors="0" timestamp="2023-09-11T11:12:27 IST" skipped="0">
  <testcase classname="pivotalApplication.CreateRequisition" name="NumberField" time="1.472"/>
  <testcase classname="pivotalApplication.CreateRequisition" name="IAgree" time="2.162"/>
  <testcase classname="pivotalApplication.CreateRequisition" name="proceedButton" time="2.388"/>
  <testcase classname="pivotalApplication.CreateRequisition" name="OTP" time="10.971"/>
  <testcase classname="pivotalApplication.CreateRequisition" name="submit" time="3.391"/>
  <testcase classname="pivotalApplication.CreateRequisition" name="Search" time="10.148"/>
  <testcase classname="pivotalApplication.CreateRequisition" name="close" time="4.503"/>
  <testcase classname="pivotalApplication.CreateRequisition" name="ClickPatient" time="2.373"/>
  <testcase classname="pivotalApplication.CreateRequisition" name="InvestigationClick" time="3.427"/>
  <testcase classname="pivotalApplication.CreateRequisition" name="NewRequisition" time="2.415"/>
  <testcase classname="pivotalApplication.CreateRequisition" name="Covid19" time="3.723"/>
  <testcase classname="pivotalApplication.CreateRequisition" name="packages" time="4.905"/>
  <testcase classname="pivotalApplication.CreateRequisition" name="Feverpanel" time="2.529"/>
  <testcase classname="pivotalApplication.CreateRequisition" name="SelectTests" time="2.596"/>
  <testcase classname="pivotalApplication.CreateRequisition" name="CreateRquisition" time="2.554"/>
  <testcase classname="pivotalApplication.CreateRequisition" name="RquisitionDownload" time="3.190"/>
</testsuite> <!-- pivotalApplication.CreateRequisition -->
