<?xml version="1.0" encoding="UTF-8"?>
<!-- Generated by org.testng.reporters.JUnitReportReporter -->
<testsuite hostname="DESKTOP-VQLLA2K" failures="0" tests="8" name="webAutoQueue.ViewReceiptQ" time="67.289" errors="0" timestamp="2023-06-21T15:26:35 IST" skipped="0">
  <testcase classname="webAutoQueue.ViewReceiptQ" name="numberField" time="0.301"/>
  <system-out/>
  <testcase classname="webAutoQueue.ViewReceiptQ" name="sendOTP" time="8.764"/>
  <system-out/>
  <testcase classname="webAutoQueue.ViewReceiptQ" name="verifyButton" time="10.455"/>
  <system-out/>
  <testcase classname="webAutoQueue.ViewReceiptQ" name="searchBar" time="6.476"/>
  <system-out/>
  <testcase classname="webAutoQueue.ViewReceiptQ" name="searchOpt" time="3.157"/>
  <system-out/>
  <testcase classname="webAutoQueue.ViewReceiptQ" name="clickPatient" time="10.787"/>
  <system-out/>
  <testcase classname="webAutoQueue.ViewReceiptQ" name="Document" time="0.531"/>
  <system-out/>
  <testcase classname="webAutoQueue.ViewReceiptQ" name="cirtificateOption" time="26.818"/>
  <system-out/>
</testsuite> <!-- webAutoQueue.ViewReceiptQ -->
