<?xml version="1.0" encoding="UTF-8"?>
<!-- Generated by org.testng.reporters.JUnitReportReporter -->
<testsuite hostname="DESKTOP-VQLLA2K" failures="0" tests="14" name="healthApp.HealthChat" time="108.862" errors="0" timestamp="2023-09-18T17:14:26 IST" skipped="0">
  <testcase classname="healthApp.HealthChat" name="NumberField" time="11.705"/>
  <testcase classname="healthApp.HealthChat" name="IAgree" time="2.166"/>
  <testcase classname="healthApp.HealthChat" name="proceedButton" time="5.337"/>
  <testcase classname="healthApp.HealthChat" name="OTP" time="17.204"/>
  <testcase classname="healthApp.HealthChat" name="Verify" time="2.688"/>
  <testcase classname="healthApp.HealthChat" name="Chats" time="9.450"/>
  <testcase classname="healthApp.HealthChat" name="SelectFamilyMember" time="7.459"/>
  <testcase classname="healthApp.HealthChat" name="clickCamera" time="7.354"/>
  <testcase classname="healthApp.HealthChat" name="CameraAllow" time="7.253"/>
  <testcase classname="healthApp.HealthChat" name="CameraAllow1" time="7.292"/>
  <testcase classname="healthApp.HealthChat" name="CameraClick" time="8.136"/>
  <testcase classname="healthApp.HealthChat" name="OkClick" time="7.304"/>
  <testcase classname="healthApp.HealthChat" name="TypeMessage" time="7.998"/>
  <testcase classname="healthApp.HealthChat" name="SendButton" time="7.516"/>
</testsuite> <!-- healthApp.HealthChat -->
