<?xml version="1.0" encoding="UTF-8"?>
<!-- Generated by org.testng.reporters.JUnitReportReporter -->
<testsuite hostname="DESKTOP-VQLLA2K" failures="0" tests="18" name="HealthNegative.CancelAppointment" time="120.633" errors="0" timestamp="2023-11-17T13:53:04 IST" skipped="0">
  <testcase classname="HealthNegative.CancelAppointment" name="NumberField" time="11.930"/>
  <testcase classname="HealthNegative.CancelAppointment" name="IAgree" time="2.225"/>
  <testcase classname="HealthNegative.CancelAppointment" name="proceedButton" time="5.407"/>
  <testcase classname="HealthNegative.CancelAppointment" name="OTP" time="15.841"/>
  <testcase classname="HealthNegative.CancelAppointment" name="Verify" time="4.597"/>
  <testcase classname="HealthNegative.CancelAppointment" name="BookAppointment" time="7.574"/>
  <testcase classname="HealthNegative.CancelAppointment" name="SelectFamilyMember" time="2.411"/>
  <testcase classname="HealthNegative.CancelAppointment" name="SelectDoctor" time="5.429"/>
  <testcase classname="HealthNegative.CancelAppointment" name="Doctor" time="5.345"/>
  <testcase classname="HealthNegative.CancelAppointment" name="DateClick" time="5.408"/>
  <testcase classname="HealthNegative.CancelAppointment" name="Time" time="5.778"/>
  <testcase classname="HealthNegative.CancelAppointment" name="PurposeVisit" time="5.885"/>
  <testcase classname="HealthNegative.CancelAppointment" name="CreateAppointment" time="5.397"/>
  <testcase classname="HealthNegative.CancelAppointment" name="Done" time="5.320"/>
  <testcase classname="HealthNegative.CancelAppointment" name="Change" time="6.233"/>
  <testcase classname="HealthNegative.CancelAppointment" name="CancelAppointments" time="10.305"/>
  <testcase classname="HealthNegative.CancelAppointment" name="CancelYes" time="10.258"/>
  <testcase classname="HealthNegative.CancelAppointment" name="CancelOk" time="5.290"/>
</testsuite> <!-- HealthNegative.CancelAppointment -->
