<?xml version="1.0" encoding="UTF-8"?>
<!-- Generated by org.testng.reporters.JUnitReportReporter -->
<testsuite hostname="DESKTOP-VQLLA2K" failures="0" tests="37" name="pivotalApplicationNegative.EditBackPatientProfile" time="255.109" errors="0" timestamp="2023-10-23T17:02:27 IST" skipped="1">
  <testcase classname="pivotalApplicationNegative.EditBackPatientProfile" name="NumberField" time="1.344"/>
  <testcase classname="pivotalApplicationNegative.EditBackPatientProfile" name="IAgree" time="2.166"/>
  <testcase classname="pivotalApplicationNegative.EditBackPatientProfile" name="proceedButton" time="5.381"/>
  <testcase classname="pivotalApplicationNegative.EditBackPatientProfile" name="OTP" time="10.867"/>
  <testcase classname="pivotalApplicationNegative.EditBackPatientProfile" name="submit" time="3.278"/>
  <testcase classname="pivotalApplicationNegative.EditBackPatientProfile" name="Search" time="10.091"/>
  <testcase classname="pivotalApplicationNegative.EditBackPatientProfile" name="close" time="4.476"/>
  <testcase classname="pivotalApplicationNegative.EditBackPatientProfile" name="ClickPatient" time="13.202"/>
  <testcase classname="pivotalApplicationNegative.EditBackPatientProfile" name="FirstName" time="5.710"/>
  <testcase classname="pivotalApplicationNegative.EditBackPatientProfile" name="MiddleName" time="5.748"/>
  <testcase classname="pivotalApplicationNegative.EditBackPatientProfile" name="LastName" time="19.204"/>
  <testcase classname="pivotalApplicationNegative.EditBackPatientProfile" name="Address" time="3.653"/>
  <testcase classname="pivotalApplicationNegative.EditBackPatientProfile" name="Area" time="3.635"/>
  <testcase classname="pivotalApplicationNegative.EditBackPatientProfile" name="City" time="3.642"/>
  <testcase classname="pivotalApplicationNegative.EditBackPatientProfile" name="PinCode" time="3.619"/>
  <testcase classname="pivotalApplicationNegative.EditBackPatientProfile" name="Next" time="15.493"/>
  <testcase classname="pivotalApplicationNegative.EditBackPatientProfile" name="weightl" time="3.511"/>
  <testcase classname="pivotalApplicationNegative.EditBackPatientProfile" name="Heightl" time="3.379"/>
  <testcase classname="pivotalApplicationNegative.EditBackPatientProfile" name="HC" time="3.326"/>
  <testcase classname="pivotalApplicationNegative.EditBackPatientProfile" name="CC" time="3.389"/>
  <testcase classname="pivotalApplicationNegative.EditBackPatientProfile" name="BPSYS" time="3.371"/>
  <testcase classname="pivotalApplicationNegative.EditBackPatientProfile" name="BPDia" time="3.315"/>
  <testcase classname="pivotalApplicationNegative.EditBackPatientProfile" name="BirthHistoryNext" time="8.003"/>
  <testcase classname="pivotalApplicationNegative.EditBackPatientProfile" name="Allergies" time="3.596"/>
  <testcase classname="pivotalApplicationNegative.EditBackPatientProfile" name="Reactions" time="3.537"/>
  <testcase classname="pivotalApplicationNegative.EditBackPatientProfile" name="RecurringComplaints" time="3.546"/>
  <testcase classname="pivotalApplicationNegative.EditBackPatientProfile" name="HospitalizationHistory" time="3.570"/>
  <testcase classname="pivotalApplicationNegative.EditBackPatientProfile" name="HealthHistory" time="3.563"/>
  <testcase classname="pivotalApplicationNegative.EditBackPatientProfile" name="OtherEmailId" time="3.500"/>
  <testcase classname="pivotalApplicationNegative.EditBackPatientProfile" name="helathNext" time="2.386"/>
  <testcase classname="pivotalApplicationNegative.EditBackPatientProfile" name="FathersName" time="3.731"/>
  <testcase classname="pivotalApplicationNegative.EditBackPatientProfile" name="MothersName" time="3.556"/>
  <testcase classname="pivotalApplicationNegative.EditBackPatientProfile" name="Fatherheight" time="7.059"/>
  <testcase classname="pivotalApplicationNegative.EditBackPatientProfile" name="Mothersheight" time="7.223"/>
  <testcase classname="pivotalApplicationNegative.EditBackPatientProfile" name="FamailyBackward" time="18.074"/>
  <testcase classname="pivotalApplicationNegative.EditBackPatientProfile" name="GetData" time="51.965"/>
  <testcase classname="pivotalApplicationNegative.EditBackPatientProfile" name="Close">
    <skipped/>
  </testcase> <!-- Close -->
</testsuite> <!-- pivotalApplicationNegative.EditBackPatientProfile -->
