<?xml version="1.0" encoding="UTF-8"?>
<!-- Generated by org.testng.reporters.JUnitReportReporter -->
<testsuite hostname="DESKTOP-VQLLA2K" failures="0" tests="28" name="webAuto.AddVitalWeb" time="183.019" errors="0" timestamp="2023-09-18T10:22:15 IST" skipped="0">
  <testcase classname="webAuto.AddVitalWeb" name="numberField" time="0.305"/>
  <testcase classname="webAuto.AddVitalWeb" name="sendOTP" time="12.516"/>
  <testcase classname="webAuto.AddVitalWeb" name="verifyButton" time="10.177"/>
  <testcase classname="webAuto.AddVitalWeb" name="createPatient" time="8.917"/>
  <testcase classname="webAuto.AddVitalWeb" name="Number1" time="0.866"/>
  <testcase classname="webAuto.AddVitalWeb" name="confirm" time="2.983"/>
  <testcase classname="webAuto.AddVitalWeb" name="number2" time="0.439"/>
  <testcase classname="webAuto.AddVitalWeb" name="firstName" time="0.642"/>
  <testcase classname="webAuto.AddVitalWeb" name="middleName" time="0.369"/>
  <testcase classname="webAuto.AddVitalWeb" name="lastName" time="0.388"/>
  <testcase classname="webAuto.AddVitalWeb" name="birthDate" time="0.748"/>
  <testcase classname="webAuto.AddVitalWeb" name="genFemale" time="0.233"/>
  <testcase classname="webAuto.AddVitalWeb" name="address" time="0.467"/>
  <testcase classname="webAuto.AddVitalWeb" name="locality" time="0.414"/>
  <testcase classname="webAuto.AddVitalWeb" name="city" time="0.350"/>
  <testcase classname="webAuto.AddVitalWeb" name="pinCode" time="0.433"/>
  <testcase classname="webAuto.AddVitalWeb" name="proceedWithSameRMN" time="0.360"/>
  <testcase classname="webAuto.AddVitalWeb" name="nextButton" time="15.228"/>
  <testcase classname="webAuto.AddVitalWeb" name="clickClose" time="1.295"/>
  <testcase classname="webAuto.AddVitalWeb" name="fillVitalForm" time="18.519"/>
  <testcase classname="webAuto.AddVitalWeb" name="fillHealthProfile" time="13.216"/>
  <testcase classname="webAuto.AddVitalWeb" name="fillFamilyProfile" time="18.020"/>
  <testcase classname="webAuto.AddVitalWeb" name="GoHome" time="0.615"/>
  <testcase classname="webAuto.AddVitalWeb" name="searchBar2" time="20.111"/>
  <testcase classname="webAuto.AddVitalWeb" name="AdVitals" time="4.978"/>
  <testcase classname="webAuto.AddVitalWeb" name="AdBpandHeartOption" time="16.554"/>
  <testcase classname="webAuto.AddVitalWeb" name="AdBloodAndAnalysis" time="16.808"/>
  <testcase classname="webAuto.AddVitalWeb" name="AdLipidProfile" time="17.068"/>
</testsuite> <!-- webAuto.AddVitalWeb -->
