<?xml version="1.0" encoding="UTF-8"?>
<!-- Generated by org.testng.reporters.JUnitReportReporter -->
<testsuite hostname="DESKTOP-VQLLA2K" failures="0" tests="8" name="webAutoQueue.CancelAppointmnetQ" time="56.500" errors="0" timestamp="2023-06-20T13:36:59 IST" skipped="0">
  <testcase classname="webAutoQueue.CancelAppointmnetQ" name="numberField" time="0.377"/>
  <system-out/>
  <testcase classname="webAutoQueue.CancelAppointmnetQ" name="sendOTP" time="9.106"/>
  <system-out/>
  <testcase classname="webAutoQueue.CancelAppointmnetQ" name="verifyButton" time="10.438"/>
  <system-out/>
  <testcase classname="webAutoQueue.CancelAppointmnetQ" name="searchBar" time="8.231"/>
  <system-out/>
  <testcase classname="webAutoQueue.CancelAppointmnetQ" name="searchOpt" time="3.225"/>
  <system-out/>
  <testcase classname="webAutoQueue.CancelAppointmnetQ" name="Queue" time="3.245"/>
  <system-out/>
  <testcase classname="webAutoQueue.CancelAppointmnetQ" name="Join" time="3.233"/>
  <system-out/>
  <testcase classname="webAutoQueue.CancelAppointmnetQ" name="JoinOk" time="18.645"/>
  <system-out/>
</testsuite> <!-- webAutoQueue.CancelAppointmnetQ -->
