<?xml version="1.0" encoding="UTF-8"?>
<!-- Generated by org.testng.reporters.JUnitReportReporter -->
<testsuite hostname="DESKTOP-VQLLA2K" failures="0" tests="9" name="webAuto.PreviousDateReceipt" time="122.112" errors="0" timestamp="2023-07-25T16:41:11 IST" skipped="0">
  <testcase classname="webAuto.PreviousDateReceipt" name="numberField" time="0.446"/>
  <system-out/>
  <testcase classname="webAuto.PreviousDateReceipt" name="sendOTP" time="18.325"/>
  <system-out/>
  <testcase classname="webAuto.PreviousDateReceipt" name="verifyButton" time="10.725"/>
  <system-out/>
  <testcase classname="webAuto.PreviousDateReceipt" name="searchBar1" time="9.374"/>
  <system-out/>
  <testcase classname="webAuto.PreviousDateReceipt" name="searchOpt" time="3.417"/>
  <system-out/>
  <testcase classname="webAuto.PreviousDateReceipt" name="searchBar2" time="16.515"/>
  <system-out/>
  <testcase classname="webAuto.PreviousDateReceipt" name="Document1" time="1.841"/>
  <system-out/>
  <testcase classname="webAuto.PreviousDateReceipt" name="ReceiptOption" time="29.303"/>
  <system-out/>
  <testcase classname="webAuto.PreviousDateReceipt" name="previewReceipt" time="32.166"/>
  <system-out/>
</testsuite> <!-- webAuto.PreviousDateReceipt -->
