<?xml version="1.0" encoding="UTF-8"?>
<!-- Generated by org.testng.reporters.JUnitReportReporter -->
<testsuite hostname="DESKTOP-VQLLA2K" failures="0" tests="11" name="webAutoQueue.EditPatientProfile" time="95.041" errors="0" timestamp="2023-06-21T13:22:02 IST" skipped="0">
  <testcase classname="webAutoQueue.EditPatientProfile" name="numberField" time="0.390"/>
  <system-out/>
  <testcase classname="webAutoQueue.EditPatientProfile" name="sendOTP" time="8.585"/>
  <system-out/>
  <testcase classname="webAutoQueue.EditPatientProfile" name="verifyButton" time="10.182"/>
  <system-out/>
  <testcase classname="webAutoQueue.EditPatientProfile" name="searchBar" time="4.984"/>
  <system-out/>
  <testcase classname="webAutoQueue.EditPatientProfile" name="searchOpt" time="3.167"/>
  <system-out/>
  <testcase classname="webAutoQueue.EditPatientProfile" name="clickPatient" time="11.319"/>
  <system-out/>
  <testcase classname="webAutoQueue.EditPatientProfile" name="firstName" time="1.364"/>
  <system-out/>
  <testcase classname="webAutoQueue.EditPatientProfile" name="lastName" time="0.643"/>
  <system-out/>
  <testcase classname="webAutoQueue.EditPatientProfile" name="middleName" time="0.568"/>
  <system-out/>
  <testcase classname="webAutoQueue.EditPatientProfile" name="nextButton" time="15.189"/>
  <system-out/>
  <testcase classname="webAutoQueue.EditPatientProfile" name="fillVitalForm" time="38.650"/>
  <system-out/>
</testsuite> <!-- webAutoQueue.EditPatientProfile -->
