<?xml version="1.0" encoding="UTF-8"?>
<!-- Generated by org.testng.reporters.JUnitReportReporter -->
<testsuite hostname="DESKTOP-VQLLA2K" failures="0" tests="8" name="webAutoQueue.CancelQueue" time="52.383" errors="0" timestamp="2023-06-21T13:15:17 IST" skipped="0">
  <testcase classname="webAutoQueue.CancelQueue" name="numberField" time="0.339"/>
  <system-out/>
  <testcase classname="webAutoQueue.CancelQueue" name="sendOTP" time="8.575"/>
  <system-out/>
  <testcase classname="webAutoQueue.CancelQueue" name="verifyButton" time="10.232"/>
  <system-out/>
  <testcase classname="webAutoQueue.CancelQueue" name="searchBar" time="5.128"/>
  <system-out/>
  <testcase classname="webAutoQueue.CancelQueue" name="searchOpt" time="3.225"/>
  <system-out/>
  <testcase classname="webAutoQueue.CancelQueue" name="Queue" time="3.206"/>
  <system-out/>
  <testcase classname="webAutoQueue.CancelQueue" name="Join" time="3.147"/>
  <system-out/>
  <testcase classname="webAutoQueue.CancelQueue" name="JoinOk" time="18.531"/>
  <system-out/>
</testsuite> <!-- webAutoQueue.CancelQueue -->
