<?xml version="1.0" encoding="UTF-8"?>
<!-- Generated by org.testng.reporters.JUnitReportReporter -->
<testsuite hostname="DESKTOP-VQLLA2K" failures="0" tests="19" name="webAuto.OPDEndToEndWorkFlow2" time="327.027" errors="0" timestamp="2023-10-31T10:12:09 IST" skipped="0">
  <testcase classname="webAuto.OPDEndToEndWorkFlow2" name="numberField" time="0.505"/>
  <testcase classname="webAuto.OPDEndToEndWorkFlow2" name="sendOTP" time="12.281"/>
  <testcase classname="webAuto.OPDEndToEndWorkFlow2" name="verifyButton" time="10.500"/>
  <testcase classname="webAuto.OPDEndToEndWorkFlow2" name="searchBar1" time="6.530"/>
  <testcase classname="webAuto.OPDEndToEndWorkFlow2" name="searchOpt" time="3.378"/>
  <testcase classname="webAuto.OPDEndToEndWorkFlow2" name="searchBar2" time="15.403"/>
  <testcase classname="webAuto.OPDEndToEndWorkFlow2" name="Investigation" time="27.673"/>
  <testcase classname="webAuto.OPDEndToEndWorkFlow2" name="Investigation1" time="37.703"/>
  <testcase classname="webAuto.OPDEndToEndWorkFlow2" name="HealthProfile" time="16.549"/>
  <testcase classname="webAuto.OPDEndToEndWorkFlow2" name="Document1" time="0.420"/>
  <testcase classname="webAuto.OPDEndToEndWorkFlow2" name="ReceiptOption" time="16.102"/>
  <testcase classname="webAuto.OPDEndToEndWorkFlow2" name="previewReceipt" time="31.482"/>
  <testcase classname="webAuto.OPDEndToEndWorkFlow2" name="cirtificateOption1" time="20.620"/>
  <testcase classname="webAuto.OPDEndToEndWorkFlow2" name="AllDocuments" time="16.545"/>
  <testcase classname="webAuto.OPDEndToEndWorkFlow2" name="Document2" time="0.181"/>
  <testcase classname="webAuto.OPDEndToEndWorkFlow2" name="cirtificateOption" time="33.112"/>
  <testcase classname="webAuto.OPDEndToEndWorkFlow2" name="cirtificateOption3" time="20.436"/>
  <testcase classname="webAuto.OPDEndToEndWorkFlow2" name="AllDocuments1" time="11.746"/>
  <testcase classname="webAuto.OPDEndToEndWorkFlow2" name="ReferralOption3" time="45.861"/>
</testsuite> <!-- webAuto.OPDEndToEndWorkFlow2 -->
