<?xml version="1.0" encoding="UTF-8"?>
<!-- Generated by org.testng.reporters.JUnitReportReporter -->
<testsuite hostname="DESKTOP-VQLLA2K" failures="0" tests="10" name="pivotalApplication.ViewReferralHistory" time="71.322" errors="0" timestamp="2023-08-31T12:14:16 IST" skipped="0">
  <testcase classname="pivotalApplication.ViewReferralHistory" name="NumberField" time="1.624"/>
  <testcase classname="pivotalApplication.ViewReferralHistory" name="IAgree" time="2.221"/>
  <testcase classname="pivotalApplication.ViewReferralHistory" name="proceedButton" time="2.431"/>
  <testcase classname="pivotalApplication.ViewReferralHistory" name="OTP" time="11.260"/>
  <testcase classname="pivotalApplication.ViewReferralHistory" name="submit" time="5.945"/>
  <testcase classname="pivotalApplication.ViewReferralHistory" name="Search" time="11.053"/>
  <testcase classname="pivotalApplication.ViewReferralHistory" name="ClickPatient" time="2.404"/>
  <testcase classname="pivotalApplication.ViewReferralHistory" name="ClickHistory" time="6.718"/>
  <testcase classname="pivotalApplication.ViewReferralHistory" name="ViewReferal" time="17.411"/>
  <testcase classname="pivotalApplication.ViewReferralHistory" name="close" time="10.255"/>
</testsuite> <!-- pivotalApplication.ViewReferralHistory -->
