<?xml version="1.0" encoding="UTF-8"?>
<!-- Generated by org.testng.reporters.JUnitReportReporter -->
<testsuite hostname="DESKTOP-VQLLA2K" failures="0" tests="37" name="webAuto.OpdEndToEndWorkFlow1" time="379.518" errors="0" timestamp="2023-10-31T10:12:09 IST" skipped="0">
  <testcase classname="webAuto.OpdEndToEndWorkFlow1" name="numberField" time="0.583"/>
  <testcase classname="webAuto.OpdEndToEndWorkFlow1" name="sendOTP" time="12.427"/>
  <testcase classname="webAuto.OpdEndToEndWorkFlow1" name="verifyButton" time="10.173"/>
  <testcase classname="webAuto.OpdEndToEndWorkFlow1" name="createPatient" time="4.393"/>
  <testcase classname="webAuto.OpdEndToEndWorkFlow1" name="Number1" time="0.705"/>
  <testcase classname="webAuto.OpdEndToEndWorkFlow1" name="confirm" time="2.336"/>
  <testcase classname="webAuto.OpdEndToEndWorkFlow1" name="number2" time="0.754"/>
  <testcase classname="webAuto.OpdEndToEndWorkFlow1" name="firstName" time="0.473"/>
  <testcase classname="webAuto.OpdEndToEndWorkFlow1" name="middleName" time="0.425"/>
  <testcase classname="webAuto.OpdEndToEndWorkFlow1" name="lastName" time="0.407"/>
  <testcase classname="webAuto.OpdEndToEndWorkFlow1" name="birthDate" time="0.674"/>
  <testcase classname="webAuto.OpdEndToEndWorkFlow1" name="genFemale" time="0.228"/>
  <testcase classname="webAuto.OpdEndToEndWorkFlow1" name="address" time="0.536"/>
  <testcase classname="webAuto.OpdEndToEndWorkFlow1" name="locality" time="0.712"/>
  <testcase classname="webAuto.OpdEndToEndWorkFlow1" name="city" time="0.390"/>
  <testcase classname="webAuto.OpdEndToEndWorkFlow1" name="pinCode" time="0.610"/>
  <testcase classname="webAuto.OpdEndToEndWorkFlow1" name="proceedWithSameRMN" time="0.436"/>
  <testcase classname="webAuto.OpdEndToEndWorkFlow1" name="nextButton" time="15.626"/>
  <testcase classname="webAuto.OpdEndToEndWorkFlow1" name="clickClose" time="1.787"/>
  <testcase classname="webAuto.OpdEndToEndWorkFlow1" name="fillVitalForm" time="21.634"/>
  <testcase classname="webAuto.OpdEndToEndWorkFlow1" name="fillHealthProfile" time="14.476"/>
  <testcase classname="webAuto.OpdEndToEndWorkFlow1" name="fillFamilyProfile" time="18.083"/>
  <testcase classname="webAuto.OpdEndToEndWorkFlow1" name="GoHome" time="0.675"/>
  <testcase classname="webAuto.OpdEndToEndWorkFlow1" name="AddNewAppointment" time="25.838"/>
  <testcase classname="webAuto.OpdEndToEndWorkFlow1" name="AddPrescription" time="16.421"/>
  <testcase classname="webAuto.OpdEndToEndWorkFlow1" name="Complaints" time="4.737"/>
  <testcase classname="webAuto.OpdEndToEndWorkFlow1" name="VitalsOption" time="5.623"/>
  <testcase classname="webAuto.OpdEndToEndWorkFlow1" name="BpandHeartOption" time="16.608"/>
  <testcase classname="webAuto.OpdEndToEndWorkFlow1" name="BloodAndAnalysis" time="17.008"/>
  <testcase classname="webAuto.OpdEndToEndWorkFlow1" name="LipidProfile" time="16.546"/>
  <testcase classname="webAuto.OpdEndToEndWorkFlow1" name="OnExamination" time="15.419"/>
  <testcase classname="webAuto.OpdEndToEndWorkFlow1" name="Diagnosis" time="15.530"/>
  <testcase classname="webAuto.OpdEndToEndWorkFlow1" name="Medicine1" time="49.241"/>
  <testcase classname="webAuto.OpdEndToEndWorkFlow1" name="DietaryAdvice" time="15.351"/>
  <testcase classname="webAuto.OpdEndToEndWorkFlow1" name="GeneralInstruction" time="15.425"/>
  <testcase classname="webAuto.OpdEndToEndWorkFlow1" name="SaveandProceed" time="0.384"/>
  <testcase classname="webAuto.OpdEndToEndWorkFlow1" name="ConfirmPrescription" time="56.844"/>
</testsuite> <!-- webAuto.OpdEndToEndWorkFlow1 -->
