<?xml version="1.0" encoding="UTF-8"?>
<!-- Generated by org.testng.reporters.JUnitReportReporter -->
<testsuite hostname="DESKTOP-VQLLA2K" failures="0" tests="82" name="healthApp.HealthEndToEndScript" time="618.024" errors="0" timestamp="2023-10-30T13:05:32 IST" skipped="0">
  <testcase classname="healthApp.HealthEndToEndScript" name="NumberField" time="17.618"/>
  <testcase classname="healthApp.HealthEndToEndScript" name="IAgree" time="2.195"/>
  <testcase classname="healthApp.HealthEndToEndScript" name="proceedButton" time="5.385"/>
  <testcase classname="healthApp.HealthEndToEndScript" name="OTP" time="15.756"/>
  <testcase classname="healthApp.HealthEndToEndScript" name="Verify" time="8.224"/>
  <testcase classname="healthApp.HealthEndToEndScript" name="Family" time="6.375"/>
  <testcase classname="healthApp.HealthEndToEndScript" name="AddFamilyMember" time="6.408"/>
  <testcase classname="healthApp.HealthEndToEndScript" name="FirstName" time="6.024"/>
  <testcase classname="healthApp.HealthEndToEndScript" name="MiddleName" time="6.090"/>
  <testcase classname="healthApp.HealthEndToEndScript" name="Birthdate" time="10.886"/>
  <testcase classname="healthApp.HealthEndToEndScript" name="Male" time="5.475"/>
  <testcase classname="healthApp.HealthEndToEndScript" name="SaveAndNext" time="10.755"/>
  <testcase classname="healthApp.HealthEndToEndScript" name="SelectClick" time="5.844"/>
  <testcase classname="healthApp.HealthEndToEndScript" name="SelectOther" time="5.407"/>
  <testcase classname="healthApp.HealthEndToEndScript" name="Next" time="5.846"/>
  <testcase classname="healthApp.HealthEndToEndScript" name="LinkDr" time="2.780"/>
  <testcase classname="healthApp.HealthEndToEndScript" name="AddtionalInformation" time="1.999"/>
  <testcase classname="healthApp.HealthEndToEndScript" name="MedicalConditionAdd" time="3.810"/>
  <testcase classname="healthApp.HealthEndToEndScript" name="MedicalConditionSelect" time="4.077"/>
  <testcase classname="healthApp.HealthEndToEndScript" name="AddMedicalCondition" time="2.444"/>
  <testcase classname="healthApp.HealthEndToEndScript" name="Allergies" time="2.921"/>
  <testcase classname="healthApp.HealthEndToEndScript" name="Reactions" time="2.944"/>
  <testcase classname="healthApp.HealthEndToEndScript" name="RecurringComplaints" time="2.886"/>
  <testcase classname="healthApp.HealthEndToEndScript" name="HospitalizationHistory" time="2.420"/>
  <testcase classname="healthApp.HealthEndToEndScript" name="HealthHistory" time="2.449"/>
  <testcase classname="healthApp.HealthEndToEndScript" name="GeneticdisoredrAdd" time="2.391"/>
  <testcase classname="healthApp.HealthEndToEndScript" name="GeneticdisoredrSelect" time="13.305"/>
  <testcase classname="healthApp.HealthEndToEndScript" name="AddGeneticdisoredr" time="2.577"/>
  <testcase classname="healthApp.HealthEndToEndScript" name="helathNext" time="2.473"/>
  <testcase classname="healthApp.HealthEndToEndScript" name="FamailyNedicalHistory" time="8.808"/>
  <testcase classname="healthApp.HealthEndToEndScript" name="EnterDisorders" time="10.554"/>
  <testcase classname="healthApp.HealthEndToEndScript" name="FathersName" time="3.455"/>
  <testcase classname="healthApp.HealthEndToEndScript" name="MothersName" time="14.933"/>
  <testcase classname="healthApp.HealthEndToEndScript" name="BookAppointment" time="6.167"/>
  <testcase classname="healthApp.HealthEndToEndScript" name="SelectFamilyMember" time="2.408"/>
  <testcase classname="healthApp.HealthEndToEndScript" name="SelectDoctor" time="5.399"/>
  <testcase classname="healthApp.HealthEndToEndScript" name="Doctor" time="5.286"/>
  <testcase classname="healthApp.HealthEndToEndScript" name="DateClick" time="5.437"/>
  <testcase classname="healthApp.HealthEndToEndScript" name="Time" time="5.698"/>
  <testcase classname="healthApp.HealthEndToEndScript" name="PurposeVisit" time="5.880"/>
  <testcase classname="healthApp.HealthEndToEndScript" name="CreateAppointment" time="5.417"/>
  <testcase classname="healthApp.HealthEndToEndScript" name="Done" time="5.339"/>
  <testcase classname="healthApp.HealthEndToEndScript" name="SelectFamilyMember2" time="10.760"/>
  <testcase classname="healthApp.HealthEndToEndScript" name="AddButton1" time="5.498"/>
  <testcase classname="healthApp.HealthEndToEndScript" name="GrowthRecord1" time="5.680"/>
  <testcase classname="healthApp.HealthEndToEndScript" name="Vital" time="13.706"/>
  <testcase classname="healthApp.HealthEndToEndScript" name="UploadDoc" time="16.270"/>
  <testcase classname="healthApp.HealthEndToEndScript" name="DocumentsDropDown" time="5.284"/>
  <testcase classname="healthApp.HealthEndToEndScript" name="DischargeSummary" time="2.286"/>
  <testcase classname="healthApp.HealthEndToEndScript" name="CreatedBy" time="2.329"/>
  <testcase classname="healthApp.HealthEndToEndScript" name="DocumentOn" time="2.242"/>
  <testcase classname="healthApp.HealthEndToEndScript" name="popUpOk" time="2.355"/>
  <testcase classname="healthApp.HealthEndToEndScript" name="Camera" time="19.347"/>
  <testcase classname="healthApp.HealthEndToEndScript" name="UploadCam" time="7.350"/>
  <testcase classname="healthApp.HealthEndToEndScript" name="UploadCamOk" time="10.834"/>
  <testcase classname="healthApp.HealthEndToEndScript" name="UploadDocuments1" time="3.205"/>
  <testcase classname="healthApp.HealthEndToEndScript" name="DocumentsDropDown1" time="5.386"/>
  <testcase classname="healthApp.HealthEndToEndScript" name="DischargeSummary1" time="2.298"/>
  <testcase classname="healthApp.HealthEndToEndScript" name="CreatedBy1" time="3.046"/>
  <testcase classname="healthApp.HealthEndToEndScript" name="DocumentOn1" time="2.323"/>
  <testcase classname="healthApp.HealthEndToEndScript" name="popUpOk1" time="2.359"/>
  <testcase classname="healthApp.HealthEndToEndScript" name="Gallery" time="2.369"/>
  <testcase classname="healthApp.HealthEndToEndScript" name="photo" time="10.377"/>
  <testcase classname="healthApp.HealthEndToEndScript" name="Upload" time="2.373"/>
  <testcase classname="healthApp.HealthEndToEndScript" name="UploadOk" time="12.389"/>
  <testcase classname="healthApp.HealthEndToEndScript" name="AddButton4" time="10.555"/>
  <testcase classname="healthApp.HealthEndToEndScript" name="BookLabTest11" time="5.703"/>
  <testcase classname="healthApp.HealthEndToEndScript" name="SelectLab" time="5.357"/>
  <testcase classname="healthApp.HealthEndToEndScript" name="ClickLab" time="5.380"/>
  <testcase classname="healthApp.HealthEndToEndScript" name="Comments" time="5.259"/>
  <testcase classname="healthApp.HealthEndToEndScript" name="VaccineLabel" time="18.119"/>
  <testcase classname="healthApp.HealthEndToEndScript" name="BookLabTest1" time="5.430"/>
  <testcase classname="healthApp.HealthEndToEndScript" name="Done2" time="5.328"/>
  <testcase classname="healthApp.HealthEndToEndScript" name="SelectFamilyMember3" time="11.178"/>
  <testcase classname="healthApp.HealthEndToEndScript" name="Immunization" time="5.557"/>
  <testcase classname="healthApp.HealthEndToEndScript" name="Birth" time="31.715"/>
  <testcase classname="healthApp.HealthEndToEndScript" name="PopUpOk" time="10.255"/>
  <testcase classname="healthApp.HealthEndToEndScript" name="AddButton2" time="17.962"/>
  <testcase classname="healthApp.HealthEndToEndScript" name="AllVisits" time="5.712"/>
  <testcase classname="healthApp.HealthEndToEndScript" name="AddVitalsClick" time="5.473"/>
  <testcase classname="healthApp.HealthEndToEndScript" name="AddVitals" time="38.685"/>
  <testcase classname="healthApp.HealthEndToEndScript" name="LipidProfile" time="27.745"/>
</testsuite> <!-- healthApp.HealthEndToEndScript -->
