<?xml version="1.0" encoding="UTF-8"?>
<!-- Generated by org.testng.reporters.JUnitReportReporter -->
<testsuite hostname="DESKTOP-VQLLA2K" failures="0" tests="174" name="pivotalApplication.PivoFin1" time="907.310" errors="1" timestamp="2023-09-18T11:18:43 IST" skipped="0">
  <testcase classname="pivotalApplication.PivoFin1" name="NumberField" time="1.432"/>
  <testcase classname="pivotalApplication.PivoFin1" name="IAgree" time="2.189"/>
  <testcase classname="pivotalApplication.PivoFin1" name="proceedButton" time="2.424"/>
  <testcase classname="pivotalApplication.PivoFin1" name="OTP" time="12.234"/>
  <testcase classname="pivotalApplication.PivoFin1" name="submit" time="5.550"/>
  <testcase classname="pivotalApplication.PivoFin1" name="Createptient" time="4.360"/>
  <testcase classname="pivotalApplication.PivoFin1" name="Neweptient" time="12.328"/>
  <testcase classname="pivotalApplication.PivoFin1" name="Close" time="5.138"/>
  <testcase classname="pivotalApplication.PivoFin1" name="MobileNumber1" time="2.617"/>
  <testcase classname="pivotalApplication.PivoFin1" name="confirm" time="4.635"/>
  <testcase classname="pivotalApplication.PivoFin1" name="confirmPopup" time="5.186"/>
  <testcase classname="pivotalApplication.PivoFin1" name="AdditionalNumber1" time="2.584"/>
  <testcase classname="pivotalApplication.PivoFin1" name="FirstName" time="4.538"/>
  <testcase classname="pivotalApplication.PivoFin1" name="MiddleName" time="4.583"/>
  <testcase classname="pivotalApplication.PivoFin1" name="LastName" time="5.002"/>
  <testcase classname="pivotalApplication.PivoFin1" name="BirthCalender" time="5.188"/>
  <testcase classname="pivotalApplication.PivoFin1" name="Birthok" time="4.325"/>
  <testcase classname="pivotalApplication.PivoFin1" name="GenFemale" time="4.544"/>
  <testcase classname="pivotalApplication.PivoFin1" name="Address" time="2.486"/>
  <testcase classname="pivotalApplication.PivoFin1" name="Area" time="2.469"/>
  <testcase classname="pivotalApplication.PivoFin1" name="City" time="2.985"/>
  <testcase classname="pivotalApplication.PivoFin1" name="PinCode" time="2.968"/>
  <testcase classname="pivotalApplication.PivoFin1" name="Next" time="15.475"/>
  <testcase classname="pivotalApplication.PivoFin1" name="ContinueProfile" time="10.373"/>
  <testcase classname="pivotalApplication.PivoFin1" name="TypeOfDelivery" time="2.438"/>
  <testcase classname="pivotalApplication.PivoFin1" name="TypeOfDeliveryNormal" time="2.236"/>
  <testcase classname="pivotalApplication.PivoFin1" name="weightl" time="2.411"/>
  <testcase classname="pivotalApplication.PivoFin1" name="Heightl" time="2.373"/>
  <testcase classname="pivotalApplication.PivoFin1" name="HC" time="2.377"/>
  <testcase classname="pivotalApplication.PivoFin1" name="CC" time="2.378"/>
  <testcase classname="pivotalApplication.PivoFin1" name="BPSYS" time="2.409"/>
  <testcase classname="pivotalApplication.PivoFin1" name="BPDia" time="2.380"/>
  <testcase classname="pivotalApplication.PivoFin1" name="BloodGroup" time="2.437"/>
  <testcase classname="pivotalApplication.PivoFin1" name="BloodGroupA" time="2.297"/>
  <testcase classname="pivotalApplication.PivoFin1" name="BirthHistoryNext" time="7.520"/>
  <testcase classname="pivotalApplication.PivoFin1" name="MedicalConditionAdd" time="4.354"/>
  <testcase classname="pivotalApplication.PivoFin1" name="MedicalConditionSelect" time="3.610"/>
  <testcase classname="pivotalApplication.PivoFin1" name="AddMedicalCondition" time="2.399"/>
  <testcase classname="pivotalApplication.PivoFin1" name="Allergies" time="2.335"/>
  <testcase classname="pivotalApplication.PivoFin1" name="Reactions" time="2.906"/>
  <testcase classname="pivotalApplication.PivoFin1" name="RecurringComplaints" time="2.371"/>
  <testcase classname="pivotalApplication.PivoFin1" name="HospitalizationHistory" time="2.378"/>
  <testcase classname="pivotalApplication.PivoFin1" name="HealthHistory" time="2.871"/>
  <testcase classname="pivotalApplication.PivoFin1" name="GeneticdisoredrAdd" time="4.262"/>
  <testcase classname="pivotalApplication.PivoFin1" name="GeneticdisoredrSelect" time="12.925"/>
  <testcase classname="pivotalApplication.PivoFin1" name="AddGeneticdisoredr" time="2.528"/>
  <testcase classname="pivotalApplication.PivoFin1" name="OtherEmailId" time="2.378"/>
  <testcase classname="pivotalApplication.PivoFin1" name="helathNext" time="2.358"/>
  <testcase classname="pivotalApplication.PivoFin1" name="FathersName" time="2.865"/>
  <testcase classname="pivotalApplication.PivoFin1" name="MothersName" time="3.295"/>
  <testcase classname="pivotalApplication.PivoFin1" name="Fatherheight" time="6.621"/>
  <testcase classname="pivotalApplication.PivoFin1" name="Mothersheight" time="5.210"/>
  <testcase classname="pivotalApplication.PivoFin1" name="FamailyMedicalHistory" time="6.944"/>
  <testcase classname="pivotalApplication.PivoFin1" name="EnterDisorders" time="15.662"/>
  <testcase classname="pivotalApplication.PivoFin1" name="AddVital" time="5.357"/>
  <testcase classname="pivotalApplication.PivoFin1" name="weight" time="0.270"/>
  <testcase classname="pivotalApplication.PivoFin1" name="Height" time="5.948"/>
  <testcase classname="pivotalApplication.PivoFin1" name="HC1" time="5.307"/>
  <testcase classname="pivotalApplication.PivoFin1" name="CC1" time="5.344"/>
  <testcase classname="pivotalApplication.PivoFin1" name="Temperature" time="5.362"/>
  <testcase classname="pivotalApplication.PivoFin1" name="SPO2" time="11.201"/>
  <testcase classname="pivotalApplication.PivoFin1" name="UpArrow" time="10.693"/>
  <testcase classname="pivotalApplication.PivoFin1" name="BPSYS1" time="5.298"/>
  <testcase classname="pivotalApplication.PivoFin1" name="BPDIA" time="5.769"/>
  <testcase classname="pivotalApplication.PivoFin1" name="HeartRate" time="6.235"/>
  <testcase classname="pivotalApplication.PivoFin1" name="Pulse" time="10.869"/>
  <testcase classname="pivotalApplication.PivoFin1" name="BloodSugar" time="6.617"/>
  <testcase classname="pivotalApplication.PivoFin1" name="BloodSugarf" time="5.839"/>
  <testcase classname="pivotalApplication.PivoFin1" name="BloodSugarPP" time="5.766"/>
  <testcase classname="pivotalApplication.PivoFin1" name="BloodSugarHB" time="11.391"/>
  <testcase classname="pivotalApplication.PivoFin1" name="CholesterolHDL" time="0.154">
    <error message="Index 0 out of bounds for length 0" type="java.lang.IndexOutOfBoundsException">
      <![CDATA[java.lang.IndexOutOfBoundsException: Index 0 out of bounds for length 0
at java.base/jdk.internal.util.Preconditions.outOfBounds(Preconditions.java:64)
at java.base/jdk.internal.util.Preconditions.outOfBoundsCheckIndex(Preconditions.java:70)
at java.base/jdk.internal.util.Preconditions.checkIndex(Preconditions.java:266)
at java.base/java.util.Objects.checkIndex(Objects.java:359)
at java.base/java.util.ArrayList.get(ArrayList.java:427)
at pivotalApplication.PivoFin1.CholesterolHDL(PivoFin1.java:771)
at java.base/jdk.internal.reflect.NativeMethodAccessorImpl.invoke0(Native Method)
at java.base/jdk.internal.reflect.NativeMethodAccessorImpl.invoke(NativeMethodAccessorImpl.java:77)
at java.base/jdk.internal.reflect.DelegatingMethodAccessorImpl.invoke(DelegatingMethodAccessorImpl.java:43)
at java.base/java.lang.reflect.Method.invoke(Method.java:568)
at org.testng.internal.invokers.MethodInvocationHelper.invokeMethod(MethodInvocationHelper.java:139)
at org.testng.internal.invokers.TestInvoker.invokeMethod(TestInvoker.java:664)
at org.testng.internal.invokers.TestInvoker.invokeTestMethod(TestInvoker.java:227)
at org.testng.internal.invokers.MethodRunner.runInSequence(MethodRunner.java:50)
at org.testng.internal.invokers.TestInvoker$MethodInvocationAgent.invoke(TestInvoker.java:957)
at org.testng.internal.invokers.TestInvoker.invokeTestMethods(TestInvoker.java:200)
at org.testng.internal.invokers.TestMethodWorker.invokeTestMethods(TestMethodWorker.java:148)
at org.testng.internal.invokers.TestMethodWorker.run(TestMethodWorker.java:128)
at java.base/java.util.ArrayList.forEach(ArrayList.java:1511)
at org.testng.TestRunner.privateRun(TestRunner.java:848)
at org.testng.TestRunner.run(TestRunner.java:621)
at org.testng.SuiteRunner.runTest(SuiteRunner.java:443)
at org.testng.SuiteRunner.runSequentially(SuiteRunner.java:437)
at org.testng.SuiteRunner.privateRun(SuiteRunner.java:397)
at org.testng.SuiteRunner.run(SuiteRunner.java:336)
at org.testng.SuiteRunnerWorker.runSuite(SuiteRunnerWorker.java:52)
at org.testng.SuiteRunnerWorker.run(SuiteRunnerWorker.java:95)
at org.testng.TestNG.runSuitesSequentially(TestNG.java:1280)
at org.testng.TestNG.runSuitesLocally(TestNG.java:1200)
at org.testng.TestNG.runSuites(TestNG.java:1114)
at org.testng.TestNG.run(TestNG.java:1082)
at org.testng.remote.AbstractRemoteTestNG.run(AbstractRemoteTestNG.java:115)
at org.testng.remote.RemoteTestNG.initAndRun(RemoteTestNG.java:251)
at org.testng.remote.RemoteTestNG.main(RemoteTestNG.java:77)
]]>
    </error>
  </testcase> <!-- CholesterolHDL -->
  <testcase classname="pivotalApplication.PivoFin1" name="CholesterolLDL" time="6.232"/>
  <testcase classname="pivotalApplication.PivoFin1" name="TotalCholesterol" time="5.349"/>
  <testcase classname="pivotalApplication.PivoFin1" name="Triglycerides" time="5.768"/>
  <testcase classname="pivotalApplication.PivoFin1" name="Save" time="5.424"/>
  <testcase classname="pivotalApplication.PivoFin1" name="Appointment" time="21.297"/>
  <testcase classname="pivotalApplication.PivoFin1" name="SlotTime" time="10.235"/>
  <testcase classname="pivotalApplication.PivoFin1" name="Time" time="2.743"/>
  <testcase classname="pivotalApplication.PivoFin1" name="SlotBook" time="2.292"/>
  <testcase classname="pivotalApplication.PivoFin1" name="VideoCheckBox" time="2.270"/>
  <testcase classname="pivotalApplication.PivoFin1" name="Book" time="7.353"/>
  <testcase classname="pivotalApplication.PivoFin1" name="AppointmentBookedPopup" time="12.484"/>
  <testcase classname="pivotalApplication.PivoFin1" name="ClickPatient" time="2.259"/>
  <testcase classname="pivotalApplication.PivoFin1" name="prescription" time="3.054"/>
  <testcase classname="pivotalApplication.PivoFin1" name="ComplaintAndDiagnosis" time="2.447"/>
  <testcase classname="pivotalApplication.PivoFin1" name="AddChiefComplaints" time="2.365"/>
  <testcase classname="pivotalApplication.PivoFin1" name="Fever" time="3.375"/>
  <testcase classname="pivotalApplication.PivoFin1" name="Details" time="2.438"/>
  <testcase classname="pivotalApplication.PivoFin1" name="mild" time="2.318"/>
  <testcase classname="pivotalApplication.PivoFin1" name="moreSymptoms" time="2.313"/>
  <testcase classname="pivotalApplication.PivoFin1" name="Since2Days" time="2.325"/>
  <testcase classname="pivotalApplication.PivoFin1" name="AddComplaint" time="2.463"/>
  <testcase classname="pivotalApplication.PivoFin1" name="AddWorkingDiagnosis" time="2.355"/>
  <testcase classname="pivotalApplication.PivoFin1" name="AcuteUrti" time="5.824"/>
  <testcase classname="pivotalApplication.PivoFin1" name="AddDiagnosis" time="2.415"/>
  <testcase classname="pivotalApplication.PivoFin1" name="Medicine" time="2.445"/>
  <testcase classname="pivotalApplication.PivoFin1" name="TapToAddMedicine" time="2.404"/>
  <testcase classname="pivotalApplication.PivoFin1" name="SearchMedDolo" time="7.182"/>
  <testcase classname="pivotalApplication.PivoFin1" name="AddToPrescription" time="2.432"/>
  <testcase classname="pivotalApplication.PivoFin1" name="ClickFavourite" time="2.463"/>
  <testcase classname="pivotalApplication.PivoFin1" name="ClickFavoutiteDropdown" time="2.204"/>
  <testcase classname="pivotalApplication.PivoFin1" name="ClickFavoutiteMedDrp" time="2.238"/>
  <testcase classname="pivotalApplication.PivoFin1" name="ClickFavoutiteMedicine" time="2.276"/>
  <testcase classname="pivotalApplication.PivoFin1" name="CopyMedicine" time="2.831"/>
  <testcase classname="pivotalApplication.PivoFin1" name="popularClick" time="2.427"/>
  <testcase classname="pivotalApplication.PivoFin1" name="popularMedicineClick" time="4.477"/>
  <testcase classname="pivotalApplication.PivoFin1" name="popularCopyMedicine" time="2.801"/>
  <testcase classname="pivotalApplication.PivoFin1" name="DietAndNutrition" time="2.763"/>
  <testcase classname="pivotalApplication.PivoFin1" name="DietAndNutritionAdd" time="2.422"/>
  <testcase classname="pivotalApplication.PivoFin1" name="DietAdvice" time="2.440"/>
  <testcase classname="pivotalApplication.PivoFin1" name="AddDietAdvice" time="2.375"/>
  <testcase classname="pivotalApplication.PivoFin1" name="GeneralInstructions" time="2.864"/>
  <testcase classname="pivotalApplication.PivoFin1" name="GeneralInstructionsAdd" time="2.385"/>
  <testcase classname="pivotalApplication.PivoFin1" name="InstructionsAdd" time="2.413"/>
  <testcase classname="pivotalApplication.PivoFin1" name="Instructions" time="2.403"/>
  <testcase classname="pivotalApplication.PivoFin1" name="NextFollowup" time="4.435"/>
  <testcase classname="pivotalApplication.PivoFin1" name="NextFollowupCln7der" time="2.327"/>
  <testcase classname="pivotalApplication.PivoFin1" name="NextOk" time="2.307"/>
  <testcase classname="pivotalApplication.PivoFin1" name="NextVistTab" time="2.417"/>
  <testcase classname="pivotalApplication.PivoFin1" name="PreviewPrescription" time="2.457"/>
  <testcase classname="pivotalApplication.PivoFin1" name="SaveAndShare" time="10.230"/>
  <testcase classname="pivotalApplication.PivoFin1" name="DownloadBack" time="20.887"/>
  <testcase classname="pivotalApplication.PivoFin1" name="ImmunizationClick" time="2.599"/>
  <testcase classname="pivotalApplication.PivoFin1" name="AtBirth" time="4.523"/>
  <testcase classname="pivotalApplication.PivoFin1" name="AddVaccine" time="2.388"/>
  <testcase classname="pivotalApplication.PivoFin1" name="SelectBrand" time="2.581"/>
  <testcase classname="pivotalApplication.PivoFin1" name="SelectDate" time="7.733"/>
  <testcase classname="pivotalApplication.PivoFin1" name="VaccineLabel" time="25.446"/>
  <testcase classname="pivotalApplication.PivoFin1" name="BulkUpdate" time="8.334"/>
  <testcase classname="pivotalApplication.PivoFin1" name="PCV" time="4.540"/>
  <testcase classname="pivotalApplication.PivoFin1" name="IPV" time="4.510"/>
  <testcase classname="pivotalApplication.PivoFin1" name="Rotavirus" time="4.537"/>
  <testcase classname="pivotalApplication.PivoFin1" name="AddToSchedule" time="4.548"/>
  <testcase classname="pivotalApplication.PivoFin1" name="BulkUpdate1" time="10.433"/>
  <testcase classname="pivotalApplication.PivoFin1" name="TransScript" time="5.562"/>
  <testcase classname="pivotalApplication.PivoFin1" name="CreatedBy" time="15.788"/>
  <testcase classname="pivotalApplication.PivoFin1" name="DocumentOn" time="7.262"/>
  <testcase classname="pivotalApplication.PivoFin1" name="popoupOk" time="4.323"/>
  <testcase classname="pivotalApplication.PivoFin1" name="Gallaries" time="2.366"/>
  <testcase classname="pivotalApplication.PivoFin1" name="GallariesPhoto" time="10.234"/>
  <testcase classname="pivotalApplication.PivoFin1" name="Upload" time="8.307"/>
  <testcase classname="pivotalApplication.PivoFin1" name="UploadOk" time="7.725"/>
  <testcase classname="pivotalApplication.PivoFin1" name="TransScript1" time="61.799"/>
  <testcase classname="pivotalApplication.PivoFin1" name="ImmunizationGovClick" time="2.532"/>
  <testcase classname="pivotalApplication.PivoFin1" name="opvO" time="3.734"/>
  <testcase classname="pivotalApplication.PivoFin1" name="SaveVaccine" time="2.273"/>
  <testcase classname="pivotalApplication.PivoFin1" name="IPV1" time="3.563"/>
  <testcase classname="pivotalApplication.PivoFin1" name="SaveVaccine1" time="2.321"/>
  <testcase classname="pivotalApplication.PivoFin1" name="HepB" time="3.891"/>
  <testcase classname="pivotalApplication.PivoFin1" name="SaveVaccine2" time="2.280"/>
  <testcase classname="pivotalApplication.PivoFin1" name="Transscript" time="3.644"/>
  <testcase classname="pivotalApplication.PivoFin1" name="CreatedBy2" time="2.938"/>
  <testcase classname="pivotalApplication.PivoFin1" name="DocumentOn2" time="2.243"/>
  <testcase classname="pivotalApplication.PivoFin1" name="popUpOk" time="2.333"/>
  <testcase classname="pivotalApplication.PivoFin1" name="Camera" time="14.163"/>
  <testcase classname="pivotalApplication.PivoFin1" name="UploadCam" time="2.416"/>
  <testcase classname="pivotalApplication.PivoFin1" name="UploadCamOk" time="2.757"/>
  <testcase classname="pivotalApplication.PivoFin1" name="Transscript1" time="2.669"/>
  <testcase classname="pivotalApplication.PivoFin1" name="CreatedBy1" time="2.415"/>
  <testcase classname="pivotalApplication.PivoFin1" name="DocumentOn1" time="2.258"/>
  <testcase classname="pivotalApplication.PivoFin1" name="popUpOk1" time="2.303"/>
  <testcase classname="pivotalApplication.PivoFin1" name="Gallery" time="2.259"/>
  <testcase classname="pivotalApplication.PivoFin1" name="photo" time="10.278"/>
  <testcase classname="pivotalApplication.PivoFin1" name="Upload1" time="2.312"/>
  <testcase classname="pivotalApplication.PivoFin1" name="UploadOk1" time="9.165"/>
  <testcase classname="pivotalApplication.PivoFin1" name="ImmunizationClick1" time="2.560"/>
  <testcase classname="pivotalApplication.PivoFin1" name="Records" time="5.791"/>
  <testcase classname="pivotalApplication.PivoFin1" name="Certificates" time="5.479"/>
  <testcase classname="pivotalApplication.PivoFin1" name="SelectVaciines" time="5.229"/>
  <testcase classname="pivotalApplication.PivoFin1" name="Proceed" time="5.586"/>
  <testcase classname="pivotalApplication.PivoFin1" name="SpecialityDropdown" time="5.343"/>
  <testcase classname="pivotalApplication.PivoFin1" name="DefaultV3" time="5.204"/>
  <testcase classname="pivotalApplication.PivoFin1" name="Preview" time="5.354"/>
  <testcase classname="pivotalApplication.PivoFin1" name="Print" time="5.215"/>
</testsuite> <!-- pivotalApplication.PivoFin1 -->
