<?xml version="1.0" encoding="UTF-8"?>
<!-- Generated by org.testng.reporters.JUnitReportReporter -->
<testsuite hostname="DESKTOP-VQLLA2K" failures="0" tests="8" name="webAuto.ViewCertificateInDocuments" time="69.502" errors="0" timestamp="2023-08-24T16:05:10 IST" skipped="0">
  <testcase classname="webAuto.ViewCertificateInDocuments" name="numberField" time="0.375"/>
  <testcase classname="webAuto.ViewCertificateInDocuments" name="sendOTP" time="8.791"/>
  <testcase classname="webAuto.ViewCertificateInDocuments" name="verifyButton" time="10.441"/>
  <testcase classname="webAuto.ViewCertificateInDocuments" name="searchBar" time="5.764"/>
  <testcase classname="webAuto.ViewCertificateInDocuments" name="searchOpt" time="3.180"/>
  <testcase classname="webAuto.ViewCertificateInDocuments" name="clickPatient" time="13.008"/>
  <testcase classname="webAuto.ViewCertificateInDocuments" name="Document" time="0.497"/>
  <testcase classname="webAuto.ViewCertificateInDocuments" name="AllDocuments" time="27.446"/>
</testsuite> <!-- webAuto.ViewCertificateInDocuments -->
