<?xml version="1.0" encoding="UTF-8"?>
<!-- Generated by org.testng.reporters.JUnitReportReporter -->
<testsuite hostname="DESKTOP-VQLLA2K" failures="0" tests="37" name="webAuto.OpdEndToEndWorkFlow1" time="394.557" errors="0" timestamp="2023-12-15T09:46:37 IST" skipped="0">
  <testcase classname="webAuto.OpdEndToEndWorkFlow1" name="numberField" time="0.403"/>
  <testcase classname="webAuto.OpdEndToEndWorkFlow1" name="sendOTP" time="12.635"/>
  <testcase classname="webAuto.OpdEndToEndWorkFlow1" name="verifyButton" time="10.384"/>
  <testcase classname="webAuto.OpdEndToEndWorkFlow1" name="createPatient" time="3.818"/>
  <testcase classname="webAuto.OpdEndToEndWorkFlow1" name="Number1" time="1.042"/>
  <testcase classname="webAuto.OpdEndToEndWorkFlow1" name="confirm" time="3.149"/>
  <testcase classname="webAuto.OpdEndToEndWorkFlow1" name="number2" time="0.760"/>
  <testcase classname="webAuto.OpdEndToEndWorkFlow1" name="firstName" time="0.743"/>
  <testcase classname="webAuto.OpdEndToEndWorkFlow1" name="middleName" time="0.554"/>
  <testcase classname="webAuto.OpdEndToEndWorkFlow1" name="lastName" time="0.472"/>
  <testcase classname="webAuto.OpdEndToEndWorkFlow1" name="birthDate" time="0.834"/>
  <testcase classname="webAuto.OpdEndToEndWorkFlow1" name="genFemale" time="0.430"/>
  <testcase classname="webAuto.OpdEndToEndWorkFlow1" name="address" time="0.620"/>
  <testcase classname="webAuto.OpdEndToEndWorkFlow1" name="locality" time="0.663"/>
  <testcase classname="webAuto.OpdEndToEndWorkFlow1" name="city" time="0.617"/>
  <testcase classname="webAuto.OpdEndToEndWorkFlow1" name="pinCode" time="0.582"/>
  <testcase classname="webAuto.OpdEndToEndWorkFlow1" name="proceedWithSameRMN" time="0.428"/>
  <testcase classname="webAuto.OpdEndToEndWorkFlow1" name="nextButton" time="15.287"/>
  <testcase classname="webAuto.OpdEndToEndWorkFlow1" name="clickClose" time="1.275"/>
  <testcase classname="webAuto.OpdEndToEndWorkFlow1" name="fillVitalForm" time="19.453"/>
  <testcase classname="webAuto.OpdEndToEndWorkFlow1" name="fillHealthProfile" time="14.761"/>
  <testcase classname="webAuto.OpdEndToEndWorkFlow1" name="fillFamilyProfile" time="20.311"/>
  <testcase classname="webAuto.OpdEndToEndWorkFlow1" name="GoHome" time="0.681"/>
  <testcase classname="webAuto.OpdEndToEndWorkFlow1" name="AddNewAppointment" time="26.346"/>
  <testcase classname="webAuto.OpdEndToEndWorkFlow1" name="AddPrescription" time="16.498"/>
  <testcase classname="webAuto.OpdEndToEndWorkFlow1" name="Complaints" time="6.574"/>
  <testcase classname="webAuto.OpdEndToEndWorkFlow1" name="VitalsOption" time="6.324"/>
  <testcase classname="webAuto.OpdEndToEndWorkFlow1" name="BpandHeartOption" time="17.232"/>
  <testcase classname="webAuto.OpdEndToEndWorkFlow1" name="BloodAndAnalysis" time="18.091"/>
  <testcase classname="webAuto.OpdEndToEndWorkFlow1" name="LipidProfile" time="18.024"/>
  <testcase classname="webAuto.OpdEndToEndWorkFlow1" name="OnExamination" time="15.994"/>
  <testcase classname="webAuto.OpdEndToEndWorkFlow1" name="Diagnosis" time="17.390"/>
  <testcase classname="webAuto.OpdEndToEndWorkFlow1" name="Medicine1" time="52.769"/>
  <testcase classname="webAuto.OpdEndToEndWorkFlow1" name="DietaryAdvice" time="15.476"/>
  <testcase classname="webAuto.OpdEndToEndWorkFlow1" name="GeneralInstruction" time="15.971"/>
  <testcase classname="webAuto.OpdEndToEndWorkFlow1" name="SaveandProceed" time="0.621"/>
  <testcase classname="webAuto.OpdEndToEndWorkFlow1" name="ConfirmPrescription" time="57.345"/>
</testsuite> <!-- webAuto.OpdEndToEndWorkFlow1 -->
