<?xml version="1.0" encoding="UTF-8"?>
<!-- Generated by org.testng.reporters.JUnitReportReporter -->
<testsuite hostname="DESKTOP-VQLLA2K" failures="0" tests="9" name="healthApp.HealthImmunization" time="107.447" errors="0" timestamp="2023-12-11T12:38:26 IST" skipped="0">
  <testcase classname="healthApp.HealthImmunization" name="NumberField" time="11.949"/>
  <testcase classname="healthApp.HealthImmunization" name="IAgree" time="2.204"/>
  <testcase classname="healthApp.HealthImmunization" name="proceedButton" time="5.368"/>
  <testcase classname="healthApp.HealthImmunization" name="OTP" time="15.760"/>
  <testcase classname="healthApp.HealthImmunization" name="Verify" time="8.403"/>
  <testcase classname="healthApp.HealthImmunization" name="SelectFamilyMember" time="11.520"/>
  <testcase classname="healthApp.HealthImmunization" name="Immunization" time="5.615"/>
  <testcase classname="healthApp.HealthImmunization" name="Birth" time="37.577"/>
  <testcase classname="healthApp.HealthImmunization" name="PopUpOk" time="9.051"/>
</testsuite> <!-- healthApp.HealthImmunization -->
