<?xml version="1.0" encoding="UTF-8"?>
<!-- Generated by org.testng.reporters.JUnitReportReporter -->
<testsuite hostname="DESKTOP-VQLLA2K" failures="0" tests="14" name="pivotalApplication.New" time="318.481" errors="0" timestamp="2023-06-30T11:29:47 IST" skipped="0">
  <testcase classname="pivotalApplication.New" name="NumberField" time="1.950"/>
  <system-out/>
  <testcase classname="pivotalApplication.New" name="IAgree" time="2.169"/>
  <system-out/>
  <testcase classname="pivotalApplication.New" name="proceedButton" time="2.478"/>
  <system-out/>
  <testcase classname="pivotalApplication.New" name="OTP" time="10.968"/>
  <system-out/>
  <testcase classname="pivotalApplication.New" name="submit" time="3.303"/>
  <system-out/>
  <testcase classname="pivotalApplication.New" name="Search" time="11.258"/>
  <system-out/>
  <testcase classname="pivotalApplication.New" name="ClickPatient" time="19.822"/>
  <system-out/>
  <testcase classname="pivotalApplication.New" name="Certificate" time="27.594"/>
  <system-out/>
  <testcase classname="pivotalApplication.New" name="CertificateDropdown" time="22.301"/>
  <system-out/>
  <testcase classname="pivotalApplication.New" name="CertificateType" time="22.332"/>
  <system-out/>
  <testcase classname="pivotalApplication.New" name="Speciality" time="32.371"/>
  <system-out/>
  <testcase classname="pivotalApplication.New" name="SpecialitySelect" time="37.288"/>
  <system-out/>
  <testcase classname="pivotalApplication.New" name="Preview" time="52.401"/>
  <system-out/>
  <testcase classname="pivotalApplication.New" name="Print" time="72.246"/>
  <system-out/>
</testsuite> <!-- pivotalApplication.New -->
