<?xml version="1.0" encoding="UTF-8"?>
<!-- Generated by org.testng.reporters.JUnitReportReporter -->
<testsuite hostname="DESKTOP-VQLLA2K" failures="0" tests="11" name="healthApp.HealthAddVital" time="131.110" errors="0" timestamp="2023-10-12T14:28:33 IST" skipped="0">
  <testcase classname="healthApp.HealthAddVital" name="NumberField" time="11.464"/>
  <testcase classname="healthApp.HealthAddVital" name="IAgree" time="2.208"/>
  <testcase classname="healthApp.HealthAddVital" name="proceedButton" time="5.349"/>
  <testcase classname="healthApp.HealthAddVital" name="OTP" time="15.785"/>
  <testcase classname="healthApp.HealthAddVital" name="Verify" time="10.325"/>
  <testcase classname="healthApp.HealthAddVital" name="SelectFamilyMember" time="6.116"/>
  <testcase classname="healthApp.HealthAddVital" name="AddButton" time="5.661"/>
  <testcase classname="healthApp.HealthAddVital" name="AllVisits" time="5.920"/>
  <testcase classname="healthApp.HealthAddVital" name="AddVitalsClick" time="5.467"/>
  <testcase classname="healthApp.HealthAddVital" name="AddVitals" time="40.381"/>
  <testcase classname="healthApp.HealthAddVital" name="LipidProfile" time="22.434"/>
</testsuite> <!-- healthApp.HealthAddVital -->
