<?xml version="1.0" encoding="UTF-8"?>
<!-- Generated by org.testng.reporters.JUnitReportReporter -->
<testsuite hostname="DESKTOP-VQLLA2K" failures="0" tests="3" name="webAuto.AddfavouriteMedicine" time="34.538" errors="0" timestamp="2023-08-24T16:08:27 IST" skipped="0">
  <testcase classname="webAuto.AddfavouriteMedicine" name="numberField" time="0.852"/>
  <testcase classname="webAuto.AddfavouriteMedicine" name="sendOTP" time="12.101"/>
  <testcase classname="webAuto.AddfavouriteMedicine" name="verifyButton" time="21.585"/>
</testsuite> <!-- webAuto.AddfavouriteMedicine -->
