<?xml version="1.0" encoding="UTF-8"?>
<!-- Generated by org.testng.reporters.JUnitReportReporter -->
<testsuite hostname="DESKTOP-VQLLA2K" failures="0" tests="175" name="pivotalApplication.PivoFin1" time="949.723" errors="1" timestamp="2023-10-31T11:33:33 IST" skipped="0">
  <testcase classname="pivotalApplication.PivoFin1" name="NumberField" time="0.902"/>
  <testcase classname="pivotalApplication.PivoFin1" name="IAgree" time="2.128"/>
  <testcase classname="pivotalApplication.PivoFin1" name="proceedButton" time="2.411"/>
  <testcase classname="pivotalApplication.PivoFin1" name="OTP" time="10.894"/>
  <testcase classname="pivotalApplication.PivoFin1" name="submit" time="7.955"/>
  <testcase classname="pivotalApplication.PivoFin1" name="Createptient" time="4.455"/>
  <testcase classname="pivotalApplication.PivoFin1" name="Neweptient" time="12.332"/>
  <testcase classname="pivotalApplication.PivoFin1" name="Close" time="5.231"/>
  <testcase classname="pivotalApplication.PivoFin1" name="MobileNumber1" time="2.561"/>
  <testcase classname="pivotalApplication.PivoFin1" name="confirm" time="4.565"/>
  <testcase classname="pivotalApplication.PivoFin1" name="confirmPopup" time="4.589"/>
  <testcase classname="pivotalApplication.PivoFin1" name="AdditionalNumber1" time="3.350"/>
  <testcase classname="pivotalApplication.PivoFin1" name="FirstName" time="5.366"/>
  <testcase classname="pivotalApplication.PivoFin1" name="MiddleName" time="5.028"/>
  <testcase classname="pivotalApplication.PivoFin1" name="LastName" time="5.055"/>
  <testcase classname="pivotalApplication.PivoFin1" name="BirthCalender" time="5.212"/>
  <testcase classname="pivotalApplication.PivoFin1" name="Birthok" time="4.363"/>
  <testcase classname="pivotalApplication.PivoFin1" name="GenFemale" time="4.973"/>
  <testcase classname="pivotalApplication.PivoFin1" name="Address" time="2.495"/>
  <testcase classname="pivotalApplication.PivoFin1" name="Area" time="2.461"/>
  <testcase classname="pivotalApplication.PivoFin1" name="City" time="2.435"/>
  <testcase classname="pivotalApplication.PivoFin1" name="PinCode" time="2.457"/>
  <testcase classname="pivotalApplication.PivoFin1" name="Next" time="15.439"/>
  <testcase classname="pivotalApplication.PivoFin1" name="ContinueProfile" time="10.372"/>
  <testcase classname="pivotalApplication.PivoFin1" name="TypeOfDelivery" time="2.433"/>
  <testcase classname="pivotalApplication.PivoFin1" name="TypeOfDeliveryNormal" time="2.250"/>
  <testcase classname="pivotalApplication.PivoFin1" name="weightl" time="2.414"/>
  <testcase classname="pivotalApplication.PivoFin1" name="Heightl" time="2.355"/>
  <testcase classname="pivotalApplication.PivoFin1" name="HC" time="2.381"/>
  <testcase classname="pivotalApplication.PivoFin1" name="CC" time="2.365"/>
  <testcase classname="pivotalApplication.PivoFin1" name="BPSYS" time="2.396"/>
  <testcase classname="pivotalApplication.PivoFin1" name="BPDia" time="2.365"/>
  <testcase classname="pivotalApplication.PivoFin1" name="BloodGroup" time="2.465"/>
  <testcase classname="pivotalApplication.PivoFin1" name="BloodGroupA" time="2.240"/>
  <testcase classname="pivotalApplication.PivoFin1" name="BirthHistoryNext" time="7.479"/>
  <testcase classname="pivotalApplication.PivoFin1" name="MedicalConditionAdd" time="3.868"/>
  <testcase classname="pivotalApplication.PivoFin1" name="MedicalConditionSelect" time="3.603"/>
  <testcase classname="pivotalApplication.PivoFin1" name="AddMedicalCondition" time="2.385"/>
  <testcase classname="pivotalApplication.PivoFin1" name="Allergies" time="2.347"/>
  <testcase classname="pivotalApplication.PivoFin1" name="Reactions" time="2.364"/>
  <testcase classname="pivotalApplication.PivoFin1" name="RecurringComplaints" time="2.845"/>
  <testcase classname="pivotalApplication.PivoFin1" name="HospitalizationHistory" time="2.362"/>
  <testcase classname="pivotalApplication.PivoFin1" name="HealthHistory" time="2.849"/>
  <testcase classname="pivotalApplication.PivoFin1" name="GeneticdisoredrAdd" time="2.337"/>
  <testcase classname="pivotalApplication.PivoFin1" name="GeneticdisoredrSelect" time="12.990"/>
  <testcase classname="pivotalApplication.PivoFin1" name="AddGeneticdisoredr" time="2.536"/>
  <testcase classname="pivotalApplication.PivoFin1" name="OtherEmailId" time="2.373"/>
  <testcase classname="pivotalApplication.PivoFin1" name="helathNext" time="2.399"/>
  <testcase classname="pivotalApplication.PivoFin1" name="FathersName" time="3.333"/>
  <testcase classname="pivotalApplication.PivoFin1" name="MothersName" time="2.820"/>
  <testcase classname="pivotalApplication.PivoFin1" name="Fatherheight" time="7.144"/>
  <testcase classname="pivotalApplication.PivoFin1" name="Mothersheight" time="5.068"/>
  <testcase classname="pivotalApplication.PivoFin1" name="FamailyMedicalHistory" time="8.684"/>
  <testcase classname="pivotalApplication.PivoFin1" name="EnterDisorders" time="14.393"/>
  <testcase classname="pivotalApplication.PivoFin1" name="AddVital" time="5.306"/>
  <testcase classname="pivotalApplication.PivoFin1" name="weight" time="0.333"/>
  <testcase classname="pivotalApplication.PivoFin1" name="Height" time="6.015"/>
  <testcase classname="pivotalApplication.PivoFin1" name="HC1" time="5.316"/>
  <testcase classname="pivotalApplication.PivoFin1" name="CC1" time="5.328"/>
  <testcase classname="pivotalApplication.PivoFin1" name="Temperature" time="6.123"/>
  <testcase classname="pivotalApplication.PivoFin1" name="SPO2" time="11.206"/>
  <testcase classname="pivotalApplication.PivoFin1" name="UpArrow" time="10.930"/>
  <testcase classname="pivotalApplication.PivoFin1" name="BPSYS1" time="5.319"/>
  <testcase classname="pivotalApplication.PivoFin1" name="BPDIA" time="5.801"/>
  <testcase classname="pivotalApplication.PivoFin1" name="HeartRate" time="6.762"/>
  <testcase classname="pivotalApplication.PivoFin1" name="Pulse" time="10.907"/>
  <testcase classname="pivotalApplication.PivoFin1" name="BloodSugar" time="10.821"/>
  <testcase classname="pivotalApplication.PivoFin1" name="BloodSugarf" time="5.788"/>
  <testcase classname="pivotalApplication.PivoFin1" name="BloodSugarPP" time="5.824"/>
  <testcase classname="pivotalApplication.PivoFin1" name="BloodSugarHB" time="15.950"/>
  <testcase classname="pivotalApplication.PivoFin1" name="CholesterolHDL" time="5.746"/>
  <testcase classname="pivotalApplication.PivoFin1" name="CholesterolLDL" time="5.272"/>
  <testcase classname="pivotalApplication.PivoFin1" name="TotalCholesterol" time="5.271"/>
  <testcase classname="pivotalApplication.PivoFin1" name="Triglycerides" time="5.289"/>
  <testcase classname="pivotalApplication.PivoFin1" name="Save" time="5.415"/>
  <testcase classname="pivotalApplication.PivoFin1" name="Appointment" time="21.047"/>
  <testcase classname="pivotalApplication.PivoFin1" name="SlotTime" time="10.270"/>
  <testcase classname="pivotalApplication.PivoFin1" name="Time" time="2.344"/>
  <testcase classname="pivotalApplication.PivoFin1" name="SlotBook" time="2.222"/>
  <testcase classname="pivotalApplication.PivoFin1" name="VideoCheckBox" time="2.275"/>
  <testcase classname="pivotalApplication.PivoFin1" name="Book" time="7.404"/>
  <testcase classname="pivotalApplication.PivoFin1" name="AppointmentBookedPopup" time="12.828"/>
  <testcase classname="pivotalApplication.PivoFin1" name="ClickPatient" time="2.314"/>
  <testcase classname="pivotalApplication.PivoFin1" name="prescription" time="3.287"/>
  <testcase classname="pivotalApplication.PivoFin1" name="ComplaintAndDiagnosis" time="2.437"/>
  <testcase classname="pivotalApplication.PivoFin1" name="AddChiefComplaints" time="2.377"/>
  <testcase classname="pivotalApplication.PivoFin1" name="Fever" time="3.232"/>
  <testcase classname="pivotalApplication.PivoFin1" name="Details" time="2.475"/>
  <testcase classname="pivotalApplication.PivoFin1" name="mild" time="2.369"/>
  <testcase classname="pivotalApplication.PivoFin1" name="moreSymptoms" time="2.385"/>
  <testcase classname="pivotalApplication.PivoFin1" name="Since2Days" time="2.291"/>
  <testcase classname="pivotalApplication.PivoFin1" name="AddComplaint" time="2.299"/>
  <testcase classname="pivotalApplication.PivoFin1" name="AddWorkingDiagnosis" time="2.350"/>
  <testcase classname="pivotalApplication.PivoFin1" name="AcuteUrti" time="5.432"/>
  <testcase classname="pivotalApplication.PivoFin1" name="AddDiagnosis" time="2.447"/>
  <testcase classname="pivotalApplication.PivoFin1" name="Medicine" time="2.412"/>
  <testcase classname="pivotalApplication.PivoFin1" name="TapToAddMedicine" time="2.334"/>
  <testcase classname="pivotalApplication.PivoFin1" name="SearchMedDolo" time="7.693"/>
  <testcase classname="pivotalApplication.PivoFin1" name="AddToPrescription" time="3.907"/>
  <testcase classname="pivotalApplication.PivoFin1" name="ClickFavourite" time="4.368"/>
  <testcase classname="pivotalApplication.PivoFin1" name="ClickFavoutiteDropdown" time="2.608"/>
  <testcase classname="pivotalApplication.PivoFin1" name="ClickFavoutiteMedDrp" time="2.502"/>
  <testcase classname="pivotalApplication.PivoFin1" name="ClickFavoutiteMedicine" time="2.718"/>
  <testcase classname="pivotalApplication.PivoFin1" name="CopyMedicine" time="2.379"/>
  <testcase classname="pivotalApplication.PivoFin1" name="popularClick" time="2.435"/>
  <testcase classname="pivotalApplication.PivoFin1" name="popularMedicineClick" time="4.027"/>
  <testcase classname="pivotalApplication.PivoFin1" name="popularCopyMedicine" time="2.834"/>
  <testcase classname="pivotalApplication.PivoFin1" name="DietAndNutrition" time="2.402"/>
  <testcase classname="pivotalApplication.PivoFin1" name="DietAndNutritionAdd" time="2.319"/>
  <testcase classname="pivotalApplication.PivoFin1" name="DietAdvice" time="2.447"/>
  <testcase classname="pivotalApplication.PivoFin1" name="AddDietAdvice" time="2.462"/>
  <testcase classname="pivotalApplication.PivoFin1" name="GeneralInstructions" time="3.895"/>
  <testcase classname="pivotalApplication.PivoFin1" name="GeneralInstructionsAdd" time="2.342"/>
  <testcase classname="pivotalApplication.PivoFin1" name="InstructionsAdd" time="2.445"/>
  <testcase classname="pivotalApplication.PivoFin1" name="Instructions" time="2.348"/>
  <testcase classname="pivotalApplication.PivoFin1" name="NextFollowup" time="4.380"/>
  <testcase classname="pivotalApplication.PivoFin1" name="NextFollowupCln7der" time="2.302"/>
  <testcase classname="pivotalApplication.PivoFin1" name="NextOk" time="2.286"/>
  <testcase classname="pivotalApplication.PivoFin1" name="NextVistTab" time="5.766"/>
  <testcase classname="pivotalApplication.PivoFin1" name="PreviewPrescription" time="2.384"/>
  <testcase classname="pivotalApplication.PivoFin1" name="SaveAndShare" time="10.200"/>
  <testcase classname="pivotalApplication.PivoFin1" name="DownloadBack" time="20.883"/>
  <testcase classname="pivotalApplication.PivoFin1" name="ImmunizationClick" time="2.521"/>
  <testcase classname="pivotalApplication.PivoFin1" name="AtBirth" time="3.445"/>
  <testcase classname="pivotalApplication.PivoFin1" name="AddVaccine" time="2.526"/>
  <testcase classname="pivotalApplication.PivoFin1" name="SelectBrand" time="2.680"/>
  <testcase classname="pivotalApplication.PivoFin1" name="SelectDate" time="8.308"/>
  <testcase classname="pivotalApplication.PivoFin1" name="VaccineLabel" time="30.911"/>
  <testcase classname="pivotalApplication.PivoFin1" name="BulkUpdate" time="17.932"/>
  <testcase classname="pivotalApplication.PivoFin1" name="PCV" time="4.521"/>
  <testcase classname="pivotalApplication.PivoFin1" name="IPV" time="4.637"/>
  <testcase classname="pivotalApplication.PivoFin1" name="Rotavirus" time="4.456"/>
  <testcase classname="pivotalApplication.PivoFin1" name="AddToSchedule" time="4.506"/>
  <testcase classname="pivotalApplication.PivoFin1" name="BulkUpdate1" time="14.575"/>
  <testcase classname="pivotalApplication.PivoFin1" name="TransScript" time="6.136"/>
  <testcase classname="pivotalApplication.PivoFin1" name="CreatedBy" time="15.381"/>
  <testcase classname="pivotalApplication.PivoFin1" name="DocumentOn" time="7.278"/>
  <testcase classname="pivotalApplication.PivoFin1" name="popoupOk" time="4.344"/>
  <testcase classname="pivotalApplication.PivoFin1" name="Gallaries" time="2.301"/>
  <testcase classname="pivotalApplication.PivoFin1" name="GallariesPhoto" time="10.385"/>
  <testcase classname="pivotalApplication.PivoFin1" name="Upload" time="7.316"/>
  <testcase classname="pivotalApplication.PivoFin1" name="UploadOk" time="7.206"/>
  <testcase classname="pivotalApplication.PivoFin1" name="TransScript1" time="61.528"/>
  <testcase classname="pivotalApplication.PivoFin1" name="ImmunizationGovClick" time="2.556"/>
  <testcase classname="pivotalApplication.PivoFin1" name="BulkCancel" time="5.842">
    <error message="An element could not be located on the page using the given search parameters.
For documentation on this error, please visit: https://selenium.dev/exceptions/#no_such_element
Build info: version: &#039;4.9.1&#039;, revision: &#039;eb2032df7f&#039;
System info: os.name: &#039;Windows 10&#039;, os.arch: &#039;amd64&#039;, os.version: &#039;10.0&#039;, java.version: &#039;17.0.5&#039;
Driver info: io.appium.java_client.AppiumDriver
Command: [273bda7f-8e3a-4031-96e4-137a74b91a3d, findElement {using=xpath, value=//*[@text=&#039;Cancel&#039;]}]
Capabilities {appium:app: D:\pivotalapp-20-june.apk, appium:appActivity: com.calculator_apps.MainAct..., appium:appPackage: com.calculator_apps, appium:automationName: UiAutomator2, appium:databaseEnabled: false, appium:desired: {app: D:\pivotalapp-20-june.apk, appActivity: com.calculator_apps.MainAct..., appPackage: com.calculator_apps, automationName: UiAutomator2, deviceName: samsung, platformName: ANDROID, platformVersion: 10}, appium:deviceApiLevel: 29, appium:deviceManufacturer: samsung, appium:deviceModel: SM-A305F, appium:deviceName: RZ8M5181Y3M, appium:deviceScreenDensity: 420, appium:deviceScreenSize: 1080x2340, appium:deviceUDID: RZ8M5181Y3M, appium:javascriptEnabled: true, appium:locationContextEnabled: false, appium:networkConnectionEnabled: true, appium:pixelRatio: 2.625, appium:platformVersion: 10, appium:statBarHeight: 83, appium:takesScreenshot: true, appium:viewportRect: {height: 2048, left: 0, top: 83, width: 1080}, appium:warnings: {}, appium:webStorageEnabled: false, platformName: ANDROID}
Session ID: 273bda7f-8e3a-4031-96e4-137a74b91a3d" type="org.openqa.selenium.NoSuchElementException">
      <![CDATA[org.openqa.selenium.NoSuchElementException: An element could not be located on the page using the given search parameters.
For documentation on this error, please visit: https://selenium.dev/exceptions/#no_such_element
Build info: version: '4.9.1', revision: 'eb2032df7f'
System info: os.name: 'Windows 10', os.arch: 'amd64', os.version: '10.0', java.version: '17.0.5'
Driver info: io.appium.java_client.AppiumDriver
Command: [273bda7f-8e3a-4031-96e4-137a74b91a3d, findElement {using=xpath, value=//*[@text='Cancel']}]
Capabilities {appium:app: D:\pivotalapp-20-june.apk, appium:appActivity: com.calculator_apps.MainAct..., appium:appPackage: com.calculator_apps, appium:automationName: UiAutomator2, appium:databaseEnabled: false, appium:desired: {app: D:\pivotalapp-20-june.apk, appActivity: com.calculator_apps.MainAct..., appPackage: com.calculator_apps, automationName: UiAutomator2, deviceName: samsung, platformName: ANDROID, platformVersion: 10}, appium:deviceApiLevel: 29, appium:deviceManufacturer: samsung, appium:deviceModel: SM-A305F, appium:deviceName: RZ8M5181Y3M, appium:deviceScreenDensity: 420, appium:deviceScreenSize: 1080x2340, appium:deviceUDID: RZ8M5181Y3M, appium:javascriptEnabled: true, appium:locationContextEnabled: false, appium:networkConnectionEnabled: true, appium:pixelRatio: 2.625, appium:platformVersion: 10, appium:statBarHeight: 83, appium:takesScreenshot: true, appium:viewportRect: {height: 2048, left: 0, top: 83, width: 1080}, appium:warnings: {}, appium:webStorageEnabled: false, platformName: ANDROID}
Session ID: 273bda7f-8e3a-4031-96e4-137a74b91a3d
at java.base/jdk.internal.reflect.NativeConstructorAccessorImpl.newInstance0(Native Method)
at java.base/jdk.internal.reflect.NativeConstructorAccessorImpl.newInstance(NativeConstructorAccessorImpl.java:77)
at java.base/jdk.internal.reflect.DelegatingConstructorAccessorImpl.newInstance(DelegatingConstructorAccessorImpl.java:45)
at java.base/java.lang.reflect.Constructor.newInstanceWithCaller(Constructor.java:499)
at java.base/java.lang.reflect.Constructor.newInstance(Constructor.java:480)
at org.openqa.selenium.remote.codec.w3c.W3CHttpResponseCodec.createException(W3CHttpResponseCodec.java:200)
at org.openqa.selenium.remote.codec.w3c.W3CHttpResponseCodec.decode(W3CHttpResponseCodec.java:133)
at org.openqa.selenium.remote.codec.w3c.W3CHttpResponseCodec.decode(W3CHttpResponseCodec.java:53)
at org.openqa.selenium.remote.HttpCommandExecutor.execute(HttpCommandExecutor.java:193)
at io.appium.java_client.remote.AppiumCommandExecutor.execute(AppiumCommandExecutor.java:262)
at org.openqa.selenium.remote.RemoteWebDriver.execute(RemoteWebDriver.java:543)
at org.openqa.selenium.remote.ElementLocation$ElementFinder$2.findElement(ElementLocation.java:162)
at org.openqa.selenium.remote.ElementLocation.findElement(ElementLocation.java:60)
at org.openqa.selenium.remote.RemoteWebDriver.findElement(RemoteWebDriver.java:352)
at org.openqa.selenium.remote.RemoteWebDriver.findElement(RemoteWebDriver.java:344)
at pivotalApplication.PivoFin1.BulkCancel(PivoFin1.java:1619)
at java.base/jdk.internal.reflect.NativeMethodAccessorImpl.invoke0(Native Method)
at java.base/jdk.internal.reflect.NativeMethodAccessorImpl.invoke(NativeMethodAccessorImpl.java:77)
at java.base/jdk.internal.reflect.DelegatingMethodAccessorImpl.invoke(DelegatingMethodAccessorImpl.java:43)
at java.base/java.lang.reflect.Method.invoke(Method.java:568)
at org.testng.internal.invokers.MethodInvocationHelper.invokeMethod(MethodInvocationHelper.java:139)
at org.testng.internal.invokers.TestInvoker.invokeMethod(TestInvoker.java:664)
at org.testng.internal.invokers.TestInvoker.invokeTestMethod(TestInvoker.java:227)
at org.testng.internal.invokers.MethodRunner.runInSequence(MethodRunner.java:50)
at org.testng.internal.invokers.TestInvoker$MethodInvocationAgent.invoke(TestInvoker.java:957)
at org.testng.internal.invokers.TestInvoker.invokeTestMethods(TestInvoker.java:200)
at org.testng.internal.invokers.TestMethodWorker.invokeTestMethods(TestMethodWorker.java:148)
at org.testng.internal.invokers.TestMethodWorker.run(TestMethodWorker.java:128)
at java.base/java.util.ArrayList.forEach(ArrayList.java:1511)
at org.testng.TestRunner.privateRun(TestRunner.java:848)
at org.testng.TestRunner.run(TestRunner.java:621)
at org.testng.SuiteRunner.runTest(SuiteRunner.java:443)
at org.testng.SuiteRunner.runSequentially(SuiteRunner.java:437)
at org.testng.SuiteRunner.privateRun(SuiteRunner.java:397)
at org.testng.SuiteRunner.run(SuiteRunner.java:336)
at org.testng.SuiteRunnerWorker.runSuite(SuiteRunnerWorker.java:52)
at org.testng.SuiteRunnerWorker.run(SuiteRunnerWorker.java:95)
at org.testng.TestNG.runSuitesSequentially(TestNG.java:1280)
at org.testng.TestNG.runSuitesLocally(TestNG.java:1200)
at org.testng.TestNG.runSuites(TestNG.java:1114)
at org.testng.TestNG.run(TestNG.java:1082)
at org.testng.remote.AbstractRemoteTestNG.run(AbstractRemoteTestNG.java:115)
at org.testng.remote.RemoteTestNG.initAndRun(RemoteTestNG.java:251)
at org.testng.remote.RemoteTestNG.main(RemoteTestNG.java:77)
]]>
    </error>
  </testcase> <!-- BulkCancel -->
  <testcase classname="pivotalApplication.PivoFin1" name="opvO" time="2.904"/>
  <testcase classname="pivotalApplication.PivoFin1" name="SaveVaccine" time="2.300"/>
  <testcase classname="pivotalApplication.PivoFin1" name="IPV1" time="3.553"/>
  <testcase classname="pivotalApplication.PivoFin1" name="SaveVaccine1" time="2.250"/>
  <testcase classname="pivotalApplication.PivoFin1" name="HepB" time="3.945"/>
  <testcase classname="pivotalApplication.PivoFin1" name="SaveVaccine2" time="2.243"/>
  <testcase classname="pivotalApplication.PivoFin1" name="Transscript" time="3.498"/>
  <testcase classname="pivotalApplication.PivoFin1" name="CreatedBy2" time="2.340"/>
  <testcase classname="pivotalApplication.PivoFin1" name="DocumentOn2" time="2.253"/>
  <testcase classname="pivotalApplication.PivoFin1" name="popUpOk" time="2.265"/>
  <testcase classname="pivotalApplication.PivoFin1" name="Camera" time="14.049"/>
  <testcase classname="pivotalApplication.PivoFin1" name="UploadCam" time="2.443"/>
  <testcase classname="pivotalApplication.PivoFin1" name="UploadCamOk" time="2.367"/>
  <testcase classname="pivotalApplication.PivoFin1" name="Transscript1" time="2.848"/>
  <testcase classname="pivotalApplication.PivoFin1" name="CreatedBy1" time="2.926"/>
  <testcase classname="pivotalApplication.PivoFin1" name="DocumentOn1" time="2.246"/>
  <testcase classname="pivotalApplication.PivoFin1" name="popUpOk1" time="2.361"/>
  <testcase classname="pivotalApplication.PivoFin1" name="Gallery" time="2.297"/>
  <testcase classname="pivotalApplication.PivoFin1" name="photo" time="10.299"/>
  <testcase classname="pivotalApplication.PivoFin1" name="Upload1" time="2.276"/>
  <testcase classname="pivotalApplication.PivoFin1" name="UploadOk1" time="8.682"/>
  <testcase classname="pivotalApplication.PivoFin1" name="ImmunizationClick1" time="2.560"/>
  <testcase classname="pivotalApplication.PivoFin1" name="Records" time="5.472"/>
  <testcase classname="pivotalApplication.PivoFin1" name="Certificates" time="5.453"/>
  <testcase classname="pivotalApplication.PivoFin1" name="SelectVaciines" time="5.270"/>
  <testcase classname="pivotalApplication.PivoFin1" name="Proceed" time="5.565"/>
  <testcase classname="pivotalApplication.PivoFin1" name="SpecialityDropdown" time="5.277"/>
  <testcase classname="pivotalApplication.PivoFin1" name="DefaultV3" time="5.221"/>
  <testcase classname="pivotalApplication.PivoFin1" name="Preview" time="5.294"/>
  <testcase classname="pivotalApplication.PivoFin1" name="Print" time="5.218"/>
</testsuite> <!-- pivotalApplication.PivoFin1 -->
