<?xml version="1.0" encoding="UTF-8"?>
<!-- Generated by org.testng.reporters.JUnitReportReporter -->
<testsuite hostname="DESKTOP-VQLLA2K" failures="0" tests="7" name="pivotalApplication.PivotalLogIn" time="33.088" errors="0" timestamp="2023-07-28T10:28:10 IST" skipped="0">
  <testcase classname="pivotalApplication.PivotalLogIn" name="NumberField" time="1.419"/>
  <system-out/>
  <testcase classname="pivotalApplication.PivotalLogIn" name="IAgree" time="2.195"/>
  <system-out/>
  <testcase classname="pivotalApplication.PivotalLogIn" name="proceedButton" time="2.460"/>
  <system-out/>
  <testcase classname="pivotalApplication.PivotalLogIn" name="OTP" time="10.904"/>
  <system-out/>
  <testcase classname="pivotalApplication.PivotalLogIn" name="submit" time="2.889"/>
  <system-out/>
  <testcase classname="pivotalApplication.PivotalLogIn" name="Search" time="8.707"/>
  <system-out/>
  <testcase classname="pivotalApplication.PivotalLogIn" name="close" time="4.514"/>
  <system-out/>
</testsuite> <!-- pivotalApplication.PivotalLogIn -->
