<?xml version="1.0" encoding="UTF-8"?>
<!-- Generated by org.testng.reporters.JUnitReportReporter -->
<testsuite hostname="DESKTOP-VQLLA2K" failures="0" tests="7" name="webAutoQueue.ImmunizationCertificateQ" time="82.380" errors="0" timestamp="2023-06-21T14:19:04 IST" skipped="0">
  <testcase classname="webAutoQueue.ImmunizationCertificateQ" name="numberField" time="0.289"/>
  <system-out/>
  <testcase classname="webAutoQueue.ImmunizationCertificateQ" name="sendOTP" time="9.395"/>
  <system-out/>
  <testcase classname="webAutoQueue.ImmunizationCertificateQ" name="verifyButton" time="10.158"/>
  <system-out/>
  <testcase classname="webAutoQueue.ImmunizationCertificateQ" name="searchBar" time="23.230"/>
  <system-out/>
  <testcase classname="webAutoQueue.ImmunizationCertificateQ" name="searchOpt" time="3.174"/>
  <system-out/>
  <testcase classname="webAutoQueue.ImmunizationCertificateQ" name="clickPatient" time="10.440"/>
  <system-out/>
  <testcase classname="webAutoQueue.ImmunizationCertificateQ" name="HealthProfile" time="25.694"/>
  <system-out/>
</testsuite> <!-- webAutoQueue.ImmunizationCertificateQ -->
