<?xml version="1.0" encoding="UTF-8"?>
<!-- Generated by org.testng.reporters.JUnitReportReporter -->
<testsuite hostname="DESKTOP-VQLLA2K" failures="0" tests="9" name="healthApp.HealthImmunization" time="101.315" errors="0" timestamp="2023-09-15T16:23:34 IST" skipped="0">
  <testcase classname="healthApp.HealthImmunization" name="NumberField" time="12.250"/>
  <testcase classname="healthApp.HealthImmunization" name="IAgree" time="2.177"/>
  <testcase classname="healthApp.HealthImmunization" name="proceedButton" time="5.330"/>
  <testcase classname="healthApp.HealthImmunization" name="OTP" time="15.785"/>
  <testcase classname="healthApp.HealthImmunization" name="Verify" time="2.526"/>
  <testcase classname="healthApp.HealthImmunization" name="SelectFamilyMember" time="10.964"/>
  <testcase classname="healthApp.HealthImmunization" name="Immunization" time="5.684"/>
  <testcase classname="healthApp.HealthImmunization" name="Birth" time="37.513"/>
  <testcase classname="healthApp.HealthImmunization" name="PopUpOk" time="9.086"/>
</testsuite> <!-- healthApp.HealthImmunization -->
