<?xml version="1.0" encoding="UTF-8"?>
<!-- Generated by org.testng.reporters.JUnitReportReporter -->
<testsuite hostname="DESKTOP-VQLLA2K" failures="0" tests="95" name="pivotalApplication.PivoFin2" time="743.385" errors="0" timestamp="2023-09-18T13:20:36 IST" skipped="0">
  <testcase classname="pivotalApplication.PivoFin2" name="NumberField" time="1.400"/>
  <testcase classname="pivotalApplication.PivoFin2" name="IAgree" time="2.171"/>
  <testcase classname="pivotalApplication.PivoFin2" name="proceedButton" time="5.447"/>
  <testcase classname="pivotalApplication.PivoFin2" name="OTP" time="10.388"/>
  <testcase classname="pivotalApplication.PivoFin2" name="submit" time="3.643"/>
  <testcase classname="pivotalApplication.PivoFin2" name="Search" time="10.235"/>
  <testcase classname="pivotalApplication.PivoFin2" name="close" time="4.519"/>
  <testcase classname="pivotalApplication.PivoFin2" name="ClickPatient" time="2.407"/>
  <testcase classname="pivotalApplication.PivoFin2" name="InvestigationClick" time="3.106"/>
  <testcase classname="pivotalApplication.PivoFin2" name="NewRequisition" time="2.399"/>
  <testcase classname="pivotalApplication.PivoFin2" name="Covid19" time="6.151"/>
  <testcase classname="pivotalApplication.PivoFin2" name="packages" time="2.771"/>
  <testcase classname="pivotalApplication.PivoFin2" name="Feverpanel" time="2.517"/>
  <testcase classname="pivotalApplication.PivoFin2" name="SelectTests" time="2.549"/>
  <testcase classname="pivotalApplication.PivoFin2" name="CreateRquisition" time="2.421"/>
  <testcase classname="pivotalApplication.PivoFin2" name="RquisitionDownloadclose" time="3.031"/>
  <testcase classname="pivotalApplication.PivoFin2" name="ReportClick" time="2.429"/>
  <testcase classname="pivotalApplication.PivoFin2" name="UploadReport" time="2.579"/>
  <testcase classname="pivotalApplication.PivoFin2" name="CreatedBy2" time="2.810"/>
  <testcase classname="pivotalApplication.PivoFin2" name="DocumentOn2" time="2.335"/>
  <testcase classname="pivotalApplication.PivoFin2" name="popUpOk2" time="2.335"/>
  <testcase classname="pivotalApplication.PivoFin2" name="Camera2" time="18.887"/>
  <testcase classname="pivotalApplication.PivoFin2" name="UploadCam2" time="2.362"/>
  <testcase classname="pivotalApplication.PivoFin2" name="UploadCamOk2" time="2.269"/>
  <testcase classname="pivotalApplication.PivoFin2" name="Transscript1" time="5.279"/>
  <testcase classname="pivotalApplication.PivoFin2" name="CreatedBy3" time="2.832"/>
  <testcase classname="pivotalApplication.PivoFin2" name="DocumentOn3" time="2.293"/>
  <testcase classname="pivotalApplication.PivoFin2" name="popUpOk3" time="2.366"/>
  <testcase classname="pivotalApplication.PivoFin2" name="Gallery3" time="2.299"/>
  <testcase classname="pivotalApplication.PivoFin2" name="photo3" time="10.373"/>
  <testcase classname="pivotalApplication.PivoFin2" name="Upload3" time="2.293"/>
  <testcase classname="pivotalApplication.PivoFin2" name="UploadOk3" time="8.086"/>
  <testcase classname="pivotalApplication.PivoFin2" name="RffralCreation" time="2.627"/>
  <testcase classname="pivotalApplication.PivoFin2" name="DrName" time="2.854"/>
  <testcase classname="pivotalApplication.PivoFin2" name="DrEmail" time="2.341"/>
  <testcase classname="pivotalApplication.PivoFin2" name="DrMobNumber" time="2.815"/>
  <testcase classname="pivotalApplication.PivoFin2" name="HealthCondition" time="2.798"/>
  <testcase classname="pivotalApplication.PivoFin2" name="Duration" time="2.785"/>
  <testcase classname="pivotalApplication.PivoFin2" name="Speciality" time="7.554"/>
  <testcase classname="pivotalApplication.PivoFin2" name="preview" time="2.339"/>
  <testcase classname="pivotalApplication.PivoFin2" name="Save" time="5.219"/>
  <testcase classname="pivotalApplication.PivoFin2" name="UploadDocuments" time="40.620"/>
  <testcase classname="pivotalApplication.PivoFin2" name="DocumentsDropDown" time="5.288"/>
  <testcase classname="pivotalApplication.PivoFin2" name="DischargeSummary" time="2.401"/>
  <testcase classname="pivotalApplication.PivoFin2" name="CreatedBy" time="2.349"/>
  <testcase classname="pivotalApplication.PivoFin2" name="DocumentOn" time="2.203"/>
  <testcase classname="pivotalApplication.PivoFin2" name="popUpOk" time="2.255"/>
  <testcase classname="pivotalApplication.PivoFin2" name="Camera" time="13.703"/>
  <testcase classname="pivotalApplication.PivoFin2" name="UploadCam" time="2.341"/>
  <testcase classname="pivotalApplication.PivoFin2" name="UploadCamOk" time="2.229"/>
  <testcase classname="pivotalApplication.PivoFin2" name="UploadDocuments1" time="2.553"/>
  <testcase classname="pivotalApplication.PivoFin2" name="DocumentsDropDown1" time="5.225"/>
  <testcase classname="pivotalApplication.PivoFin2" name="DischargeSummary1" time="2.280"/>
  <testcase classname="pivotalApplication.PivoFin2" name="CreatedBy1" time="2.806"/>
  <testcase classname="pivotalApplication.PivoFin2" name="DocumentOn1" time="2.260"/>
  <testcase classname="pivotalApplication.PivoFin2" name="popUpOk1" time="2.278"/>
  <testcase classname="pivotalApplication.PivoFin2" name="Gallery" time="2.243"/>
  <testcase classname="pivotalApplication.PivoFin2" name="photo" time="10.307"/>
  <testcase classname="pivotalApplication.PivoFin2" name="Upload" time="2.327"/>
  <testcase classname="pivotalApplication.PivoFin2" name="UploadOk" time="2.760"/>
  <testcase classname="pivotalApplication.PivoFin2" name="SpecialVaccine" time="18.389"/>
  <testcase classname="pivotalApplication.PivoFin2" name="AdministeredDate" time="5.235"/>
  <testcase classname="pivotalApplication.PivoFin2" name="PopUpOk" time="2.301"/>
  <testcase classname="pivotalApplication.PivoFin2" name="VaccineDropdown" time="2.230"/>
  <testcase classname="pivotalApplication.PivoFin2" name="CholeraVaccine" time="2.278"/>
  <testcase classname="pivotalApplication.PivoFin2" name="Submit" time="2.294"/>
  <testcase classname="pivotalApplication.PivoFin2" name="VaccinationOk" time="2.207"/>
  <testcase classname="pivotalApplication.PivoFin2" name="LinkPatient" time="18.182"/>
  <testcase classname="pivotalApplication.PivoFin2" name="DrMobileNumber" time="10.638"/>
  <testcase classname="pivotalApplication.PivoFin2" name="SearchDr" time="17.195"/>
  <testcase classname="pivotalApplication.PivoFin2" name="Link" time="15.215"/>
  <testcase classname="pivotalApplication.PivoFin2" name="Reciept" time="17.724"/>
  <testcase classname="pivotalApplication.PivoFin2" name="AddNewReceipt" time="10.293"/>
  <testcase classname="pivotalApplication.PivoFin2" name="ReceiptNo" time="7.461"/>
  <testcase classname="pivotalApplication.PivoFin2" name="Consultation" time="4.897"/>
  <testcase classname="pivotalApplication.PivoFin2" name="Vaccination" time="4.341"/>
  <testcase classname="pivotalApplication.PivoFin2" name="OtherReasons" time="4.383"/>
  <testcase classname="pivotalApplication.PivoFin2" name="Addmore" time="4.446"/>
  <testcase classname="pivotalApplication.PivoFin2" name="Preview" time="35.494"/>
  <testcase classname="pivotalApplication.PivoFin2" name="PayerName" time="2.241"/>
  <testcase classname="pivotalApplication.PivoFin2" name="CreateReceipt" time="27.040"/>
  <testcase classname="pivotalApplication.PivoFin2" name="Certificate" time="41.001"/>
  <testcase classname="pivotalApplication.PivoFin2" name="CertificateDropdown" time="22.256"/>
  <testcase classname="pivotalApplication.PivoFin2" name="CertificateType" time="22.268"/>
  <testcase classname="pivotalApplication.PivoFin2" name="Speciality1" time="32.328"/>
  <testcase classname="pivotalApplication.PivoFin2" name="SpecialitySelect" time="37.226"/>
  <testcase classname="pivotalApplication.PivoFin2" name="Preview1" time="12.387"/>
  <testcase classname="pivotalApplication.PivoFin2" name="Printclose" time="17.418"/>
  <testcase classname="pivotalApplication.PivoFin2" name="ClickHistory" time="6.900"/>
  <testcase classname="pivotalApplication.PivoFin2" name="ViewDocument" time="2.459"/>
  <testcase classname="pivotalApplication.PivoFin2" name="close1" time="10.170"/>
  <testcase classname="pivotalApplication.PivoFin2" name="ViewReceipts" time="12.674"/>
  <testcase classname="pivotalApplication.PivoFin2" name="close2" time="12.207"/>
  <testcase classname="pivotalApplication.PivoFin2" name="ViewReferal" time="10.658"/>
  <testcase classname="pivotalApplication.PivoFin2" name="close4" time="12.207"/>
</testsuite> <!-- pivotalApplication.PivoFin2 -->
