<?xml version="1.0" encoding="UTF-8"?>
<!-- Generated by org.testng.reporters.JUnitReportReporter -->
<testsuite hostname="DESKTOP-VQLLA2K" failures="0" tests="9" name="healthApp.GrowthRecord" time="70.025" errors="0" timestamp="2023-09-14T16:04:16 IST" skipped="0">
  <testcase classname="healthApp.GrowthRecord" name="NumberField" time="11.325"/>
  <testcase classname="healthApp.GrowthRecord" name="IAgree" time="2.151"/>
  <testcase classname="healthApp.GrowthRecord" name="proceedButton" time="5.308"/>
  <testcase classname="healthApp.GrowthRecord" name="OTP" time="16.153"/>
  <testcase classname="healthApp.GrowthRecord" name="Verify" time="2.989"/>
  <testcase classname="healthApp.GrowthRecord" name="SelectFamilyMember" time="11.176"/>
  <testcase classname="healthApp.GrowthRecord" name="AddButton" time="5.605"/>
  <testcase classname="healthApp.GrowthRecord" name="GrowthRecord1" time="5.781"/>
  <testcase classname="healthApp.GrowthRecord" name="Vital" time="9.537"/>
</testsuite> <!-- healthApp.GrowthRecord -->
