<?xml version="1.0" encoding="UTF-8"?>
<!-- Generated by org.testng.reporters.JUnitReportReporter -->
<testsuite hostname="DESKTOP-VQLLA2K" failures="0" tests="15" name="pivotalApplication.SpecialSituationVaccine" time="73.803" errors="0" timestamp="2023-08-31T11:23:15 IST" skipped="0">
  <testcase classname="pivotalApplication.SpecialSituationVaccine" name="NumberField" time="0.930"/>
  <testcase classname="pivotalApplication.SpecialSituationVaccine" name="IAgree" time="2.187"/>
  <testcase classname="pivotalApplication.SpecialSituationVaccine" name="proceedButton" time="2.459"/>
  <testcase classname="pivotalApplication.SpecialSituationVaccine" name="OTP" time="11.186"/>
  <testcase classname="pivotalApplication.SpecialSituationVaccine" name="submit" time="5.959"/>
  <testcase classname="pivotalApplication.SpecialSituationVaccine" name="Search" time="7.385"/>
  <testcase classname="pivotalApplication.SpecialSituationVaccine" name="close" time="4.477"/>
  <testcase classname="pivotalApplication.SpecialSituationVaccine" name="ClickPatient" time="2.344"/>
  <testcase classname="pivotalApplication.SpecialSituationVaccine" name="SpecialVaccine" time="19.555"/>
  <testcase classname="pivotalApplication.SpecialSituationVaccine" name="AdministeredDate" time="5.294"/>
  <testcase classname="pivotalApplication.SpecialSituationVaccine" name="PopUpOk" time="2.399"/>
  <testcase classname="pivotalApplication.SpecialSituationVaccine" name="VaccineDropdown" time="2.283"/>
  <testcase classname="pivotalApplication.SpecialSituationVaccine" name="CholeraVaccine" time="2.302"/>
  <testcase classname="pivotalApplication.SpecialSituationVaccine" name="Submit" time="2.771"/>
  <testcase classname="pivotalApplication.SpecialSituationVaccine" name="VaccinationOk" time="2.272"/>
</testsuite> <!-- pivotalApplication.SpecialSituationVaccine -->
