<?xml version="1.0" encoding="UTF-8"?>
<!-- Generated by org.testng.reporters.JUnitReportReporter -->
<testsuite hostname="DESKTOP-VQLLA2K" failures="0" tests="11" name="webAutoQueue.MovePatientToEndQ" time="51.284" errors="0" timestamp="2023-06-21T17:43:43 IST" skipped="0">
  <testcase classname="webAutoQueue.MovePatientToEndQ" name="numberField" time="0.633"/>
  <system-out/>
  <testcase classname="webAutoQueue.MovePatientToEndQ" name="sendOTP" time="9.679"/>
  <system-out/>
  <testcase classname="webAutoQueue.MovePatientToEndQ" name="verifyButton" time="10.796"/>
  <system-out/>
  <testcase classname="webAutoQueue.MovePatientToEndQ" name="searchBar" time="7.791"/>
  <system-out/>
  <testcase classname="webAutoQueue.MovePatientToEndQ" name="searchOpt" time="3.303"/>
  <system-out/>
  <testcase classname="webAutoQueue.MovePatientToEndQ" name="Queue" time="3.223"/>
  <system-out/>
  <testcase classname="webAutoQueue.MovePatientToEndQ" name="Join" time="3.185"/>
  <system-out/>
  <testcase classname="webAutoQueue.MovePatientToEndQ" name="JoinOk" time="3.157"/>
  <system-out/>
  <testcase classname="webAutoQueue.MovePatientToEndQ" name="Queue1" time="3.175"/>
  <system-out/>
  <testcase classname="webAutoQueue.MovePatientToEndQ" name="Join1" time="3.200"/>
  <system-out/>
  <testcase classname="webAutoQueue.MovePatientToEndQ" name="JoinOk1" time="3.142"/>
  <system-out/>
</testsuite> <!-- webAutoQueue.MovePatientToEndQ -->
