<?xml version="1.0" encoding="UTF-8"?>
<!-- Generated by org.testng.reporters.JUnitReportReporter -->
<testsuite hostname="DESKTOP-VQLLA2K" failures="0" tests="39" name="webAuto.NewOverView" time="54.040" errors="1" timestamp="2023-08-07T15:40:39 IST" skipped="38">
  <testcase classname="webAuto.NewOverView" name="setUp" time="54.025">
    <error message="disconnected: received Inspector.detached event
  (failed to check if window was closed: disconnected: Unable to receive message from renderer)
  (Session info: chrome=115.0.5790.110)
Build info: version: &#039;4.9.1&#039;, revision: &#039;eb2032df7f&#039;
System info: os.name: &#039;Windows 10&#039;, os.arch: &#039;amd64&#039;, os.version: &#039;10.0&#039;, java.version: &#039;19.0.1&#039;
Driver info: org.openqa.selenium.chrome.ChromeDriver
Command: [fad8c3aa5fe8fb46cc218c8453c80b3a, get {url=https://app.copious.care/}]
Capabilities {acceptInsecureCerts: false, browserName: chrome, browserVersion: 115.0.5790.110, chrome: {chromedriverVersion: 114.0.5735.90 (386bc09e8f4f..., userDataDir: C:\Users\Lenovo\AppData\Loc...}, goog:chromeOptions: {debuggerAddress: localhost:56466}, networkConnectionEnabled: false, pageLoadStrategy: normal, platformName: windows, proxy: Proxy(), se:cdp: ws://localhost:56466/devtoo..., se:cdpVersion: 115.0.5790.110, setWindowRect: true, strictFileInteractability: false, timeouts: {implicit: 0, pageLoad: 300000, script: 30000}, unhandledPromptBehavior: dismiss and notify, webauthn:extension:credBlob: true, webauthn:extension:largeBlob: true, webauthn:extension:minPinLength: true, webauthn:extension:prf: true, webauthn:virtualAuthenticators: true}
Session ID: fad8c3aa5fe8fb46cc218c8453c80b3a" type="org.openqa.selenium.WebDriverException">
      <![CDATA[org.openqa.selenium.WebDriverException: disconnected: received Inspector.detached event
  (failed to check if window was closed: disconnected: Unable to receive message from renderer)
  (Session info: chrome=115.0.5790.110)
Build info: version: '4.9.1', revision: 'eb2032df7f'
System info: os.name: 'Windows 10', os.arch: 'amd64', os.version: '10.0', java.version: '19.0.1'
Driver info: org.openqa.selenium.chrome.ChromeDriver
Command: [fad8c3aa5fe8fb46cc218c8453c80b3a, get {url=https://app.copious.care/}]
Capabilities {acceptInsecureCerts: false, browserName: chrome, browserVersion: 115.0.5790.110, chrome: {chromedriverVersion: 114.0.5735.90 (386bc09e8f4f..., userDataDir: C:\Users\Lenovo\AppData\Loc...}, goog:chromeOptions: {debuggerAddress: localhost:56466}, networkConnectionEnabled: false, pageLoadStrategy: normal, platformName: windows, proxy: Proxy(), se:cdp: ws://localhost:56466/devtoo..., se:cdpVersion: 115.0.5790.110, setWindowRect: true, strictFileInteractability: false, timeouts: {implicit: 0, pageLoad: 300000, script: 30000}, unhandledPromptBehavior: dismiss and notify, webauthn:extension:credBlob: true, webauthn:extension:largeBlob: true, webauthn:extension:minPinLength: true, webauthn:extension:prf: true, webauthn:virtualAuthenticators: true}
Session ID: fad8c3aa5fe8fb46cc218c8453c80b3a
at java.base/jdk.internal.reflect.DirectConstructorHandleAccessor.newInstance(DirectConstructorHandleAccessor.java:67)
at java.base/java.lang.reflect.Constructor.newInstanceWithCaller(Constructor.java:500)
at java.base/java.lang.reflect.Constructor.newInstance(Constructor.java:484)
at org.openqa.selenium.remote.codec.w3c.W3CHttpResponseCodec.createException(W3CHttpResponseCodec.java:200)
at org.openqa.selenium.remote.codec.w3c.W3CHttpResponseCodec.decode(W3CHttpResponseCodec.java:133)
at org.openqa.selenium.remote.codec.w3c.W3CHttpResponseCodec.decode(W3CHttpResponseCodec.java:53)
at org.openqa.selenium.remote.HttpCommandExecutor.execute(HttpCommandExecutor.java:193)
at org.openqa.selenium.remote.service.DriverCommandExecutor.invokeExecute(DriverCommandExecutor.java:183)
at org.openqa.selenium.remote.service.DriverCommandExecutor.execute(DriverCommandExecutor.java:158)
at org.openqa.selenium.remote.RemoteWebDriver.execute(RemoteWebDriver.java:543)
at org.openqa.selenium.remote.RemoteWebDriver.get(RemoteWebDriver.java:297)
at webAuto.NewOverView.setUp(NewOverView.java:449)
at java.base/jdk.internal.reflect.DirectMethodHandleAccessor.invoke(DirectMethodHandleAccessor.java:104)
at java.base/java.lang.reflect.Method.invoke(Method.java:578)
at org.testng.internal.invokers.MethodInvocationHelper.invokeMethod(MethodInvocationHelper.java:139)
at org.testng.internal.invokers.MethodInvocationHelper.invokeMethodConsideringTimeout(MethodInvocationHelper.java:69)
at org.testng.internal.invokers.ConfigInvoker.invokeConfigurationMethod(ConfigInvoker.java:361)
at org.testng.internal.invokers.ConfigInvoker.invokeConfigurations(ConfigInvoker.java:296)
at org.testng.internal.invokers.TestMethodWorker.invokeBeforeClassMethods(TestMethodWorker.java:180)
at org.testng.internal.invokers.TestMethodWorker.run(TestMethodWorker.java:122)
at java.base/java.util.ArrayList.forEach(ArrayList.java:1511)
at org.testng.TestRunner.privateRun(TestRunner.java:829)
at org.testng.TestRunner.run(TestRunner.java:602)
at org.testng.SuiteRunner.runTest(SuiteRunner.java:437)
at org.testng.SuiteRunner.runSequentially(SuiteRunner.java:431)
at org.testng.SuiteRunner.privateRun(SuiteRunner.java:391)
at org.testng.SuiteRunner.run(SuiteRunner.java:330)
at org.testng.SuiteRunnerWorker.runSuite(SuiteRunnerWorker.java:52)
at org.testng.SuiteRunnerWorker.run(SuiteRunnerWorker.java:95)
at org.testng.TestNG.runSuitesSequentially(TestNG.java:1256)
at org.testng.TestNG.runSuitesLocally(TestNG.java:1176)
at org.testng.TestNG.runSuites(TestNG.java:1099)
at org.testng.TestNG.run(TestNG.java:1067)
at org.testng.remote.AbstractRemoteTestNG.run(AbstractRemoteTestNG.java:115)
at org.testng.remote.RemoteTestNG.initAndRun(RemoteTestNG.java:251)
at org.testng.remote.RemoteTestNG.main(RemoteTestNG.java:77)
]]>
    </error>
  </testcase> <!-- setUp -->
  <system-out/>
  <testcase classname="webAuto.NewOverView" name="numberField" time="0.000">
    <skipped/>
  </testcase> <!-- numberField -->
  <system-out/>
  <testcase classname="webAuto.NewOverView" name="sendOTP" time="0.001">
    <skipped/>
  </testcase> <!-- sendOTP -->
  <system-out/>
  <testcase classname="webAuto.NewOverView" name="verifyButton" time="0.000">
    <skipped/>
  </testcase> <!-- verifyButton -->
  <system-out/>
  <testcase classname="webAuto.NewOverView" name="createPatient" time="0.001">
    <skipped/>
  </testcase> <!-- createPatient -->
  <system-out/>
  <testcase classname="webAuto.NewOverView" name="Number1" time="0.000">
    <skipped/>
  </testcase> <!-- Number1 -->
  <system-out/>
  <testcase classname="webAuto.NewOverView" name="confirm" time="0.000">
    <skipped/>
  </testcase> <!-- confirm -->
  <system-out/>
  <testcase classname="webAuto.NewOverView" name="number2" time="0.000">
    <skipped/>
  </testcase> <!-- number2 -->
  <system-out/>
  <testcase classname="webAuto.NewOverView" name="firstName" time="0.000">
    <skipped/>
  </testcase> <!-- firstName -->
  <system-out/>
  <testcase classname="webAuto.NewOverView" name="middleName" time="0.000">
    <skipped/>
  </testcase> <!-- middleName -->
  <system-out/>
  <testcase classname="webAuto.NewOverView" name="lastName" time="0.000">
    <skipped/>
  </testcase> <!-- lastName -->
  <system-out/>
  <testcase classname="webAuto.NewOverView" name="birthDate" time="0.000">
    <skipped/>
  </testcase> <!-- birthDate -->
  <system-out/>
  <testcase classname="webAuto.NewOverView" name="genFemale" time="0.000">
    <skipped/>
  </testcase> <!-- genFemale -->
  <system-out/>
  <testcase classname="webAuto.NewOverView" name="address" time="0.002">
    <skipped/>
  </testcase> <!-- address -->
  <system-out/>
  <testcase classname="webAuto.NewOverView" name="locality" time="0.001">
    <skipped/>
  </testcase> <!-- locality -->
  <system-out/>
  <testcase classname="webAuto.NewOverView" name="city" time="0.000">
    <skipped/>
  </testcase> <!-- city -->
  <system-out/>
  <testcase classname="webAuto.NewOverView" name="pinCode" time="0.000">
    <skipped/>
  </testcase> <!-- pinCode -->
  <system-out/>
  <testcase classname="webAuto.NewOverView" name="nextButton" time="0.000">
    <skipped/>
  </testcase> <!-- nextButton -->
  <system-out/>
  <testcase classname="webAuto.NewOverView" name="clickClose" time="0.000">
    <skipped/>
  </testcase> <!-- clickClose -->
  <system-out/>
  <testcase classname="webAuto.NewOverView" name="fillVitalForm" time="0.000">
    <skipped/>
  </testcase> <!-- fillVitalForm -->
  <system-out/>
  <testcase classname="webAuto.NewOverView" name="fillHealthProfile" time="0.000">
    <skipped/>
  </testcase> <!-- fillHealthProfile -->
  <system-out/>
  <testcase classname="webAuto.NewOverView" name="fillFamilyProfile" time="0.000">
    <skipped/>
  </testcase> <!-- fillFamilyProfile -->
  <system-out/>
  <testcase classname="webAuto.NewOverView" name="GoHome" time="0.001">
    <skipped/>
  </testcase> <!-- GoHome -->
  <system-out/>
  <testcase classname="webAuto.NewOverView" name="searchBar2" time="0.000">
    <skipped/>
  </testcase> <!-- searchBar2 -->
  <system-out/>
  <testcase classname="webAuto.NewOverView" name="AdVitals" time="0.001">
    <skipped/>
  </testcase> <!-- AdVitals -->
  <system-out/>
  <testcase classname="webAuto.NewOverView" name="AdBpandHeartOption" time="0.000">
    <skipped/>
  </testcase> <!-- AdBpandHeartOption -->
  <system-out/>
  <testcase classname="webAuto.NewOverView" name="AdBloodAndAnalysis" time="0.000">
    <skipped/>
  </testcase> <!-- AdBloodAndAnalysis -->
  <system-out/>
  <testcase classname="webAuto.NewOverView" name="AdLipidProfile" time="0.000">
    <skipped/>
  </testcase> <!-- AdLipidProfile -->
  <system-out/>
  <testcase classname="webAuto.NewOverView" name="DischargeSummary" time="0.000">
    <skipped/>
  </testcase> <!-- DischargeSummary -->
  <system-out/>
  <testcase classname="webAuto.NewOverView" name="RecentVitals" time="0.000">
    <skipped/>
  </testcase> <!-- RecentVitals -->
  <system-out/>
  <testcase classname="webAuto.NewOverView" name="VitalsGraph" time="0.000">
    <skipped/>
  </testcase> <!-- VitalsGraph -->
  <system-out/>
  <testcase classname="webAuto.NewOverView" name="Profile" time="0.000">
    <skipped/>
  </testcase> <!-- Profile -->
  <system-out/>
  <testcase classname="webAuto.NewOverView" name="EditPatientProfile" time="0.000">
    <skipped/>
  </testcase> <!-- EditPatientProfile -->
  <system-out/>
  <testcase classname="webAuto.NewOverView" name="PatientProfile" time="0.000">
    <skipped/>
  </testcase> <!-- PatientProfile -->
  <system-out/>
  <testcase classname="webAuto.NewOverView" name="Notes" time="0.000">
    <skipped/>
  </testcase> <!-- Notes -->
  <system-out/>
  <testcase classname="webAuto.NewOverView" name="LinkPatient" time="0.007">
    <skipped/>
  </testcase> <!-- LinkPatient -->
  <system-out/>
  <testcase classname="webAuto.NewOverView" name="History" time="0.000">
    <skipped/>
  </testcase> <!-- History -->
  <system-out/>
  <testcase classname="webAuto.NewOverView" name="NewScreening" time="0.001">
    <skipped/>
  </testcase> <!-- NewScreening -->
  <system-out/>
  <testcase classname="webAuto.NewOverView" name="DeletePatient" time="0.000">
    <skipped/>
  </testcase> <!-- DeletePatient -->
  <system-out/>
</testsuite> <!-- webAuto.NewOverView -->
