<?xml version="1.0" encoding="UTF-8"?>
<!-- Generated by org.testng.reporters.JUnitReportReporter -->
<testsuite hostname="DESKTOP-VQLLA2K" failures="0" tests="5" name="webAutoQueue.SearchPatient" time="27.904" errors="0" timestamp="2023-06-21T15:07:52 IST" skipped="0">
  <testcase classname="webAutoQueue.SearchPatient" name="numberField" time="0.349"/>
  <system-out/>
  <testcase classname="webAutoQueue.SearchPatient" name="sendOTP" time="9.018"/>
  <system-out/>
  <testcase classname="webAutoQueue.SearchPatient" name="verifyButton" time="10.202"/>
  <system-out/>
  <testcase classname="webAutoQueue.SearchPatient" name="searchBar" time="5.169"/>
  <system-out/>
  <testcase classname="webAutoQueue.SearchPatient" name="searchOpt" time="3.166"/>
  <system-out/>
</testsuite> <!-- webAutoQueue.SearchPatient -->
