<?xml version="1.0" encoding="UTF-8"?>
<!-- Generated by org.testng.reporters.JUnitReportReporter -->
<testsuite hostname="DESKTOP-VQLLA2K" failures="0" tests="14" name="healthApp.HealthFamilyMember" time="88.947" errors="0" timestamp="2023-09-07T17:03:20 IST" skipped="0">
  <testcase classname="healthApp.HealthFamilyMember" name="NumberField" time="11.975"/>
  <testcase classname="healthApp.HealthFamilyMember" name="IAgree" time="2.271"/>
  <testcase classname="healthApp.HealthFamilyMember" name="proceedButton" time="5.497"/>
  <testcase classname="healthApp.HealthFamilyMember" name="OTP" time="15.621"/>
  <testcase classname="healthApp.HealthFamilyMember" name="Verify" time="4.355"/>
  <testcase classname="healthApp.HealthFamilyMember" name="AddFamilyMember" time="8.097"/>
  <testcase classname="healthApp.HealthFamilyMember" name="SelectFamilyMember" time="2.429"/>
  <testcase classname="healthApp.HealthFamilyMember" name="SelectDoctor" time="5.411"/>
  <testcase classname="healthApp.HealthFamilyMember" name="Doctor" time="5.326"/>
  <testcase classname="healthApp.HealthFamilyMember" name="DateClick" time="5.445"/>
  <testcase classname="healthApp.HealthFamilyMember" name="Time" time="5.689"/>
  <testcase classname="healthApp.HealthFamilyMember" name="PurposeVisit" time="6.070"/>
  <testcase classname="healthApp.HealthFamilyMember" name="CreateAppointment" time="5.390"/>
  <testcase classname="healthApp.HealthFamilyMember" name="Done" time="5.371"/>
</testsuite> <!-- healthApp.HealthFamilyMember -->
