<?xml version="1.0" encoding="UTF-8"?>
<!-- Generated by org.testng.reporters.JUnitReportReporter -->
<testsuite hostname="DESKTOP-VQLLA2K" failures="0" tests="7" name="webAutoQueue.Requisition" time="94.525" errors="0" timestamp="2023-06-21T15:05:28 IST" skipped="0">
  <testcase classname="webAutoQueue.Requisition" name="numberField" time="0.302"/>
  <system-out/>
  <testcase classname="webAutoQueue.Requisition" name="sendOTP" time="8.530"/>
  <system-out/>
  <testcase classname="webAutoQueue.Requisition" name="verifyButton" time="10.235"/>
  <system-out/>
  <testcase classname="webAutoQueue.Requisition" name="searchBar" time="5.533"/>
  <system-out/>
  <testcase classname="webAutoQueue.Requisition" name="searchOpt" time="3.189"/>
  <system-out/>
  <testcase classname="webAutoQueue.Requisition" name="clickPatient" time="10.368"/>
  <system-out/>
  <testcase classname="webAutoQueue.Requisition" name="Investigation" time="56.368"/>
  <system-out/>
</testsuite> <!-- webAutoQueue.Requisition -->
