<?xml version="1.0" encoding="UTF-8"?>
<!-- Generated by org.testng.reporters.JUnitReportReporter -->
<testsuite hostname="DESKTOP-VQLLA2K" failures="0" tests="106" name="pivotalApplication.PivoFin2" time="1175.432" errors="0" timestamp="2023-12-08T11:55:27 IST" skipped="1">
  <testcase classname="pivotalApplication.PivoFin2" name="NumberField" time="2.620"/>
  <testcase classname="pivotalApplication.PivoFin2" name="IAgree" time="2.420"/>
  <testcase classname="pivotalApplication.PivoFin2" name="proceedButton" time="5.998"/>
  <testcase classname="pivotalApplication.PivoFin2" name="OTP" time="11.196"/>
  <testcase classname="pivotalApplication.PivoFin2" name="submit" time="7.808"/>
  <testcase classname="pivotalApplication.PivoFin2" name="Search" time="10.942"/>
  <testcase classname="pivotalApplication.PivoFin2" name="ClickPatient" time="2.420"/>
  <testcase classname="pivotalApplication.PivoFin2" name="InvestigationClick" time="3.884"/>
  <testcase classname="pivotalApplication.PivoFin2" name="NewRequisition" time="2.751"/>
  <testcase classname="pivotalApplication.PivoFin2" name="Covid19" time="5.047"/>
  <testcase classname="pivotalApplication.PivoFin2" name="packages" time="3.007"/>
  <testcase classname="pivotalApplication.PivoFin2" name="Feverpanel" time="3.462"/>
  <testcase classname="pivotalApplication.PivoFin2" name="SelectTests" time="2.998"/>
  <testcase classname="pivotalApplication.PivoFin2" name="CreateRquisition" time="2.659"/>
  <testcase classname="pivotalApplication.PivoFin2" name="RquisitionDownloadclose" time="3.005"/>
  <testcase classname="pivotalApplication.PivoFin2" name="ReportClick" time="2.389"/>
  <testcase classname="pivotalApplication.PivoFin2" name="UploadReport" time="2.673"/>
  <testcase classname="pivotalApplication.PivoFin2" name="CreatedBy2" time="2.943"/>
  <testcase classname="pivotalApplication.PivoFin2" name="DocumentOn2" time="2.260"/>
  <testcase classname="pivotalApplication.PivoFin2" name="popUpOk2" time="2.821"/>
  <testcase classname="pivotalApplication.PivoFin2" name="Camera2" time="19.589"/>
  <testcase classname="pivotalApplication.PivoFin2" name="UploadCam2" time="2.853"/>
  <testcase classname="pivotalApplication.PivoFin2" name="UploadCamOk2" time="2.233"/>
  <testcase classname="pivotalApplication.PivoFin2" name="Transscript1" time="5.850"/>
  <testcase classname="pivotalApplication.PivoFin2" name="CreatedBy3" time="2.328"/>
  <testcase classname="pivotalApplication.PivoFin2" name="DocumentOn3" time="2.701"/>
  <testcase classname="pivotalApplication.PivoFin2" name="popUpOk3" time="2.339"/>
  <testcase classname="pivotalApplication.PivoFin2" name="Gallery3" time="2.682"/>
  <testcase classname="pivotalApplication.PivoFin2" name="photo3" time="10.460"/>
  <testcase classname="pivotalApplication.PivoFin2" name="Upload3" time="2.643"/>
  <testcase classname="pivotalApplication.PivoFin2" name="UploadOk3" time="10.036"/>
  <testcase classname="pivotalApplication.PivoFin2" name="RffralCreation" time="3.022"/>
  <testcase classname="pivotalApplication.PivoFin2" name="DrName" time="2.965"/>
  <testcase classname="pivotalApplication.PivoFin2" name="DrEmail" time="3.017"/>
  <testcase classname="pivotalApplication.PivoFin2" name="DrMobNumber" time="3.024"/>
  <testcase classname="pivotalApplication.PivoFin2" name="HealthCondition" time="3.021"/>
  <testcase classname="pivotalApplication.PivoFin2" name="Duration" time="3.015"/>
  <testcase classname="pivotalApplication.PivoFin2" name="Speciality" time="7.545"/>
  <testcase classname="pivotalApplication.PivoFin2" name="preview" time="2.841"/>
  <testcase classname="pivotalApplication.PivoFin2" name="Save" time="15.236"/>
  <testcase classname="pivotalApplication.PivoFin2" name="UploadDocuments" time="55.100"/>
  <testcase classname="pivotalApplication.PivoFin2" name="DocumentsDropDown" time="5.251"/>
  <testcase classname="pivotalApplication.PivoFin2" name="DischargeSummary" time="2.256"/>
  <testcase classname="pivotalApplication.PivoFin2" name="CreatedBy" time="3.566"/>
  <testcase classname="pivotalApplication.PivoFin2" name="DocumentOn" time="2.247"/>
  <testcase classname="pivotalApplication.PivoFin2" name="popUpOk" time="2.805"/>
  <testcase classname="pivotalApplication.PivoFin2" name="Camera" time="14.369"/>
  <testcase classname="pivotalApplication.PivoFin2" name="UploadCam" time="2.826"/>
  <testcase classname="pivotalApplication.PivoFin2" name="UploadCamOk" time="2.236"/>
  <testcase classname="pivotalApplication.PivoFin2" name="UploadDocuments1" time="5.879"/>
  <testcase classname="pivotalApplication.PivoFin2" name="DocumentsDropDown1" time="5.250"/>
  <testcase classname="pivotalApplication.PivoFin2" name="DischargeSummary1" time="2.773"/>
  <testcase classname="pivotalApplication.PivoFin2" name="CreatedBy1" time="3.010"/>
  <testcase classname="pivotalApplication.PivoFin2" name="DocumentOn1" time="2.264"/>
  <testcase classname="pivotalApplication.PivoFin2" name="popUpOk1" time="2.817"/>
  <testcase classname="pivotalApplication.PivoFin2" name="Gallery" time="2.296"/>
  <testcase classname="pivotalApplication.PivoFin2" name="photo" time="10.818"/>
  <testcase classname="pivotalApplication.PivoFin2" name="Upload" time="2.377"/>
  <testcase classname="pivotalApplication.PivoFin2" name="UploadOk" time="2.718"/>
  <testcase classname="pivotalApplication.PivoFin2" name="SpecialVaccine" time="18.059"/>
  <testcase classname="pivotalApplication.PivoFin2" name="AdministeredDate" time="5.272"/>
  <testcase classname="pivotalApplication.PivoFin2" name="PopUpOk" time="2.824"/>
  <testcase classname="pivotalApplication.PivoFin2" name="VaccineDropdown" time="2.265"/>
  <testcase classname="pivotalApplication.PivoFin2" name="CholeraVaccine" time="2.774"/>
  <testcase classname="pivotalApplication.PivoFin2" name="Submit" time="2.290"/>
  <testcase classname="pivotalApplication.PivoFin2" name="VaccinationOk" time="2.739"/>
  <testcase classname="pivotalApplication.PivoFin2" name="LinkPatient" time="18.112"/>
  <testcase classname="pivotalApplication.PivoFin2" name="DrMobileNumber" time="11.081"/>
  <testcase classname="pivotalApplication.PivoFin2" name="SearchDr" time="17.200"/>
  <testcase classname="pivotalApplication.PivoFin2" name="Link" time="15.193"/>
  <testcase classname="pivotalApplication.PivoFin2" name="Reciept" time="17.999"/>
  <testcase classname="pivotalApplication.PivoFin2" name="AddNewReceipt" time="10.338"/>
  <testcase classname="pivotalApplication.PivoFin2" name="ReceiptNo" time="8.737"/>
  <testcase classname="pivotalApplication.PivoFin2" name="Consultation" time="5.013"/>
  <testcase classname="pivotalApplication.PivoFin2" name="Vaccination" time="4.395"/>
  <testcase classname="pivotalApplication.PivoFin2" name="OtherReasons" time="5.694"/>
  <testcase classname="pivotalApplication.PivoFin2" name="Addmore" time="4.506"/>
  <testcase classname="pivotalApplication.PivoFin2" name="Preview" time="35.882"/>
  <testcase classname="pivotalApplication.PivoFin2" name="PayerName" time="2.897"/>
  <testcase classname="pivotalApplication.PivoFin2" name="CreateReceipt" time="27.620"/>
  <testcase classname="pivotalApplication.PivoFin2" name="Certificate" time="42.183"/>
  <testcase classname="pivotalApplication.PivoFin2" name="CertificateDropdown" time="22.395"/>
  <testcase classname="pivotalApplication.PivoFin2" name="CertificateType" time="22.661"/>
  <testcase classname="pivotalApplication.PivoFin2" name="Speciality1" time="32.774"/>
  <testcase classname="pivotalApplication.PivoFin2" name="SpecialitySelect" time="37.692"/>
  <testcase classname="pivotalApplication.PivoFin2" name="Preview1" time="12.378"/>
  <testcase classname="pivotalApplication.PivoFin2" name="Printclose" time="17.946"/>
  <testcase classname="pivotalApplication.PivoFin2" name="ClickHistory" time="6.521"/>
  <testcase classname="pivotalApplication.PivoFin2" name="ViewDocument" time="2.647"/>
  <testcase classname="pivotalApplication.PivoFin2" name="close1" time="10.174"/>
  <testcase classname="pivotalApplication.PivoFin2" name="ViewReceipts" time="13.069"/>
  <testcase classname="pivotalApplication.PivoFin2" name="close2" time="12.176"/>
  <testcase classname="pivotalApplication.PivoFin2" name="ViewReferal" time="11.026"/>
  <testcase classname="pivotalApplication.PivoFin2" name="close4" time="57.437"/>
  <testcase classname="pivotalApplication.PivoFin2" name="PatientList" time="38.270"/>
  <testcase classname="pivotalApplication.PivoFin2" name="Appointments" time="10.589"/>
  <testcase classname="pivotalApplication.PivoFin2" name="Prescription" time="44.469"/>
  <testcase classname="pivotalApplication.PivoFin2" name="Reports" time="52.946"/>
  <testcase classname="pivotalApplication.PivoFin2" name="Referrals" time="49.706"/>
  <testcase classname="pivotalApplication.PivoFin2" name="VaccineInStore" time="23.275"/>
  <testcase classname="pivotalApplication.PivoFin2" name="ViewReports" time="53.580"/>
  <testcase classname="pivotalApplication.PivoFin2" name="MyNotes" time="27.837"/>
  <testcase classname="pivotalApplication.PivoFin2" name="ShareHealth" time="12.395"/>
  <testcase classname="pivotalApplication.PivoFin2" name="WhatsNew" time="10.924"/>
  <testcase classname="pivotalApplication.PivoFin2" name="DashboardData" time="7.911"/>
  <testcase classname="pivotalApplication.PivoFin2" name="HealthApp">
    <skipped/>
  </testcase> <!-- HealthApp -->
</testsuite> <!-- pivotalApplication.PivoFin2 -->
