<?xml version="1.0" encoding="UTF-8"?>
<!-- Generated by org.testng.reporters.JUnitReportReporter -->
<testsuite hostname="DESKTOP-VQLLA2K" failures="0" tests="10" name="pivotalApplication.ViewDocumentHistory" time="55.749" errors="0" timestamp="2023-08-31T12:02:26 IST" skipped="0">
  <testcase classname="pivotalApplication.ViewDocumentHistory" name="NumberField" time="1.375"/>
  <testcase classname="pivotalApplication.ViewDocumentHistory" name="IAgree" time="2.165"/>
  <testcase classname="pivotalApplication.ViewDocumentHistory" name="proceedButton" time="2.435"/>
  <testcase classname="pivotalApplication.ViewDocumentHistory" name="OTP" time="11.224"/>
  <testcase classname="pivotalApplication.ViewDocumentHistory" name="submit" time="5.429"/>
  <testcase classname="pivotalApplication.ViewDocumentHistory" name="Search" time="11.124"/>
  <testcase classname="pivotalApplication.ViewDocumentHistory" name="ClickPatient" time="2.380"/>
  <testcase classname="pivotalApplication.ViewDocumentHistory" name="ClickHistory" time="6.659"/>
  <testcase classname="pivotalApplication.ViewDocumentHistory" name="ViewDocument" time="2.675"/>
  <testcase classname="pivotalApplication.ViewDocumentHistory" name="close" time="10.283"/>
</testsuite> <!-- pivotalApplication.ViewDocumentHistory -->
