<?xml version="1.0" encoding="UTF-8"?>
<!-- Generated by org.testng.reporters.JUnitReportReporter -->
<testsuite hostname="DESKTOP-VQLLA2K" failures="0" tests="3" name="webAuto.LogIn" time="19.319" errors="0" timestamp="2023-11-30T15:16:46 IST" skipped="0">
  <testcase classname="webAuto.LogIn" name="numberField" time="0.316"/>
  <testcase classname="webAuto.LogIn" name="sendOTP" time="8.784"/>
  <testcase classname="webAuto.LogIn" name="verifyButton" time="10.219"/>
</testsuite> <!-- webAuto.LogIn -->
