<?xml version="1.0" encoding="UTF-8"?>
<!-- Generated by org.testng.reporters.JUnitReportReporter -->
<testsuite hostname="DESKTOP-VQLLA2K" failures="0" tests="7" name="webAutoQueueNegative.InvalidmedicineValueQ" time="121.234" errors="0" timestamp="2023-06-20T18:08:01 IST" skipped="0">
  <testcase classname="webAutoQueueNegative.InvalidmedicineValueQ" name="numberField" time="0.685"/>
  <system-out/>
  <testcase classname="webAutoQueueNegative.InvalidmedicineValueQ" name="sendOTP" time="18.231"/>
  <system-out/>
  <testcase classname="webAutoQueueNegative.InvalidmedicineValueQ" name="verifyButton" time="18.824"/>
  <system-out/>
  <testcase classname="webAutoQueueNegative.InvalidmedicineValueQ" name="searchBar1" time="15.571"/>
  <system-out/>
  <testcase classname="webAutoQueueNegative.InvalidmedicineValueQ" name="searchOpt" time="3.620"/>
  <system-out/>
  <testcase classname="webAutoQueueNegative.InvalidmedicineValueQ" name="AddPrescription" time="20.267"/>
  <system-out/>
  <testcase classname="webAutoQueueNegative.InvalidmedicineValueQ" name="Medicine1" time="44.036"/>
  <system-out/>
</testsuite> <!-- webAutoQueueNegative.InvalidmedicineValueQ -->
