<?xml version="1.0" encoding="UTF-8"?>
<!-- Generated by org.testng.reporters.JUnitReportReporter -->
<testsuite hostname="DESKTOP-VQLLA2K" failures="0" tests="5" name="healthApp.HealthLogin" time="42.919" errors="0" timestamp="2023-12-11T13:47:50 IST" skipped="0">
  <testcase classname="healthApp.HealthLogin" name="NumberField" time="11.716"/>
  <testcase classname="healthApp.HealthLogin" name="IAgree" time="2.183"/>
  <testcase classname="healthApp.HealthLogin" name="proceedButton" time="5.313"/>
  <testcase classname="healthApp.HealthLogin" name="OTP" time="15.601"/>
  <testcase classname="healthApp.HealthLogin" name="Verify" time="8.106"/>
</testsuite> <!-- healthApp.HealthLogin -->
