<?xml version="1.0" encoding="UTF-8"?>
<!-- Generated by org.testng.reporters.JUnitReportReporter -->
<testsuite hostname="DESKTOP-VQLLA2K" failures="0" tests="14" name="pivotalApplication.AppointmentVideo" time="69.952" errors="0" timestamp="2023-08-29T09:53:10 IST" skipped="0">
  <testcase classname="pivotalApplication.AppointmentVideo" name="NumberField" time="1.335"/>
  <testcase classname="pivotalApplication.AppointmentVideo" name="IAgree" time="2.208"/>
  <testcase classname="pivotalApplication.AppointmentVideo" name="proceedButton" time="2.396"/>
  <testcase classname="pivotalApplication.AppointmentVideo" name="OTP" time="11.166"/>
  <testcase classname="pivotalApplication.AppointmentVideo" name="submit" time="5.670"/>
  <testcase classname="pivotalApplication.AppointmentVideo" name="Search" time="8.142"/>
  <testcase classname="pivotalApplication.AppointmentVideo" name="close" time="4.455"/>
  <testcase classname="pivotalApplication.AppointmentVideo" name="Appointment" time="2.376"/>
  <testcase classname="pivotalApplication.AppointmentVideo" name="SlotTime" time="10.301"/>
  <testcase classname="pivotalApplication.AppointmentVideo" name="Time" time="2.450"/>
  <testcase classname="pivotalApplication.AppointmentVideo" name="SlotBook" time="2.395"/>
  <testcase classname="pivotalApplication.AppointmentVideo" name="VideoCheckBox" time="2.381"/>
  <testcase classname="pivotalApplication.AppointmentVideo" name="Book" time="7.465"/>
  <testcase classname="pivotalApplication.AppointmentVideo" name="AppointmentBookedPopup" time="7.212"/>
</testsuite> <!-- pivotalApplication.AppointmentVideo -->
