<?xml version="1.0" encoding="UTF-8"?>
<!-- Generated by org.testng.reporters.JUnitReportReporter -->
<testsuite hostname="DESKTOP-VQLLA2K" failures="0" tests="33" name="healthApp.HealthFamily" time="191.439" errors="0" timestamp="2023-09-12T16:40:39 IST" skipped="0">
  <testcase classname="healthApp.HealthFamily" name="NumberField" time="11.433"/>
  <testcase classname="healthApp.HealthFamily" name="IAgree" time="2.142"/>
  <testcase classname="healthApp.HealthFamily" name="proceedButton" time="5.338"/>
  <testcase classname="healthApp.HealthFamily" name="OTP" time="15.785"/>
  <testcase classname="healthApp.HealthFamily" name="Verify" time="7.458"/>
  <testcase classname="healthApp.HealthFamily" name="Family" time="5.898"/>
  <testcase classname="healthApp.HealthFamily" name="AddFamilyMember" time="5.786"/>
  <testcase classname="healthApp.HealthFamily" name="FirstName" time="5.922"/>
  <testcase classname="healthApp.HealthFamily" name="MiddleName" time="5.931"/>
  <testcase classname="healthApp.HealthFamily" name="Birthdate" time="10.692"/>
  <testcase classname="healthApp.HealthFamily" name="Male" time="5.391"/>
  <testcase classname="healthApp.HealthFamily" name="SaveAndNext" time="10.639"/>
  <testcase classname="healthApp.HealthFamily" name="SelectClick" time="5.572"/>
  <testcase classname="healthApp.HealthFamily" name="SelectOther" time="5.612"/>
  <testcase classname="healthApp.HealthFamily" name="Next" time="5.505"/>
  <testcase classname="healthApp.HealthFamily" name="LinkDr" time="1.159"/>
  <testcase classname="healthApp.HealthFamily" name="AddtionalInformation" time="1.655"/>
  <testcase classname="healthApp.HealthFamily" name="MedicalConditionAdd" time="3.786"/>
  <testcase classname="healthApp.HealthFamily" name="MedicalConditionSelect" time="3.883"/>
  <testcase classname="healthApp.HealthFamily" name="AddMedicalCondition" time="2.478"/>
  <testcase classname="healthApp.HealthFamily" name="Allergies" time="2.851"/>
  <testcase classname="healthApp.HealthFamily" name="Reactions" time="2.368"/>
  <testcase classname="healthApp.HealthFamily" name="RecurringComplaints" time="2.838"/>
  <testcase classname="healthApp.HealthFamily" name="HospitalizationHistory" time="2.336"/>
  <testcase classname="healthApp.HealthFamily" name="HealthHistory" time="2.840"/>
  <testcase classname="healthApp.HealthFamily" name="GeneticdisoredrAdd" time="2.358"/>
  <testcase classname="healthApp.HealthFamily" name="GeneticdisoredrSelect" time="13.063"/>
  <testcase classname="healthApp.HealthFamily" name="AddGeneticdisoredr" time="2.484"/>
  <testcase classname="healthApp.HealthFamily" name="helathNext" time="2.351"/>
  <testcase classname="healthApp.HealthFamily" name="FamailyNedicalHistory" time="7.608"/>
  <testcase classname="healthApp.HealthFamily" name="EnterDisorders" time="10.251"/>
  <testcase classname="healthApp.HealthFamily" name="FathersName" time="3.274"/>
  <testcase classname="healthApp.HealthFamily" name="MothersName" time="14.752"/>
</testsuite> <!-- healthApp.HealthFamily -->
