<?xml version="1.0" encoding="UTF-8"?>
<!-- Generated by org.testng.reporters.JUnitReportReporter -->
<testsuite hostname="DESKTOP-VQLLA2K" failures="0" tests="1" name="AppiumStarter1" time="1.454" errors="0" timestamp="2023-12-05T13:22:12 IST" skipped="0">
  <testcase classname="AppiumStarter1" name="NumberField" time="1.454"/>
</testsuite> <!-- AppiumStarter1 -->
