<?xml version="1.0" encoding="UTF-8"?>
<!-- Generated by org.testng.reporters.JUnitReportReporter -->
<testsuite hostname="DESKTOP-VQLLA2K" failures="0" tests="9" name="webAuto.DeleteReceipt" time="0.048" errors="1" timestamp="2023-08-09T09:20:54 IST" skipped="8">
  <testcase classname="webAuto.DeleteReceipt" name="setUp" time="0.048">
    <error message="Unresolved compilation problem: 
	ChromeDriver cannot be resolved to a type
" type="java.lang.Error">
      <![CDATA[java.lang.Error: Unresolved compilation problem: 
ChromeDriver cannot be resolved to a type

at webAuto.DeleteReceipt.setUp(DeleteReceipt.java:68)
at java.base/jdk.internal.reflect.DirectMethodHandleAccessor.invoke(DirectMethodHandleAccessor.java:104)
at java.base/java.lang.reflect.Method.invoke(Method.java:578)
at org.testng.internal.MethodInvocationHelper.invokeMethod(MethodInvocationHelper.java:133)
at org.testng.internal.MethodInvocationHelper.invokeMethodConsideringTimeout(MethodInvocationHelper.java:62)
at org.testng.internal.ConfigInvoker.invokeConfigurationMethod(ConfigInvoker.java:385)
at org.testng.internal.ConfigInvoker.invokeConfigurations(ConfigInvoker.java:321)
at org.testng.internal.TestMethodWorker.invokeBeforeClassMethods(TestMethodWorker.java:176)
at org.testng.internal.TestMethodWorker.run(TestMethodWorker.java:122)
at java.base/java.util.ArrayList.forEach(ArrayList.java:1511)
at org.testng.TestRunner.privateRun(TestRunner.java:794)
at org.testng.TestRunner.run(TestRunner.java:596)
at org.testng.SuiteRunner.runTest(SuiteRunner.java:377)
at org.testng.SuiteRunner.runSequentially(SuiteRunner.java:371)
at org.testng.SuiteRunner.privateRun(SuiteRunner.java:332)
at org.testng.SuiteRunner.run(SuiteRunner.java:276)
at org.testng.SuiteRunnerWorker.runSuite(SuiteRunnerWorker.java:53)
at org.testng.SuiteRunnerWorker.run(SuiteRunnerWorker.java:96)
at org.testng.TestNG.runSuitesSequentially(TestNG.java:1212)
at org.testng.TestNG.runSuitesLocally(TestNG.java:1134)
at org.testng.TestNG.runSuites(TestNG.java:1063)
at org.testng.TestNG.run(TestNG.java:1031)
at org.testng.remote.AbstractRemoteTestNG.run(AbstractRemoteTestNG.java:115)
at org.testng.remote.RemoteTestNG.initAndRun(RemoteTestNG.java:251)
at org.testng.remote.RemoteTestNG.main(RemoteTestNG.java:77)
]]>
    </error>
  </testcase> <!-- setUp -->
  <system-out/>
  <testcase classname="webAuto.DeleteReceipt" name="numberField" time="0.000">
    <skipped/>
  </testcase> <!-- numberField -->
  <system-out/>
  <testcase classname="webAuto.DeleteReceipt" name="sendOTP" time="0.000">
    <skipped/>
  </testcase> <!-- sendOTP -->
  <system-out/>
  <testcase classname="webAuto.DeleteReceipt" name="verifyButton" time="0.000">
    <skipped/>
  </testcase> <!-- verifyButton -->
  <system-out/>
  <testcase classname="webAuto.DeleteReceipt" name="searchBar" time="0.000">
    <skipped/>
  </testcase> <!-- searchBar -->
  <system-out/>
  <testcase classname="webAuto.DeleteReceipt" name="searchOpt" time="0.000">
    <skipped/>
  </testcase> <!-- searchOpt -->
  <system-out/>
  <testcase classname="webAuto.DeleteReceipt" name="clickPatient" time="0.000">
    <skipped/>
  </testcase> <!-- clickPatient -->
  <system-out/>
  <testcase classname="webAuto.DeleteReceipt" name="Document" time="0.000">
    <skipped/>
  </testcase> <!-- Document -->
  <system-out/>
  <testcase classname="webAuto.DeleteReceipt" name="cirtificateOption" time="0.000">
    <skipped/>
  </testcase> <!-- cirtificateOption -->
  <system-out/>
</testsuite> <!-- webAuto.DeleteReceipt -->
