<?xml version="1.0" encoding="UTF-8"?>
<!-- Generated by org.testng.reporters.JUnitReportReporter -->
<testsuite hostname="DESKTOP-VQLLA2K" failures="0" tests="17" name="pivotalApplication.PreviousDateReceipt" time="200.578" errors="0" timestamp="2023-07-26T13:58:52 IST" skipped="0">
  <testcase classname="pivotalApplication.PreviousDateReceipt" name="NumberField" time="1.423"/>
  <system-out/>
  <testcase classname="pivotalApplication.PreviousDateReceipt" name="IAgree" time="2.189"/>
  <system-out/>
  <testcase classname="pivotalApplication.PreviousDateReceipt" name="proceedButton" time="2.436"/>
  <system-out/>
  <testcase classname="pivotalApplication.PreviousDateReceipt" name="OTP" time="10.931"/>
  <system-out/>
  <testcase classname="pivotalApplication.PreviousDateReceipt" name="submit" time="2.418"/>
  <system-out/>
  <testcase classname="pivotalApplication.PreviousDateReceipt" name="Search" time="10.375"/>
  <system-out/>
  <testcase classname="pivotalApplication.PreviousDateReceipt" name="ClickPatient" time="19.490"/>
  <system-out/>
  <testcase classname="pivotalApplication.PreviousDateReceipt" name="Reciept" time="7.703"/>
  <system-out/>
  <testcase classname="pivotalApplication.PreviousDateReceipt" name="AddNewReceipt" time="27.714"/>
  <system-out/>
  <testcase classname="pivotalApplication.PreviousDateReceipt" name="ReceiptNo" time="8.036"/>
  <system-out/>
  <testcase classname="pivotalApplication.PreviousDateReceipt" name="Consultation" time="4.418"/>
  <system-out/>
  <testcase classname="pivotalApplication.PreviousDateReceipt" name="Vaccination" time="4.864"/>
  <system-out/>
  <testcase classname="pivotalApplication.PreviousDateReceipt" name="OtherReasons" time="4.860"/>
  <system-out/>
  <testcase classname="pivotalApplication.PreviousDateReceipt" name="Addmore" time="4.481"/>
  <system-out/>
  <testcase classname="pivotalApplication.PreviousDateReceipt" name="Preview" time="35.491"/>
  <system-out/>
  <testcase classname="pivotalApplication.PreviousDateReceipt" name="PayerName" time="2.220"/>
  <system-out/>
  <testcase classname="pivotalApplication.PreviousDateReceipt" name="CreateReceipt" time="51.529"/>
  <system-out/>
</testsuite> <!-- pivotalApplication.PreviousDateReceipt -->
