<?xml version="1.0" encoding="UTF-8"?>
<!-- Generated by org.testng.reporters.JUnitReportReporter -->
<testsuite hostname="DESKTOP-VQLLA2K" failures="0" tests="7" name="healthApp.Extends" time="53.565" errors="0" timestamp="2023-09-13T15:26:11 IST" skipped="0">
  <testcase classname="healthApp.Extends" name="NumberField" time="11.987"/>
  <testcase classname="healthApp.Extends" name="IAgree" time="2.184"/>
  <testcase classname="healthApp.Extends" name="proceedButton" time="5.345"/>
  <testcase classname="healthApp.Extends" name="OTP" time="15.715"/>
  <testcase classname="healthApp.Extends" name="Verify" time="2.996"/>
  <testcase classname="healthApp.Extends" name="SelectFamilyMember" time="9.719"/>
  <testcase classname="healthApp.Extends" name="AddButton" time="5.619"/>
</testsuite> <!-- healthApp.Extends -->
