<?xml version="1.0" encoding="UTF-8"?>
<!-- Generated by org.testng.reporters.JUnitReportReporter -->
<testsuite hostname="DESKTOP-VQLLA2K" failures="0" tests="41" name="pivotalApplication.CreateAdultPatient" time="222.073" errors="0" timestamp="2023-09-11T12:35:52 IST" skipped="0">
  <testcase classname="pivotalApplication.CreateAdultPatient" name="NumberField" time="1.465"/>
  <testcase classname="pivotalApplication.CreateAdultPatient" name="IAgree" time="2.165"/>
  <testcase classname="pivotalApplication.CreateAdultPatient" name="proceedButton" time="2.422"/>
  <testcase classname="pivotalApplication.CreateAdultPatient" name="OTP" time="10.974"/>
  <testcase classname="pivotalApplication.CreateAdultPatient" name="submit" time="5.350"/>
  <testcase classname="pivotalApplication.CreateAdultPatient" name="Createptient" time="4.343"/>
  <testcase classname="pivotalApplication.CreateAdultPatient" name="Neweptient" time="12.308"/>
  <testcase classname="pivotalApplication.CreateAdultPatient" name="Close" time="5.105"/>
  <testcase classname="pivotalApplication.CreateAdultPatient" name="MobileNumber1" time="3.079"/>
  <testcase classname="pivotalApplication.CreateAdultPatient" name="confirm" time="4.615"/>
  <testcase classname="pivotalApplication.CreateAdultPatient" name="confirmPopup" time="6.346"/>
  <testcase classname="pivotalApplication.CreateAdultPatient" name="AdditionalNumber1" time="3.165"/>
  <testcase classname="pivotalApplication.CreateAdultPatient" name="FirstName" time="5.032"/>
  <testcase classname="pivotalApplication.CreateAdultPatient" name="MiddleName" time="5.050"/>
  <testcase classname="pivotalApplication.CreateAdultPatient" name="LastName" time="5.068"/>
  <testcase classname="pivotalApplication.CreateAdultPatient" name="Age" time="0.562"/>
  <testcase classname="pivotalApplication.CreateAdultPatient" name="GenFemale" time="4.466"/>
  <testcase classname="pivotalApplication.CreateAdultPatient" name="Address" time="2.928"/>
  <testcase classname="pivotalApplication.CreateAdultPatient" name="Area" time="2.945"/>
  <testcase classname="pivotalApplication.CreateAdultPatient" name="City" time="2.938"/>
  <testcase classname="pivotalApplication.CreateAdultPatient" name="PinCode" time="2.459"/>
  <testcase classname="pivotalApplication.CreateAdultPatient" name="Next" time="15.473"/>
  <testcase classname="pivotalApplication.CreateAdultPatient" name="ContinueProfile" time="10.344"/>
  <testcase classname="pivotalApplication.CreateAdultPatient" name="HelathHistory" time="2.704"/>
  <testcase classname="pivotalApplication.CreateAdultPatient" name="Habits" time="2.397"/>
  <testcase classname="pivotalApplication.CreateAdultPatient" name="BloodGroup" time="8.102"/>
  <testcase classname="pivotalApplication.CreateAdultPatient" name="HealthHistoryNext" time="15.473"/>
  <testcase classname="pivotalApplication.CreateAdultPatient" name="MedicalConditionSelect" time="5.411"/>
  <testcase classname="pivotalApplication.CreateAdultPatient" name="AddMedicalCondition" time="2.384"/>
  <testcase classname="pivotalApplication.CreateAdultPatient" name="Allergies" time="2.828"/>
  <testcase classname="pivotalApplication.CreateAdultPatient" name="Reactions" time="2.359"/>
  <testcase classname="pivotalApplication.CreateAdultPatient" name="RecurringComplaints" time="2.834"/>
  <testcase classname="pivotalApplication.CreateAdultPatient" name="HospitalizationHistory" time="2.360"/>
  <testcase classname="pivotalApplication.CreateAdultPatient" name="HealthHistory" time="2.857"/>
  <testcase classname="pivotalApplication.CreateAdultPatient" name="GeneticdisoredrAdd" time="4.280"/>
  <testcase classname="pivotalApplication.CreateAdultPatient" name="GeneticdisoredrSelect" time="8.102"/>
  <testcase classname="pivotalApplication.CreateAdultPatient" name="AddGeneticdisoredr" time="2.746"/>
  <testcase classname="pivotalApplication.CreateAdultPatient" name="OtherEmailId" time="2.366"/>
  <testcase classname="pivotalApplication.CreateAdultPatient" name="helathNext" time="2.384"/>
  <testcase classname="pivotalApplication.CreateAdultPatient" name="FamailyNedicalHistory" time="8.137"/>
  <testcase classname="pivotalApplication.CreateAdultPatient" name="EnterDisorders" time="25.747"/>
</testsuite> <!-- pivotalApplication.CreateAdultPatient -->
