<?xml version="1.0" encoding="UTF-8"?>
<!-- Generated by org.testng.reporters.JUnitReportReporter -->
<testsuite hostname="DESKTOP-VQLLA2K" failures="0" tests="15" name="pivotalApplicationNegative.NSpecialVaccine" time="82.569" errors="0" timestamp="2023-10-13T16:32:03 IST" skipped="0">
  <testcase classname="pivotalApplicationNegative.NSpecialVaccine" name="NumberField" time="1.420"/>
  <testcase classname="pivotalApplicationNegative.NSpecialVaccine" name="IAgree" time="2.154"/>
  <testcase classname="pivotalApplicationNegative.NSpecialVaccine" name="proceedButton" time="2.422"/>
  <testcase classname="pivotalApplicationNegative.NSpecialVaccine" name="OTP" time="10.952"/>
  <testcase classname="pivotalApplicationNegative.NSpecialVaccine" name="submit" time="5.270"/>
  <testcase classname="pivotalApplicationNegative.NSpecialVaccine" name="Search" time="8.130"/>
  <testcase classname="pivotalApplicationNegative.NSpecialVaccine" name="close" time="4.484"/>
  <testcase classname="pivotalApplicationNegative.NSpecialVaccine" name="ClickPatient" time="2.415"/>
  <testcase classname="pivotalApplicationNegative.NSpecialVaccine" name="SpecialVaccine" time="23.463"/>
  <testcase classname="pivotalApplicationNegative.NSpecialVaccine" name="PopUpOk" time="6.912"/>
  <testcase classname="pivotalApplicationNegative.NSpecialVaccine" name="AdministeredDate" time="5.212"/>
  <testcase classname="pivotalApplicationNegative.NSpecialVaccine" name="VaccineDropdown" time="2.321"/>
  <testcase classname="pivotalApplicationNegative.NSpecialVaccine" name="CholeraVaccine" time="2.310"/>
  <testcase classname="pivotalApplicationNegative.NSpecialVaccine" name="Submit" time="2.318"/>
  <testcase classname="pivotalApplicationNegative.NSpecialVaccine" name="VaccinationOk" time="2.786"/>
</testsuite> <!-- pivotalApplicationNegative.NSpecialVaccine -->
