<?xml version="1.0" encoding="UTF-8"?>
<!-- Generated by org.testng.reporters.JUnitReportReporter -->
<testsuite hostname="DESKTOP-VQLLA2K" failures="0" tests="27" name="pivotalApplication.UploadDocument" time="116.111" errors="0" timestamp="2023-08-31T11:58:02 IST" skipped="0">
  <testcase classname="pivotalApplication.UploadDocument" name="NumberField" time="1.441"/>
  <testcase classname="pivotalApplication.UploadDocument" name="IAgree" time="2.190"/>
  <testcase classname="pivotalApplication.UploadDocument" name="proceedButton" time="2.482"/>
  <testcase classname="pivotalApplication.UploadDocument" name="OTP" time="11.262"/>
  <testcase classname="pivotalApplication.UploadDocument" name="submit" time="5.391"/>
  <testcase classname="pivotalApplication.UploadDocument" name="Search" time="8.210"/>
  <testcase classname="pivotalApplication.UploadDocument" name="close" time="4.531"/>
  <testcase classname="pivotalApplication.UploadDocument" name="ClickPatient" time="2.413"/>
  <testcase classname="pivotalApplication.UploadDocument" name="UploadDocuments" time="2.891"/>
  <testcase classname="pivotalApplication.UploadDocument" name="DocumentsDropDown" time="5.356"/>
  <testcase classname="pivotalApplication.UploadDocument" name="DischargeSummary" time="2.298"/>
  <testcase classname="pivotalApplication.UploadDocument" name="CreatedBy" time="2.415"/>
  <testcase classname="pivotalApplication.UploadDocument" name="DocumentOn" time="2.492"/>
  <testcase classname="pivotalApplication.UploadDocument" name="popUpOk" time="2.443"/>
  <testcase classname="pivotalApplication.UploadDocument" name="Camera" time="19.283"/>
  <testcase classname="pivotalApplication.UploadDocument" name="UploadCam" time="2.417"/>
  <testcase classname="pivotalApplication.UploadDocument" name="UploadCamOk" time="2.860"/>
  <testcase classname="pivotalApplication.UploadDocument" name="UploadDocuments1" time="2.661"/>
  <testcase classname="pivotalApplication.UploadDocument" name="DocumentsDropDown1" time="5.329"/>
  <testcase classname="pivotalApplication.UploadDocument" name="DischargeSummary1" time="2.284"/>
  <testcase classname="pivotalApplication.UploadDocument" name="CreatedBy1" time="2.848"/>
  <testcase classname="pivotalApplication.UploadDocument" name="DocumentOn1" time="2.341"/>
  <testcase classname="pivotalApplication.UploadDocument" name="popUpOk1" time="2.360"/>
  <testcase classname="pivotalApplication.UploadDocument" name="Gallery" time="2.324"/>
  <testcase classname="pivotalApplication.UploadDocument" name="photo" time="10.405"/>
  <testcase classname="pivotalApplication.UploadDocument" name="Upload" time="2.335"/>
  <testcase classname="pivotalApplication.UploadDocument" name="UploadOk" time="2.849"/>
</testsuite> <!-- pivotalApplication.UploadDocument -->
