<?xml version="1.0" encoding="UTF-8"?>
<!-- Generated by org.testng.reporters.JUnitReportReporter -->
<testsuite hostname="DESKTOP-VQLLA2K" failures="0" tests="3" name="webAutoQueue.QueueLogIn" time="19.481" errors="0" timestamp="2023-06-19T14:34:42 IST" skipped="0">
  <testcase classname="webAutoQueue.QueueLogIn" name="numberField" time="0.317"/>
  <system-out/>
  <testcase classname="webAutoQueue.QueueLogIn" name="sendOTP" time="8.524"/>
  <system-out/>
  <testcase classname="webAutoQueue.QueueLogIn" name="verifyButton" time="10.640"/>
  <system-out/>
</testsuite> <!-- webAutoQueue.QueueLogIn -->
