<?xml version="1.0" encoding="UTF-8"?>
<!-- Generated by org.testng.reporters.JUnitReportReporter -->
<testsuite hostname="DESKTOP-VQLLA2K" failures="0" tests="10" name="pivotalApplication.ViewReeiptHistory" time="70.835" errors="0" timestamp="2023-08-31T12:11:40 IST" skipped="0">
  <testcase classname="pivotalApplication.ViewReeiptHistory" name="NumberField" time="1.902"/>
  <testcase classname="pivotalApplication.ViewReeiptHistory" name="IAgree" time="2.177"/>
  <testcase classname="pivotalApplication.ViewReeiptHistory" name="proceedButton" time="2.436"/>
  <testcase classname="pivotalApplication.ViewReeiptHistory" name="OTP" time="11.242"/>
  <testcase classname="pivotalApplication.ViewReeiptHistory" name="submit" time="5.381"/>
  <testcase classname="pivotalApplication.ViewReeiptHistory" name="Search" time="11.115"/>
  <testcase classname="pivotalApplication.ViewReeiptHistory" name="ClickPatient" time="2.839"/>
  <testcase classname="pivotalApplication.ViewReeiptHistory" name="ClickHistory" time="6.653"/>
  <testcase classname="pivotalApplication.ViewReeiptHistory" name="ViewReceipts" time="16.848"/>
  <testcase classname="pivotalApplication.ViewReeiptHistory" name="close" time="10.242"/>
</testsuite> <!-- pivotalApplication.ViewReeiptHistory -->
