<?xml version="1.0" encoding="UTF-8"?>
<!-- Generated by org.testng.reporters.JUnitReportReporter -->
<testsuite hostname="DESKTOP-VQLLA2K" failures="0" tests="8" name="webAutoQueue.ViewInvestigationReportInAllDocQ" time="65.226" errors="0" timestamp="2023-06-21T15:17:41 IST" skipped="0">
  <testcase classname="webAutoQueue.ViewInvestigationReportInAllDocQ" name="numberField" time="0.306"/>
  <system-out/>
  <testcase classname="webAutoQueue.ViewInvestigationReportInAllDocQ" name="sendOTP" time="8.542"/>
  <system-out/>
  <testcase classname="webAutoQueue.ViewInvestigationReportInAllDocQ" name="verifyButton" time="10.182"/>
  <system-out/>
  <testcase classname="webAutoQueue.ViewInvestigationReportInAllDocQ" name="searchBar" time="5.432"/>
  <system-out/>
  <testcase classname="webAutoQueue.ViewInvestigationReportInAllDocQ" name="searchOpt" time="3.153"/>
  <system-out/>
  <testcase classname="webAutoQueue.ViewInvestigationReportInAllDocQ" name="clickPatient" time="10.384"/>
  <system-out/>
  <testcase classname="webAutoQueue.ViewInvestigationReportInAllDocQ" name="Document" time="0.282"/>
  <system-out/>
  <testcase classname="webAutoQueue.ViewInvestigationReportInAllDocQ" name="AllDocuments" time="26.945"/>
  <system-out/>
</testsuite> <!-- webAutoQueue.ViewInvestigationReportInAllDocQ -->
