<?xml version="1.0" encoding="UTF-8"?>
<!-- Generated by org.testng.reporters.JUnitReportReporter -->
<testsuite hostname="DESKTOP-VQLLA2K" failures="0" tests="7" name="webAutoQueueNegative.MedicineQ" time="123.220" errors="0" timestamp="2023-06-20T17:58:10 IST" skipped="0">
  <testcase classname="webAutoQueueNegative.MedicineQ" name="numberField" time="0.691"/>
  <system-out/>
  <testcase classname="webAutoQueueNegative.MedicineQ" name="sendOTP" time="8.941"/>
  <system-out/>
  <testcase classname="webAutoQueueNegative.MedicineQ" name="verifyButton" time="15.157"/>
  <system-out/>
  <testcase classname="webAutoQueueNegative.MedicineQ" name="searchBar1" time="17.449"/>
  <system-out/>
  <testcase classname="webAutoQueueNegative.MedicineQ" name="searchOpt" time="4.091"/>
  <system-out/>
  <testcase classname="webAutoQueueNegative.MedicineQ" name="AddPrescription" time="17.542"/>
  <system-out/>
  <testcase classname="webAutoQueueNegative.MedicineQ" name="Medicine1" time="59.349"/>
  <system-out/>
</testsuite> <!-- webAutoQueueNegative.MedicineQ -->
