<?xml version="1.0" encoding="UTF-8"?>
<!-- Generated by org.testng.reporters.JUnitReportReporter -->
<testsuite hostname="DESKTOP-VQLLA2K" failures="0" tests="82" name="healthApp.HealthEndToEndScript" time="661.161" errors="0" timestamp="2023-12-15T12:31:10 IST" skipped="0">
  <testcase classname="healthApp.HealthEndToEndScript" name="NumberField" time="16.309"/>
  <testcase classname="healthApp.HealthEndToEndScript" name="IAgree" time="2.095"/>
  <testcase classname="healthApp.HealthEndToEndScript" name="proceedButton" time="5.441"/>
  <testcase classname="healthApp.HealthEndToEndScript" name="OTP" time="15.871"/>
  <testcase classname="healthApp.HealthEndToEndScript" name="Verify" time="15.801"/>
  <testcase classname="healthApp.HealthEndToEndScript" name="Family" time="5.801"/>
  <testcase classname="healthApp.HealthEndToEndScript" name="AddFamilyMember" time="6.311"/>
  <testcase classname="healthApp.HealthEndToEndScript" name="FirstName" time="5.916"/>
  <testcase classname="healthApp.HealthEndToEndScript" name="MiddleName" time="5.888"/>
  <testcase classname="healthApp.HealthEndToEndScript" name="Birthdate" time="10.720"/>
  <testcase classname="healthApp.HealthEndToEndScript" name="Male" time="5.420"/>
  <testcase classname="healthApp.HealthEndToEndScript" name="SaveAndNext" time="10.601"/>
  <testcase classname="healthApp.HealthEndToEndScript" name="SelectClick" time="6.188"/>
  <testcase classname="healthApp.HealthEndToEndScript" name="SelectOther" time="5.771"/>
  <testcase classname="healthApp.HealthEndToEndScript" name="Next" time="6.112"/>
  <testcase classname="healthApp.HealthEndToEndScript" name="LinkDr" time="2.648"/>
  <testcase classname="healthApp.HealthEndToEndScript" name="AddtionalInformation" time="1.923"/>
  <testcase classname="healthApp.HealthEndToEndScript" name="MedicalConditionAdd" time="3.799"/>
  <testcase classname="healthApp.HealthEndToEndScript" name="MedicalConditionSelect" time="3.464"/>
  <testcase classname="healthApp.HealthEndToEndScript" name="AddMedicalCondition" time="2.390"/>
  <testcase classname="healthApp.HealthEndToEndScript" name="Allergies" time="2.307"/>
  <testcase classname="healthApp.HealthEndToEndScript" name="Reactions" time="2.864"/>
  <testcase classname="healthApp.HealthEndToEndScript" name="RecurringComplaints" time="2.801"/>
  <testcase classname="healthApp.HealthEndToEndScript" name="HospitalizationHistory" time="2.851"/>
  <testcase classname="healthApp.HealthEndToEndScript" name="HealthHistory" time="2.321"/>
  <testcase classname="healthApp.HealthEndToEndScript" name="GeneticdisoredrAdd" time="3.991"/>
  <testcase classname="healthApp.HealthEndToEndScript" name="GeneticdisoredrSelect" time="13.027"/>
  <testcase classname="healthApp.HealthEndToEndScript" name="AddGeneticdisoredr" time="2.538"/>
  <testcase classname="healthApp.HealthEndToEndScript" name="helathNext" time="2.341"/>
  <testcase classname="healthApp.HealthEndToEndScript" name="FamailyNedicalHistory" time="8.247"/>
  <testcase classname="healthApp.HealthEndToEndScript" name="EnterDisorders" time="10.206"/>
  <testcase classname="healthApp.HealthEndToEndScript" name="FathersName" time="3.221"/>
  <testcase classname="healthApp.HealthEndToEndScript" name="MothersName" time="19.690"/>
  <testcase classname="healthApp.HealthEndToEndScript" name="BookAppointment" time="6.487"/>
  <testcase classname="healthApp.HealthEndToEndScript" name="SelectFamilyMember" time="2.280"/>
  <testcase classname="healthApp.HealthEndToEndScript" name="SelectDoctor" time="5.443"/>
  <testcase classname="healthApp.HealthEndToEndScript" name="Doctor" time="5.242"/>
  <testcase classname="healthApp.HealthEndToEndScript" name="DateClick" time="5.309"/>
  <testcase classname="healthApp.HealthEndToEndScript" name="Time" time="5.497"/>
  <testcase classname="healthApp.HealthEndToEndScript" name="PurposeVisit" time="32.439"/>
  <testcase classname="healthApp.HealthEndToEndScript" name="CreateAppointment" time="5.314"/>
  <testcase classname="healthApp.HealthEndToEndScript" name="Done" time="5.266"/>
  <testcase classname="healthApp.HealthEndToEndScript" name="SelectFamilyMember2" time="10.690"/>
  <testcase classname="healthApp.HealthEndToEndScript" name="AddButton1" time="5.414"/>
  <testcase classname="healthApp.HealthEndToEndScript" name="GrowthRecord1" time="5.587"/>
  <testcase classname="healthApp.HealthEndToEndScript" name="Vital" time="13.568"/>
  <testcase classname="healthApp.HealthEndToEndScript" name="UploadDoc" time="16.089"/>
  <testcase classname="healthApp.HealthEndToEndScript" name="DocumentsDropDown" time="5.239"/>
  <testcase classname="healthApp.HealthEndToEndScript" name="DischargeSummary" time="2.251"/>
  <testcase classname="healthApp.HealthEndToEndScript" name="CreatedBy" time="2.281"/>
  <testcase classname="healthApp.HealthEndToEndScript" name="DocumentOn" time="2.230"/>
  <testcase classname="healthApp.HealthEndToEndScript" name="popUpOk" time="4.290"/>
  <testcase classname="healthApp.HealthEndToEndScript" name="Camera" time="18.091"/>
  <testcase classname="healthApp.HealthEndToEndScript" name="UploadCam" time="7.285"/>
  <testcase classname="healthApp.HealthEndToEndScript" name="UploadCamOk" time="10.772"/>
  <testcase classname="healthApp.HealthEndToEndScript" name="UploadDocuments1" time="2.958"/>
  <testcase classname="healthApp.HealthEndToEndScript" name="DocumentsDropDown1" time="5.263"/>
  <testcase classname="healthApp.HealthEndToEndScript" name="DischargeSummary1" time="2.208"/>
  <testcase classname="healthApp.HealthEndToEndScript" name="CreatedBy1" time="2.768"/>
  <testcase classname="healthApp.HealthEndToEndScript" name="DocumentOn1" time="2.172"/>
  <testcase classname="healthApp.HealthEndToEndScript" name="popUpOk1" time="2.304"/>
  <testcase classname="healthApp.HealthEndToEndScript" name="Gallery" time="2.275"/>
  <testcase classname="healthApp.HealthEndToEndScript" name="photo" time="10.268"/>
  <testcase classname="healthApp.HealthEndToEndScript" name="Upload" time="2.404"/>
  <testcase classname="healthApp.HealthEndToEndScript" name="UploadOk" time="12.421"/>
  <testcase classname="healthApp.HealthEndToEndScript" name="AddButton4" time="10.433"/>
  <testcase classname="healthApp.HealthEndToEndScript" name="BookLabTest11" time="5.644"/>
  <testcase classname="healthApp.HealthEndToEndScript" name="SelectLab" time="5.266"/>
  <testcase classname="healthApp.HealthEndToEndScript" name="ClickLab" time="5.787"/>
  <testcase classname="healthApp.HealthEndToEndScript" name="Comments" time="5.775"/>
  <testcase classname="healthApp.HealthEndToEndScript" name="VaccineLabel" time="16.908"/>
  <testcase classname="healthApp.HealthEndToEndScript" name="BookLabTest1" time="5.300"/>
  <testcase classname="healthApp.HealthEndToEndScript" name="Done2" time="5.495"/>
  <testcase classname="healthApp.HealthEndToEndScript" name="SelectFamilyMember3" time="11.660"/>
  <testcase classname="healthApp.HealthEndToEndScript" name="Immunization" time="5.556"/>
  <testcase classname="healthApp.HealthEndToEndScript" name="Birth" time="30.194"/>
  <testcase classname="healthApp.HealthEndToEndScript" name="PopUpOk" time="15.227"/>
  <testcase classname="healthApp.HealthEndToEndScript" name="AddButton2" time="22.181"/>
  <testcase classname="healthApp.HealthEndToEndScript" name="AllVisits" time="6.631"/>
  <testcase classname="healthApp.HealthEndToEndScript" name="AddVitalsClick" time="6.899"/>
  <testcase classname="healthApp.HealthEndToEndScript" name="AddVitals" time="38.695"/>
  <testcase classname="healthApp.HealthEndToEndScript" name="LipidProfile" time="26.531"/>
</testsuite> <!-- healthApp.HealthEndToEndScript -->
