<?xml version="1.0" encoding="UTF-8"?>
<!-- Generated by org.testng.reporters.JUnitReportReporter -->
<testsuite hostname="DESKTOP-VQLLA2K" failures="0" tests="8" name="webAutoQueue.ViewReceiptInAllDoc" time="65.609" errors="0" timestamp="2023-06-21T15:22:59 IST" skipped="0">
  <testcase classname="webAutoQueue.ViewReceiptInAllDoc" name="numberField" time="0.297"/>
  <system-out/>
  <testcase classname="webAutoQueue.ViewReceiptInAllDoc" name="sendOTP" time="9.566"/>
  <system-out/>
  <testcase classname="webAutoQueue.ViewReceiptInAllDoc" name="verifyButton" time="10.244"/>
  <system-out/>
  <testcase classname="webAutoQueue.ViewReceiptInAllDoc" name="searchBar" time="4.840"/>
  <system-out/>
  <testcase classname="webAutoQueue.ViewReceiptInAllDoc" name="searchOpt" time="3.192"/>
  <system-out/>
  <testcase classname="webAutoQueue.ViewReceiptInAllDoc" name="clickPatient" time="10.377"/>
  <system-out/>
  <testcase classname="webAutoQueue.ViewReceiptInAllDoc" name="Document" time="0.481"/>
  <system-out/>
  <testcase classname="webAutoQueue.ViewReceiptInAllDoc" name="AllDocuments" time="26.612"/>
  <system-out/>
</testsuite> <!-- webAutoQueue.ViewReceiptInAllDoc -->
