<?xml version="1.0" encoding="UTF-8"?>
<!-- Generated by org.testng.reporters.JUnitReportReporter -->
<testsuite hostname="DESKTOP-VQLLA2K" failures="0" tests="17" name="pivotalApplication.FreshReceipt" time="185.911" errors="0" timestamp="2023-09-11T11:26:47 IST" skipped="0">
  <testcase classname="pivotalApplication.FreshReceipt" name="NumberField" time="1.396"/>
  <testcase classname="pivotalApplication.FreshReceipt" name="IAgree" time="2.158"/>
  <testcase classname="pivotalApplication.FreshReceipt" name="proceedButton" time="2.477"/>
  <testcase classname="pivotalApplication.FreshReceipt" name="OTP" time="10.998"/>
  <testcase classname="pivotalApplication.FreshReceipt" name="submit" time="5.445"/>
  <testcase classname="pivotalApplication.FreshReceipt" name="Search" time="10.989"/>
  <testcase classname="pivotalApplication.FreshReceipt" name="ClickPatient" time="18.566"/>
  <testcase classname="pivotalApplication.FreshReceipt" name="Reciept" time="7.628"/>
  <testcase classname="pivotalApplication.FreshReceipt" name="AddNewReceipt" time="10.350"/>
  <testcase classname="pivotalApplication.FreshReceipt" name="ReceiptNo" time="8.350"/>
  <testcase classname="pivotalApplication.FreshReceipt" name="Consultation" time="4.389"/>
  <testcase classname="pivotalApplication.FreshReceipt" name="Vaccination" time="4.924"/>
  <testcase classname="pivotalApplication.FreshReceipt" name="OtherReasons" time="4.378"/>
  <testcase classname="pivotalApplication.FreshReceipt" name="Addmore" time="4.514"/>
  <testcase classname="pivotalApplication.FreshReceipt" name="Preview" time="35.537"/>
  <testcase classname="pivotalApplication.FreshReceipt" name="PayerName" time="2.276"/>
  <testcase classname="pivotalApplication.FreshReceipt" name="CreateReceipt" time="51.536"/>
</testsuite> <!-- pivotalApplication.FreshReceipt -->
