<?xml version="1.0" encoding="UTF-8"?>
<!-- Generated by org.testng.reporters.JUnitReportReporter -->
<testsuite hostname="DESKTOP-VQLLA2K" failures="0" tests="17" name="pivotalApplication.DashBoard" time="334.500" errors="0" timestamp="2023-11-10T17:12:15 IST" skipped="1">
  <testcase classname="pivotalApplication.DashBoard" name="NumberField" time="1.058"/>
  <testcase classname="pivotalApplication.DashBoard" name="IAgree" time="2.203"/>
  <testcase classname="pivotalApplication.DashBoard" name="proceedButton" time="2.473"/>
  <testcase classname="pivotalApplication.DashBoard" name="OTP" time="10.886"/>
  <testcase classname="pivotalApplication.DashBoard" name="submit" time="11.183"/>
  <testcase classname="pivotalApplication.DashBoard" name="PatientList" time="31.502"/>
  <testcase classname="pivotalApplication.DashBoard" name="Appointments" time="10.825"/>
  <testcase classname="pivotalApplication.DashBoard" name="Prescription" time="43.179"/>
  <testcase classname="pivotalApplication.DashBoard" name="Reports" time="49.419"/>
  <testcase classname="pivotalApplication.DashBoard" name="Referrals" time="45.671"/>
  <testcase classname="pivotalApplication.DashBoard" name="VaccineInStore" time="22.134"/>
  <testcase classname="pivotalApplication.DashBoard" name="ViewReports" time="48.635"/>
  <testcase classname="pivotalApplication.DashBoard" name="MyNotes" time="26.408"/>
  <testcase classname="pivotalApplication.DashBoard" name="ShareHealth" time="11.702"/>
  <testcase classname="pivotalApplication.DashBoard" name="WhatsNew" time="10.551"/>
  <testcase classname="pivotalApplication.DashBoard" name="DashboardData" time="6.671"/>
  <testcase classname="pivotalApplication.DashBoard" name="HealthApp">
    <skipped/>
  </testcase> <!-- HealthApp -->
</testsuite> <!-- pivotalApplication.DashBoard -->
