<?xml version="1.0" encoding="UTF-8"?>
<!-- Generated by org.testng.reporters.JUnitReportReporter -->
<testsuite hostname="DESKTOP-VQLLA2K" failures="0" tests="19" name="pivotalApplication.UploadDocument$CreateRequisition" time="63.710" errors="0" timestamp="2023-06-08T11:54:37 IST" skipped="0">
  <testcase classname="pivotalApplication.UploadDocument$CreateRequisition" name="NumberField" time="0.971"/>
  <system-out/>
  <testcase classname="pivotalApplication.UploadDocument$CreateRequisition" name="IAgree" time="2.193"/>
  <system-out/>
  <testcase classname="pivotalApplication.UploadDocument$CreateRequisition" name="proceedButton" time="2.459"/>
  <system-out/>
  <testcase classname="pivotalApplication.UploadDocument$CreateRequisition" name="OTP" time="10.835"/>
  <system-out/>
  <testcase classname="pivotalApplication.UploadDocument$CreateRequisition" name="submit" time="2.407"/>
  <system-out/>
  <testcase classname="pivotalApplication.UploadDocument$CreateRequisition" name="Search" time="8.090"/>
  <system-out/>
  <testcase classname="pivotalApplication.UploadDocument$CreateRequisition" name="close" time="4.495"/>
  <system-out/>
  <testcase classname="pivotalApplication.UploadDocument$CreateRequisition" name="ClickPatient" time="2.428"/>
  <system-out/>
  <testcase classname="pivotalApplication.UploadDocument$CreateRequisition" name="UploadDocuments" time="2.899"/>
  <system-out/>
  <testcase classname="pivotalApplication.UploadDocument$CreateRequisition" name="DocumentsDropDown" time="5.308"/>
  <system-out/>
  <testcase classname="pivotalApplication.UploadDocument$CreateRequisition" name="DischargeSummary" time="2.324"/>
  <system-out/>
  <testcase classname="pivotalApplication.UploadDocument$CreateRequisition" name="CreatedBy" time="2.851"/>
  <system-out/>
  <testcase classname="pivotalApplication.UploadDocument$CreateRequisition" name="DocumentOn" time="2.315"/>
  <system-out/>
  <testcase classname="pivotalApplication.UploadDocument$CreateRequisition" name="popUpOk" time="2.361"/>
  <system-out/>
  <testcase classname="pivotalApplication.UploadDocument$CreateRequisition" name="Gallary" time="2.379"/>
  <system-out/>
  <testcase classname="pivotalApplication.UploadDocument$CreateRequisition" name="CameraAllow" time="2.269"/>
  <system-out/>
  <testcase classname="pivotalApplication.UploadDocument$CreateRequisition" name="photo" time="2.577"/>
  <system-out/>
  <testcase classname="pivotalApplication.UploadDocument$CreateRequisition" name="Upload" time="2.319"/>
  <system-out/>
  <testcase classname="pivotalApplication.UploadDocument$CreateRequisition" name="UploadOk" time="2.230"/>
  <system-out/>
</testsuite> <!-- pivotalApplication.UploadDocument$CreateRequisition -->
