<?xml version="1.0" encoding="UTF-8"?>
<!-- Generated by org.testng.reporters.JUnitReportReporter -->
<testsuite hostname="DESKTOP-VQLLA2K" failures="0" tests="8" name="webAutoQueue.DeleteReceiptQ" time="66.430" errors="0" timestamp="2023-06-19T15:38:00 IST" skipped="0">
  <testcase classname="webAutoQueue.DeleteReceiptQ" name="numberField" time="0.357"/>
  <system-out/>
  <testcase classname="webAutoQueue.DeleteReceiptQ" name="sendOTP" time="8.932"/>
  <system-out/>
  <testcase classname="webAutoQueue.DeleteReceiptQ" name="verifyButton" time="10.285"/>
  <system-out/>
  <testcase classname="webAutoQueue.DeleteReceiptQ" name="searchBar" time="6.086"/>
  <system-out/>
  <testcase classname="webAutoQueue.DeleteReceiptQ" name="searchOpt" time="3.172"/>
  <system-out/>
  <testcase classname="webAutoQueue.DeleteReceiptQ" name="clickPatient" time="10.447"/>
  <system-out/>
  <testcase classname="webAutoQueue.DeleteReceiptQ" name="Document" time="0.654"/>
  <system-out/>
  <testcase classname="webAutoQueue.DeleteReceiptQ" name="cirtificateOption" time="26.497"/>
  <system-out/>
</testsuite> <!-- webAutoQueue.DeleteReceiptQ -->
