<?xml version="1.0" encoding="UTF-8"?>
<!-- Generated by org.testng.reporters.JUnitReportReporter -->
<testsuite hostname="DESKTOP-VQLLA2K" failures="0" tests="5" name="healthApp.HealthLogin" time="38.433" errors="0" timestamp="2023-12-07T17:15:18 IST" skipped="0">
  <testcase classname="healthApp.HealthLogin" name="NumberField" time="11.948"/>
  <testcase classname="healthApp.HealthLogin" name="IAgree" time="2.187"/>
  <testcase classname="healthApp.HealthLogin" name="proceedButton" time="5.314"/>
  <testcase classname="healthApp.HealthLogin" name="OTP" time="16.252"/>
  <testcase classname="healthApp.HealthLogin" name="Verify" time="2.732"/>
</testsuite> <!-- healthApp.HealthLogin -->
