<?xml version="1.0" encoding="UTF-8"?>
<!-- Generated by org.testng.reporters.JUnitReportReporter -->
<testsuite hostname="DESKTOP-VQLLA2K" failures="0" tests="3" name="webAutoQueue.LogIn1" time="19.530" errors="0" timestamp="2023-06-16T14:40:12 IST" skipped="0">
  <testcase classname="webAutoQueue.LogIn1" name="numberField" time="0.433"/>
  <system-out/>
  <testcase classname="webAutoQueue.LogIn1" name="sendOTP" time="8.822"/>
  <system-out/>
  <testcase classname="webAutoQueue.LogIn1" name="verifyButton" time="10.275"/>
  <system-out/>
</testsuite> <!-- webAutoQueue.LogIn1 -->
