<?xml version="1.0" encoding="UTF-8"?>
<!-- Generated by org.testng.reporters.JUnitReportReporter -->
<testsuite hostname="DESKTOP-VQLLA2K" failures="0" tests="8" name="webAuto.ViewCirtificate" time="65.281" errors="0" timestamp="2023-08-24T15:56:59 IST" skipped="0">
  <testcase classname="webAuto.ViewCirtificate" name="numberField" time="0.305"/>
  <testcase classname="webAuto.ViewCirtificate" name="sendOTP" time="8.508"/>
  <testcase classname="webAuto.ViewCirtificate" name="verifyButton" time="10.412"/>
  <testcase classname="webAuto.ViewCirtificate" name="searchBar" time="4.745"/>
  <testcase classname="webAuto.ViewCirtificate" name="searchOpt" time="3.176"/>
  <testcase classname="webAuto.ViewCirtificate" name="clickPatient" time="11.143"/>
  <testcase classname="webAuto.ViewCirtificate" name="Document" time="0.443"/>
  <testcase classname="webAuto.ViewCirtificate" name="cirtificateOption" time="26.549"/>
</testsuite> <!-- webAuto.ViewCirtificate -->
