<?xml version="1.0" encoding="UTF-8"?>
<!-- Generated by org.testng.reporters.JUnitReportReporter -->
<testsuite hostname="DESKTOP-VQLLA2K" failures="0" tests="32" name="healthApp.HealthAdultFamilyMember" time="228.192" errors="0" timestamp="2023-09-20T15:16:42 IST" skipped="0">
  <testcase classname="healthApp.HealthAdultFamilyMember" name="NumberField" time="12.431"/>
  <testcase classname="healthApp.HealthAdultFamilyMember" name="IAgree" time="1.744"/>
  <testcase classname="healthApp.HealthAdultFamilyMember" name="proceedButton" time="5.418"/>
  <testcase classname="healthApp.HealthAdultFamilyMember" name="OTP" time="16.007"/>
  <testcase classname="healthApp.HealthAdultFamilyMember" name="Verify" time="7.452"/>
  <testcase classname="healthApp.HealthAdultFamilyMember" name="Family" time="5.901"/>
  <testcase classname="healthApp.HealthAdultFamilyMember" name="AddFamilyMember" time="5.872"/>
  <testcase classname="healthApp.HealthAdultFamilyMember" name="FirstName" time="5.928"/>
  <testcase classname="healthApp.HealthAdultFamilyMember" name="MiddleName" time="5.964"/>
  <testcase classname="healthApp.HealthAdultFamilyMember" name="Birthdate" time="50.469"/>
  <testcase classname="healthApp.HealthAdultFamilyMember" name="Male" time="5.486"/>
  <testcase classname="healthApp.HealthAdultFamilyMember" name="SaveAndNext" time="10.762"/>
  <testcase classname="healthApp.HealthAdultFamilyMember" name="SelectClick" time="5.704"/>
  <testcase classname="healthApp.HealthAdultFamilyMember" name="SelectOther" time="5.381"/>
  <testcase classname="healthApp.HealthAdultFamilyMember" name="Next" time="5.701"/>
  <testcase classname="healthApp.HealthAdultFamilyMember" name="LinkDr" time="1.174"/>
  <testcase classname="healthApp.HealthAdultFamilyMember" name="AddtionalInformation" time="1.997"/>
  <testcase classname="healthApp.HealthAdultFamilyMember" name="MedicalConditionAdd" time="3.927"/>
  <testcase classname="healthApp.HealthAdultFamilyMember" name="MedicalConditionSelect" time="3.922"/>
  <testcase classname="healthApp.HealthAdultFamilyMember" name="AddMedicalCondition" time="2.436"/>
  <testcase classname="healthApp.HealthAdultFamilyMember" name="Allergies" time="2.884"/>
  <testcase classname="healthApp.HealthAdultFamilyMember" name="Reactions" time="2.880"/>
  <testcase classname="healthApp.HealthAdultFamilyMember" name="RecurringComplaints" time="2.414"/>
  <testcase classname="healthApp.HealthAdultFamilyMember" name="HospitalizationHistory" time="2.361"/>
  <testcase classname="healthApp.HealthAdultFamilyMember" name="HealthHistory" time="2.860"/>
  <testcase classname="healthApp.HealthAdultFamilyMember" name="GeneticdisoredrAdd" time="2.363"/>
  <testcase classname="healthApp.HealthAdultFamilyMember" name="GeneticdisoredrSelect" time="13.662"/>
  <testcase classname="healthApp.HealthAdultFamilyMember" name="AddGeneticdisoredr" time="2.534"/>
  <testcase classname="healthApp.HealthAdultFamilyMember" name="helathNext" time="2.436"/>
  <testcase classname="healthApp.HealthAdultFamilyMember" name="FamailyNedicalHistory" time="8.366"/>
  <testcase classname="healthApp.HealthAdultFamilyMember" name="EnterDisorders" time="9.148"/>
  <testcase classname="healthApp.HealthAdultFamilyMember" name="MothersName" time="12.608"/>
</testsuite> <!-- healthApp.HealthAdultFamilyMember -->
