<?xml version="1.0" encoding="UTF-8"?>
<!-- Generated by org.testng.reporters.JUnitReportReporter -->
<testsuite hostname="DESKTOP-VQLLA2K" failures="0" tests="11" name="pivotalApplication.LinkDoctor" time="102.696" errors="0" timestamp="2023-08-31T11:04:48 IST" skipped="0">
  <testcase classname="pivotalApplication.LinkDoctor" name="NumberField" time="1.440"/>
  <testcase classname="pivotalApplication.LinkDoctor" name="IAgree" time="2.173"/>
  <testcase classname="pivotalApplication.LinkDoctor" name="proceedButton" time="2.432"/>
  <testcase classname="pivotalApplication.LinkDoctor" name="OTP" time="11.212"/>
  <testcase classname="pivotalApplication.LinkDoctor" name="submit" time="5.308"/>
  <testcase classname="pivotalApplication.LinkDoctor" name="Search" time="11.171"/>
  <testcase classname="pivotalApplication.LinkDoctor" name="ClickPatient" time="18.757"/>
  <testcase classname="pivotalApplication.LinkDoctor" name="LinkPatient" time="7.601"/>
  <testcase classname="pivotalApplication.LinkDoctor" name="DrMobileNumber" time="10.204"/>
  <testcase classname="pivotalApplication.LinkDoctor" name="SearchDr" time="17.195"/>
  <testcase classname="pivotalApplication.LinkDoctor" name="Link" time="15.203"/>
</testsuite> <!-- pivotalApplication.LinkDoctor -->
