<?xml version="1.0" encoding="UTF-8"?>
<!-- Generated by org.testng.reporters.JUnitReportReporter -->
<testsuite hostname="DESKTOP-VQLLA2K" failures="0" tests="17" name="pivotalApplication.ImmunizationCerificate" time="84.647" errors="0" timestamp="2023-09-04T10:56:38 IST" skipped="0">
  <testcase classname="pivotalApplication.ImmunizationCerificate" name="NumberField" time="0.882"/>
  <testcase classname="pivotalApplication.ImmunizationCerificate" name="IAgree" time="2.162"/>
  <testcase classname="pivotalApplication.ImmunizationCerificate" name="proceedButton" time="2.400"/>
  <testcase classname="pivotalApplication.ImmunizationCerificate" name="OTP" time="11.116"/>
  <testcase classname="pivotalApplication.ImmunizationCerificate" name="submit" time="5.237"/>
  <testcase classname="pivotalApplication.ImmunizationCerificate" name="Search" time="8.152"/>
  <testcase classname="pivotalApplication.ImmunizationCerificate" name="close" time="4.504"/>
  <testcase classname="pivotalApplication.ImmunizationCerificate" name="ClickPatient" time="2.443"/>
  <testcase classname="pivotalApplication.ImmunizationCerificate" name="ImmunizationClick" time="3.565"/>
  <testcase classname="pivotalApplication.ImmunizationCerificate" name="Records" time="5.817"/>
  <testcase classname="pivotalApplication.ImmunizationCerificate" name="Certificates" time="6.207"/>
  <testcase classname="pivotalApplication.ImmunizationCerificate" name="SelectVaciines" time="5.295"/>
  <testcase classname="pivotalApplication.ImmunizationCerificate" name="Proceed" time="5.639"/>
  <testcase classname="pivotalApplication.ImmunizationCerificate" name="SpecialityDropdown" time="5.367"/>
  <testcase classname="pivotalApplication.ImmunizationCerificate" name="DefaultV3" time="5.248"/>
  <testcase classname="pivotalApplication.ImmunizationCerificate" name="Preview" time="5.336"/>
  <testcase classname="pivotalApplication.ImmunizationCerificate" name="Print" time="5.277"/>
</testsuite> <!-- pivotalApplication.ImmunizationCerificate -->
