<?xml version="1.0" encoding="UTF-8"?>
<!-- Generated by org.testng.reporters.JUnitReportReporter -->
<testsuite hostname="DESKTOP-VQLLA2K" failures="0" tests="3" name="webAutoQueueNegative.FavouriteMedicineQ" time="64.057" errors="0" timestamp="2023-06-20T18:13:50 IST" skipped="0">
  <testcase classname="webAutoQueueNegative.FavouriteMedicineQ" name="numberField" time="1.282"/>
  <system-out/>
  <testcase classname="webAutoQueueNegative.FavouriteMedicineQ" name="sendOTP" time="25.065"/>
  <system-out/>
  <testcase classname="webAutoQueueNegative.FavouriteMedicineQ" name="verifyButton" time="37.710"/>
  <system-out/>
</testsuite> <!-- webAutoQueueNegative.FavouriteMedicineQ -->
