<?xml version="1.0" encoding="UTF-8"?>
<!-- Generated by org.testng.reporters.JUnitReportReporter -->
<testsuite hostname="DESKTOP-VQLLA2K" failures="0" tests="31" name="webAuto.NewAdultOverview" time="196.377" errors="0" timestamp="2023-08-02T14:49:29 IST" skipped="0">
  <testcase classname="webAuto.NewAdultOverview" name="numberField" time="0.749"/>
  <system-out/>
  <testcase classname="webAuto.NewAdultOverview" name="sendOTP" time="7.546"/>
  <system-out/>
  <testcase classname="webAuto.NewAdultOverview" name="verifyButton" time="10.556"/>
  <system-out/>
  <testcase classname="webAuto.NewAdultOverview" name="createPatient" time="7.409"/>
  <system-out/>
  <testcase classname="webAuto.NewAdultOverview" name="Number1" time="1.865"/>
  <system-out/>
  <testcase classname="webAuto.NewAdultOverview" name="confirm" time="2.704"/>
  <system-out/>
  <testcase classname="webAuto.NewAdultOverview" name="number2" time="1.101"/>
  <system-out/>
  <testcase classname="webAuto.NewAdultOverview" name="firstName" time="0.543"/>
  <system-out/>
  <testcase classname="webAuto.NewAdultOverview" name="middleName" time="0.669"/>
  <system-out/>
  <testcase classname="webAuto.NewAdultOverview" name="lastName" time="0.782"/>
  <system-out/>
  <testcase classname="webAuto.NewAdultOverview" name="birthDate" time="4.057"/>
  <system-out/>
  <testcase classname="webAuto.NewAdultOverview" name="genFemale" time="0.579"/>
  <system-out/>
  <testcase classname="webAuto.NewAdultOverview" name="address" time="1.801"/>
  <system-out/>
  <testcase classname="webAuto.NewAdultOverview" name="locality" time="1.337"/>
  <system-out/>
  <testcase classname="webAuto.NewAdultOverview" name="city" time="1.162"/>
  <system-out/>
  <testcase classname="webAuto.NewAdultOverview" name="pinCode" time="1.094"/>
  <system-out/>
  <testcase classname="webAuto.NewAdultOverview" name="prefferedLanguage" time="1.185"/>
  <system-out/>
  <testcase classname="webAuto.NewAdultOverview" name="nextButton" time="15.309"/>
  <system-out/>
  <testcase classname="webAuto.NewAdultOverview" name="clickClose" time="0.973"/>
  <system-out/>
  <testcase classname="webAuto.NewAdultOverview" name="BloodGroups" time="0.620"/>
  <system-out/>
  <testcase classname="webAuto.NewAdultOverview" name="Habits" time="0.179"/>
  <system-out/>
  <testcase classname="webAuto.NewAdultOverview" name="HealthNext" time="15.210"/>
  <system-out/>
  <testcase classname="webAuto.NewAdultOverview" name="HealthProfile" time="19.856"/>
  <system-out/>
  <testcase classname="webAuto.NewAdultOverview" name="FamilyProfile" time="20.461"/>
  <system-out/>
  <testcase classname="webAuto.NewAdultOverview" name="EditPatientProfile" time="7.592"/>
  <system-out/>
  <testcase classname="webAuto.NewAdultOverview" name="PatientProfile" time="5.479"/>
  <system-out/>
  <testcase classname="webAuto.NewAdultOverview" name="AdditionalInformation" time="5.466"/>
  <system-out/>
  <testcase classname="webAuto.NewAdultOverview" name="Notes" time="15.551"/>
  <system-out/>
  <testcase classname="webAuto.NewAdultOverview" name="LinkPatient" time="16.128"/>
  <system-out/>
  <testcase classname="webAuto.NewAdultOverview" name="History" time="15.904"/>
  <system-out/>
  <testcase classname="webAuto.NewAdultOverview" name="DeletePatient" time="12.510"/>
  <system-out/>
</testsuite> <!-- webAuto.NewAdultOverview -->
