<?xml version="1.0" encoding="UTF-8"?>
<!-- Generated by org.testng.reporters.JUnitReportReporter -->
<testsuite hostname="DESKTOP-VQLLA2K" failures="0" tests="175" name="pivotalApplication.PivotalEndToEndWorkflow" time="838.906" errors="39" timestamp="2023-09-01T11:59:27 IST" skipped="0">
  <testcase classname="pivotalApplication.PivotalEndToEndWorkflow" name="NumberField" time="1.364"/>
  <testcase classname="pivotalApplication.PivotalEndToEndWorkflow" name="IAgree" time="2.200"/>
  <testcase classname="pivotalApplication.PivotalEndToEndWorkflow" name="proceedButton" time="2.418"/>
  <testcase classname="pivotalApplication.PivotalEndToEndWorkflow" name="OTP" time="11.622"/>
  <testcase classname="pivotalApplication.PivotalEndToEndWorkflow" name="submit" time="5.453"/>
  <testcase classname="pivotalApplication.PivotalEndToEndWorkflow" name="Createptient" time="4.393"/>
  <testcase classname="pivotalApplication.PivotalEndToEndWorkflow" name="Neweptient" time="12.321"/>
  <testcase classname="pivotalApplication.PivotalEndToEndWorkflow" name="Close" time="5.152"/>
  <testcase classname="pivotalApplication.PivotalEndToEndWorkflow" name="MobileNumber1" time="3.077"/>
  <testcase classname="pivotalApplication.PivotalEndToEndWorkflow" name="confirm" time="4.620"/>
  <testcase classname="pivotalApplication.PivotalEndToEndWorkflow" name="confirmPopup" time="4.714"/>
  <testcase classname="pivotalApplication.PivotalEndToEndWorkflow" name="AdditionalNumber1" time="2.568"/>
  <testcase classname="pivotalApplication.PivotalEndToEndWorkflow" name="FirstName" time="5.068"/>
  <testcase classname="pivotalApplication.PivotalEndToEndWorkflow" name="MiddleName" time="5.038"/>
  <testcase classname="pivotalApplication.PivotalEndToEndWorkflow" name="LastName" time="4.999"/>
  <testcase classname="pivotalApplication.PivotalEndToEndWorkflow" name="BirthCalender" time="5.089"/>
  <testcase classname="pivotalApplication.PivotalEndToEndWorkflow" name="Birthok" time="4.393"/>
  <testcase classname="pivotalApplication.PivotalEndToEndWorkflow" name="GenFemale" time="4.476"/>
  <testcase classname="pivotalApplication.PivotalEndToEndWorkflow" name="Address" time="2.447"/>
  <testcase classname="pivotalApplication.PivotalEndToEndWorkflow" name="Area" time="2.935"/>
  <testcase classname="pivotalApplication.PivotalEndToEndWorkflow" name="City" time="2.466"/>
  <testcase classname="pivotalApplication.PivotalEndToEndWorkflow" name="PinCode" time="2.466"/>
  <testcase classname="pivotalApplication.PivotalEndToEndWorkflow" name="Next" time="16.250"/>
  <testcase classname="pivotalApplication.PivotalEndToEndWorkflow" name="ContinueProfile" time="10.896"/>
  <testcase classname="pivotalApplication.PivotalEndToEndWorkflow" name="TypeOfDelivery" time="2.446"/>
  <testcase classname="pivotalApplication.PivotalEndToEndWorkflow" name="TypeOfDeliveryNormal" time="2.259"/>
  <testcase classname="pivotalApplication.PivotalEndToEndWorkflow" name="weightl" time="2.382"/>
  <testcase classname="pivotalApplication.PivotalEndToEndWorkflow" name="Heightl" time="2.798"/>
  <testcase classname="pivotalApplication.PivotalEndToEndWorkflow" name="HC" time="2.337"/>
  <testcase classname="pivotalApplication.PivotalEndToEndWorkflow" name="CC" time="2.344"/>
  <testcase classname="pivotalApplication.PivotalEndToEndWorkflow" name="BPSYS" time="2.669"/>
  <testcase classname="pivotalApplication.PivotalEndToEndWorkflow" name="BPDia" time="2.400"/>
  <testcase classname="pivotalApplication.PivotalEndToEndWorkflow" name="BloodGroup" time="2.419"/>
  <testcase classname="pivotalApplication.PivotalEndToEndWorkflow" name="BloodGroupA" time="2.381"/>
  <testcase classname="pivotalApplication.PivotalEndToEndWorkflow" name="BirthHistoryNext" time="7.448"/>
  <testcase classname="pivotalApplication.PivotalEndToEndWorkflow" name="MedicalConditionAdd" time="3.872"/>
  <testcase classname="pivotalApplication.PivotalEndToEndWorkflow" name="MedicalConditionSelect" time="3.921"/>
  <testcase classname="pivotalApplication.PivotalEndToEndWorkflow" name="AddMedicalCondition" time="2.845"/>
  <testcase classname="pivotalApplication.PivotalEndToEndWorkflow" name="Allergies" time="2.884"/>
  <testcase classname="pivotalApplication.PivotalEndToEndWorkflow" name="Reactions" time="2.363"/>
  <testcase classname="pivotalApplication.PivotalEndToEndWorkflow" name="RecurringComplaints" time="2.358"/>
  <testcase classname="pivotalApplication.PivotalEndToEndWorkflow" name="HospitalizationHistory" time="2.380"/>
  <testcase classname="pivotalApplication.PivotalEndToEndWorkflow" name="HealthHistory" time="3.245"/>
  <testcase classname="pivotalApplication.PivotalEndToEndWorkflow" name="GeneticdisoredrAdd" time="4.469"/>
  <testcase classname="pivotalApplication.PivotalEndToEndWorkflow" name="GeneticdisoredrSelect" time="12.993"/>
  <testcase classname="pivotalApplication.PivotalEndToEndWorkflow" name="AddGeneticdisoredr" time="2.522"/>
  <testcase classname="pivotalApplication.PivotalEndToEndWorkflow" name="OtherEmailId" time="2.867"/>
  <testcase classname="pivotalApplication.PivotalEndToEndWorkflow" name="helathNext" time="2.402"/>
  <testcase classname="pivotalApplication.PivotalEndToEndWorkflow" name="FathersName" time="3.050"/>
  <testcase classname="pivotalApplication.PivotalEndToEndWorkflow" name="MothersName" time="2.805"/>
  <testcase classname="pivotalApplication.PivotalEndToEndWorkflow" name="Fatherheight" time="6.517"/>
  <testcase classname="pivotalApplication.PivotalEndToEndWorkflow" name="Mothersheight" time="6.081"/>
  <testcase classname="pivotalApplication.PivotalEndToEndWorkflow" name="FamailyNedicalHistory" time="5.902">
    <error message="An element could not be located on the page using the given search parameters.
For documentation on this error, please visit: https://selenium.dev/exceptions/#no_such_element
Build info: version: &#039;4.9.1&#039;, revision: &#039;eb2032df7f&#039;
System info: os.name: &#039;Windows 10&#039;, os.arch: &#039;amd64&#039;, os.version: &#039;10.0&#039;, java.version: &#039;17.0.5&#039;
Driver info: io.appium.java_client.AppiumDriver
Command: [20ea10f1-6e5c-4b36-acae-16d429832c48, findElement {using=xpath, value=//*[@text=&#039;Diabetes&#039;]}]
Capabilities {appium:app: D:\pivotalapp-20-june.apk, appium:appActivity: com.calculator_apps.MainAct..., appium:appPackage: com.calculator_apps, appium:automationName: UiAutomator2, appium:databaseEnabled: false, appium:desired: {app: D:\pivotalapp-20-june.apk, appActivity: com.calculator_apps.MainAct..., appPackage: com.calculator_apps, automationName: UiAutomator2, deviceName: samsung, platformName: ANDROID, platformVersion: 10}, appium:deviceApiLevel: 29, appium:deviceManufacturer: samsung, appium:deviceModel: SM-A305F, appium:deviceName: RZ8M5181Y3M, appium:deviceScreenDensity: 420, appium:deviceScreenSize: 1080x2340, appium:deviceUDID: RZ8M5181Y3M, appium:javascriptEnabled: true, appium:locationContextEnabled: false, appium:networkConnectionEnabled: true, appium:pixelRatio: 2.625, appium:platformVersion: 10, appium:statBarHeight: 83, appium:takesScreenshot: true, appium:viewportRect: {height: 2048, left: 0, top: 83, width: 1080}, appium:warnings: {}, appium:webStorageEnabled: false, platformName: ANDROID}
Session ID: 20ea10f1-6e5c-4b36-acae-16d429832c48" type="org.openqa.selenium.NoSuchElementException">
      <![CDATA[org.openqa.selenium.NoSuchElementException: An element could not be located on the page using the given search parameters.
For documentation on this error, please visit: https://selenium.dev/exceptions/#no_such_element
Build info: version: '4.9.1', revision: 'eb2032df7f'
System info: os.name: 'Windows 10', os.arch: 'amd64', os.version: '10.0', java.version: '17.0.5'
Driver info: io.appium.java_client.AppiumDriver
Command: [20ea10f1-6e5c-4b36-acae-16d429832c48, findElement {using=xpath, value=//*[@text='Diabetes']}]
Capabilities {appium:app: D:\pivotalapp-20-june.apk, appium:appActivity: com.calculator_apps.MainAct..., appium:appPackage: com.calculator_apps, appium:automationName: UiAutomator2, appium:databaseEnabled: false, appium:desired: {app: D:\pivotalapp-20-june.apk, appActivity: com.calculator_apps.MainAct..., appPackage: com.calculator_apps, automationName: UiAutomator2, deviceName: samsung, platformName: ANDROID, platformVersion: 10}, appium:deviceApiLevel: 29, appium:deviceManufacturer: samsung, appium:deviceModel: SM-A305F, appium:deviceName: RZ8M5181Y3M, appium:deviceScreenDensity: 420, appium:deviceScreenSize: 1080x2340, appium:deviceUDID: RZ8M5181Y3M, appium:javascriptEnabled: true, appium:locationContextEnabled: false, appium:networkConnectionEnabled: true, appium:pixelRatio: 2.625, appium:platformVersion: 10, appium:statBarHeight: 83, appium:takesScreenshot: true, appium:viewportRect: {height: 2048, left: 0, top: 83, width: 1080}, appium:warnings: {}, appium:webStorageEnabled: false, platformName: ANDROID}
Session ID: 20ea10f1-6e5c-4b36-acae-16d429832c48
at java.base/jdk.internal.reflect.NativeConstructorAccessorImpl.newInstance0(Native Method)
at java.base/jdk.internal.reflect.NativeConstructorAccessorImpl.newInstance(NativeConstructorAccessorImpl.java:77)
at java.base/jdk.internal.reflect.DelegatingConstructorAccessorImpl.newInstance(DelegatingConstructorAccessorImpl.java:45)
at java.base/java.lang.reflect.Constructor.newInstanceWithCaller(Constructor.java:499)
at java.base/java.lang.reflect.Constructor.newInstance(Constructor.java:480)
at org.openqa.selenium.remote.codec.w3c.W3CHttpResponseCodec.createException(W3CHttpResponseCodec.java:200)
at org.openqa.selenium.remote.codec.w3c.W3CHttpResponseCodec.decode(W3CHttpResponseCodec.java:133)
at org.openqa.selenium.remote.codec.w3c.W3CHttpResponseCodec.decode(W3CHttpResponseCodec.java:53)
at org.openqa.selenium.remote.HttpCommandExecutor.execute(HttpCommandExecutor.java:193)
at io.appium.java_client.remote.AppiumCommandExecutor.execute(AppiumCommandExecutor.java:262)
at org.openqa.selenium.remote.RemoteWebDriver.execute(RemoteWebDriver.java:543)
at org.openqa.selenium.remote.ElementLocation$ElementFinder$2.findElement(ElementLocation.java:162)
at org.openqa.selenium.remote.ElementLocation.findElement(ElementLocation.java:60)
at org.openqa.selenium.remote.RemoteWebDriver.findElement(RemoteWebDriver.java:352)
at org.openqa.selenium.remote.RemoteWebDriver.findElement(RemoteWebDriver.java:344)
at pivotalApplication.PivotalEndToEndWorkflow.FamailyNedicalHistory(PivotalEndToEndWorkflow.java:593)
at java.base/jdk.internal.reflect.NativeMethodAccessorImpl.invoke0(Native Method)
at java.base/jdk.internal.reflect.NativeMethodAccessorImpl.invoke(NativeMethodAccessorImpl.java:77)
at java.base/jdk.internal.reflect.DelegatingMethodAccessorImpl.invoke(DelegatingMethodAccessorImpl.java:43)
at java.base/java.lang.reflect.Method.invoke(Method.java:568)
at org.testng.internal.invokers.MethodInvocationHelper.invokeMethod(MethodInvocationHelper.java:139)
at org.testng.internal.invokers.TestInvoker.invokeMethod(TestInvoker.java:664)
at org.testng.internal.invokers.TestInvoker.invokeTestMethod(TestInvoker.java:227)
at org.testng.internal.invokers.MethodRunner.runInSequence(MethodRunner.java:50)
at org.testng.internal.invokers.TestInvoker$MethodInvocationAgent.invoke(TestInvoker.java:957)
at org.testng.internal.invokers.TestInvoker.invokeTestMethods(TestInvoker.java:200)
at org.testng.internal.invokers.TestMethodWorker.invokeTestMethods(TestMethodWorker.java:148)
at org.testng.internal.invokers.TestMethodWorker.run(TestMethodWorker.java:128)
at java.base/java.util.ArrayList.forEach(ArrayList.java:1511)
at org.testng.TestRunner.privateRun(TestRunner.java:848)
at org.testng.TestRunner.run(TestRunner.java:621)
at org.testng.SuiteRunner.runTest(SuiteRunner.java:443)
at org.testng.SuiteRunner.runSequentially(SuiteRunner.java:437)
at org.testng.SuiteRunner.privateRun(SuiteRunner.java:397)
at org.testng.SuiteRunner.run(SuiteRunner.java:336)
at org.testng.SuiteRunnerWorker.runSuite(SuiteRunnerWorker.java:52)
at org.testng.SuiteRunnerWorker.run(SuiteRunnerWorker.java:95)
at org.testng.TestNG.runSuitesSequentially(TestNG.java:1280)
at org.testng.TestNG.runSuitesLocally(TestNG.java:1200)
at org.testng.TestNG.runSuites(TestNG.java:1114)
at org.testng.TestNG.run(TestNG.java:1082)
at org.testng.remote.AbstractRemoteTestNG.run(AbstractRemoteTestNG.java:115)
at org.testng.remote.RemoteTestNG.initAndRun(RemoteTestNG.java:251)
at org.testng.remote.RemoteTestNG.main(RemoteTestNG.java:77)
]]>
    </error>
  </testcase> <!-- FamailyNedicalHistory -->
  <testcase classname="pivotalApplication.PivotalEndToEndWorkflow" name="EnterDisorders" time="14.269"/>
  <testcase classname="pivotalApplication.PivotalEndToEndWorkflow" name="AddVital" time="5.347"/>
  <testcase classname="pivotalApplication.PivotalEndToEndWorkflow" name="weight" time="0.295"/>
  <testcase classname="pivotalApplication.PivotalEndToEndWorkflow" name="Height" time="6.033"/>
  <testcase classname="pivotalApplication.PivotalEndToEndWorkflow" name="HC1" time="5.398"/>
  <testcase classname="pivotalApplication.PivotalEndToEndWorkflow" name="CC1" time="5.309"/>
  <testcase classname="pivotalApplication.PivotalEndToEndWorkflow" name="Temperature" time="5.865"/>
  <testcase classname="pivotalApplication.PivotalEndToEndWorkflow" name="SPO2" time="11.801"/>
  <testcase classname="pivotalApplication.PivotalEndToEndWorkflow" name="UpArrow" time="10.756"/>
  <testcase classname="pivotalApplication.PivotalEndToEndWorkflow" name="BPSYS1" time="5.362"/>
  <testcase classname="pivotalApplication.PivotalEndToEndWorkflow" name="BPDIA" time="5.866"/>
  <testcase classname="pivotalApplication.PivotalEndToEndWorkflow" name="HeartRate" time="6.945"/>
  <testcase classname="pivotalApplication.PivotalEndToEndWorkflow" name="Pulse" time="11.662"/>
  <testcase classname="pivotalApplication.PivotalEndToEndWorkflow" name="BloodSugar" time="6.299"/>
  <testcase classname="pivotalApplication.PivotalEndToEndWorkflow" name="BloodSugarf" time="5.839"/>
  <testcase classname="pivotalApplication.PivotalEndToEndWorkflow" name="BloodSugarPP" time="5.855"/>
  <testcase classname="pivotalApplication.PivotalEndToEndWorkflow" name="BloodSugarHB" time="12.873"/>
  <testcase classname="pivotalApplication.PivotalEndToEndWorkflow" name="CholesterolHDL" time="6.223"/>
  <testcase classname="pivotalApplication.PivotalEndToEndWorkflow" name="CholesterolLDL" time="5.986"/>
  <testcase classname="pivotalApplication.PivotalEndToEndWorkflow" name="TotalCholesterol" time="5.276"/>
  <testcase classname="pivotalApplication.PivotalEndToEndWorkflow" name="Triglycerides" time="5.982"/>
  <testcase classname="pivotalApplication.PivotalEndToEndWorkflow" name="Save" time="5.434"/>
  <testcase classname="pivotalApplication.PivotalEndToEndWorkflow" name="Appointment" time="21.264"/>
  <testcase classname="pivotalApplication.PivotalEndToEndWorkflow" name="SlotTime" time="10.295"/>
  <testcase classname="pivotalApplication.PivotalEndToEndWorkflow" name="Time" time="2.274"/>
  <testcase classname="pivotalApplication.PivotalEndToEndWorkflow" name="SlotBook" time="2.372"/>
  <testcase classname="pivotalApplication.PivotalEndToEndWorkflow" name="VideoCheckBox" time="2.382"/>
  <testcase classname="pivotalApplication.PivotalEndToEndWorkflow" name="Book" time="7.318"/>
  <testcase classname="pivotalApplication.PivotalEndToEndWorkflow" name="AppointmentBookedPopup" time="12.562"/>
  <testcase classname="pivotalApplication.PivotalEndToEndWorkflow" name="ClickPatient" time="2.437"/>
  <testcase classname="pivotalApplication.PivotalEndToEndWorkflow" name="prescription" time="5.293"/>
  <testcase classname="pivotalApplication.PivotalEndToEndWorkflow" name="ComplaintAndDiagnosis" time="2.388"/>
  <testcase classname="pivotalApplication.PivotalEndToEndWorkflow" name="AddChiefComplaints" time="2.304"/>
  <testcase classname="pivotalApplication.PivotalEndToEndWorkflow" name="Fever" time="3.577"/>
  <testcase classname="pivotalApplication.PivotalEndToEndWorkflow" name="Details" time="2.432"/>
  <testcase classname="pivotalApplication.PivotalEndToEndWorkflow" name="mild" time="2.362"/>
  <testcase classname="pivotalApplication.PivotalEndToEndWorkflow" name="moreSymptoms" time="3.162"/>
  <testcase classname="pivotalApplication.PivotalEndToEndWorkflow" name="Since2Days" time="2.600"/>
  <testcase classname="pivotalApplication.PivotalEndToEndWorkflow" name="AddComplaint" time="2.292"/>
  <testcase classname="pivotalApplication.PivotalEndToEndWorkflow" name="AddWorkingDiagnosis" time="2.354"/>
  <testcase classname="pivotalApplication.PivotalEndToEndWorkflow" name="AcuteUrti" time="5.813"/>
  <testcase classname="pivotalApplication.PivotalEndToEndWorkflow" name="AddDiagnosis" time="2.711"/>
  <testcase classname="pivotalApplication.PivotalEndToEndWorkflow" name="Medicine" time="2.411"/>
  <testcase classname="pivotalApplication.PivotalEndToEndWorkflow" name="TapToAddMedicine" time="2.403"/>
  <testcase classname="pivotalApplication.PivotalEndToEndWorkflow" name="SearchMedDolo" time="7.253"/>
  <testcase classname="pivotalApplication.PivotalEndToEndWorkflow" name="AddToPrescription" time="2.325"/>
  <testcase classname="pivotalApplication.PivotalEndToEndWorkflow" name="ClickFavourite" time="2.423"/>
  <testcase classname="pivotalApplication.PivotalEndToEndWorkflow" name="ClickFavoutiteDropdown" time="2.572"/>
  <testcase classname="pivotalApplication.PivotalEndToEndWorkflow" name="ClickFavoutiteMedDrp" time="2.237"/>
  <testcase classname="pivotalApplication.PivotalEndToEndWorkflow" name="ClickFavoutiteMedicine" time="2.237"/>
  <testcase classname="pivotalApplication.PivotalEndToEndWorkflow" name="CopyMedicine" time="4.176"/>
  <testcase classname="pivotalApplication.PivotalEndToEndWorkflow" name="popularClick" time="3.033"/>
  <testcase classname="pivotalApplication.PivotalEndToEndWorkflow" name="popularMedicineClick" time="5.691"/>
  <testcase classname="pivotalApplication.PivotalEndToEndWorkflow" name="popularCopyMedicine" time="4.626"/>
  <testcase classname="pivotalApplication.PivotalEndToEndWorkflow" name="DietAndNutrition" time="3.384"/>
  <testcase classname="pivotalApplication.PivotalEndToEndWorkflow" name="DietAndNutritionAdd" time="5.679"/>
  <testcase classname="pivotalApplication.PivotalEndToEndWorkflow" name="DietAdvice" time="5.252"/>
  <testcase classname="pivotalApplication.PivotalEndToEndWorkflow" name="AddDietAdvice" time="3.838"/>
  <testcase classname="pivotalApplication.PivotalEndToEndWorkflow" name="GeneralInstructions" time="2.403"/>
  <testcase classname="pivotalApplication.PivotalEndToEndWorkflow" name="GeneralInstructionsAdd" time="2.291"/>
  <testcase classname="pivotalApplication.PivotalEndToEndWorkflow" name="InstructionsAdd" time="4.914"/>
  <testcase classname="pivotalApplication.PivotalEndToEndWorkflow" name="Instructions" time="2.374"/>
  <testcase classname="pivotalApplication.PivotalEndToEndWorkflow" name="NextFollowup" time="5.179"/>
  <testcase classname="pivotalApplication.PivotalEndToEndWorkflow" name="NextFollowupCln7der" time="3.717"/>
  <testcase classname="pivotalApplication.PivotalEndToEndWorkflow" name="NextOk" time="6.120"/>
  <testcase classname="pivotalApplication.PivotalEndToEndWorkflow" name="NextVistTab" time="2.658"/>
  <testcase classname="pivotalApplication.PivotalEndToEndWorkflow" name="PreviewPrescription" time="2.432"/>
  <testcase classname="pivotalApplication.PivotalEndToEndWorkflow" name="SaveAndShare" time="12.104"/>
  <testcase classname="pivotalApplication.PivotalEndToEndWorkflow" name="DownloadBack" time="29.741"/>
  <testcase classname="pivotalApplication.PivotalEndToEndWorkflow" name="ImmunizationClick" time="2.532"/>
  <testcase classname="pivotalApplication.PivotalEndToEndWorkflow" name="AtBirth" time="2.206">
    <error message="An element could not be located on the page using the given search parameters.
For documentation on this error, please visit: https://selenium.dev/exceptions/#no_such_element
Build info: version: &#039;4.9.1&#039;, revision: &#039;eb2032df7f&#039;
System info: os.name: &#039;Windows 10&#039;, os.arch: &#039;amd64&#039;, os.version: &#039;10.0&#039;, java.version: &#039;17.0.5&#039;
Driver info: io.appium.java_client.AppiumDriver
Command: [20ea10f1-6e5c-4b36-acae-16d429832c48, findElement {using=xpath, value=//*[@text=&#039;At Birth&#039;]}]
Capabilities {appium:app: D:\pivotalapp-20-june.apk, appium:appActivity: com.calculator_apps.MainAct..., appium:appPackage: com.calculator_apps, appium:automationName: UiAutomator2, appium:databaseEnabled: false, appium:desired: {app: D:\pivotalapp-20-june.apk, appActivity: com.calculator_apps.MainAct..., appPackage: com.calculator_apps, automationName: UiAutomator2, deviceName: samsung, platformName: ANDROID, platformVersion: 10}, appium:deviceApiLevel: 29, appium:deviceManufacturer: samsung, appium:deviceModel: SM-A305F, appium:deviceName: RZ8M5181Y3M, appium:deviceScreenDensity: 420, appium:deviceScreenSize: 1080x2340, appium:deviceUDID: RZ8M5181Y3M, appium:javascriptEnabled: true, appium:locationContextEnabled: false, appium:networkConnectionEnabled: true, appium:pixelRatio: 2.625, appium:platformVersion: 10, appium:statBarHeight: 83, appium:takesScreenshot: true, appium:viewportRect: {height: 2048, left: 0, top: 83, width: 1080}, appium:warnings: {}, appium:webStorageEnabled: false, platformName: ANDROID}
Session ID: 20ea10f1-6e5c-4b36-acae-16d429832c48" type="org.openqa.selenium.NoSuchElementException">
      <![CDATA[org.openqa.selenium.NoSuchElementException: An element could not be located on the page using the given search parameters.
For documentation on this error, please visit: https://selenium.dev/exceptions/#no_such_element
Build info: version: '4.9.1', revision: 'eb2032df7f'
System info: os.name: 'Windows 10', os.arch: 'amd64', os.version: '10.0', java.version: '17.0.5'
Driver info: io.appium.java_client.AppiumDriver
Command: [20ea10f1-6e5c-4b36-acae-16d429832c48, findElement {using=xpath, value=//*[@text='At Birth']}]
Capabilities {appium:app: D:\pivotalapp-20-june.apk, appium:appActivity: com.calculator_apps.MainAct..., appium:appPackage: com.calculator_apps, appium:automationName: UiAutomator2, appium:databaseEnabled: false, appium:desired: {app: D:\pivotalapp-20-june.apk, appActivity: com.calculator_apps.MainAct..., appPackage: com.calculator_apps, automationName: UiAutomator2, deviceName: samsung, platformName: ANDROID, platformVersion: 10}, appium:deviceApiLevel: 29, appium:deviceManufacturer: samsung, appium:deviceModel: SM-A305F, appium:deviceName: RZ8M5181Y3M, appium:deviceScreenDensity: 420, appium:deviceScreenSize: 1080x2340, appium:deviceUDID: RZ8M5181Y3M, appium:javascriptEnabled: true, appium:locationContextEnabled: false, appium:networkConnectionEnabled: true, appium:pixelRatio: 2.625, appium:platformVersion: 10, appium:statBarHeight: 83, appium:takesScreenshot: true, appium:viewportRect: {height: 2048, left: 0, top: 83, width: 1080}, appium:warnings: {}, appium:webStorageEnabled: false, platformName: ANDROID}
Session ID: 20ea10f1-6e5c-4b36-acae-16d429832c48
at java.base/jdk.internal.reflect.NativeConstructorAccessorImpl.newInstance0(Native Method)
at java.base/jdk.internal.reflect.NativeConstructorAccessorImpl.newInstance(NativeConstructorAccessorImpl.java:77)
at java.base/jdk.internal.reflect.DelegatingConstructorAccessorImpl.newInstance(DelegatingConstructorAccessorImpl.java:45)
at java.base/java.lang.reflect.Constructor.newInstanceWithCaller(Constructor.java:499)
at java.base/java.lang.reflect.Constructor.newInstance(Constructor.java:480)
at org.openqa.selenium.remote.codec.w3c.W3CHttpResponseCodec.createException(W3CHttpResponseCodec.java:200)
at org.openqa.selenium.remote.codec.w3c.W3CHttpResponseCodec.decode(W3CHttpResponseCodec.java:133)
at org.openqa.selenium.remote.codec.w3c.W3CHttpResponseCodec.decode(W3CHttpResponseCodec.java:53)
at org.openqa.selenium.remote.HttpCommandExecutor.execute(HttpCommandExecutor.java:193)
at io.appium.java_client.remote.AppiumCommandExecutor.execute(AppiumCommandExecutor.java:262)
at org.openqa.selenium.remote.RemoteWebDriver.execute(RemoteWebDriver.java:543)
at org.openqa.selenium.remote.ElementLocation$ElementFinder$2.findElement(ElementLocation.java:162)
at org.openqa.selenium.remote.ElementLocation.findElement(ElementLocation.java:60)
at org.openqa.selenium.remote.RemoteWebDriver.findElement(RemoteWebDriver.java:352)
at org.openqa.selenium.remote.RemoteWebDriver.findElement(RemoteWebDriver.java:344)
at pivotalApplication.PivotalEndToEndWorkflow.AtBirth(PivotalEndToEndWorkflow.java:1343)
at java.base/jdk.internal.reflect.NativeMethodAccessorImpl.invoke0(Native Method)
at java.base/jdk.internal.reflect.NativeMethodAccessorImpl.invoke(NativeMethodAccessorImpl.java:77)
at java.base/jdk.internal.reflect.DelegatingMethodAccessorImpl.invoke(DelegatingMethodAccessorImpl.java:43)
at java.base/java.lang.reflect.Method.invoke(Method.java:568)
at org.testng.internal.invokers.MethodInvocationHelper.invokeMethod(MethodInvocationHelper.java:139)
at org.testng.internal.invokers.TestInvoker.invokeMethod(TestInvoker.java:664)
at org.testng.internal.invokers.TestInvoker.invokeTestMethod(TestInvoker.java:227)
at org.testng.internal.invokers.MethodRunner.runInSequence(MethodRunner.java:50)
at org.testng.internal.invokers.TestInvoker$MethodInvocationAgent.invoke(TestInvoker.java:957)
at org.testng.internal.invokers.TestInvoker.invokeTestMethods(TestInvoker.java:200)
at org.testng.internal.invokers.TestMethodWorker.invokeTestMethods(TestMethodWorker.java:148)
at org.testng.internal.invokers.TestMethodWorker.run(TestMethodWorker.java:128)
at java.base/java.util.ArrayList.forEach(ArrayList.java:1511)
at org.testng.TestRunner.privateRun(TestRunner.java:848)
at org.testng.TestRunner.run(TestRunner.java:621)
at org.testng.SuiteRunner.runTest(SuiteRunner.java:443)
at org.testng.SuiteRunner.runSequentially(SuiteRunner.java:437)
at org.testng.SuiteRunner.privateRun(SuiteRunner.java:397)
at org.testng.SuiteRunner.run(SuiteRunner.java:336)
at org.testng.SuiteRunnerWorker.runSuite(SuiteRunnerWorker.java:52)
at org.testng.SuiteRunnerWorker.run(SuiteRunnerWorker.java:95)
at org.testng.TestNG.runSuitesSequentially(TestNG.java:1280)
at org.testng.TestNG.runSuitesLocally(TestNG.java:1200)
at org.testng.TestNG.runSuites(TestNG.java:1114)
at org.testng.TestNG.run(TestNG.java:1082)
at org.testng.remote.AbstractRemoteTestNG.run(AbstractRemoteTestNG.java:115)
at org.testng.remote.RemoteTestNG.initAndRun(RemoteTestNG.java:251)
at org.testng.remote.RemoteTestNG.main(RemoteTestNG.java:77)
]]>
    </error>
  </testcase> <!-- AtBirth -->
  <testcase classname="pivotalApplication.PivotalEndToEndWorkflow" name="AddVaccine" time="2.151">
    <error message="An element could not be located on the page using the given search parameters.
For documentation on this error, please visit: https://selenium.dev/exceptions/#no_such_element
Build info: version: &#039;4.9.1&#039;, revision: &#039;eb2032df7f&#039;
System info: os.name: &#039;Windows 10&#039;, os.arch: &#039;amd64&#039;, os.version: &#039;10.0&#039;, java.version: &#039;17.0.5&#039;
Driver info: io.appium.java_client.AppiumDriver
Command: [20ea10f1-6e5c-4b36-acae-16d429832c48, findElement {using=xpath, value=//*[@text=&#039;Add Vaccine&#039;]}]
Capabilities {appium:app: D:\pivotalapp-20-june.apk, appium:appActivity: com.calculator_apps.MainAct..., appium:appPackage: com.calculator_apps, appium:automationName: UiAutomator2, appium:databaseEnabled: false, appium:desired: {app: D:\pivotalapp-20-june.apk, appActivity: com.calculator_apps.MainAct..., appPackage: com.calculator_apps, automationName: UiAutomator2, deviceName: samsung, platformName: ANDROID, platformVersion: 10}, appium:deviceApiLevel: 29, appium:deviceManufacturer: samsung, appium:deviceModel: SM-A305F, appium:deviceName: RZ8M5181Y3M, appium:deviceScreenDensity: 420, appium:deviceScreenSize: 1080x2340, appium:deviceUDID: RZ8M5181Y3M, appium:javascriptEnabled: true, appium:locationContextEnabled: false, appium:networkConnectionEnabled: true, appium:pixelRatio: 2.625, appium:platformVersion: 10, appium:statBarHeight: 83, appium:takesScreenshot: true, appium:viewportRect: {height: 2048, left: 0, top: 83, width: 1080}, appium:warnings: {}, appium:webStorageEnabled: false, platformName: ANDROID}
Session ID: 20ea10f1-6e5c-4b36-acae-16d429832c48" type="org.openqa.selenium.NoSuchElementException">
      <![CDATA[org.openqa.selenium.NoSuchElementException: An element could not be located on the page using the given search parameters.
For documentation on this error, please visit: https://selenium.dev/exceptions/#no_such_element
Build info: version: '4.9.1', revision: 'eb2032df7f'
System info: os.name: 'Windows 10', os.arch: 'amd64', os.version: '10.0', java.version: '17.0.5'
Driver info: io.appium.java_client.AppiumDriver
Command: [20ea10f1-6e5c-4b36-acae-16d429832c48, findElement {using=xpath, value=//*[@text='Add Vaccine']}]
Capabilities {appium:app: D:\pivotalapp-20-june.apk, appium:appActivity: com.calculator_apps.MainAct..., appium:appPackage: com.calculator_apps, appium:automationName: UiAutomator2, appium:databaseEnabled: false, appium:desired: {app: D:\pivotalapp-20-june.apk, appActivity: com.calculator_apps.MainAct..., appPackage: com.calculator_apps, automationName: UiAutomator2, deviceName: samsung, platformName: ANDROID, platformVersion: 10}, appium:deviceApiLevel: 29, appium:deviceManufacturer: samsung, appium:deviceModel: SM-A305F, appium:deviceName: RZ8M5181Y3M, appium:deviceScreenDensity: 420, appium:deviceScreenSize: 1080x2340, appium:deviceUDID: RZ8M5181Y3M, appium:javascriptEnabled: true, appium:locationContextEnabled: false, appium:networkConnectionEnabled: true, appium:pixelRatio: 2.625, appium:platformVersion: 10, appium:statBarHeight: 83, appium:takesScreenshot: true, appium:viewportRect: {height: 2048, left: 0, top: 83, width: 1080}, appium:warnings: {}, appium:webStorageEnabled: false, platformName: ANDROID}
Session ID: 20ea10f1-6e5c-4b36-acae-16d429832c48
at java.base/jdk.internal.reflect.NativeConstructorAccessorImpl.newInstance0(Native Method)
at java.base/jdk.internal.reflect.NativeConstructorAccessorImpl.newInstance(NativeConstructorAccessorImpl.java:77)
at java.base/jdk.internal.reflect.DelegatingConstructorAccessorImpl.newInstance(DelegatingConstructorAccessorImpl.java:45)
at java.base/java.lang.reflect.Constructor.newInstanceWithCaller(Constructor.java:499)
at java.base/java.lang.reflect.Constructor.newInstance(Constructor.java:480)
at org.openqa.selenium.remote.codec.w3c.W3CHttpResponseCodec.createException(W3CHttpResponseCodec.java:200)
at org.openqa.selenium.remote.codec.w3c.W3CHttpResponseCodec.decode(W3CHttpResponseCodec.java:133)
at org.openqa.selenium.remote.codec.w3c.W3CHttpResponseCodec.decode(W3CHttpResponseCodec.java:53)
at org.openqa.selenium.remote.HttpCommandExecutor.execute(HttpCommandExecutor.java:193)
at io.appium.java_client.remote.AppiumCommandExecutor.execute(AppiumCommandExecutor.java:262)
at org.openqa.selenium.remote.RemoteWebDriver.execute(RemoteWebDriver.java:543)
at org.openqa.selenium.remote.ElementLocation$ElementFinder$2.findElement(ElementLocation.java:162)
at org.openqa.selenium.remote.ElementLocation.findElement(ElementLocation.java:60)
at org.openqa.selenium.remote.RemoteWebDriver.findElement(RemoteWebDriver.java:352)
at org.openqa.selenium.remote.RemoteWebDriver.findElement(RemoteWebDriver.java:344)
at pivotalApplication.PivotalEndToEndWorkflow.AddVaccine(PivotalEndToEndWorkflow.java:1351)
at java.base/jdk.internal.reflect.NativeMethodAccessorImpl.invoke0(Native Method)
at java.base/jdk.internal.reflect.NativeMethodAccessorImpl.invoke(NativeMethodAccessorImpl.java:77)
at java.base/jdk.internal.reflect.DelegatingMethodAccessorImpl.invoke(DelegatingMethodAccessorImpl.java:43)
at java.base/java.lang.reflect.Method.invoke(Method.java:568)
at org.testng.internal.invokers.MethodInvocationHelper.invokeMethod(MethodInvocationHelper.java:139)
at org.testng.internal.invokers.TestInvoker.invokeMethod(TestInvoker.java:664)
at org.testng.internal.invokers.TestInvoker.invokeTestMethod(TestInvoker.java:227)
at org.testng.internal.invokers.MethodRunner.runInSequence(MethodRunner.java:50)
at org.testng.internal.invokers.TestInvoker$MethodInvocationAgent.invoke(TestInvoker.java:957)
at org.testng.internal.invokers.TestInvoker.invokeTestMethods(TestInvoker.java:200)
at org.testng.internal.invokers.TestMethodWorker.invokeTestMethods(TestMethodWorker.java:148)
at org.testng.internal.invokers.TestMethodWorker.run(TestMethodWorker.java:128)
at java.base/java.util.ArrayList.forEach(ArrayList.java:1511)
at org.testng.TestRunner.privateRun(TestRunner.java:848)
at org.testng.TestRunner.run(TestRunner.java:621)
at org.testng.SuiteRunner.runTest(SuiteRunner.java:443)
at org.testng.SuiteRunner.runSequentially(SuiteRunner.java:437)
at org.testng.SuiteRunner.privateRun(SuiteRunner.java:397)
at org.testng.SuiteRunner.run(SuiteRunner.java:336)
at org.testng.SuiteRunnerWorker.runSuite(SuiteRunnerWorker.java:52)
at org.testng.SuiteRunnerWorker.run(SuiteRunnerWorker.java:95)
at org.testng.TestNG.runSuitesSequentially(TestNG.java:1280)
at org.testng.TestNG.runSuitesLocally(TestNG.java:1200)
at org.testng.TestNG.runSuites(TestNG.java:1114)
at org.testng.TestNG.run(TestNG.java:1082)
at org.testng.remote.AbstractRemoteTestNG.run(AbstractRemoteTestNG.java:115)
at org.testng.remote.RemoteTestNG.initAndRun(RemoteTestNG.java:251)
at org.testng.remote.RemoteTestNG.main(RemoteTestNG.java:77)
]]>
    </error>
  </testcase> <!-- AddVaccine -->
  <testcase classname="pivotalApplication.PivotalEndToEndWorkflow" name="SelectBrand" time="2.473">
    <error message="An element could not be located on the page using the given search parameters.
For documentation on this error, please visit: https://selenium.dev/exceptions/#no_such_element
Build info: version: &#039;4.9.1&#039;, revision: &#039;eb2032df7f&#039;
System info: os.name: &#039;Windows 10&#039;, os.arch: &#039;amd64&#039;, os.version: &#039;10.0&#039;, java.version: &#039;17.0.5&#039;
Driver info: io.appium.java_client.AppiumDriver
Command: [20ea10f1-6e5c-4b36-acae-16d429832c48, findElement {using=xpath, value=//*[@text=&#039;Tubaervac BCG&#039;]}]
Capabilities {appium:app: D:\pivotalapp-20-june.apk, appium:appActivity: com.calculator_apps.MainAct..., appium:appPackage: com.calculator_apps, appium:automationName: UiAutomator2, appium:databaseEnabled: false, appium:desired: {app: D:\pivotalapp-20-june.apk, appActivity: com.calculator_apps.MainAct..., appPackage: com.calculator_apps, automationName: UiAutomator2, deviceName: samsung, platformName: ANDROID, platformVersion: 10}, appium:deviceApiLevel: 29, appium:deviceManufacturer: samsung, appium:deviceModel: SM-A305F, appium:deviceName: RZ8M5181Y3M, appium:deviceScreenDensity: 420, appium:deviceScreenSize: 1080x2340, appium:deviceUDID: RZ8M5181Y3M, appium:javascriptEnabled: true, appium:locationContextEnabled: false, appium:networkConnectionEnabled: true, appium:pixelRatio: 2.625, appium:platformVersion: 10, appium:statBarHeight: 83, appium:takesScreenshot: true, appium:viewportRect: {height: 2048, left: 0, top: 83, width: 1080}, appium:warnings: {}, appium:webStorageEnabled: false, platformName: ANDROID}
Session ID: 20ea10f1-6e5c-4b36-acae-16d429832c48" type="org.openqa.selenium.NoSuchElementException">
      <![CDATA[org.openqa.selenium.NoSuchElementException: An element could not be located on the page using the given search parameters.
For documentation on this error, please visit: https://selenium.dev/exceptions/#no_such_element
Build info: version: '4.9.1', revision: 'eb2032df7f'
System info: os.name: 'Windows 10', os.arch: 'amd64', os.version: '10.0', java.version: '17.0.5'
Driver info: io.appium.java_client.AppiumDriver
Command: [20ea10f1-6e5c-4b36-acae-16d429832c48, findElement {using=xpath, value=//*[@text='Tubaervac BCG']}]
Capabilities {appium:app: D:\pivotalapp-20-june.apk, appium:appActivity: com.calculator_apps.MainAct..., appium:appPackage: com.calculator_apps, appium:automationName: UiAutomator2, appium:databaseEnabled: false, appium:desired: {app: D:\pivotalapp-20-june.apk, appActivity: com.calculator_apps.MainAct..., appPackage: com.calculator_apps, automationName: UiAutomator2, deviceName: samsung, platformName: ANDROID, platformVersion: 10}, appium:deviceApiLevel: 29, appium:deviceManufacturer: samsung, appium:deviceModel: SM-A305F, appium:deviceName: RZ8M5181Y3M, appium:deviceScreenDensity: 420, appium:deviceScreenSize: 1080x2340, appium:deviceUDID: RZ8M5181Y3M, appium:javascriptEnabled: true, appium:locationContextEnabled: false, appium:networkConnectionEnabled: true, appium:pixelRatio: 2.625, appium:platformVersion: 10, appium:statBarHeight: 83, appium:takesScreenshot: true, appium:viewportRect: {height: 2048, left: 0, top: 83, width: 1080}, appium:warnings: {}, appium:webStorageEnabled: false, platformName: ANDROID}
Session ID: 20ea10f1-6e5c-4b36-acae-16d429832c48
at java.base/jdk.internal.reflect.NativeConstructorAccessorImpl.newInstance0(Native Method)
at java.base/jdk.internal.reflect.NativeConstructorAccessorImpl.newInstance(NativeConstructorAccessorImpl.java:77)
at java.base/jdk.internal.reflect.DelegatingConstructorAccessorImpl.newInstance(DelegatingConstructorAccessorImpl.java:45)
at java.base/java.lang.reflect.Constructor.newInstanceWithCaller(Constructor.java:499)
at java.base/java.lang.reflect.Constructor.newInstance(Constructor.java:480)
at org.openqa.selenium.remote.codec.w3c.W3CHttpResponseCodec.createException(W3CHttpResponseCodec.java:200)
at org.openqa.selenium.remote.codec.w3c.W3CHttpResponseCodec.decode(W3CHttpResponseCodec.java:133)
at org.openqa.selenium.remote.codec.w3c.W3CHttpResponseCodec.decode(W3CHttpResponseCodec.java:53)
at org.openqa.selenium.remote.HttpCommandExecutor.execute(HttpCommandExecutor.java:193)
at io.appium.java_client.remote.AppiumCommandExecutor.execute(AppiumCommandExecutor.java:262)
at org.openqa.selenium.remote.RemoteWebDriver.execute(RemoteWebDriver.java:543)
at org.openqa.selenium.remote.ElementLocation$ElementFinder$2.findElement(ElementLocation.java:162)
at org.openqa.selenium.remote.ElementLocation.findElement(ElementLocation.java:60)
at org.openqa.selenium.remote.RemoteWebDriver.findElement(RemoteWebDriver.java:352)
at org.openqa.selenium.remote.RemoteWebDriver.findElement(RemoteWebDriver.java:344)
at pivotalApplication.PivotalEndToEndWorkflow.SelectBrand(PivotalEndToEndWorkflow.java:1359)
at java.base/jdk.internal.reflect.NativeMethodAccessorImpl.invoke0(Native Method)
at java.base/jdk.internal.reflect.NativeMethodAccessorImpl.invoke(NativeMethodAccessorImpl.java:77)
at java.base/jdk.internal.reflect.DelegatingMethodAccessorImpl.invoke(DelegatingMethodAccessorImpl.java:43)
at java.base/java.lang.reflect.Method.invoke(Method.java:568)
at org.testng.internal.invokers.MethodInvocationHelper.invokeMethod(MethodInvocationHelper.java:139)
at org.testng.internal.invokers.TestInvoker.invokeMethod(TestInvoker.java:664)
at org.testng.internal.invokers.TestInvoker.invokeTestMethod(TestInvoker.java:227)
at org.testng.internal.invokers.MethodRunner.runInSequence(MethodRunner.java:50)
at org.testng.internal.invokers.TestInvoker$MethodInvocationAgent.invoke(TestInvoker.java:957)
at org.testng.internal.invokers.TestInvoker.invokeTestMethods(TestInvoker.java:200)
at org.testng.internal.invokers.TestMethodWorker.invokeTestMethods(TestMethodWorker.java:148)
at org.testng.internal.invokers.TestMethodWorker.run(TestMethodWorker.java:128)
at java.base/java.util.ArrayList.forEach(ArrayList.java:1511)
at org.testng.TestRunner.privateRun(TestRunner.java:848)
at org.testng.TestRunner.run(TestRunner.java:621)
at org.testng.SuiteRunner.runTest(SuiteRunner.java:443)
at org.testng.SuiteRunner.runSequentially(SuiteRunner.java:437)
at org.testng.SuiteRunner.privateRun(SuiteRunner.java:397)
at org.testng.SuiteRunner.run(SuiteRunner.java:336)
at org.testng.SuiteRunnerWorker.runSuite(SuiteRunnerWorker.java:52)
at org.testng.SuiteRunnerWorker.run(SuiteRunnerWorker.java:95)
at org.testng.TestNG.runSuitesSequentially(TestNG.java:1280)
at org.testng.TestNG.runSuitesLocally(TestNG.java:1200)
at org.testng.TestNG.runSuites(TestNG.java:1114)
at org.testng.TestNG.run(TestNG.java:1082)
at org.testng.remote.AbstractRemoteTestNG.run(AbstractRemoteTestNG.java:115)
at org.testng.remote.RemoteTestNG.initAndRun(RemoteTestNG.java:251)
at org.testng.remote.RemoteTestNG.main(RemoteTestNG.java:77)
]]>
    </error>
  </testcase> <!-- SelectBrand -->
  <testcase classname="pivotalApplication.PivotalEndToEndWorkflow" name="SelectDate" time="2.485">
    <error message="An element could not be located on the page using the given search parameters.
For documentation on this error, please visit: https://selenium.dev/exceptions/#no_such_element
Build info: version: &#039;4.9.1&#039;, revision: &#039;eb2032df7f&#039;
System info: os.name: &#039;Windows 10&#039;, os.arch: &#039;amd64&#039;, os.version: &#039;10.0&#039;, java.version: &#039;17.0.5&#039;
Driver info: io.appium.java_client.AppiumDriver
Command: [20ea10f1-6e5c-4b36-acae-16d429832c48, findElement {using=xpath, value=//*[@text=&#039;Select Date&#039;]}]
Capabilities {appium:app: D:\pivotalapp-20-june.apk, appium:appActivity: com.calculator_apps.MainAct..., appium:appPackage: com.calculator_apps, appium:automationName: UiAutomator2, appium:databaseEnabled: false, appium:desired: {app: D:\pivotalapp-20-june.apk, appActivity: com.calculator_apps.MainAct..., appPackage: com.calculator_apps, automationName: UiAutomator2, deviceName: samsung, platformName: ANDROID, platformVersion: 10}, appium:deviceApiLevel: 29, appium:deviceManufacturer: samsung, appium:deviceModel: SM-A305F, appium:deviceName: RZ8M5181Y3M, appium:deviceScreenDensity: 420, appium:deviceScreenSize: 1080x2340, appium:deviceUDID: RZ8M5181Y3M, appium:javascriptEnabled: true, appium:locationContextEnabled: false, appium:networkConnectionEnabled: true, appium:pixelRatio: 2.625, appium:platformVersion: 10, appium:statBarHeight: 83, appium:takesScreenshot: true, appium:viewportRect: {height: 2048, left: 0, top: 83, width: 1080}, appium:warnings: {}, appium:webStorageEnabled: false, platformName: ANDROID}
Session ID: 20ea10f1-6e5c-4b36-acae-16d429832c48" type="org.openqa.selenium.NoSuchElementException">
      <![CDATA[org.openqa.selenium.NoSuchElementException: An element could not be located on the page using the given search parameters.
For documentation on this error, please visit: https://selenium.dev/exceptions/#no_such_element
Build info: version: '4.9.1', revision: 'eb2032df7f'
System info: os.name: 'Windows 10', os.arch: 'amd64', os.version: '10.0', java.version: '17.0.5'
Driver info: io.appium.java_client.AppiumDriver
Command: [20ea10f1-6e5c-4b36-acae-16d429832c48, findElement {using=xpath, value=//*[@text='Select Date']}]
Capabilities {appium:app: D:\pivotalapp-20-june.apk, appium:appActivity: com.calculator_apps.MainAct..., appium:appPackage: com.calculator_apps, appium:automationName: UiAutomator2, appium:databaseEnabled: false, appium:desired: {app: D:\pivotalapp-20-june.apk, appActivity: com.calculator_apps.MainAct..., appPackage: com.calculator_apps, automationName: UiAutomator2, deviceName: samsung, platformName: ANDROID, platformVersion: 10}, appium:deviceApiLevel: 29, appium:deviceManufacturer: samsung, appium:deviceModel: SM-A305F, appium:deviceName: RZ8M5181Y3M, appium:deviceScreenDensity: 420, appium:deviceScreenSize: 1080x2340, appium:deviceUDID: RZ8M5181Y3M, appium:javascriptEnabled: true, appium:locationContextEnabled: false, appium:networkConnectionEnabled: true, appium:pixelRatio: 2.625, appium:platformVersion: 10, appium:statBarHeight: 83, appium:takesScreenshot: true, appium:viewportRect: {height: 2048, left: 0, top: 83, width: 1080}, appium:warnings: {}, appium:webStorageEnabled: false, platformName: ANDROID}
Session ID: 20ea10f1-6e5c-4b36-acae-16d429832c48
at java.base/jdk.internal.reflect.NativeConstructorAccessorImpl.newInstance0(Native Method)
at java.base/jdk.internal.reflect.NativeConstructorAccessorImpl.newInstance(NativeConstructorAccessorImpl.java:77)
at java.base/jdk.internal.reflect.DelegatingConstructorAccessorImpl.newInstance(DelegatingConstructorAccessorImpl.java:45)
at java.base/java.lang.reflect.Constructor.newInstanceWithCaller(Constructor.java:499)
at java.base/java.lang.reflect.Constructor.newInstance(Constructor.java:480)
at org.openqa.selenium.remote.codec.w3c.W3CHttpResponseCodec.createException(W3CHttpResponseCodec.java:200)
at org.openqa.selenium.remote.codec.w3c.W3CHttpResponseCodec.decode(W3CHttpResponseCodec.java:133)
at org.openqa.selenium.remote.codec.w3c.W3CHttpResponseCodec.decode(W3CHttpResponseCodec.java:53)
at org.openqa.selenium.remote.HttpCommandExecutor.execute(HttpCommandExecutor.java:193)
at io.appium.java_client.remote.AppiumCommandExecutor.execute(AppiumCommandExecutor.java:262)
at org.openqa.selenium.remote.RemoteWebDriver.execute(RemoteWebDriver.java:543)
at org.openqa.selenium.remote.ElementLocation$ElementFinder$2.findElement(ElementLocation.java:162)
at org.openqa.selenium.remote.ElementLocation.findElement(ElementLocation.java:60)
at org.openqa.selenium.remote.RemoteWebDriver.findElement(RemoteWebDriver.java:352)
at org.openqa.selenium.remote.RemoteWebDriver.findElement(RemoteWebDriver.java:344)
at pivotalApplication.PivotalEndToEndWorkflow.SelectDate(PivotalEndToEndWorkflow.java:1367)
at java.base/jdk.internal.reflect.NativeMethodAccessorImpl.invoke0(Native Method)
at java.base/jdk.internal.reflect.NativeMethodAccessorImpl.invoke(NativeMethodAccessorImpl.java:77)
at java.base/jdk.internal.reflect.DelegatingMethodAccessorImpl.invoke(DelegatingMethodAccessorImpl.java:43)
at java.base/java.lang.reflect.Method.invoke(Method.java:568)
at org.testng.internal.invokers.MethodInvocationHelper.invokeMethod(MethodInvocationHelper.java:139)
at org.testng.internal.invokers.TestInvoker.invokeMethod(TestInvoker.java:664)
at org.testng.internal.invokers.TestInvoker.invokeTestMethod(TestInvoker.java:227)
at org.testng.internal.invokers.MethodRunner.runInSequence(MethodRunner.java:50)
at org.testng.internal.invokers.TestInvoker$MethodInvocationAgent.invoke(TestInvoker.java:957)
at org.testng.internal.invokers.TestInvoker.invokeTestMethods(TestInvoker.java:200)
at org.testng.internal.invokers.TestMethodWorker.invokeTestMethods(TestMethodWorker.java:148)
at org.testng.internal.invokers.TestMethodWorker.run(TestMethodWorker.java:128)
at java.base/java.util.ArrayList.forEach(ArrayList.java:1511)
at org.testng.TestRunner.privateRun(TestRunner.java:848)
at org.testng.TestRunner.run(TestRunner.java:621)
at org.testng.SuiteRunner.runTest(SuiteRunner.java:443)
at org.testng.SuiteRunner.runSequentially(SuiteRunner.java:437)
at org.testng.SuiteRunner.privateRun(SuiteRunner.java:397)
at org.testng.SuiteRunner.run(SuiteRunner.java:336)
at org.testng.SuiteRunnerWorker.runSuite(SuiteRunnerWorker.java:52)
at org.testng.SuiteRunnerWorker.run(SuiteRunnerWorker.java:95)
at org.testng.TestNG.runSuitesSequentially(TestNG.java:1280)
at org.testng.TestNG.runSuitesLocally(TestNG.java:1200)
at org.testng.TestNG.runSuites(TestNG.java:1114)
at org.testng.TestNG.run(TestNG.java:1082)
at org.testng.remote.AbstractRemoteTestNG.run(AbstractRemoteTestNG.java:115)
at org.testng.remote.RemoteTestNG.initAndRun(RemoteTestNG.java:251)
at org.testng.remote.RemoteTestNG.main(RemoteTestNG.java:77)
]]>
    </error>
  </testcase> <!-- SelectDate -->
  <testcase classname="pivotalApplication.PivotalEndToEndWorkflow" name="VaccineLabel" time="5.477">
    <error message="An element could not be located on the page using the given search parameters.
For documentation on this error, please visit: https://selenium.dev/exceptions/#no_such_element
Build info: version: &#039;4.9.1&#039;, revision: &#039;eb2032df7f&#039;
System info: os.name: &#039;Windows 10&#039;, os.arch: &#039;amd64&#039;, os.version: &#039;10.0&#039;, java.version: &#039;17.0.5&#039;
Driver info: io.appium.java_client.AppiumDriver
Command: [20ea10f1-6e5c-4b36-acae-16d429832c48, findElement {using=xpath, value=//*[@text=&#039;Upload Photo of Vaccine Label&#039;]}]
Capabilities {appium:app: D:\pivotalapp-20-june.apk, appium:appActivity: com.calculator_apps.MainAct..., appium:appPackage: com.calculator_apps, appium:automationName: UiAutomator2, appium:databaseEnabled: false, appium:desired: {app: D:\pivotalapp-20-june.apk, appActivity: com.calculator_apps.MainAct..., appPackage: com.calculator_apps, automationName: UiAutomator2, deviceName: samsung, platformName: ANDROID, platformVersion: 10}, appium:deviceApiLevel: 29, appium:deviceManufacturer: samsung, appium:deviceModel: SM-A305F, appium:deviceName: RZ8M5181Y3M, appium:deviceScreenDensity: 420, appium:deviceScreenSize: 1080x2340, appium:deviceUDID: RZ8M5181Y3M, appium:javascriptEnabled: true, appium:locationContextEnabled: false, appium:networkConnectionEnabled: true, appium:pixelRatio: 2.625, appium:platformVersion: 10, appium:statBarHeight: 83, appium:takesScreenshot: true, appium:viewportRect: {height: 2048, left: 0, top: 83, width: 1080}, appium:warnings: {}, appium:webStorageEnabled: false, platformName: ANDROID}
Session ID: 20ea10f1-6e5c-4b36-acae-16d429832c48" type="org.openqa.selenium.NoSuchElementException">
      <![CDATA[org.openqa.selenium.NoSuchElementException: An element could not be located on the page using the given search parameters.
For documentation on this error, please visit: https://selenium.dev/exceptions/#no_such_element
Build info: version: '4.9.1', revision: 'eb2032df7f'
System info: os.name: 'Windows 10', os.arch: 'amd64', os.version: '10.0', java.version: '17.0.5'
Driver info: io.appium.java_client.AppiumDriver
Command: [20ea10f1-6e5c-4b36-acae-16d429832c48, findElement {using=xpath, value=//*[@text='Upload Photo of Vaccine Label']}]
Capabilities {appium:app: D:\pivotalapp-20-june.apk, appium:appActivity: com.calculator_apps.MainAct..., appium:appPackage: com.calculator_apps, appium:automationName: UiAutomator2, appium:databaseEnabled: false, appium:desired: {app: D:\pivotalapp-20-june.apk, appActivity: com.calculator_apps.MainAct..., appPackage: com.calculator_apps, automationName: UiAutomator2, deviceName: samsung, platformName: ANDROID, platformVersion: 10}, appium:deviceApiLevel: 29, appium:deviceManufacturer: samsung, appium:deviceModel: SM-A305F, appium:deviceName: RZ8M5181Y3M, appium:deviceScreenDensity: 420, appium:deviceScreenSize: 1080x2340, appium:deviceUDID: RZ8M5181Y3M, appium:javascriptEnabled: true, appium:locationContextEnabled: false, appium:networkConnectionEnabled: true, appium:pixelRatio: 2.625, appium:platformVersion: 10, appium:statBarHeight: 83, appium:takesScreenshot: true, appium:viewportRect: {height: 2048, left: 0, top: 83, width: 1080}, appium:warnings: {}, appium:webStorageEnabled: false, platformName: ANDROID}
Session ID: 20ea10f1-6e5c-4b36-acae-16d429832c48
at java.base/jdk.internal.reflect.NativeConstructorAccessorImpl.newInstance0(Native Method)
at java.base/jdk.internal.reflect.NativeConstructorAccessorImpl.newInstance(NativeConstructorAccessorImpl.java:77)
at java.base/jdk.internal.reflect.DelegatingConstructorAccessorImpl.newInstance(DelegatingConstructorAccessorImpl.java:45)
at java.base/java.lang.reflect.Constructor.newInstanceWithCaller(Constructor.java:499)
at java.base/java.lang.reflect.Constructor.newInstance(Constructor.java:480)
at org.openqa.selenium.remote.codec.w3c.W3CHttpResponseCodec.createException(W3CHttpResponseCodec.java:200)
at org.openqa.selenium.remote.codec.w3c.W3CHttpResponseCodec.decode(W3CHttpResponseCodec.java:133)
at org.openqa.selenium.remote.codec.w3c.W3CHttpResponseCodec.decode(W3CHttpResponseCodec.java:53)
at org.openqa.selenium.remote.HttpCommandExecutor.execute(HttpCommandExecutor.java:193)
at io.appium.java_client.remote.AppiumCommandExecutor.execute(AppiumCommandExecutor.java:262)
at org.openqa.selenium.remote.RemoteWebDriver.execute(RemoteWebDriver.java:543)
at org.openqa.selenium.remote.ElementLocation$ElementFinder$2.findElement(ElementLocation.java:162)
at org.openqa.selenium.remote.ElementLocation.findElement(ElementLocation.java:60)
at org.openqa.selenium.remote.RemoteWebDriver.findElement(RemoteWebDriver.java:352)
at org.openqa.selenium.remote.RemoteWebDriver.findElement(RemoteWebDriver.java:344)
at pivotalApplication.PivotalEndToEndWorkflow.VaccineLabel(PivotalEndToEndWorkflow.java:1380)
at java.base/jdk.internal.reflect.NativeMethodAccessorImpl.invoke0(Native Method)
at java.base/jdk.internal.reflect.NativeMethodAccessorImpl.invoke(NativeMethodAccessorImpl.java:77)
at java.base/jdk.internal.reflect.DelegatingMethodAccessorImpl.invoke(DelegatingMethodAccessorImpl.java:43)
at java.base/java.lang.reflect.Method.invoke(Method.java:568)
at org.testng.internal.invokers.MethodInvocationHelper.invokeMethod(MethodInvocationHelper.java:139)
at org.testng.internal.invokers.TestInvoker.invokeMethod(TestInvoker.java:664)
at org.testng.internal.invokers.TestInvoker.invokeTestMethod(TestInvoker.java:227)
at org.testng.internal.invokers.MethodRunner.runInSequence(MethodRunner.java:50)
at org.testng.internal.invokers.TestInvoker$MethodInvocationAgent.invoke(TestInvoker.java:957)
at org.testng.internal.invokers.TestInvoker.invokeTestMethods(TestInvoker.java:200)
at org.testng.internal.invokers.TestMethodWorker.invokeTestMethods(TestMethodWorker.java:148)
at org.testng.internal.invokers.TestMethodWorker.run(TestMethodWorker.java:128)
at java.base/java.util.ArrayList.forEach(ArrayList.java:1511)
at org.testng.TestRunner.privateRun(TestRunner.java:848)
at org.testng.TestRunner.run(TestRunner.java:621)
at org.testng.SuiteRunner.runTest(SuiteRunner.java:443)
at org.testng.SuiteRunner.runSequentially(SuiteRunner.java:437)
at org.testng.SuiteRunner.privateRun(SuiteRunner.java:397)
at org.testng.SuiteRunner.run(SuiteRunner.java:336)
at org.testng.SuiteRunnerWorker.runSuite(SuiteRunnerWorker.java:52)
at org.testng.SuiteRunnerWorker.run(SuiteRunnerWorker.java:95)
at org.testng.TestNG.runSuitesSequentially(TestNG.java:1280)
at org.testng.TestNG.runSuitesLocally(TestNG.java:1200)
at org.testng.TestNG.runSuites(TestNG.java:1114)
at org.testng.TestNG.run(TestNG.java:1082)
at org.testng.remote.AbstractRemoteTestNG.run(AbstractRemoteTestNG.java:115)
at org.testng.remote.RemoteTestNG.initAndRun(RemoteTestNG.java:251)
at org.testng.remote.RemoteTestNG.main(RemoteTestNG.java:77)
]]>
    </error>
  </testcase> <!-- VaccineLabel -->
  <testcase classname="pivotalApplication.PivotalEndToEndWorkflow" name="PopUpOk" time="2.441">
    <error message="An element could not be located on the page using the given search parameters.
For documentation on this error, please visit: https://selenium.dev/exceptions/#no_such_element
Build info: version: &#039;4.9.1&#039;, revision: &#039;eb2032df7f&#039;
System info: os.name: &#039;Windows 10&#039;, os.arch: &#039;amd64&#039;, os.version: &#039;10.0&#039;, java.version: &#039;17.0.5&#039;
Driver info: io.appium.java_client.AppiumDriver
Command: [20ea10f1-6e5c-4b36-acae-16d429832c48, findElement {using=xpath, value=//*[@text=&#039;OK&#039;]}]
Capabilities {appium:app: D:\pivotalapp-20-june.apk, appium:appActivity: com.calculator_apps.MainAct..., appium:appPackage: com.calculator_apps, appium:automationName: UiAutomator2, appium:databaseEnabled: false, appium:desired: {app: D:\pivotalapp-20-june.apk, appActivity: com.calculator_apps.MainAct..., appPackage: com.calculator_apps, automationName: UiAutomator2, deviceName: samsung, platformName: ANDROID, platformVersion: 10}, appium:deviceApiLevel: 29, appium:deviceManufacturer: samsung, appium:deviceModel: SM-A305F, appium:deviceName: RZ8M5181Y3M, appium:deviceScreenDensity: 420, appium:deviceScreenSize: 1080x2340, appium:deviceUDID: RZ8M5181Y3M, appium:javascriptEnabled: true, appium:locationContextEnabled: false, appium:networkConnectionEnabled: true, appium:pixelRatio: 2.625, appium:platformVersion: 10, appium:statBarHeight: 83, appium:takesScreenshot: true, appium:viewportRect: {height: 2048, left: 0, top: 83, width: 1080}, appium:warnings: {}, appium:webStorageEnabled: false, platformName: ANDROID}
Session ID: 20ea10f1-6e5c-4b36-acae-16d429832c48" type="org.openqa.selenium.NoSuchElementException">
      <![CDATA[org.openqa.selenium.NoSuchElementException: An element could not be located on the page using the given search parameters.
For documentation on this error, please visit: https://selenium.dev/exceptions/#no_such_element
Build info: version: '4.9.1', revision: 'eb2032df7f'
System info: os.name: 'Windows 10', os.arch: 'amd64', os.version: '10.0', java.version: '17.0.5'
Driver info: io.appium.java_client.AppiumDriver
Command: [20ea10f1-6e5c-4b36-acae-16d429832c48, findElement {using=xpath, value=//*[@text='OK']}]
Capabilities {appium:app: D:\pivotalapp-20-june.apk, appium:appActivity: com.calculator_apps.MainAct..., appium:appPackage: com.calculator_apps, appium:automationName: UiAutomator2, appium:databaseEnabled: false, appium:desired: {app: D:\pivotalapp-20-june.apk, appActivity: com.calculator_apps.MainAct..., appPackage: com.calculator_apps, automationName: UiAutomator2, deviceName: samsung, platformName: ANDROID, platformVersion: 10}, appium:deviceApiLevel: 29, appium:deviceManufacturer: samsung, appium:deviceModel: SM-A305F, appium:deviceName: RZ8M5181Y3M, appium:deviceScreenDensity: 420, appium:deviceScreenSize: 1080x2340, appium:deviceUDID: RZ8M5181Y3M, appium:javascriptEnabled: true, appium:locationContextEnabled: false, appium:networkConnectionEnabled: true, appium:pixelRatio: 2.625, appium:platformVersion: 10, appium:statBarHeight: 83, appium:takesScreenshot: true, appium:viewportRect: {height: 2048, left: 0, top: 83, width: 1080}, appium:warnings: {}, appium:webStorageEnabled: false, platformName: ANDROID}
Session ID: 20ea10f1-6e5c-4b36-acae-16d429832c48
at java.base/jdk.internal.reflect.NativeConstructorAccessorImpl.newInstance0(Native Method)
at java.base/jdk.internal.reflect.NativeConstructorAccessorImpl.newInstance(NativeConstructorAccessorImpl.java:77)
at java.base/jdk.internal.reflect.DelegatingConstructorAccessorImpl.newInstance(DelegatingConstructorAccessorImpl.java:45)
at java.base/java.lang.reflect.Constructor.newInstanceWithCaller(Constructor.java:499)
at java.base/java.lang.reflect.Constructor.newInstance(Constructor.java:480)
at org.openqa.selenium.remote.codec.w3c.W3CHttpResponseCodec.createException(W3CHttpResponseCodec.java:200)
at org.openqa.selenium.remote.codec.w3c.W3CHttpResponseCodec.decode(W3CHttpResponseCodec.java:133)
at org.openqa.selenium.remote.codec.w3c.W3CHttpResponseCodec.decode(W3CHttpResponseCodec.java:53)
at org.openqa.selenium.remote.HttpCommandExecutor.execute(HttpCommandExecutor.java:193)
at io.appium.java_client.remote.AppiumCommandExecutor.execute(AppiumCommandExecutor.java:262)
at org.openqa.selenium.remote.RemoteWebDriver.execute(RemoteWebDriver.java:543)
at org.openqa.selenium.remote.ElementLocation$ElementFinder$2.findElement(ElementLocation.java:162)
at org.openqa.selenium.remote.ElementLocation.findElement(ElementLocation.java:60)
at org.openqa.selenium.remote.RemoteWebDriver.findElement(RemoteWebDriver.java:352)
at org.openqa.selenium.remote.RemoteWebDriver.findElement(RemoteWebDriver.java:344)
at pivotalApplication.PivotalEndToEndWorkflow.PopUpOk(PivotalEndToEndWorkflow.java:1417)
at java.base/jdk.internal.reflect.NativeMethodAccessorImpl.invoke0(Native Method)
at java.base/jdk.internal.reflect.NativeMethodAccessorImpl.invoke(NativeMethodAccessorImpl.java:77)
at java.base/jdk.internal.reflect.DelegatingMethodAccessorImpl.invoke(DelegatingMethodAccessorImpl.java:43)
at java.base/java.lang.reflect.Method.invoke(Method.java:568)
at org.testng.internal.invokers.MethodInvocationHelper.invokeMethod(MethodInvocationHelper.java:139)
at org.testng.internal.invokers.TestInvoker.invokeMethod(TestInvoker.java:664)
at org.testng.internal.invokers.TestInvoker.invokeTestMethod(TestInvoker.java:227)
at org.testng.internal.invokers.MethodRunner.runInSequence(MethodRunner.java:50)
at org.testng.internal.invokers.TestInvoker$MethodInvocationAgent.invoke(TestInvoker.java:957)
at org.testng.internal.invokers.TestInvoker.invokeTestMethods(TestInvoker.java:200)
at org.testng.internal.invokers.TestMethodWorker.invokeTestMethods(TestMethodWorker.java:148)
at org.testng.internal.invokers.TestMethodWorker.run(TestMethodWorker.java:128)
at java.base/java.util.ArrayList.forEach(ArrayList.java:1511)
at org.testng.TestRunner.privateRun(TestRunner.java:848)
at org.testng.TestRunner.run(TestRunner.java:621)
at org.testng.SuiteRunner.runTest(SuiteRunner.java:443)
at org.testng.SuiteRunner.runSequentially(SuiteRunner.java:437)
at org.testng.SuiteRunner.privateRun(SuiteRunner.java:397)
at org.testng.SuiteRunner.run(SuiteRunner.java:336)
at org.testng.SuiteRunnerWorker.runSuite(SuiteRunnerWorker.java:52)
at org.testng.SuiteRunnerWorker.run(SuiteRunnerWorker.java:95)
at org.testng.TestNG.runSuitesSequentially(TestNG.java:1280)
at org.testng.TestNG.runSuitesLocally(TestNG.java:1200)
at org.testng.TestNG.runSuites(TestNG.java:1114)
at org.testng.TestNG.run(TestNG.java:1082)
at org.testng.remote.AbstractRemoteTestNG.run(AbstractRemoteTestNG.java:115)
at org.testng.remote.RemoteTestNG.initAndRun(RemoteTestNG.java:251)
at org.testng.remote.RemoteTestNG.main(RemoteTestNG.java:77)
]]>
    </error>
  </testcase> <!-- PopUpOk -->
  <testcase classname="pivotalApplication.PivotalEndToEndWorkflow" name="BulkUpdate" time="7.511"/>
  <testcase classname="pivotalApplication.PivotalEndToEndWorkflow" name="PCV" time="4.500"/>
  <testcase classname="pivotalApplication.PivotalEndToEndWorkflow" name="IPV" time="4.476"/>
  <testcase classname="pivotalApplication.PivotalEndToEndWorkflow" name="Rotavirus" time="4.468"/>
  <testcase classname="pivotalApplication.PivotalEndToEndWorkflow" name="AddToSchedule" time="4.551"/>
  <testcase classname="pivotalApplication.PivotalEndToEndWorkflow" name="BulkUpdate1" time="10.840"/>
  <testcase classname="pivotalApplication.PivotalEndToEndWorkflow" name="TransScript" time="5.510"/>
  <testcase classname="pivotalApplication.PivotalEndToEndWorkflow" name="CreatedBy" time="16.333"/>
  <testcase classname="pivotalApplication.PivotalEndToEndWorkflow" name="DocumentOn" time="7.279"/>
  <testcase classname="pivotalApplication.PivotalEndToEndWorkflow" name="popoupOk" time="4.320"/>
  <testcase classname="pivotalApplication.PivotalEndToEndWorkflow" name="Gallaries" time="7.273"/>
  <testcase classname="pivotalApplication.PivotalEndToEndWorkflow" name="GallariesPhoto" time="2.154">
    <error message="An element could not be located on the page using the given search parameters.
For documentation on this error, please visit: https://selenium.dev/exceptions/#no_such_element
Build info: version: &#039;4.9.1&#039;, revision: &#039;eb2032df7f&#039;
System info: os.name: &#039;Windows 10&#039;, os.arch: &#039;amd64&#039;, os.version: &#039;10.0&#039;, java.version: &#039;17.0.5&#039;
Driver info: io.appium.java_client.AppiumDriver
Command: [20ea10f1-6e5c-4b36-acae-16d429832c48, findElement {using=xpath, value=//android.widget.LinearLayout[@content-desc=&quot;Screenshot_20230807-103653_Gallery.jpg, 680 kB, 7 Aug&quot;]}]
Capabilities {appium:app: D:\pivotalapp-20-june.apk, appium:appActivity: com.calculator_apps.MainAct..., appium:appPackage: com.calculator_apps, appium:automationName: UiAutomator2, appium:databaseEnabled: false, appium:desired: {app: D:\pivotalapp-20-june.apk, appActivity: com.calculator_apps.MainAct..., appPackage: com.calculator_apps, automationName: UiAutomator2, deviceName: samsung, platformName: ANDROID, platformVersion: 10}, appium:deviceApiLevel: 29, appium:deviceManufacturer: samsung, appium:deviceModel: SM-A305F, appium:deviceName: RZ8M5181Y3M, appium:deviceScreenDensity: 420, appium:deviceScreenSize: 1080x2340, appium:deviceUDID: RZ8M5181Y3M, appium:javascriptEnabled: true, appium:locationContextEnabled: false, appium:networkConnectionEnabled: true, appium:pixelRatio: 2.625, appium:platformVersion: 10, appium:statBarHeight: 83, appium:takesScreenshot: true, appium:viewportRect: {height: 2048, left: 0, top: 83, width: 1080}, appium:warnings: {}, appium:webStorageEnabled: false, platformName: ANDROID}
Session ID: 20ea10f1-6e5c-4b36-acae-16d429832c48" type="org.openqa.selenium.NoSuchElementException">
      <![CDATA[org.openqa.selenium.NoSuchElementException: An element could not be located on the page using the given search parameters.
For documentation on this error, please visit: https://selenium.dev/exceptions/#no_such_element
Build info: version: '4.9.1', revision: 'eb2032df7f'
System info: os.name: 'Windows 10', os.arch: 'amd64', os.version: '10.0', java.version: '17.0.5'
Driver info: io.appium.java_client.AppiumDriver
Command: [20ea10f1-6e5c-4b36-acae-16d429832c48, findElement {using=xpath, value=//android.widget.LinearLayout[@content-desc="Screenshot_20230807-103653_Gallery.jpg, 680 kB, 7 Aug"]}]
Capabilities {appium:app: D:\pivotalapp-20-june.apk, appium:appActivity: com.calculator_apps.MainAct..., appium:appPackage: com.calculator_apps, appium:automationName: UiAutomator2, appium:databaseEnabled: false, appium:desired: {app: D:\pivotalapp-20-june.apk, appActivity: com.calculator_apps.MainAct..., appPackage: com.calculator_apps, automationName: UiAutomator2, deviceName: samsung, platformName: ANDROID, platformVersion: 10}, appium:deviceApiLevel: 29, appium:deviceManufacturer: samsung, appium:deviceModel: SM-A305F, appium:deviceName: RZ8M5181Y3M, appium:deviceScreenDensity: 420, appium:deviceScreenSize: 1080x2340, appium:deviceUDID: RZ8M5181Y3M, appium:javascriptEnabled: true, appium:locationContextEnabled: false, appium:networkConnectionEnabled: true, appium:pixelRatio: 2.625, appium:platformVersion: 10, appium:statBarHeight: 83, appium:takesScreenshot: true, appium:viewportRect: {height: 2048, left: 0, top: 83, width: 1080}, appium:warnings: {}, appium:webStorageEnabled: false, platformName: ANDROID}
Session ID: 20ea10f1-6e5c-4b36-acae-16d429832c48
at java.base/jdk.internal.reflect.NativeConstructorAccessorImpl.newInstance0(Native Method)
at java.base/jdk.internal.reflect.NativeConstructorAccessorImpl.newInstance(NativeConstructorAccessorImpl.java:77)
at java.base/jdk.internal.reflect.DelegatingConstructorAccessorImpl.newInstance(DelegatingConstructorAccessorImpl.java:45)
at java.base/java.lang.reflect.Constructor.newInstanceWithCaller(Constructor.java:499)
at java.base/java.lang.reflect.Constructor.newInstance(Constructor.java:480)
at org.openqa.selenium.remote.codec.w3c.W3CHttpResponseCodec.createException(W3CHttpResponseCodec.java:200)
at org.openqa.selenium.remote.codec.w3c.W3CHttpResponseCodec.decode(W3CHttpResponseCodec.java:133)
at org.openqa.selenium.remote.codec.w3c.W3CHttpResponseCodec.decode(W3CHttpResponseCodec.java:53)
at org.openqa.selenium.remote.HttpCommandExecutor.execute(HttpCommandExecutor.java:193)
at io.appium.java_client.remote.AppiumCommandExecutor.execute(AppiumCommandExecutor.java:262)
at org.openqa.selenium.remote.RemoteWebDriver.execute(RemoteWebDriver.java:543)
at org.openqa.selenium.remote.ElementLocation$ElementFinder$2.findElement(ElementLocation.java:162)
at org.openqa.selenium.remote.ElementLocation.findElement(ElementLocation.java:60)
at org.openqa.selenium.remote.RemoteWebDriver.findElement(RemoteWebDriver.java:352)
at org.openqa.selenium.remote.RemoteWebDriver.findElement(RemoteWebDriver.java:344)
at pivotalApplication.PivotalEndToEndWorkflow.GallariesPhoto(PivotalEndToEndWorkflow.java:1559)
at java.base/jdk.internal.reflect.NativeMethodAccessorImpl.invoke0(Native Method)
at java.base/jdk.internal.reflect.NativeMethodAccessorImpl.invoke(NativeMethodAccessorImpl.java:77)
at java.base/jdk.internal.reflect.DelegatingMethodAccessorImpl.invoke(DelegatingMethodAccessorImpl.java:43)
at java.base/java.lang.reflect.Method.invoke(Method.java:568)
at org.testng.internal.invokers.MethodInvocationHelper.invokeMethod(MethodInvocationHelper.java:139)
at org.testng.internal.invokers.TestInvoker.invokeMethod(TestInvoker.java:664)
at org.testng.internal.invokers.TestInvoker.invokeTestMethod(TestInvoker.java:227)
at org.testng.internal.invokers.MethodRunner.runInSequence(MethodRunner.java:50)
at org.testng.internal.invokers.TestInvoker$MethodInvocationAgent.invoke(TestInvoker.java:957)
at org.testng.internal.invokers.TestInvoker.invokeTestMethods(TestInvoker.java:200)
at org.testng.internal.invokers.TestMethodWorker.invokeTestMethods(TestMethodWorker.java:148)
at org.testng.internal.invokers.TestMethodWorker.run(TestMethodWorker.java:128)
at java.base/java.util.ArrayList.forEach(ArrayList.java:1511)
at org.testng.TestRunner.privateRun(TestRunner.java:848)
at org.testng.TestRunner.run(TestRunner.java:621)
at org.testng.SuiteRunner.runTest(SuiteRunner.java:443)
at org.testng.SuiteRunner.runSequentially(SuiteRunner.java:437)
at org.testng.SuiteRunner.privateRun(SuiteRunner.java:397)
at org.testng.SuiteRunner.run(SuiteRunner.java:336)
at org.testng.SuiteRunnerWorker.runSuite(SuiteRunnerWorker.java:52)
at org.testng.SuiteRunnerWorker.run(SuiteRunnerWorker.java:95)
at org.testng.TestNG.runSuitesSequentially(TestNG.java:1280)
at org.testng.TestNG.runSuitesLocally(TestNG.java:1200)
at org.testng.TestNG.runSuites(TestNG.java:1114)
at org.testng.TestNG.run(TestNG.java:1082)
at org.testng.remote.AbstractRemoteTestNG.run(AbstractRemoteTestNG.java:115)
at org.testng.remote.RemoteTestNG.initAndRun(RemoteTestNG.java:251)
at org.testng.remote.RemoteTestNG.main(RemoteTestNG.java:77)
]]>
    </error>
  </testcase> <!-- GallariesPhoto -->
  <testcase classname="pivotalApplication.PivotalEndToEndWorkflow" name="Upload" time="2.155">
    <error message="An element could not be located on the page using the given search parameters.
For documentation on this error, please visit: https://selenium.dev/exceptions/#no_such_element
Build info: version: &#039;4.9.1&#039;, revision: &#039;eb2032df7f&#039;
System info: os.name: &#039;Windows 10&#039;, os.arch: &#039;amd64&#039;, os.version: &#039;10.0&#039;, java.version: &#039;17.0.5&#039;
Driver info: io.appium.java_client.AppiumDriver
Command: [20ea10f1-6e5c-4b36-acae-16d429832c48, findElement {using=xpath, value=//*[@text=&#039;Upload&#039;]}]
Capabilities {appium:app: D:\pivotalapp-20-june.apk, appium:appActivity: com.calculator_apps.MainAct..., appium:appPackage: com.calculator_apps, appium:automationName: UiAutomator2, appium:databaseEnabled: false, appium:desired: {app: D:\pivotalapp-20-june.apk, appActivity: com.calculator_apps.MainAct..., appPackage: com.calculator_apps, automationName: UiAutomator2, deviceName: samsung, platformName: ANDROID, platformVersion: 10}, appium:deviceApiLevel: 29, appium:deviceManufacturer: samsung, appium:deviceModel: SM-A305F, appium:deviceName: RZ8M5181Y3M, appium:deviceScreenDensity: 420, appium:deviceScreenSize: 1080x2340, appium:deviceUDID: RZ8M5181Y3M, appium:javascriptEnabled: true, appium:locationContextEnabled: false, appium:networkConnectionEnabled: true, appium:pixelRatio: 2.625, appium:platformVersion: 10, appium:statBarHeight: 83, appium:takesScreenshot: true, appium:viewportRect: {height: 2048, left: 0, top: 83, width: 1080}, appium:warnings: {}, appium:webStorageEnabled: false, platformName: ANDROID}
Session ID: 20ea10f1-6e5c-4b36-acae-16d429832c48" type="org.openqa.selenium.NoSuchElementException">
      <![CDATA[org.openqa.selenium.NoSuchElementException: An element could not be located on the page using the given search parameters.
For documentation on this error, please visit: https://selenium.dev/exceptions/#no_such_element
Build info: version: '4.9.1', revision: 'eb2032df7f'
System info: os.name: 'Windows 10', os.arch: 'amd64', os.version: '10.0', java.version: '17.0.5'
Driver info: io.appium.java_client.AppiumDriver
Command: [20ea10f1-6e5c-4b36-acae-16d429832c48, findElement {using=xpath, value=//*[@text='Upload']}]
Capabilities {appium:app: D:\pivotalapp-20-june.apk, appium:appActivity: com.calculator_apps.MainAct..., appium:appPackage: com.calculator_apps, appium:automationName: UiAutomator2, appium:databaseEnabled: false, appium:desired: {app: D:\pivotalapp-20-june.apk, appActivity: com.calculator_apps.MainAct..., appPackage: com.calculator_apps, automationName: UiAutomator2, deviceName: samsung, platformName: ANDROID, platformVersion: 10}, appium:deviceApiLevel: 29, appium:deviceManufacturer: samsung, appium:deviceModel: SM-A305F, appium:deviceName: RZ8M5181Y3M, appium:deviceScreenDensity: 420, appium:deviceScreenSize: 1080x2340, appium:deviceUDID: RZ8M5181Y3M, appium:javascriptEnabled: true, appium:locationContextEnabled: false, appium:networkConnectionEnabled: true, appium:pixelRatio: 2.625, appium:platformVersion: 10, appium:statBarHeight: 83, appium:takesScreenshot: true, appium:viewportRect: {height: 2048, left: 0, top: 83, width: 1080}, appium:warnings: {}, appium:webStorageEnabled: false, platformName: ANDROID}
Session ID: 20ea10f1-6e5c-4b36-acae-16d429832c48
at java.base/jdk.internal.reflect.NativeConstructorAccessorImpl.newInstance0(Native Method)
at java.base/jdk.internal.reflect.NativeConstructorAccessorImpl.newInstance(NativeConstructorAccessorImpl.java:77)
at java.base/jdk.internal.reflect.DelegatingConstructorAccessorImpl.newInstance(DelegatingConstructorAccessorImpl.java:45)
at java.base/java.lang.reflect.Constructor.newInstanceWithCaller(Constructor.java:499)
at java.base/java.lang.reflect.Constructor.newInstance(Constructor.java:480)
at org.openqa.selenium.remote.codec.w3c.W3CHttpResponseCodec.createException(W3CHttpResponseCodec.java:200)
at org.openqa.selenium.remote.codec.w3c.W3CHttpResponseCodec.decode(W3CHttpResponseCodec.java:133)
at org.openqa.selenium.remote.codec.w3c.W3CHttpResponseCodec.decode(W3CHttpResponseCodec.java:53)
at org.openqa.selenium.remote.HttpCommandExecutor.execute(HttpCommandExecutor.java:193)
at io.appium.java_client.remote.AppiumCommandExecutor.execute(AppiumCommandExecutor.java:262)
at org.openqa.selenium.remote.RemoteWebDriver.execute(RemoteWebDriver.java:543)
at org.openqa.selenium.remote.ElementLocation$ElementFinder$2.findElement(ElementLocation.java:162)
at org.openqa.selenium.remote.ElementLocation.findElement(ElementLocation.java:60)
at org.openqa.selenium.remote.RemoteWebDriver.findElement(RemoteWebDriver.java:352)
at org.openqa.selenium.remote.RemoteWebDriver.findElement(RemoteWebDriver.java:344)
at pivotalApplication.PivotalEndToEndWorkflow.Upload(PivotalEndToEndWorkflow.java:1570)
at java.base/jdk.internal.reflect.NativeMethodAccessorImpl.invoke0(Native Method)
at java.base/jdk.internal.reflect.NativeMethodAccessorImpl.invoke(NativeMethodAccessorImpl.java:77)
at java.base/jdk.internal.reflect.DelegatingMethodAccessorImpl.invoke(DelegatingMethodAccessorImpl.java:43)
at java.base/java.lang.reflect.Method.invoke(Method.java:568)
at org.testng.internal.invokers.MethodInvocationHelper.invokeMethod(MethodInvocationHelper.java:139)
at org.testng.internal.invokers.TestInvoker.invokeMethod(TestInvoker.java:664)
at org.testng.internal.invokers.TestInvoker.invokeTestMethod(TestInvoker.java:227)
at org.testng.internal.invokers.MethodRunner.runInSequence(MethodRunner.java:50)
at org.testng.internal.invokers.TestInvoker$MethodInvocationAgent.invoke(TestInvoker.java:957)
at org.testng.internal.invokers.TestInvoker.invokeTestMethods(TestInvoker.java:200)
at org.testng.internal.invokers.TestMethodWorker.invokeTestMethods(TestMethodWorker.java:148)
at org.testng.internal.invokers.TestMethodWorker.run(TestMethodWorker.java:128)
at java.base/java.util.ArrayList.forEach(ArrayList.java:1511)
at org.testng.TestRunner.privateRun(TestRunner.java:848)
at org.testng.TestRunner.run(TestRunner.java:621)
at org.testng.SuiteRunner.runTest(SuiteRunner.java:443)
at org.testng.SuiteRunner.runSequentially(SuiteRunner.java:437)
at org.testng.SuiteRunner.privateRun(SuiteRunner.java:397)
at org.testng.SuiteRunner.run(SuiteRunner.java:336)
at org.testng.SuiteRunnerWorker.runSuite(SuiteRunnerWorker.java:52)
at org.testng.SuiteRunnerWorker.run(SuiteRunnerWorker.java:95)
at org.testng.TestNG.runSuitesSequentially(TestNG.java:1280)
at org.testng.TestNG.runSuitesLocally(TestNG.java:1200)
at org.testng.TestNG.runSuites(TestNG.java:1114)
at org.testng.TestNG.run(TestNG.java:1082)
at org.testng.remote.AbstractRemoteTestNG.run(AbstractRemoteTestNG.java:115)
at org.testng.remote.RemoteTestNG.initAndRun(RemoteTestNG.java:251)
at org.testng.remote.RemoteTestNG.main(RemoteTestNG.java:77)
]]>
    </error>
  </testcase> <!-- Upload -->
  <testcase classname="pivotalApplication.PivotalEndToEndWorkflow" name="UploadOk" time="2.133">
    <error message="An element could not be located on the page using the given search parameters.
For documentation on this error, please visit: https://selenium.dev/exceptions/#no_such_element
Build info: version: &#039;4.9.1&#039;, revision: &#039;eb2032df7f&#039;
System info: os.name: &#039;Windows 10&#039;, os.arch: &#039;amd64&#039;, os.version: &#039;10.0&#039;, java.version: &#039;17.0.5&#039;
Driver info: io.appium.java_client.AppiumDriver
Command: [20ea10f1-6e5c-4b36-acae-16d429832c48, findElement {using=xpath, value=//*[@text=&#039;OK&#039;]}]
Capabilities {appium:app: D:\pivotalapp-20-june.apk, appium:appActivity: com.calculator_apps.MainAct..., appium:appPackage: com.calculator_apps, appium:automationName: UiAutomator2, appium:databaseEnabled: false, appium:desired: {app: D:\pivotalapp-20-june.apk, appActivity: com.calculator_apps.MainAct..., appPackage: com.calculator_apps, automationName: UiAutomator2, deviceName: samsung, platformName: ANDROID, platformVersion: 10}, appium:deviceApiLevel: 29, appium:deviceManufacturer: samsung, appium:deviceModel: SM-A305F, appium:deviceName: RZ8M5181Y3M, appium:deviceScreenDensity: 420, appium:deviceScreenSize: 1080x2340, appium:deviceUDID: RZ8M5181Y3M, appium:javascriptEnabled: true, appium:locationContextEnabled: false, appium:networkConnectionEnabled: true, appium:pixelRatio: 2.625, appium:platformVersion: 10, appium:statBarHeight: 83, appium:takesScreenshot: true, appium:viewportRect: {height: 2048, left: 0, top: 83, width: 1080}, appium:warnings: {}, appium:webStorageEnabled: false, platformName: ANDROID}
Session ID: 20ea10f1-6e5c-4b36-acae-16d429832c48" type="org.openqa.selenium.NoSuchElementException">
      <![CDATA[org.openqa.selenium.NoSuchElementException: An element could not be located on the page using the given search parameters.
For documentation on this error, please visit: https://selenium.dev/exceptions/#no_such_element
Build info: version: '4.9.1', revision: 'eb2032df7f'
System info: os.name: 'Windows 10', os.arch: 'amd64', os.version: '10.0', java.version: '17.0.5'
Driver info: io.appium.java_client.AppiumDriver
Command: [20ea10f1-6e5c-4b36-acae-16d429832c48, findElement {using=xpath, value=//*[@text='OK']}]
Capabilities {appium:app: D:\pivotalapp-20-june.apk, appium:appActivity: com.calculator_apps.MainAct..., appium:appPackage: com.calculator_apps, appium:automationName: UiAutomator2, appium:databaseEnabled: false, appium:desired: {app: D:\pivotalapp-20-june.apk, appActivity: com.calculator_apps.MainAct..., appPackage: com.calculator_apps, automationName: UiAutomator2, deviceName: samsung, platformName: ANDROID, platformVersion: 10}, appium:deviceApiLevel: 29, appium:deviceManufacturer: samsung, appium:deviceModel: SM-A305F, appium:deviceName: RZ8M5181Y3M, appium:deviceScreenDensity: 420, appium:deviceScreenSize: 1080x2340, appium:deviceUDID: RZ8M5181Y3M, appium:javascriptEnabled: true, appium:locationContextEnabled: false, appium:networkConnectionEnabled: true, appium:pixelRatio: 2.625, appium:platformVersion: 10, appium:statBarHeight: 83, appium:takesScreenshot: true, appium:viewportRect: {height: 2048, left: 0, top: 83, width: 1080}, appium:warnings: {}, appium:webStorageEnabled: false, platformName: ANDROID}
Session ID: 20ea10f1-6e5c-4b36-acae-16d429832c48
at java.base/jdk.internal.reflect.NativeConstructorAccessorImpl.newInstance0(Native Method)
at java.base/jdk.internal.reflect.NativeConstructorAccessorImpl.newInstance(NativeConstructorAccessorImpl.java:77)
at java.base/jdk.internal.reflect.DelegatingConstructorAccessorImpl.newInstance(DelegatingConstructorAccessorImpl.java:45)
at java.base/java.lang.reflect.Constructor.newInstanceWithCaller(Constructor.java:499)
at java.base/java.lang.reflect.Constructor.newInstance(Constructor.java:480)
at org.openqa.selenium.remote.codec.w3c.W3CHttpResponseCodec.createException(W3CHttpResponseCodec.java:200)
at org.openqa.selenium.remote.codec.w3c.W3CHttpResponseCodec.decode(W3CHttpResponseCodec.java:133)
at org.openqa.selenium.remote.codec.w3c.W3CHttpResponseCodec.decode(W3CHttpResponseCodec.java:53)
at org.openqa.selenium.remote.HttpCommandExecutor.execute(HttpCommandExecutor.java:193)
at io.appium.java_client.remote.AppiumCommandExecutor.execute(AppiumCommandExecutor.java:262)
at org.openqa.selenium.remote.RemoteWebDriver.execute(RemoteWebDriver.java:543)
at org.openqa.selenium.remote.ElementLocation$ElementFinder$2.findElement(ElementLocation.java:162)
at org.openqa.selenium.remote.ElementLocation.findElement(ElementLocation.java:60)
at org.openqa.selenium.remote.RemoteWebDriver.findElement(RemoteWebDriver.java:352)
at org.openqa.selenium.remote.RemoteWebDriver.findElement(RemoteWebDriver.java:344)
at pivotalApplication.PivotalEndToEndWorkflow.UploadOk(PivotalEndToEndWorkflow.java:1580)
at java.base/jdk.internal.reflect.NativeMethodAccessorImpl.invoke0(Native Method)
at java.base/jdk.internal.reflect.NativeMethodAccessorImpl.invoke(NativeMethodAccessorImpl.java:77)
at java.base/jdk.internal.reflect.DelegatingMethodAccessorImpl.invoke(DelegatingMethodAccessorImpl.java:43)
at java.base/java.lang.reflect.Method.invoke(Method.java:568)
at org.testng.internal.invokers.MethodInvocationHelper.invokeMethod(MethodInvocationHelper.java:139)
at org.testng.internal.invokers.TestInvoker.invokeMethod(TestInvoker.java:664)
at org.testng.internal.invokers.TestInvoker.invokeTestMethod(TestInvoker.java:227)
at org.testng.internal.invokers.MethodRunner.runInSequence(MethodRunner.java:50)
at org.testng.internal.invokers.TestInvoker$MethodInvocationAgent.invoke(TestInvoker.java:957)
at org.testng.internal.invokers.TestInvoker.invokeTestMethods(TestInvoker.java:200)
at org.testng.internal.invokers.TestMethodWorker.invokeTestMethods(TestMethodWorker.java:148)
at org.testng.internal.invokers.TestMethodWorker.run(TestMethodWorker.java:128)
at java.base/java.util.ArrayList.forEach(ArrayList.java:1511)
at org.testng.TestRunner.privateRun(TestRunner.java:848)
at org.testng.TestRunner.run(TestRunner.java:621)
at org.testng.SuiteRunner.runTest(SuiteRunner.java:443)
at org.testng.SuiteRunner.runSequentially(SuiteRunner.java:437)
at org.testng.SuiteRunner.privateRun(SuiteRunner.java:397)
at org.testng.SuiteRunner.run(SuiteRunner.java:336)
at org.testng.SuiteRunnerWorker.runSuite(SuiteRunnerWorker.java:52)
at org.testng.SuiteRunnerWorker.run(SuiteRunnerWorker.java:95)
at org.testng.TestNG.runSuitesSequentially(TestNG.java:1280)
at org.testng.TestNG.runSuitesLocally(TestNG.java:1200)
at org.testng.TestNG.runSuites(TestNG.java:1114)
at org.testng.TestNG.run(TestNG.java:1082)
at org.testng.remote.AbstractRemoteTestNG.run(AbstractRemoteTestNG.java:115)
at org.testng.remote.RemoteTestNG.initAndRun(RemoteTestNG.java:251)
at org.testng.remote.RemoteTestNG.main(RemoteTestNG.java:77)
]]>
    </error>
  </testcase> <!-- UploadOk -->
  <testcase classname="pivotalApplication.PivotalEndToEndWorkflow" name="TransScript1" time="2.492">
    <error message="An element could not be located on the page using the given search parameters.
For documentation on this error, please visit: https://selenium.dev/exceptions/#no_such_element
Build info: version: &#039;4.9.1&#039;, revision: &#039;eb2032df7f&#039;
System info: os.name: &#039;Windows 10&#039;, os.arch: &#039;amd64&#039;, os.version: &#039;10.0&#039;, java.version: &#039;17.0.5&#039;
Driver info: io.appium.java_client.AppiumDriver
Command: [20ea10f1-6e5c-4b36-acae-16d429832c48, findElement {using=xpath, value=//*[@text=&#039;+Transcript&#039;]}]
Capabilities {appium:app: D:\pivotalapp-20-june.apk, appium:appActivity: com.calculator_apps.MainAct..., appium:appPackage: com.calculator_apps, appium:automationName: UiAutomator2, appium:databaseEnabled: false, appium:desired: {app: D:\pivotalapp-20-june.apk, appActivity: com.calculator_apps.MainAct..., appPackage: com.calculator_apps, automationName: UiAutomator2, deviceName: samsung, platformName: ANDROID, platformVersion: 10}, appium:deviceApiLevel: 29, appium:deviceManufacturer: samsung, appium:deviceModel: SM-A305F, appium:deviceName: RZ8M5181Y3M, appium:deviceScreenDensity: 420, appium:deviceScreenSize: 1080x2340, appium:deviceUDID: RZ8M5181Y3M, appium:javascriptEnabled: true, appium:locationContextEnabled: false, appium:networkConnectionEnabled: true, appium:pixelRatio: 2.625, appium:platformVersion: 10, appium:statBarHeight: 83, appium:takesScreenshot: true, appium:viewportRect: {height: 2048, left: 0, top: 83, width: 1080}, appium:warnings: {}, appium:webStorageEnabled: false, platformName: ANDROID}
Session ID: 20ea10f1-6e5c-4b36-acae-16d429832c48" type="org.openqa.selenium.NoSuchElementException">
      <![CDATA[org.openqa.selenium.NoSuchElementException: An element could not be located on the page using the given search parameters.
For documentation on this error, please visit: https://selenium.dev/exceptions/#no_such_element
Build info: version: '4.9.1', revision: 'eb2032df7f'
System info: os.name: 'Windows 10', os.arch: 'amd64', os.version: '10.0', java.version: '17.0.5'
Driver info: io.appium.java_client.AppiumDriver
Command: [20ea10f1-6e5c-4b36-acae-16d429832c48, findElement {using=xpath, value=//*[@text='+Transcript']}]
Capabilities {appium:app: D:\pivotalapp-20-june.apk, appium:appActivity: com.calculator_apps.MainAct..., appium:appPackage: com.calculator_apps, appium:automationName: UiAutomator2, appium:databaseEnabled: false, appium:desired: {app: D:\pivotalapp-20-june.apk, appActivity: com.calculator_apps.MainAct..., appPackage: com.calculator_apps, automationName: UiAutomator2, deviceName: samsung, platformName: ANDROID, platformVersion: 10}, appium:deviceApiLevel: 29, appium:deviceManufacturer: samsung, appium:deviceModel: SM-A305F, appium:deviceName: RZ8M5181Y3M, appium:deviceScreenDensity: 420, appium:deviceScreenSize: 1080x2340, appium:deviceUDID: RZ8M5181Y3M, appium:javascriptEnabled: true, appium:locationContextEnabled: false, appium:networkConnectionEnabled: true, appium:pixelRatio: 2.625, appium:platformVersion: 10, appium:statBarHeight: 83, appium:takesScreenshot: true, appium:viewportRect: {height: 2048, left: 0, top: 83, width: 1080}, appium:warnings: {}, appium:webStorageEnabled: false, platformName: ANDROID}
Session ID: 20ea10f1-6e5c-4b36-acae-16d429832c48
at java.base/jdk.internal.reflect.NativeConstructorAccessorImpl.newInstance0(Native Method)
at java.base/jdk.internal.reflect.NativeConstructorAccessorImpl.newInstance(NativeConstructorAccessorImpl.java:77)
at java.base/jdk.internal.reflect.DelegatingConstructorAccessorImpl.newInstance(DelegatingConstructorAccessorImpl.java:45)
at java.base/java.lang.reflect.Constructor.newInstanceWithCaller(Constructor.java:499)
at java.base/java.lang.reflect.Constructor.newInstance(Constructor.java:480)
at org.openqa.selenium.remote.codec.w3c.W3CHttpResponseCodec.createException(W3CHttpResponseCodec.java:200)
at org.openqa.selenium.remote.codec.w3c.W3CHttpResponseCodec.decode(W3CHttpResponseCodec.java:133)
at org.openqa.selenium.remote.codec.w3c.W3CHttpResponseCodec.decode(W3CHttpResponseCodec.java:53)
at org.openqa.selenium.remote.HttpCommandExecutor.execute(HttpCommandExecutor.java:193)
at io.appium.java_client.remote.AppiumCommandExecutor.execute(AppiumCommandExecutor.java:262)
at org.openqa.selenium.remote.RemoteWebDriver.execute(RemoteWebDriver.java:543)
at org.openqa.selenium.remote.ElementLocation$ElementFinder$2.findElement(ElementLocation.java:162)
at org.openqa.selenium.remote.ElementLocation.findElement(ElementLocation.java:60)
at org.openqa.selenium.remote.RemoteWebDriver.findElement(RemoteWebDriver.java:352)
at org.openqa.selenium.remote.RemoteWebDriver.findElement(RemoteWebDriver.java:344)
at pivotalApplication.PivotalEndToEndWorkflow.TransScript1(PivotalEndToEndWorkflow.java:1590)
at java.base/jdk.internal.reflect.NativeMethodAccessorImpl.invoke0(Native Method)
at java.base/jdk.internal.reflect.NativeMethodAccessorImpl.invoke(NativeMethodAccessorImpl.java:77)
at java.base/jdk.internal.reflect.DelegatingMethodAccessorImpl.invoke(DelegatingMethodAccessorImpl.java:43)
at java.base/java.lang.reflect.Method.invoke(Method.java:568)
at org.testng.internal.invokers.MethodInvocationHelper.invokeMethod(MethodInvocationHelper.java:139)
at org.testng.internal.invokers.TestInvoker.invokeMethod(TestInvoker.java:664)
at org.testng.internal.invokers.TestInvoker.invokeTestMethod(TestInvoker.java:227)
at org.testng.internal.invokers.MethodRunner.runInSequence(MethodRunner.java:50)
at org.testng.internal.invokers.TestInvoker$MethodInvocationAgent.invoke(TestInvoker.java:957)
at org.testng.internal.invokers.TestInvoker.invokeTestMethods(TestInvoker.java:200)
at org.testng.internal.invokers.TestMethodWorker.invokeTestMethods(TestMethodWorker.java:148)
at org.testng.internal.invokers.TestMethodWorker.run(TestMethodWorker.java:128)
at java.base/java.util.ArrayList.forEach(ArrayList.java:1511)
at org.testng.TestRunner.privateRun(TestRunner.java:848)
at org.testng.TestRunner.run(TestRunner.java:621)
at org.testng.SuiteRunner.runTest(SuiteRunner.java:443)
at org.testng.SuiteRunner.runSequentially(SuiteRunner.java:437)
at org.testng.SuiteRunner.privateRun(SuiteRunner.java:397)
at org.testng.SuiteRunner.run(SuiteRunner.java:336)
at org.testng.SuiteRunnerWorker.runSuite(SuiteRunnerWorker.java:52)
at org.testng.SuiteRunnerWorker.run(SuiteRunnerWorker.java:95)
at org.testng.TestNG.runSuitesSequentially(TestNG.java:1280)
at org.testng.TestNG.runSuitesLocally(TestNG.java:1200)
at org.testng.TestNG.runSuites(TestNG.java:1114)
at org.testng.TestNG.run(TestNG.java:1082)
at org.testng.remote.AbstractRemoteTestNG.run(AbstractRemoteTestNG.java:115)
at org.testng.remote.RemoteTestNG.initAndRun(RemoteTestNG.java:251)
at org.testng.remote.RemoteTestNG.main(RemoteTestNG.java:77)
]]>
    </error>
  </testcase> <!-- TransScript1 -->
  <testcase classname="pivotalApplication.PivotalEndToEndWorkflow" name="ImmunizationGovClick" time="2.139">
    <error message="An element could not be located on the page using the given search parameters.
For documentation on this error, please visit: https://selenium.dev/exceptions/#no_such_element
Build info: version: &#039;4.9.1&#039;, revision: &#039;eb2032df7f&#039;
System info: os.name: &#039;Windows 10&#039;, os.arch: &#039;amd64&#039;, os.version: &#039;10.0&#039;, java.version: &#039;17.0.5&#039;
Driver info: io.appium.java_client.AppiumDriver
Command: [20ea10f1-6e5c-4b36-acae-16d429832c48, findElement {using=xpath, value=//*[@text=&#039;Immunization - Govt&#039;]}]
Capabilities {appium:app: D:\pivotalapp-20-june.apk, appium:appActivity: com.calculator_apps.MainAct..., appium:appPackage: com.calculator_apps, appium:automationName: UiAutomator2, appium:databaseEnabled: false, appium:desired: {app: D:\pivotalapp-20-june.apk, appActivity: com.calculator_apps.MainAct..., appPackage: com.calculator_apps, automationName: UiAutomator2, deviceName: samsung, platformName: ANDROID, platformVersion: 10}, appium:deviceApiLevel: 29, appium:deviceManufacturer: samsung, appium:deviceModel: SM-A305F, appium:deviceName: RZ8M5181Y3M, appium:deviceScreenDensity: 420, appium:deviceScreenSize: 1080x2340, appium:deviceUDID: RZ8M5181Y3M, appium:javascriptEnabled: true, appium:locationContextEnabled: false, appium:networkConnectionEnabled: true, appium:pixelRatio: 2.625, appium:platformVersion: 10, appium:statBarHeight: 83, appium:takesScreenshot: true, appium:viewportRect: {height: 2048, left: 0, top: 83, width: 1080}, appium:warnings: {}, appium:webStorageEnabled: false, platformName: ANDROID}
Session ID: 20ea10f1-6e5c-4b36-acae-16d429832c48" type="org.openqa.selenium.NoSuchElementException">
      <![CDATA[org.openqa.selenium.NoSuchElementException: An element could not be located on the page using the given search parameters.
For documentation on this error, please visit: https://selenium.dev/exceptions/#no_such_element
Build info: version: '4.9.1', revision: 'eb2032df7f'
System info: os.name: 'Windows 10', os.arch: 'amd64', os.version: '10.0', java.version: '17.0.5'
Driver info: io.appium.java_client.AppiumDriver
Command: [20ea10f1-6e5c-4b36-acae-16d429832c48, findElement {using=xpath, value=//*[@text='Immunization - Govt']}]
Capabilities {appium:app: D:\pivotalapp-20-june.apk, appium:appActivity: com.calculator_apps.MainAct..., appium:appPackage: com.calculator_apps, appium:automationName: UiAutomator2, appium:databaseEnabled: false, appium:desired: {app: D:\pivotalapp-20-june.apk, appActivity: com.calculator_apps.MainAct..., appPackage: com.calculator_apps, automationName: UiAutomator2, deviceName: samsung, platformName: ANDROID, platformVersion: 10}, appium:deviceApiLevel: 29, appium:deviceManufacturer: samsung, appium:deviceModel: SM-A305F, appium:deviceName: RZ8M5181Y3M, appium:deviceScreenDensity: 420, appium:deviceScreenSize: 1080x2340, appium:deviceUDID: RZ8M5181Y3M, appium:javascriptEnabled: true, appium:locationContextEnabled: false, appium:networkConnectionEnabled: true, appium:pixelRatio: 2.625, appium:platformVersion: 10, appium:statBarHeight: 83, appium:takesScreenshot: true, appium:viewportRect: {height: 2048, left: 0, top: 83, width: 1080}, appium:warnings: {}, appium:webStorageEnabled: false, platformName: ANDROID}
Session ID: 20ea10f1-6e5c-4b36-acae-16d429832c48
at java.base/jdk.internal.reflect.NativeConstructorAccessorImpl.newInstance0(Native Method)
at java.base/jdk.internal.reflect.NativeConstructorAccessorImpl.newInstance(NativeConstructorAccessorImpl.java:77)
at java.base/jdk.internal.reflect.DelegatingConstructorAccessorImpl.newInstance(DelegatingConstructorAccessorImpl.java:45)
at java.base/java.lang.reflect.Constructor.newInstanceWithCaller(Constructor.java:499)
at java.base/java.lang.reflect.Constructor.newInstance(Constructor.java:480)
at org.openqa.selenium.remote.codec.w3c.W3CHttpResponseCodec.createException(W3CHttpResponseCodec.java:200)
at org.openqa.selenium.remote.codec.w3c.W3CHttpResponseCodec.decode(W3CHttpResponseCodec.java:133)
at org.openqa.selenium.remote.codec.w3c.W3CHttpResponseCodec.decode(W3CHttpResponseCodec.java:53)
at org.openqa.selenium.remote.HttpCommandExecutor.execute(HttpCommandExecutor.java:193)
at io.appium.java_client.remote.AppiumCommandExecutor.execute(AppiumCommandExecutor.java:262)
at org.openqa.selenium.remote.RemoteWebDriver.execute(RemoteWebDriver.java:543)
at org.openqa.selenium.remote.ElementLocation$ElementFinder$2.findElement(ElementLocation.java:162)
at org.openqa.selenium.remote.ElementLocation.findElement(ElementLocation.java:60)
at org.openqa.selenium.remote.RemoteWebDriver.findElement(RemoteWebDriver.java:352)
at org.openqa.selenium.remote.RemoteWebDriver.findElement(RemoteWebDriver.java:344)
at pivotalApplication.PivotalEndToEndWorkflow.ImmunizationGovClick(PivotalEndToEndWorkflow.java:1658)
at java.base/jdk.internal.reflect.NativeMethodAccessorImpl.invoke0(Native Method)
at java.base/jdk.internal.reflect.NativeMethodAccessorImpl.invoke(NativeMethodAccessorImpl.java:77)
at java.base/jdk.internal.reflect.DelegatingMethodAccessorImpl.invoke(DelegatingMethodAccessorImpl.java:43)
at java.base/java.lang.reflect.Method.invoke(Method.java:568)
at org.testng.internal.invokers.MethodInvocationHelper.invokeMethod(MethodInvocationHelper.java:139)
at org.testng.internal.invokers.TestInvoker.invokeMethod(TestInvoker.java:664)
at org.testng.internal.invokers.TestInvoker.invokeTestMethod(TestInvoker.java:227)
at org.testng.internal.invokers.MethodRunner.runInSequence(MethodRunner.java:50)
at org.testng.internal.invokers.TestInvoker$MethodInvocationAgent.invoke(TestInvoker.java:957)
at org.testng.internal.invokers.TestInvoker.invokeTestMethods(TestInvoker.java:200)
at org.testng.internal.invokers.TestMethodWorker.invokeTestMethods(TestMethodWorker.java:148)
at org.testng.internal.invokers.TestMethodWorker.run(TestMethodWorker.java:128)
at java.base/java.util.ArrayList.forEach(ArrayList.java:1511)
at org.testng.TestRunner.privateRun(TestRunner.java:848)
at org.testng.TestRunner.run(TestRunner.java:621)
at org.testng.SuiteRunner.runTest(SuiteRunner.java:443)
at org.testng.SuiteRunner.runSequentially(SuiteRunner.java:437)
at org.testng.SuiteRunner.privateRun(SuiteRunner.java:397)
at org.testng.SuiteRunner.run(SuiteRunner.java:336)
at org.testng.SuiteRunnerWorker.runSuite(SuiteRunnerWorker.java:52)
at org.testng.SuiteRunnerWorker.run(SuiteRunnerWorker.java:95)
at org.testng.TestNG.runSuitesSequentially(TestNG.java:1280)
at org.testng.TestNG.runSuitesLocally(TestNG.java:1200)
at org.testng.TestNG.runSuites(TestNG.java:1114)
at org.testng.TestNG.run(TestNG.java:1082)
at org.testng.remote.AbstractRemoteTestNG.run(AbstractRemoteTestNG.java:115)
at org.testng.remote.RemoteTestNG.initAndRun(RemoteTestNG.java:251)
at org.testng.remote.RemoteTestNG.main(RemoteTestNG.java:77)
]]>
    </error>
  </testcase> <!-- ImmunizationGovClick -->
  <testcase classname="pivotalApplication.PivotalEndToEndWorkflow" name="BulkCancel" time="5.373">
    <error message="An element could not be located on the page using the given search parameters.
For documentation on this error, please visit: https://selenium.dev/exceptions/#no_such_element
Build info: version: &#039;4.9.1&#039;, revision: &#039;eb2032df7f&#039;
System info: os.name: &#039;Windows 10&#039;, os.arch: &#039;amd64&#039;, os.version: &#039;10.0&#039;, java.version: &#039;17.0.5&#039;
Driver info: io.appium.java_client.AppiumDriver
Command: [20ea10f1-6e5c-4b36-acae-16d429832c48, findElement {using=xpath, value=//*[@text=&#039;Cancel&#039;]}]
Capabilities {appium:app: D:\pivotalapp-20-june.apk, appium:appActivity: com.calculator_apps.MainAct..., appium:appPackage: com.calculator_apps, appium:automationName: UiAutomator2, appium:databaseEnabled: false, appium:desired: {app: D:\pivotalapp-20-june.apk, appActivity: com.calculator_apps.MainAct..., appPackage: com.calculator_apps, automationName: UiAutomator2, deviceName: samsung, platformName: ANDROID, platformVersion: 10}, appium:deviceApiLevel: 29, appium:deviceManufacturer: samsung, appium:deviceModel: SM-A305F, appium:deviceName: RZ8M5181Y3M, appium:deviceScreenDensity: 420, appium:deviceScreenSize: 1080x2340, appium:deviceUDID: RZ8M5181Y3M, appium:javascriptEnabled: true, appium:locationContextEnabled: false, appium:networkConnectionEnabled: true, appium:pixelRatio: 2.625, appium:platformVersion: 10, appium:statBarHeight: 83, appium:takesScreenshot: true, appium:viewportRect: {height: 2048, left: 0, top: 83, width: 1080}, appium:warnings: {}, appium:webStorageEnabled: false, platformName: ANDROID}
Session ID: 20ea10f1-6e5c-4b36-acae-16d429832c48" type="org.openqa.selenium.NoSuchElementException">
      <![CDATA[org.openqa.selenium.NoSuchElementException: An element could not be located on the page using the given search parameters.
For documentation on this error, please visit: https://selenium.dev/exceptions/#no_such_element
Build info: version: '4.9.1', revision: 'eb2032df7f'
System info: os.name: 'Windows 10', os.arch: 'amd64', os.version: '10.0', java.version: '17.0.5'
Driver info: io.appium.java_client.AppiumDriver
Command: [20ea10f1-6e5c-4b36-acae-16d429832c48, findElement {using=xpath, value=//*[@text='Cancel']}]
Capabilities {appium:app: D:\pivotalapp-20-june.apk, appium:appActivity: com.calculator_apps.MainAct..., appium:appPackage: com.calculator_apps, appium:automationName: UiAutomator2, appium:databaseEnabled: false, appium:desired: {app: D:\pivotalapp-20-june.apk, appActivity: com.calculator_apps.MainAct..., appPackage: com.calculator_apps, automationName: UiAutomator2, deviceName: samsung, platformName: ANDROID, platformVersion: 10}, appium:deviceApiLevel: 29, appium:deviceManufacturer: samsung, appium:deviceModel: SM-A305F, appium:deviceName: RZ8M5181Y3M, appium:deviceScreenDensity: 420, appium:deviceScreenSize: 1080x2340, appium:deviceUDID: RZ8M5181Y3M, appium:javascriptEnabled: true, appium:locationContextEnabled: false, appium:networkConnectionEnabled: true, appium:pixelRatio: 2.625, appium:platformVersion: 10, appium:statBarHeight: 83, appium:takesScreenshot: true, appium:viewportRect: {height: 2048, left: 0, top: 83, width: 1080}, appium:warnings: {}, appium:webStorageEnabled: false, platformName: ANDROID}
Session ID: 20ea10f1-6e5c-4b36-acae-16d429832c48
at java.base/jdk.internal.reflect.NativeConstructorAccessorImpl.newInstance0(Native Method)
at java.base/jdk.internal.reflect.NativeConstructorAccessorImpl.newInstance(NativeConstructorAccessorImpl.java:77)
at java.base/jdk.internal.reflect.DelegatingConstructorAccessorImpl.newInstance(DelegatingConstructorAccessorImpl.java:45)
at java.base/java.lang.reflect.Constructor.newInstanceWithCaller(Constructor.java:499)
at java.base/java.lang.reflect.Constructor.newInstance(Constructor.java:480)
at org.openqa.selenium.remote.codec.w3c.W3CHttpResponseCodec.createException(W3CHttpResponseCodec.java:200)
at org.openqa.selenium.remote.codec.w3c.W3CHttpResponseCodec.decode(W3CHttpResponseCodec.java:133)
at org.openqa.selenium.remote.codec.w3c.W3CHttpResponseCodec.decode(W3CHttpResponseCodec.java:53)
at org.openqa.selenium.remote.HttpCommandExecutor.execute(HttpCommandExecutor.java:193)
at io.appium.java_client.remote.AppiumCommandExecutor.execute(AppiumCommandExecutor.java:262)
at org.openqa.selenium.remote.RemoteWebDriver.execute(RemoteWebDriver.java:543)
at org.openqa.selenium.remote.ElementLocation$ElementFinder$2.findElement(ElementLocation.java:162)
at org.openqa.selenium.remote.ElementLocation.findElement(ElementLocation.java:60)
at org.openqa.selenium.remote.RemoteWebDriver.findElement(RemoteWebDriver.java:352)
at org.openqa.selenium.remote.RemoteWebDriver.findElement(RemoteWebDriver.java:344)
at pivotalApplication.PivotalEndToEndWorkflow.BulkCancel(PivotalEndToEndWorkflow.java:1665)
at java.base/jdk.internal.reflect.NativeMethodAccessorImpl.invoke0(Native Method)
at java.base/jdk.internal.reflect.NativeMethodAccessorImpl.invoke(NativeMethodAccessorImpl.java:77)
at java.base/jdk.internal.reflect.DelegatingMethodAccessorImpl.invoke(DelegatingMethodAccessorImpl.java:43)
at java.base/java.lang.reflect.Method.invoke(Method.java:568)
at org.testng.internal.invokers.MethodInvocationHelper.invokeMethod(MethodInvocationHelper.java:139)
at org.testng.internal.invokers.TestInvoker.invokeMethod(TestInvoker.java:664)
at org.testng.internal.invokers.TestInvoker.invokeTestMethod(TestInvoker.java:227)
at org.testng.internal.invokers.MethodRunner.runInSequence(MethodRunner.java:50)
at org.testng.internal.invokers.TestInvoker$MethodInvocationAgent.invoke(TestInvoker.java:957)
at org.testng.internal.invokers.TestInvoker.invokeTestMethods(TestInvoker.java:200)
at org.testng.internal.invokers.TestMethodWorker.invokeTestMethods(TestMethodWorker.java:148)
at org.testng.internal.invokers.TestMethodWorker.run(TestMethodWorker.java:128)
at java.base/java.util.ArrayList.forEach(ArrayList.java:1511)
at org.testng.TestRunner.privateRun(TestRunner.java:848)
at org.testng.TestRunner.run(TestRunner.java:621)
at org.testng.SuiteRunner.runTest(SuiteRunner.java:443)
at org.testng.SuiteRunner.runSequentially(SuiteRunner.java:437)
at org.testng.SuiteRunner.privateRun(SuiteRunner.java:397)
at org.testng.SuiteRunner.run(SuiteRunner.java:336)
at org.testng.SuiteRunnerWorker.runSuite(SuiteRunnerWorker.java:52)
at org.testng.SuiteRunnerWorker.run(SuiteRunnerWorker.java:95)
at org.testng.TestNG.runSuitesSequentially(TestNG.java:1280)
at org.testng.TestNG.runSuitesLocally(TestNG.java:1200)
at org.testng.TestNG.runSuites(TestNG.java:1114)
at org.testng.TestNG.run(TestNG.java:1082)
at org.testng.remote.AbstractRemoteTestNG.run(AbstractRemoteTestNG.java:115)
at org.testng.remote.RemoteTestNG.initAndRun(RemoteTestNG.java:251)
at org.testng.remote.RemoteTestNG.main(RemoteTestNG.java:77)
]]>
    </error>
  </testcase> <!-- BulkCancel -->
  <testcase classname="pivotalApplication.PivotalEndToEndWorkflow" name="opvO" time="2.183">
    <error message="An element could not be located on the page using the given search parameters.
For documentation on this error, please visit: https://selenium.dev/exceptions/#no_such_element
Build info: version: &#039;4.9.1&#039;, revision: &#039;eb2032df7f&#039;
System info: os.name: &#039;Windows 10&#039;, os.arch: &#039;amd64&#039;, os.version: &#039;10.0&#039;, java.version: &#039;17.0.5&#039;
Driver info: io.appium.java_client.AppiumDriver
Command: [20ea10f1-6e5c-4b36-acae-16d429832c48, findElement {using=xpath, value=//*[@text=&#039;OPV-0&#039;]}]
Capabilities {appium:app: D:\pivotalapp-20-june.apk, appium:appActivity: com.calculator_apps.MainAct..., appium:appPackage: com.calculator_apps, appium:automationName: UiAutomator2, appium:databaseEnabled: false, appium:desired: {app: D:\pivotalapp-20-june.apk, appActivity: com.calculator_apps.MainAct..., appPackage: com.calculator_apps, automationName: UiAutomator2, deviceName: samsung, platformName: ANDROID, platformVersion: 10}, appium:deviceApiLevel: 29, appium:deviceManufacturer: samsung, appium:deviceModel: SM-A305F, appium:deviceName: RZ8M5181Y3M, appium:deviceScreenDensity: 420, appium:deviceScreenSize: 1080x2340, appium:deviceUDID: RZ8M5181Y3M, appium:javascriptEnabled: true, appium:locationContextEnabled: false, appium:networkConnectionEnabled: true, appium:pixelRatio: 2.625, appium:platformVersion: 10, appium:statBarHeight: 83, appium:takesScreenshot: true, appium:viewportRect: {height: 2048, left: 0, top: 83, width: 1080}, appium:warnings: {}, appium:webStorageEnabled: false, platformName: ANDROID}
Session ID: 20ea10f1-6e5c-4b36-acae-16d429832c48" type="org.openqa.selenium.NoSuchElementException">
      <![CDATA[org.openqa.selenium.NoSuchElementException: An element could not be located on the page using the given search parameters.
For documentation on this error, please visit: https://selenium.dev/exceptions/#no_such_element
Build info: version: '4.9.1', revision: 'eb2032df7f'
System info: os.name: 'Windows 10', os.arch: 'amd64', os.version: '10.0', java.version: '17.0.5'
Driver info: io.appium.java_client.AppiumDriver
Command: [20ea10f1-6e5c-4b36-acae-16d429832c48, findElement {using=xpath, value=//*[@text='OPV-0']}]
Capabilities {appium:app: D:\pivotalapp-20-june.apk, appium:appActivity: com.calculator_apps.MainAct..., appium:appPackage: com.calculator_apps, appium:automationName: UiAutomator2, appium:databaseEnabled: false, appium:desired: {app: D:\pivotalapp-20-june.apk, appActivity: com.calculator_apps.MainAct..., appPackage: com.calculator_apps, automationName: UiAutomator2, deviceName: samsung, platformName: ANDROID, platformVersion: 10}, appium:deviceApiLevel: 29, appium:deviceManufacturer: samsung, appium:deviceModel: SM-A305F, appium:deviceName: RZ8M5181Y3M, appium:deviceScreenDensity: 420, appium:deviceScreenSize: 1080x2340, appium:deviceUDID: RZ8M5181Y3M, appium:javascriptEnabled: true, appium:locationContextEnabled: false, appium:networkConnectionEnabled: true, appium:pixelRatio: 2.625, appium:platformVersion: 10, appium:statBarHeight: 83, appium:takesScreenshot: true, appium:viewportRect: {height: 2048, left: 0, top: 83, width: 1080}, appium:warnings: {}, appium:webStorageEnabled: false, platformName: ANDROID}
Session ID: 20ea10f1-6e5c-4b36-acae-16d429832c48
at java.base/jdk.internal.reflect.NativeConstructorAccessorImpl.newInstance0(Native Method)
at java.base/jdk.internal.reflect.NativeConstructorAccessorImpl.newInstance(NativeConstructorAccessorImpl.java:77)
at java.base/jdk.internal.reflect.DelegatingConstructorAccessorImpl.newInstance(DelegatingConstructorAccessorImpl.java:45)
at java.base/java.lang.reflect.Constructor.newInstanceWithCaller(Constructor.java:499)
at java.base/java.lang.reflect.Constructor.newInstance(Constructor.java:480)
at org.openqa.selenium.remote.codec.w3c.W3CHttpResponseCodec.createException(W3CHttpResponseCodec.java:200)
at org.openqa.selenium.remote.codec.w3c.W3CHttpResponseCodec.decode(W3CHttpResponseCodec.java:133)
at org.openqa.selenium.remote.codec.w3c.W3CHttpResponseCodec.decode(W3CHttpResponseCodec.java:53)
at org.openqa.selenium.remote.HttpCommandExecutor.execute(HttpCommandExecutor.java:193)
at io.appium.java_client.remote.AppiumCommandExecutor.execute(AppiumCommandExecutor.java:262)
at org.openqa.selenium.remote.RemoteWebDriver.execute(RemoteWebDriver.java:543)
at org.openqa.selenium.remote.ElementLocation$ElementFinder$2.findElement(ElementLocation.java:162)
at org.openqa.selenium.remote.ElementLocation.findElement(ElementLocation.java:60)
at org.openqa.selenium.remote.RemoteWebDriver.findElement(RemoteWebDriver.java:352)
at org.openqa.selenium.remote.RemoteWebDriver.findElement(RemoteWebDriver.java:344)
at pivotalApplication.PivotalEndToEndWorkflow.opvO(PivotalEndToEndWorkflow.java:1672)
at java.base/jdk.internal.reflect.NativeMethodAccessorImpl.invoke0(Native Method)
at java.base/jdk.internal.reflect.NativeMethodAccessorImpl.invoke(NativeMethodAccessorImpl.java:77)
at java.base/jdk.internal.reflect.DelegatingMethodAccessorImpl.invoke(DelegatingMethodAccessorImpl.java:43)
at java.base/java.lang.reflect.Method.invoke(Method.java:568)
at org.testng.internal.invokers.MethodInvocationHelper.invokeMethod(MethodInvocationHelper.java:139)
at org.testng.internal.invokers.TestInvoker.invokeMethod(TestInvoker.java:664)
at org.testng.internal.invokers.TestInvoker.invokeTestMethod(TestInvoker.java:227)
at org.testng.internal.invokers.MethodRunner.runInSequence(MethodRunner.java:50)
at org.testng.internal.invokers.TestInvoker$MethodInvocationAgent.invoke(TestInvoker.java:957)
at org.testng.internal.invokers.TestInvoker.invokeTestMethods(TestInvoker.java:200)
at org.testng.internal.invokers.TestMethodWorker.invokeTestMethods(TestMethodWorker.java:148)
at org.testng.internal.invokers.TestMethodWorker.run(TestMethodWorker.java:128)
at java.base/java.util.ArrayList.forEach(ArrayList.java:1511)
at org.testng.TestRunner.privateRun(TestRunner.java:848)
at org.testng.TestRunner.run(TestRunner.java:621)
at org.testng.SuiteRunner.runTest(SuiteRunner.java:443)
at org.testng.SuiteRunner.runSequentially(SuiteRunner.java:437)
at org.testng.SuiteRunner.privateRun(SuiteRunner.java:397)
at org.testng.SuiteRunner.run(SuiteRunner.java:336)
at org.testng.SuiteRunnerWorker.runSuite(SuiteRunnerWorker.java:52)
at org.testng.SuiteRunnerWorker.run(SuiteRunnerWorker.java:95)
at org.testng.TestNG.runSuitesSequentially(TestNG.java:1280)
at org.testng.TestNG.runSuitesLocally(TestNG.java:1200)
at org.testng.TestNG.runSuites(TestNG.java:1114)
at org.testng.TestNG.run(TestNG.java:1082)
at org.testng.remote.AbstractRemoteTestNG.run(AbstractRemoteTestNG.java:115)
at org.testng.remote.RemoteTestNG.initAndRun(RemoteTestNG.java:251)
at org.testng.remote.RemoteTestNG.main(RemoteTestNG.java:77)
]]>
    </error>
  </testcase> <!-- opvO -->
  <testcase classname="pivotalApplication.PivotalEndToEndWorkflow" name="SaveVaccine" time="2.193">
    <error message="An element could not be located on the page using the given search parameters.
For documentation on this error, please visit: https://selenium.dev/exceptions/#no_such_element
Build info: version: &#039;4.9.1&#039;, revision: &#039;eb2032df7f&#039;
System info: os.name: &#039;Windows 10&#039;, os.arch: &#039;amd64&#039;, os.version: &#039;10.0&#039;, java.version: &#039;17.0.5&#039;
Driver info: io.appium.java_client.AppiumDriver
Command: [20ea10f1-6e5c-4b36-acae-16d429832c48, findElement {using=xpath, value=//*[@text=&#039;SAVE VACCINE&#039;]}]
Capabilities {appium:app: D:\pivotalapp-20-june.apk, appium:appActivity: com.calculator_apps.MainAct..., appium:appPackage: com.calculator_apps, appium:automationName: UiAutomator2, appium:databaseEnabled: false, appium:desired: {app: D:\pivotalapp-20-june.apk, appActivity: com.calculator_apps.MainAct..., appPackage: com.calculator_apps, automationName: UiAutomator2, deviceName: samsung, platformName: ANDROID, platformVersion: 10}, appium:deviceApiLevel: 29, appium:deviceManufacturer: samsung, appium:deviceModel: SM-A305F, appium:deviceName: RZ8M5181Y3M, appium:deviceScreenDensity: 420, appium:deviceScreenSize: 1080x2340, appium:deviceUDID: RZ8M5181Y3M, appium:javascriptEnabled: true, appium:locationContextEnabled: false, appium:networkConnectionEnabled: true, appium:pixelRatio: 2.625, appium:platformVersion: 10, appium:statBarHeight: 83, appium:takesScreenshot: true, appium:viewportRect: {height: 2048, left: 0, top: 83, width: 1080}, appium:warnings: {}, appium:webStorageEnabled: false, platformName: ANDROID}
Session ID: 20ea10f1-6e5c-4b36-acae-16d429832c48" type="org.openqa.selenium.NoSuchElementException">
      <![CDATA[org.openqa.selenium.NoSuchElementException: An element could not be located on the page using the given search parameters.
For documentation on this error, please visit: https://selenium.dev/exceptions/#no_such_element
Build info: version: '4.9.1', revision: 'eb2032df7f'
System info: os.name: 'Windows 10', os.arch: 'amd64', os.version: '10.0', java.version: '17.0.5'
Driver info: io.appium.java_client.AppiumDriver
Command: [20ea10f1-6e5c-4b36-acae-16d429832c48, findElement {using=xpath, value=//*[@text='SAVE VACCINE']}]
Capabilities {appium:app: D:\pivotalapp-20-june.apk, appium:appActivity: com.calculator_apps.MainAct..., appium:appPackage: com.calculator_apps, appium:automationName: UiAutomator2, appium:databaseEnabled: false, appium:desired: {app: D:\pivotalapp-20-june.apk, appActivity: com.calculator_apps.MainAct..., appPackage: com.calculator_apps, automationName: UiAutomator2, deviceName: samsung, platformName: ANDROID, platformVersion: 10}, appium:deviceApiLevel: 29, appium:deviceManufacturer: samsung, appium:deviceModel: SM-A305F, appium:deviceName: RZ8M5181Y3M, appium:deviceScreenDensity: 420, appium:deviceScreenSize: 1080x2340, appium:deviceUDID: RZ8M5181Y3M, appium:javascriptEnabled: true, appium:locationContextEnabled: false, appium:networkConnectionEnabled: true, appium:pixelRatio: 2.625, appium:platformVersion: 10, appium:statBarHeight: 83, appium:takesScreenshot: true, appium:viewportRect: {height: 2048, left: 0, top: 83, width: 1080}, appium:warnings: {}, appium:webStorageEnabled: false, platformName: ANDROID}
Session ID: 20ea10f1-6e5c-4b36-acae-16d429832c48
at java.base/jdk.internal.reflect.NativeConstructorAccessorImpl.newInstance0(Native Method)
at java.base/jdk.internal.reflect.NativeConstructorAccessorImpl.newInstance(NativeConstructorAccessorImpl.java:77)
at java.base/jdk.internal.reflect.DelegatingConstructorAccessorImpl.newInstance(DelegatingConstructorAccessorImpl.java:45)
at java.base/java.lang.reflect.Constructor.newInstanceWithCaller(Constructor.java:499)
at java.base/java.lang.reflect.Constructor.newInstance(Constructor.java:480)
at org.openqa.selenium.remote.codec.w3c.W3CHttpResponseCodec.createException(W3CHttpResponseCodec.java:200)
at org.openqa.selenium.remote.codec.w3c.W3CHttpResponseCodec.decode(W3CHttpResponseCodec.java:133)
at org.openqa.selenium.remote.codec.w3c.W3CHttpResponseCodec.decode(W3CHttpResponseCodec.java:53)
at org.openqa.selenium.remote.HttpCommandExecutor.execute(HttpCommandExecutor.java:193)
at io.appium.java_client.remote.AppiumCommandExecutor.execute(AppiumCommandExecutor.java:262)
at org.openqa.selenium.remote.RemoteWebDriver.execute(RemoteWebDriver.java:543)
at org.openqa.selenium.remote.ElementLocation$ElementFinder$2.findElement(ElementLocation.java:162)
at org.openqa.selenium.remote.ElementLocation.findElement(ElementLocation.java:60)
at org.openqa.selenium.remote.RemoteWebDriver.findElement(RemoteWebDriver.java:352)
at org.openqa.selenium.remote.RemoteWebDriver.findElement(RemoteWebDriver.java:344)
at pivotalApplication.PivotalEndToEndWorkflow.SaveVaccine(PivotalEndToEndWorkflow.java:1679)
at java.base/jdk.internal.reflect.NativeMethodAccessorImpl.invoke0(Native Method)
at java.base/jdk.internal.reflect.NativeMethodAccessorImpl.invoke(NativeMethodAccessorImpl.java:77)
at java.base/jdk.internal.reflect.DelegatingMethodAccessorImpl.invoke(DelegatingMethodAccessorImpl.java:43)
at java.base/java.lang.reflect.Method.invoke(Method.java:568)
at org.testng.internal.invokers.MethodInvocationHelper.invokeMethod(MethodInvocationHelper.java:139)
at org.testng.internal.invokers.TestInvoker.invokeMethod(TestInvoker.java:664)
at org.testng.internal.invokers.TestInvoker.invokeTestMethod(TestInvoker.java:227)
at org.testng.internal.invokers.MethodRunner.runInSequence(MethodRunner.java:50)
at org.testng.internal.invokers.TestInvoker$MethodInvocationAgent.invoke(TestInvoker.java:957)
at org.testng.internal.invokers.TestInvoker.invokeTestMethods(TestInvoker.java:200)
at org.testng.internal.invokers.TestMethodWorker.invokeTestMethods(TestMethodWorker.java:148)
at org.testng.internal.invokers.TestMethodWorker.run(TestMethodWorker.java:128)
at java.base/java.util.ArrayList.forEach(ArrayList.java:1511)
at org.testng.TestRunner.privateRun(TestRunner.java:848)
at org.testng.TestRunner.run(TestRunner.java:621)
at org.testng.SuiteRunner.runTest(SuiteRunner.java:443)
at org.testng.SuiteRunner.runSequentially(SuiteRunner.java:437)
at org.testng.SuiteRunner.privateRun(SuiteRunner.java:397)
at org.testng.SuiteRunner.run(SuiteRunner.java:336)
at org.testng.SuiteRunnerWorker.runSuite(SuiteRunnerWorker.java:52)
at org.testng.SuiteRunnerWorker.run(SuiteRunnerWorker.java:95)
at org.testng.TestNG.runSuitesSequentially(TestNG.java:1280)
at org.testng.TestNG.runSuitesLocally(TestNG.java:1200)
at org.testng.TestNG.runSuites(TestNG.java:1114)
at org.testng.TestNG.run(TestNG.java:1082)
at org.testng.remote.AbstractRemoteTestNG.run(AbstractRemoteTestNG.java:115)
at org.testng.remote.RemoteTestNG.initAndRun(RemoteTestNG.java:251)
at org.testng.remote.RemoteTestNG.main(RemoteTestNG.java:77)
]]>
    </error>
  </testcase> <!-- SaveVaccine -->
  <testcase classname="pivotalApplication.PivotalEndToEndWorkflow" name="IPV1" time="2.179">
    <error message="An element could not be located on the page using the given search parameters.
For documentation on this error, please visit: https://selenium.dev/exceptions/#no_such_element
Build info: version: &#039;4.9.1&#039;, revision: &#039;eb2032df7f&#039;
System info: os.name: &#039;Windows 10&#039;, os.arch: &#039;amd64&#039;, os.version: &#039;10.0&#039;, java.version: &#039;17.0.5&#039;
Driver info: io.appium.java_client.AppiumDriver
Command: [20ea10f1-6e5c-4b36-acae-16d429832c48, findElement {using=xpath, value=//*[@text=&#039;IPV-1&#039;]}]
Capabilities {appium:app: D:\pivotalapp-20-june.apk, appium:appActivity: com.calculator_apps.MainAct..., appium:appPackage: com.calculator_apps, appium:automationName: UiAutomator2, appium:databaseEnabled: false, appium:desired: {app: D:\pivotalapp-20-june.apk, appActivity: com.calculator_apps.MainAct..., appPackage: com.calculator_apps, automationName: UiAutomator2, deviceName: samsung, platformName: ANDROID, platformVersion: 10}, appium:deviceApiLevel: 29, appium:deviceManufacturer: samsung, appium:deviceModel: SM-A305F, appium:deviceName: RZ8M5181Y3M, appium:deviceScreenDensity: 420, appium:deviceScreenSize: 1080x2340, appium:deviceUDID: RZ8M5181Y3M, appium:javascriptEnabled: true, appium:locationContextEnabled: false, appium:networkConnectionEnabled: true, appium:pixelRatio: 2.625, appium:platformVersion: 10, appium:statBarHeight: 83, appium:takesScreenshot: true, appium:viewportRect: {height: 2048, left: 0, top: 83, width: 1080}, appium:warnings: {}, appium:webStorageEnabled: false, platformName: ANDROID}
Session ID: 20ea10f1-6e5c-4b36-acae-16d429832c48" type="org.openqa.selenium.NoSuchElementException">
      <![CDATA[org.openqa.selenium.NoSuchElementException: An element could not be located on the page using the given search parameters.
For documentation on this error, please visit: https://selenium.dev/exceptions/#no_such_element
Build info: version: '4.9.1', revision: 'eb2032df7f'
System info: os.name: 'Windows 10', os.arch: 'amd64', os.version: '10.0', java.version: '17.0.5'
Driver info: io.appium.java_client.AppiumDriver
Command: [20ea10f1-6e5c-4b36-acae-16d429832c48, findElement {using=xpath, value=//*[@text='IPV-1']}]
Capabilities {appium:app: D:\pivotalapp-20-june.apk, appium:appActivity: com.calculator_apps.MainAct..., appium:appPackage: com.calculator_apps, appium:automationName: UiAutomator2, appium:databaseEnabled: false, appium:desired: {app: D:\pivotalapp-20-june.apk, appActivity: com.calculator_apps.MainAct..., appPackage: com.calculator_apps, automationName: UiAutomator2, deviceName: samsung, platformName: ANDROID, platformVersion: 10}, appium:deviceApiLevel: 29, appium:deviceManufacturer: samsung, appium:deviceModel: SM-A305F, appium:deviceName: RZ8M5181Y3M, appium:deviceScreenDensity: 420, appium:deviceScreenSize: 1080x2340, appium:deviceUDID: RZ8M5181Y3M, appium:javascriptEnabled: true, appium:locationContextEnabled: false, appium:networkConnectionEnabled: true, appium:pixelRatio: 2.625, appium:platformVersion: 10, appium:statBarHeight: 83, appium:takesScreenshot: true, appium:viewportRect: {height: 2048, left: 0, top: 83, width: 1080}, appium:warnings: {}, appium:webStorageEnabled: false, platformName: ANDROID}
Session ID: 20ea10f1-6e5c-4b36-acae-16d429832c48
at java.base/jdk.internal.reflect.NativeConstructorAccessorImpl.newInstance0(Native Method)
at java.base/jdk.internal.reflect.NativeConstructorAccessorImpl.newInstance(NativeConstructorAccessorImpl.java:77)
at java.base/jdk.internal.reflect.DelegatingConstructorAccessorImpl.newInstance(DelegatingConstructorAccessorImpl.java:45)
at java.base/java.lang.reflect.Constructor.newInstanceWithCaller(Constructor.java:499)
at java.base/java.lang.reflect.Constructor.newInstance(Constructor.java:480)
at org.openqa.selenium.remote.codec.w3c.W3CHttpResponseCodec.createException(W3CHttpResponseCodec.java:200)
at org.openqa.selenium.remote.codec.w3c.W3CHttpResponseCodec.decode(W3CHttpResponseCodec.java:133)
at org.openqa.selenium.remote.codec.w3c.W3CHttpResponseCodec.decode(W3CHttpResponseCodec.java:53)
at org.openqa.selenium.remote.HttpCommandExecutor.execute(HttpCommandExecutor.java:193)
at io.appium.java_client.remote.AppiumCommandExecutor.execute(AppiumCommandExecutor.java:262)
at org.openqa.selenium.remote.RemoteWebDriver.execute(RemoteWebDriver.java:543)
at org.openqa.selenium.remote.ElementLocation$ElementFinder$2.findElement(ElementLocation.java:162)
at org.openqa.selenium.remote.ElementLocation.findElement(ElementLocation.java:60)
at org.openqa.selenium.remote.RemoteWebDriver.findElement(RemoteWebDriver.java:352)
at org.openqa.selenium.remote.RemoteWebDriver.findElement(RemoteWebDriver.java:344)
at pivotalApplication.PivotalEndToEndWorkflow.IPV1(PivotalEndToEndWorkflow.java:1686)
at java.base/jdk.internal.reflect.NativeMethodAccessorImpl.invoke0(Native Method)
at java.base/jdk.internal.reflect.NativeMethodAccessorImpl.invoke(NativeMethodAccessorImpl.java:77)
at java.base/jdk.internal.reflect.DelegatingMethodAccessorImpl.invoke(DelegatingMethodAccessorImpl.java:43)
at java.base/java.lang.reflect.Method.invoke(Method.java:568)
at org.testng.internal.invokers.MethodInvocationHelper.invokeMethod(MethodInvocationHelper.java:139)
at org.testng.internal.invokers.TestInvoker.invokeMethod(TestInvoker.java:664)
at org.testng.internal.invokers.TestInvoker.invokeTestMethod(TestInvoker.java:227)
at org.testng.internal.invokers.MethodRunner.runInSequence(MethodRunner.java:50)
at org.testng.internal.invokers.TestInvoker$MethodInvocationAgent.invoke(TestInvoker.java:957)
at org.testng.internal.invokers.TestInvoker.invokeTestMethods(TestInvoker.java:200)
at org.testng.internal.invokers.TestMethodWorker.invokeTestMethods(TestMethodWorker.java:148)
at org.testng.internal.invokers.TestMethodWorker.run(TestMethodWorker.java:128)
at java.base/java.util.ArrayList.forEach(ArrayList.java:1511)
at org.testng.TestRunner.privateRun(TestRunner.java:848)
at org.testng.TestRunner.run(TestRunner.java:621)
at org.testng.SuiteRunner.runTest(SuiteRunner.java:443)
at org.testng.SuiteRunner.runSequentially(SuiteRunner.java:437)
at org.testng.SuiteRunner.privateRun(SuiteRunner.java:397)
at org.testng.SuiteRunner.run(SuiteRunner.java:336)
at org.testng.SuiteRunnerWorker.runSuite(SuiteRunnerWorker.java:52)
at org.testng.SuiteRunnerWorker.run(SuiteRunnerWorker.java:95)
at org.testng.TestNG.runSuitesSequentially(TestNG.java:1280)
at org.testng.TestNG.runSuitesLocally(TestNG.java:1200)
at org.testng.TestNG.runSuites(TestNG.java:1114)
at org.testng.TestNG.run(TestNG.java:1082)
at org.testng.remote.AbstractRemoteTestNG.run(AbstractRemoteTestNG.java:115)
at org.testng.remote.RemoteTestNG.initAndRun(RemoteTestNG.java:251)
at org.testng.remote.RemoteTestNG.main(RemoteTestNG.java:77)
]]>
    </error>
  </testcase> <!-- IPV1 -->
  <testcase classname="pivotalApplication.PivotalEndToEndWorkflow" name="SaveVaccine1" time="2.205">
    <error message="An element could not be located on the page using the given search parameters.
For documentation on this error, please visit: https://selenium.dev/exceptions/#no_such_element
Build info: version: &#039;4.9.1&#039;, revision: &#039;eb2032df7f&#039;
System info: os.name: &#039;Windows 10&#039;, os.arch: &#039;amd64&#039;, os.version: &#039;10.0&#039;, java.version: &#039;17.0.5&#039;
Driver info: io.appium.java_client.AppiumDriver
Command: [20ea10f1-6e5c-4b36-acae-16d429832c48, findElement {using=xpath, value=//*[@text=&#039;SAVE VACCINE&#039;]}]
Capabilities {appium:app: D:\pivotalapp-20-june.apk, appium:appActivity: com.calculator_apps.MainAct..., appium:appPackage: com.calculator_apps, appium:automationName: UiAutomator2, appium:databaseEnabled: false, appium:desired: {app: D:\pivotalapp-20-june.apk, appActivity: com.calculator_apps.MainAct..., appPackage: com.calculator_apps, automationName: UiAutomator2, deviceName: samsung, platformName: ANDROID, platformVersion: 10}, appium:deviceApiLevel: 29, appium:deviceManufacturer: samsung, appium:deviceModel: SM-A305F, appium:deviceName: RZ8M5181Y3M, appium:deviceScreenDensity: 420, appium:deviceScreenSize: 1080x2340, appium:deviceUDID: RZ8M5181Y3M, appium:javascriptEnabled: true, appium:locationContextEnabled: false, appium:networkConnectionEnabled: true, appium:pixelRatio: 2.625, appium:platformVersion: 10, appium:statBarHeight: 83, appium:takesScreenshot: true, appium:viewportRect: {height: 2048, left: 0, top: 83, width: 1080}, appium:warnings: {}, appium:webStorageEnabled: false, platformName: ANDROID}
Session ID: 20ea10f1-6e5c-4b36-acae-16d429832c48" type="org.openqa.selenium.NoSuchElementException">
      <![CDATA[org.openqa.selenium.NoSuchElementException: An element could not be located on the page using the given search parameters.
For documentation on this error, please visit: https://selenium.dev/exceptions/#no_such_element
Build info: version: '4.9.1', revision: 'eb2032df7f'
System info: os.name: 'Windows 10', os.arch: 'amd64', os.version: '10.0', java.version: '17.0.5'
Driver info: io.appium.java_client.AppiumDriver
Command: [20ea10f1-6e5c-4b36-acae-16d429832c48, findElement {using=xpath, value=//*[@text='SAVE VACCINE']}]
Capabilities {appium:app: D:\pivotalapp-20-june.apk, appium:appActivity: com.calculator_apps.MainAct..., appium:appPackage: com.calculator_apps, appium:automationName: UiAutomator2, appium:databaseEnabled: false, appium:desired: {app: D:\pivotalapp-20-june.apk, appActivity: com.calculator_apps.MainAct..., appPackage: com.calculator_apps, automationName: UiAutomator2, deviceName: samsung, platformName: ANDROID, platformVersion: 10}, appium:deviceApiLevel: 29, appium:deviceManufacturer: samsung, appium:deviceModel: SM-A305F, appium:deviceName: RZ8M5181Y3M, appium:deviceScreenDensity: 420, appium:deviceScreenSize: 1080x2340, appium:deviceUDID: RZ8M5181Y3M, appium:javascriptEnabled: true, appium:locationContextEnabled: false, appium:networkConnectionEnabled: true, appium:pixelRatio: 2.625, appium:platformVersion: 10, appium:statBarHeight: 83, appium:takesScreenshot: true, appium:viewportRect: {height: 2048, left: 0, top: 83, width: 1080}, appium:warnings: {}, appium:webStorageEnabled: false, platformName: ANDROID}
Session ID: 20ea10f1-6e5c-4b36-acae-16d429832c48
at java.base/jdk.internal.reflect.NativeConstructorAccessorImpl.newInstance0(Native Method)
at java.base/jdk.internal.reflect.NativeConstructorAccessorImpl.newInstance(NativeConstructorAccessorImpl.java:77)
at java.base/jdk.internal.reflect.DelegatingConstructorAccessorImpl.newInstance(DelegatingConstructorAccessorImpl.java:45)
at java.base/java.lang.reflect.Constructor.newInstanceWithCaller(Constructor.java:499)
at java.base/java.lang.reflect.Constructor.newInstance(Constructor.java:480)
at org.openqa.selenium.remote.codec.w3c.W3CHttpResponseCodec.createException(W3CHttpResponseCodec.java:200)
at org.openqa.selenium.remote.codec.w3c.W3CHttpResponseCodec.decode(W3CHttpResponseCodec.java:133)
at org.openqa.selenium.remote.codec.w3c.W3CHttpResponseCodec.decode(W3CHttpResponseCodec.java:53)
at org.openqa.selenium.remote.HttpCommandExecutor.execute(HttpCommandExecutor.java:193)
at io.appium.java_client.remote.AppiumCommandExecutor.execute(AppiumCommandExecutor.java:262)
at org.openqa.selenium.remote.RemoteWebDriver.execute(RemoteWebDriver.java:543)
at org.openqa.selenium.remote.ElementLocation$ElementFinder$2.findElement(ElementLocation.java:162)
at org.openqa.selenium.remote.ElementLocation.findElement(ElementLocation.java:60)
at org.openqa.selenium.remote.RemoteWebDriver.findElement(RemoteWebDriver.java:352)
at org.openqa.selenium.remote.RemoteWebDriver.findElement(RemoteWebDriver.java:344)
at pivotalApplication.PivotalEndToEndWorkflow.SaveVaccine1(PivotalEndToEndWorkflow.java:1693)
at java.base/jdk.internal.reflect.NativeMethodAccessorImpl.invoke0(Native Method)
at java.base/jdk.internal.reflect.NativeMethodAccessorImpl.invoke(NativeMethodAccessorImpl.java:77)
at java.base/jdk.internal.reflect.DelegatingMethodAccessorImpl.invoke(DelegatingMethodAccessorImpl.java:43)
at java.base/java.lang.reflect.Method.invoke(Method.java:568)
at org.testng.internal.invokers.MethodInvocationHelper.invokeMethod(MethodInvocationHelper.java:139)
at org.testng.internal.invokers.TestInvoker.invokeMethod(TestInvoker.java:664)
at org.testng.internal.invokers.TestInvoker.invokeTestMethod(TestInvoker.java:227)
at org.testng.internal.invokers.MethodRunner.runInSequence(MethodRunner.java:50)
at org.testng.internal.invokers.TestInvoker$MethodInvocationAgent.invoke(TestInvoker.java:957)
at org.testng.internal.invokers.TestInvoker.invokeTestMethods(TestInvoker.java:200)
at org.testng.internal.invokers.TestMethodWorker.invokeTestMethods(TestMethodWorker.java:148)
at org.testng.internal.invokers.TestMethodWorker.run(TestMethodWorker.java:128)
at java.base/java.util.ArrayList.forEach(ArrayList.java:1511)
at org.testng.TestRunner.privateRun(TestRunner.java:848)
at org.testng.TestRunner.run(TestRunner.java:621)
at org.testng.SuiteRunner.runTest(SuiteRunner.java:443)
at org.testng.SuiteRunner.runSequentially(SuiteRunner.java:437)
at org.testng.SuiteRunner.privateRun(SuiteRunner.java:397)
at org.testng.SuiteRunner.run(SuiteRunner.java:336)
at org.testng.SuiteRunnerWorker.runSuite(SuiteRunnerWorker.java:52)
at org.testng.SuiteRunnerWorker.run(SuiteRunnerWorker.java:95)
at org.testng.TestNG.runSuitesSequentially(TestNG.java:1280)
at org.testng.TestNG.runSuitesLocally(TestNG.java:1200)
at org.testng.TestNG.runSuites(TestNG.java:1114)
at org.testng.TestNG.run(TestNG.java:1082)
at org.testng.remote.AbstractRemoteTestNG.run(AbstractRemoteTestNG.java:115)
at org.testng.remote.RemoteTestNG.initAndRun(RemoteTestNG.java:251)
at org.testng.remote.RemoteTestNG.main(RemoteTestNG.java:77)
]]>
    </error>
  </testcase> <!-- SaveVaccine1 -->
  <testcase classname="pivotalApplication.PivotalEndToEndWorkflow" name="HepB" time="2.180">
    <error message="An element could not be located on the page using the given search parameters.
For documentation on this error, please visit: https://selenium.dev/exceptions/#no_such_element
Build info: version: &#039;4.9.1&#039;, revision: &#039;eb2032df7f&#039;
System info: os.name: &#039;Windows 10&#039;, os.arch: &#039;amd64&#039;, os.version: &#039;10.0&#039;, java.version: &#039;17.0.5&#039;
Driver info: io.appium.java_client.AppiumDriver
Command: [20ea10f1-6e5c-4b36-acae-16d429832c48, findElement {using=xpath, value=//*[@text=&#039;Hep-B&#039;]}]
Capabilities {appium:app: D:\pivotalapp-20-june.apk, appium:appActivity: com.calculator_apps.MainAct..., appium:appPackage: com.calculator_apps, appium:automationName: UiAutomator2, appium:databaseEnabled: false, appium:desired: {app: D:\pivotalapp-20-june.apk, appActivity: com.calculator_apps.MainAct..., appPackage: com.calculator_apps, automationName: UiAutomator2, deviceName: samsung, platformName: ANDROID, platformVersion: 10}, appium:deviceApiLevel: 29, appium:deviceManufacturer: samsung, appium:deviceModel: SM-A305F, appium:deviceName: RZ8M5181Y3M, appium:deviceScreenDensity: 420, appium:deviceScreenSize: 1080x2340, appium:deviceUDID: RZ8M5181Y3M, appium:javascriptEnabled: true, appium:locationContextEnabled: false, appium:networkConnectionEnabled: true, appium:pixelRatio: 2.625, appium:platformVersion: 10, appium:statBarHeight: 83, appium:takesScreenshot: true, appium:viewportRect: {height: 2048, left: 0, top: 83, width: 1080}, appium:warnings: {}, appium:webStorageEnabled: false, platformName: ANDROID}
Session ID: 20ea10f1-6e5c-4b36-acae-16d429832c48" type="org.openqa.selenium.NoSuchElementException">
      <![CDATA[org.openqa.selenium.NoSuchElementException: An element could not be located on the page using the given search parameters.
For documentation on this error, please visit: https://selenium.dev/exceptions/#no_such_element
Build info: version: '4.9.1', revision: 'eb2032df7f'
System info: os.name: 'Windows 10', os.arch: 'amd64', os.version: '10.0', java.version: '17.0.5'
Driver info: io.appium.java_client.AppiumDriver
Command: [20ea10f1-6e5c-4b36-acae-16d429832c48, findElement {using=xpath, value=//*[@text='Hep-B']}]
Capabilities {appium:app: D:\pivotalapp-20-june.apk, appium:appActivity: com.calculator_apps.MainAct..., appium:appPackage: com.calculator_apps, appium:automationName: UiAutomator2, appium:databaseEnabled: false, appium:desired: {app: D:\pivotalapp-20-june.apk, appActivity: com.calculator_apps.MainAct..., appPackage: com.calculator_apps, automationName: UiAutomator2, deviceName: samsung, platformName: ANDROID, platformVersion: 10}, appium:deviceApiLevel: 29, appium:deviceManufacturer: samsung, appium:deviceModel: SM-A305F, appium:deviceName: RZ8M5181Y3M, appium:deviceScreenDensity: 420, appium:deviceScreenSize: 1080x2340, appium:deviceUDID: RZ8M5181Y3M, appium:javascriptEnabled: true, appium:locationContextEnabled: false, appium:networkConnectionEnabled: true, appium:pixelRatio: 2.625, appium:platformVersion: 10, appium:statBarHeight: 83, appium:takesScreenshot: true, appium:viewportRect: {height: 2048, left: 0, top: 83, width: 1080}, appium:warnings: {}, appium:webStorageEnabled: false, platformName: ANDROID}
Session ID: 20ea10f1-6e5c-4b36-acae-16d429832c48
at jdk.internal.reflect.GeneratedConstructorAccessor10.newInstance(Unknown Source)
at java.base/jdk.internal.reflect.DelegatingConstructorAccessorImpl.newInstance(DelegatingConstructorAccessorImpl.java:45)
at java.base/java.lang.reflect.Constructor.newInstanceWithCaller(Constructor.java:499)
at java.base/java.lang.reflect.Constructor.newInstance(Constructor.java:480)
at org.openqa.selenium.remote.codec.w3c.W3CHttpResponseCodec.createException(W3CHttpResponseCodec.java:200)
at org.openqa.selenium.remote.codec.w3c.W3CHttpResponseCodec.decode(W3CHttpResponseCodec.java:133)
at org.openqa.selenium.remote.codec.w3c.W3CHttpResponseCodec.decode(W3CHttpResponseCodec.java:53)
at org.openqa.selenium.remote.HttpCommandExecutor.execute(HttpCommandExecutor.java:193)
at io.appium.java_client.remote.AppiumCommandExecutor.execute(AppiumCommandExecutor.java:262)
at org.openqa.selenium.remote.RemoteWebDriver.execute(RemoteWebDriver.java:543)
at org.openqa.selenium.remote.ElementLocation$ElementFinder$2.findElement(ElementLocation.java:162)
at org.openqa.selenium.remote.ElementLocation.findElement(ElementLocation.java:60)
at org.openqa.selenium.remote.RemoteWebDriver.findElement(RemoteWebDriver.java:352)
at org.openqa.selenium.remote.RemoteWebDriver.findElement(RemoteWebDriver.java:344)
at pivotalApplication.PivotalEndToEndWorkflow.HepB(PivotalEndToEndWorkflow.java:1700)
at java.base/jdk.internal.reflect.NativeMethodAccessorImpl.invoke0(Native Method)
at java.base/jdk.internal.reflect.NativeMethodAccessorImpl.invoke(NativeMethodAccessorImpl.java:77)
at java.base/jdk.internal.reflect.DelegatingMethodAccessorImpl.invoke(DelegatingMethodAccessorImpl.java:43)
at java.base/java.lang.reflect.Method.invoke(Method.java:568)
at org.testng.internal.invokers.MethodInvocationHelper.invokeMethod(MethodInvocationHelper.java:139)
at org.testng.internal.invokers.TestInvoker.invokeMethod(TestInvoker.java:664)
at org.testng.internal.invokers.TestInvoker.invokeTestMethod(TestInvoker.java:227)
at org.testng.internal.invokers.MethodRunner.runInSequence(MethodRunner.java:50)
at org.testng.internal.invokers.TestInvoker$MethodInvocationAgent.invoke(TestInvoker.java:957)
at org.testng.internal.invokers.TestInvoker.invokeTestMethods(TestInvoker.java:200)
at org.testng.internal.invokers.TestMethodWorker.invokeTestMethods(TestMethodWorker.java:148)
at org.testng.internal.invokers.TestMethodWorker.run(TestMethodWorker.java:128)
at java.base/java.util.ArrayList.forEach(ArrayList.java:1511)
at org.testng.TestRunner.privateRun(TestRunner.java:848)
at org.testng.TestRunner.run(TestRunner.java:621)
at org.testng.SuiteRunner.runTest(SuiteRunner.java:443)
at org.testng.SuiteRunner.runSequentially(SuiteRunner.java:437)
at org.testng.SuiteRunner.privateRun(SuiteRunner.java:397)
at org.testng.SuiteRunner.run(SuiteRunner.java:336)
at org.testng.SuiteRunnerWorker.runSuite(SuiteRunnerWorker.java:52)
at org.testng.SuiteRunnerWorker.run(SuiteRunnerWorker.java:95)
at org.testng.TestNG.runSuitesSequentially(TestNG.java:1280)
at org.testng.TestNG.runSuitesLocally(TestNG.java:1200)
at org.testng.TestNG.runSuites(TestNG.java:1114)
at org.testng.TestNG.run(TestNG.java:1082)
at org.testng.remote.AbstractRemoteTestNG.run(AbstractRemoteTestNG.java:115)
at org.testng.remote.RemoteTestNG.initAndRun(RemoteTestNG.java:251)
at org.testng.remote.RemoteTestNG.main(RemoteTestNG.java:77)
]]>
    </error>
  </testcase> <!-- HepB -->
  <testcase classname="pivotalApplication.PivotalEndToEndWorkflow" name="SaveVaccine2" time="2.166">
    <error message="An element could not be located on the page using the given search parameters.
For documentation on this error, please visit: https://selenium.dev/exceptions/#no_such_element
Build info: version: &#039;4.9.1&#039;, revision: &#039;eb2032df7f&#039;
System info: os.name: &#039;Windows 10&#039;, os.arch: &#039;amd64&#039;, os.version: &#039;10.0&#039;, java.version: &#039;17.0.5&#039;
Driver info: io.appium.java_client.AppiumDriver
Command: [20ea10f1-6e5c-4b36-acae-16d429832c48, findElement {using=xpath, value=//*[@text=&#039;SAVE VACCINE&#039;]}]
Capabilities {appium:app: D:\pivotalapp-20-june.apk, appium:appActivity: com.calculator_apps.MainAct..., appium:appPackage: com.calculator_apps, appium:automationName: UiAutomator2, appium:databaseEnabled: false, appium:desired: {app: D:\pivotalapp-20-june.apk, appActivity: com.calculator_apps.MainAct..., appPackage: com.calculator_apps, automationName: UiAutomator2, deviceName: samsung, platformName: ANDROID, platformVersion: 10}, appium:deviceApiLevel: 29, appium:deviceManufacturer: samsung, appium:deviceModel: SM-A305F, appium:deviceName: RZ8M5181Y3M, appium:deviceScreenDensity: 420, appium:deviceScreenSize: 1080x2340, appium:deviceUDID: RZ8M5181Y3M, appium:javascriptEnabled: true, appium:locationContextEnabled: false, appium:networkConnectionEnabled: true, appium:pixelRatio: 2.625, appium:platformVersion: 10, appium:statBarHeight: 83, appium:takesScreenshot: true, appium:viewportRect: {height: 2048, left: 0, top: 83, width: 1080}, appium:warnings: {}, appium:webStorageEnabled: false, platformName: ANDROID}
Session ID: 20ea10f1-6e5c-4b36-acae-16d429832c48" type="org.openqa.selenium.NoSuchElementException">
      <![CDATA[org.openqa.selenium.NoSuchElementException: An element could not be located on the page using the given search parameters.
For documentation on this error, please visit: https://selenium.dev/exceptions/#no_such_element
Build info: version: '4.9.1', revision: 'eb2032df7f'
System info: os.name: 'Windows 10', os.arch: 'amd64', os.version: '10.0', java.version: '17.0.5'
Driver info: io.appium.java_client.AppiumDriver
Command: [20ea10f1-6e5c-4b36-acae-16d429832c48, findElement {using=xpath, value=//*[@text='SAVE VACCINE']}]
Capabilities {appium:app: D:\pivotalapp-20-june.apk, appium:appActivity: com.calculator_apps.MainAct..., appium:appPackage: com.calculator_apps, appium:automationName: UiAutomator2, appium:databaseEnabled: false, appium:desired: {app: D:\pivotalapp-20-june.apk, appActivity: com.calculator_apps.MainAct..., appPackage: com.calculator_apps, automationName: UiAutomator2, deviceName: samsung, platformName: ANDROID, platformVersion: 10}, appium:deviceApiLevel: 29, appium:deviceManufacturer: samsung, appium:deviceModel: SM-A305F, appium:deviceName: RZ8M5181Y3M, appium:deviceScreenDensity: 420, appium:deviceScreenSize: 1080x2340, appium:deviceUDID: RZ8M5181Y3M, appium:javascriptEnabled: true, appium:locationContextEnabled: false, appium:networkConnectionEnabled: true, appium:pixelRatio: 2.625, appium:platformVersion: 10, appium:statBarHeight: 83, appium:takesScreenshot: true, appium:viewportRect: {height: 2048, left: 0, top: 83, width: 1080}, appium:warnings: {}, appium:webStorageEnabled: false, platformName: ANDROID}
Session ID: 20ea10f1-6e5c-4b36-acae-16d429832c48
at jdk.internal.reflect.GeneratedConstructorAccessor10.newInstance(Unknown Source)
at java.base/jdk.internal.reflect.DelegatingConstructorAccessorImpl.newInstance(DelegatingConstructorAccessorImpl.java:45)
at java.base/java.lang.reflect.Constructor.newInstanceWithCaller(Constructor.java:499)
at java.base/java.lang.reflect.Constructor.newInstance(Constructor.java:480)
at org.openqa.selenium.remote.codec.w3c.W3CHttpResponseCodec.createException(W3CHttpResponseCodec.java:200)
at org.openqa.selenium.remote.codec.w3c.W3CHttpResponseCodec.decode(W3CHttpResponseCodec.java:133)
at org.openqa.selenium.remote.codec.w3c.W3CHttpResponseCodec.decode(W3CHttpResponseCodec.java:53)
at org.openqa.selenium.remote.HttpCommandExecutor.execute(HttpCommandExecutor.java:193)
at io.appium.java_client.remote.AppiumCommandExecutor.execute(AppiumCommandExecutor.java:262)
at org.openqa.selenium.remote.RemoteWebDriver.execute(RemoteWebDriver.java:543)
at org.openqa.selenium.remote.ElementLocation$ElementFinder$2.findElement(ElementLocation.java:162)
at org.openqa.selenium.remote.ElementLocation.findElement(ElementLocation.java:60)
at org.openqa.selenium.remote.RemoteWebDriver.findElement(RemoteWebDriver.java:352)
at org.openqa.selenium.remote.RemoteWebDriver.findElement(RemoteWebDriver.java:344)
at pivotalApplication.PivotalEndToEndWorkflow.SaveVaccine2(PivotalEndToEndWorkflow.java:1707)
at java.base/jdk.internal.reflect.NativeMethodAccessorImpl.invoke0(Native Method)
at java.base/jdk.internal.reflect.NativeMethodAccessorImpl.invoke(NativeMethodAccessorImpl.java:77)
at java.base/jdk.internal.reflect.DelegatingMethodAccessorImpl.invoke(DelegatingMethodAccessorImpl.java:43)
at java.base/java.lang.reflect.Method.invoke(Method.java:568)
at org.testng.internal.invokers.MethodInvocationHelper.invokeMethod(MethodInvocationHelper.java:139)
at org.testng.internal.invokers.TestInvoker.invokeMethod(TestInvoker.java:664)
at org.testng.internal.invokers.TestInvoker.invokeTestMethod(TestInvoker.java:227)
at org.testng.internal.invokers.MethodRunner.runInSequence(MethodRunner.java:50)
at org.testng.internal.invokers.TestInvoker$MethodInvocationAgent.invoke(TestInvoker.java:957)
at org.testng.internal.invokers.TestInvoker.invokeTestMethods(TestInvoker.java:200)
at org.testng.internal.invokers.TestMethodWorker.invokeTestMethods(TestMethodWorker.java:148)
at org.testng.internal.invokers.TestMethodWorker.run(TestMethodWorker.java:128)
at java.base/java.util.ArrayList.forEach(ArrayList.java:1511)
at org.testng.TestRunner.privateRun(TestRunner.java:848)
at org.testng.TestRunner.run(TestRunner.java:621)
at org.testng.SuiteRunner.runTest(SuiteRunner.java:443)
at org.testng.SuiteRunner.runSequentially(SuiteRunner.java:437)
at org.testng.SuiteRunner.privateRun(SuiteRunner.java:397)
at org.testng.SuiteRunner.run(SuiteRunner.java:336)
at org.testng.SuiteRunnerWorker.runSuite(SuiteRunnerWorker.java:52)
at org.testng.SuiteRunnerWorker.run(SuiteRunnerWorker.java:95)
at org.testng.TestNG.runSuitesSequentially(TestNG.java:1280)
at org.testng.TestNG.runSuitesLocally(TestNG.java:1200)
at org.testng.TestNG.runSuites(TestNG.java:1114)
at org.testng.TestNG.run(TestNG.java:1082)
at org.testng.remote.AbstractRemoteTestNG.run(AbstractRemoteTestNG.java:115)
at org.testng.remote.RemoteTestNG.initAndRun(RemoteTestNG.java:251)
at org.testng.remote.RemoteTestNG.main(RemoteTestNG.java:77)
]]>
    </error>
  </testcase> <!-- SaveVaccine2 -->
  <testcase classname="pivotalApplication.PivotalEndToEndWorkflow" name="Transscript" time="2.337">
    <error message="An element could not be located on the page using the given search parameters.
For documentation on this error, please visit: https://selenium.dev/exceptions/#no_such_element
Build info: version: &#039;4.9.1&#039;, revision: &#039;eb2032df7f&#039;
System info: os.name: &#039;Windows 10&#039;, os.arch: &#039;amd64&#039;, os.version: &#039;10.0&#039;, java.version: &#039;17.0.5&#039;
Driver info: io.appium.java_client.AppiumDriver
Command: [20ea10f1-6e5c-4b36-acae-16d429832c48, findElement {using=xpath, value=//*[@text=&#039;+Transcript&#039;]}]
Capabilities {appium:app: D:\pivotalapp-20-june.apk, appium:appActivity: com.calculator_apps.MainAct..., appium:appPackage: com.calculator_apps, appium:automationName: UiAutomator2, appium:databaseEnabled: false, appium:desired: {app: D:\pivotalapp-20-june.apk, appActivity: com.calculator_apps.MainAct..., appPackage: com.calculator_apps, automationName: UiAutomator2, deviceName: samsung, platformName: ANDROID, platformVersion: 10}, appium:deviceApiLevel: 29, appium:deviceManufacturer: samsung, appium:deviceModel: SM-A305F, appium:deviceName: RZ8M5181Y3M, appium:deviceScreenDensity: 420, appium:deviceScreenSize: 1080x2340, appium:deviceUDID: RZ8M5181Y3M, appium:javascriptEnabled: true, appium:locationContextEnabled: false, appium:networkConnectionEnabled: true, appium:pixelRatio: 2.625, appium:platformVersion: 10, appium:statBarHeight: 83, appium:takesScreenshot: true, appium:viewportRect: {height: 2048, left: 0, top: 83, width: 1080}, appium:warnings: {}, appium:webStorageEnabled: false, platformName: ANDROID}
Session ID: 20ea10f1-6e5c-4b36-acae-16d429832c48" type="org.openqa.selenium.NoSuchElementException">
      <![CDATA[org.openqa.selenium.NoSuchElementException: An element could not be located on the page using the given search parameters.
For documentation on this error, please visit: https://selenium.dev/exceptions/#no_such_element
Build info: version: '4.9.1', revision: 'eb2032df7f'
System info: os.name: 'Windows 10', os.arch: 'amd64', os.version: '10.0', java.version: '17.0.5'
Driver info: io.appium.java_client.AppiumDriver
Command: [20ea10f1-6e5c-4b36-acae-16d429832c48, findElement {using=xpath, value=//*[@text='+Transcript']}]
Capabilities {appium:app: D:\pivotalapp-20-june.apk, appium:appActivity: com.calculator_apps.MainAct..., appium:appPackage: com.calculator_apps, appium:automationName: UiAutomator2, appium:databaseEnabled: false, appium:desired: {app: D:\pivotalapp-20-june.apk, appActivity: com.calculator_apps.MainAct..., appPackage: com.calculator_apps, automationName: UiAutomator2, deviceName: samsung, platformName: ANDROID, platformVersion: 10}, appium:deviceApiLevel: 29, appium:deviceManufacturer: samsung, appium:deviceModel: SM-A305F, appium:deviceName: RZ8M5181Y3M, appium:deviceScreenDensity: 420, appium:deviceScreenSize: 1080x2340, appium:deviceUDID: RZ8M5181Y3M, appium:javascriptEnabled: true, appium:locationContextEnabled: false, appium:networkConnectionEnabled: true, appium:pixelRatio: 2.625, appium:platformVersion: 10, appium:statBarHeight: 83, appium:takesScreenshot: true, appium:viewportRect: {height: 2048, left: 0, top: 83, width: 1080}, appium:warnings: {}, appium:webStorageEnabled: false, platformName: ANDROID}
Session ID: 20ea10f1-6e5c-4b36-acae-16d429832c48
at jdk.internal.reflect.GeneratedConstructorAccessor10.newInstance(Unknown Source)
at java.base/jdk.internal.reflect.DelegatingConstructorAccessorImpl.newInstance(DelegatingConstructorAccessorImpl.java:45)
at java.base/java.lang.reflect.Constructor.newInstanceWithCaller(Constructor.java:499)
at java.base/java.lang.reflect.Constructor.newInstance(Constructor.java:480)
at org.openqa.selenium.remote.codec.w3c.W3CHttpResponseCodec.createException(W3CHttpResponseCodec.java:200)
at org.openqa.selenium.remote.codec.w3c.W3CHttpResponseCodec.decode(W3CHttpResponseCodec.java:133)
at org.openqa.selenium.remote.codec.w3c.W3CHttpResponseCodec.decode(W3CHttpResponseCodec.java:53)
at org.openqa.selenium.remote.HttpCommandExecutor.execute(HttpCommandExecutor.java:193)
at io.appium.java_client.remote.AppiumCommandExecutor.execute(AppiumCommandExecutor.java:262)
at org.openqa.selenium.remote.RemoteWebDriver.execute(RemoteWebDriver.java:543)
at org.openqa.selenium.remote.ElementLocation$ElementFinder$2.findElement(ElementLocation.java:162)
at org.openqa.selenium.remote.ElementLocation.findElement(ElementLocation.java:60)
at org.openqa.selenium.remote.RemoteWebDriver.findElement(RemoteWebDriver.java:352)
at org.openqa.selenium.remote.RemoteWebDriver.findElement(RemoteWebDriver.java:344)
at pivotalApplication.PivotalEndToEndWorkflow.Transscript(PivotalEndToEndWorkflow.java:1714)
at java.base/jdk.internal.reflect.NativeMethodAccessorImpl.invoke0(Native Method)
at java.base/jdk.internal.reflect.NativeMethodAccessorImpl.invoke(NativeMethodAccessorImpl.java:77)
at java.base/jdk.internal.reflect.DelegatingMethodAccessorImpl.invoke(DelegatingMethodAccessorImpl.java:43)
at java.base/java.lang.reflect.Method.invoke(Method.java:568)
at org.testng.internal.invokers.MethodInvocationHelper.invokeMethod(MethodInvocationHelper.java:139)
at org.testng.internal.invokers.TestInvoker.invokeMethod(TestInvoker.java:664)
at org.testng.internal.invokers.TestInvoker.invokeTestMethod(TestInvoker.java:227)
at org.testng.internal.invokers.MethodRunner.runInSequence(MethodRunner.java:50)
at org.testng.internal.invokers.TestInvoker$MethodInvocationAgent.invoke(TestInvoker.java:957)
at org.testng.internal.invokers.TestInvoker.invokeTestMethods(TestInvoker.java:200)
at org.testng.internal.invokers.TestMethodWorker.invokeTestMethods(TestMethodWorker.java:148)
at org.testng.internal.invokers.TestMethodWorker.run(TestMethodWorker.java:128)
at java.base/java.util.ArrayList.forEach(ArrayList.java:1511)
at org.testng.TestRunner.privateRun(TestRunner.java:848)
at org.testng.TestRunner.run(TestRunner.java:621)
at org.testng.SuiteRunner.runTest(SuiteRunner.java:443)
at org.testng.SuiteRunner.runSequentially(SuiteRunner.java:437)
at org.testng.SuiteRunner.privateRun(SuiteRunner.java:397)
at org.testng.SuiteRunner.run(SuiteRunner.java:336)
at org.testng.SuiteRunnerWorker.runSuite(SuiteRunnerWorker.java:52)
at org.testng.SuiteRunnerWorker.run(SuiteRunnerWorker.java:95)
at org.testng.TestNG.runSuitesSequentially(TestNG.java:1280)
at org.testng.TestNG.runSuitesLocally(TestNG.java:1200)
at org.testng.TestNG.runSuites(TestNG.java:1114)
at org.testng.TestNG.run(TestNG.java:1082)
at org.testng.remote.AbstractRemoteTestNG.run(AbstractRemoteTestNG.java:115)
at org.testng.remote.RemoteTestNG.initAndRun(RemoteTestNG.java:251)
at org.testng.remote.RemoteTestNG.main(RemoteTestNG.java:77)
]]>
    </error>
  </testcase> <!-- Transscript -->
  <testcase classname="pivotalApplication.PivotalEndToEndWorkflow" name="CreatedBy2" time="2.218">
    <error message="An element could not be located on the page using the given search parameters.
For documentation on this error, please visit: https://selenium.dev/exceptions/#no_such_element
Build info: version: &#039;4.9.1&#039;, revision: &#039;eb2032df7f&#039;
System info: os.name: &#039;Windows 10&#039;, os.arch: &#039;amd64&#039;, os.version: &#039;10.0&#039;, java.version: &#039;17.0.5&#039;
Driver info: io.appium.java_client.AppiumDriver
Command: [20ea10f1-6e5c-4b36-acae-16d429832c48, findElement {using=xpath, value=//*[@text=&#039;Created By&#039;]}]
Capabilities {appium:app: D:\pivotalapp-20-june.apk, appium:appActivity: com.calculator_apps.MainAct..., appium:appPackage: com.calculator_apps, appium:automationName: UiAutomator2, appium:databaseEnabled: false, appium:desired: {app: D:\pivotalapp-20-june.apk, appActivity: com.calculator_apps.MainAct..., appPackage: com.calculator_apps, automationName: UiAutomator2, deviceName: samsung, platformName: ANDROID, platformVersion: 10}, appium:deviceApiLevel: 29, appium:deviceManufacturer: samsung, appium:deviceModel: SM-A305F, appium:deviceName: RZ8M5181Y3M, appium:deviceScreenDensity: 420, appium:deviceScreenSize: 1080x2340, appium:deviceUDID: RZ8M5181Y3M, appium:javascriptEnabled: true, appium:locationContextEnabled: false, appium:networkConnectionEnabled: true, appium:pixelRatio: 2.625, appium:platformVersion: 10, appium:statBarHeight: 83, appium:takesScreenshot: true, appium:viewportRect: {height: 2048, left: 0, top: 83, width: 1080}, appium:warnings: {}, appium:webStorageEnabled: false, platformName: ANDROID}
Session ID: 20ea10f1-6e5c-4b36-acae-16d429832c48" type="org.openqa.selenium.NoSuchElementException">
      <![CDATA[org.openqa.selenium.NoSuchElementException: An element could not be located on the page using the given search parameters.
For documentation on this error, please visit: https://selenium.dev/exceptions/#no_such_element
Build info: version: '4.9.1', revision: 'eb2032df7f'
System info: os.name: 'Windows 10', os.arch: 'amd64', os.version: '10.0', java.version: '17.0.5'
Driver info: io.appium.java_client.AppiumDriver
Command: [20ea10f1-6e5c-4b36-acae-16d429832c48, findElement {using=xpath, value=//*[@text='Created By']}]
Capabilities {appium:app: D:\pivotalapp-20-june.apk, appium:appActivity: com.calculator_apps.MainAct..., appium:appPackage: com.calculator_apps, appium:automationName: UiAutomator2, appium:databaseEnabled: false, appium:desired: {app: D:\pivotalapp-20-june.apk, appActivity: com.calculator_apps.MainAct..., appPackage: com.calculator_apps, automationName: UiAutomator2, deviceName: samsung, platformName: ANDROID, platformVersion: 10}, appium:deviceApiLevel: 29, appium:deviceManufacturer: samsung, appium:deviceModel: SM-A305F, appium:deviceName: RZ8M5181Y3M, appium:deviceScreenDensity: 420, appium:deviceScreenSize: 1080x2340, appium:deviceUDID: RZ8M5181Y3M, appium:javascriptEnabled: true, appium:locationContextEnabled: false, appium:networkConnectionEnabled: true, appium:pixelRatio: 2.625, appium:platformVersion: 10, appium:statBarHeight: 83, appium:takesScreenshot: true, appium:viewportRect: {height: 2048, left: 0, top: 83, width: 1080}, appium:warnings: {}, appium:webStorageEnabled: false, platformName: ANDROID}
Session ID: 20ea10f1-6e5c-4b36-acae-16d429832c48
at jdk.internal.reflect.GeneratedConstructorAccessor10.newInstance(Unknown Source)
at java.base/jdk.internal.reflect.DelegatingConstructorAccessorImpl.newInstance(DelegatingConstructorAccessorImpl.java:45)
at java.base/java.lang.reflect.Constructor.newInstanceWithCaller(Constructor.java:499)
at java.base/java.lang.reflect.Constructor.newInstance(Constructor.java:480)
at org.openqa.selenium.remote.codec.w3c.W3CHttpResponseCodec.createException(W3CHttpResponseCodec.java:200)
at org.openqa.selenium.remote.codec.w3c.W3CHttpResponseCodec.decode(W3CHttpResponseCodec.java:133)
at org.openqa.selenium.remote.codec.w3c.W3CHttpResponseCodec.decode(W3CHttpResponseCodec.java:53)
at org.openqa.selenium.remote.HttpCommandExecutor.execute(HttpCommandExecutor.java:193)
at io.appium.java_client.remote.AppiumCommandExecutor.execute(AppiumCommandExecutor.java:262)
at org.openqa.selenium.remote.RemoteWebDriver.execute(RemoteWebDriver.java:543)
at org.openqa.selenium.remote.ElementLocation$ElementFinder$2.findElement(ElementLocation.java:162)
at org.openqa.selenium.remote.ElementLocation.findElement(ElementLocation.java:60)
at org.openqa.selenium.remote.RemoteWebDriver.findElement(RemoteWebDriver.java:352)
at org.openqa.selenium.remote.RemoteWebDriver.findElement(RemoteWebDriver.java:344)
at pivotalApplication.PivotalEndToEndWorkflow.CreatedBy2(PivotalEndToEndWorkflow.java:1722)
at java.base/jdk.internal.reflect.NativeMethodAccessorImpl.invoke0(Native Method)
at java.base/jdk.internal.reflect.NativeMethodAccessorImpl.invoke(NativeMethodAccessorImpl.java:77)
at java.base/jdk.internal.reflect.DelegatingMethodAccessorImpl.invoke(DelegatingMethodAccessorImpl.java:43)
at java.base/java.lang.reflect.Method.invoke(Method.java:568)
at org.testng.internal.invokers.MethodInvocationHelper.invokeMethod(MethodInvocationHelper.java:139)
at org.testng.internal.invokers.TestInvoker.invokeMethod(TestInvoker.java:664)
at org.testng.internal.invokers.TestInvoker.invokeTestMethod(TestInvoker.java:227)
at org.testng.internal.invokers.MethodRunner.runInSequence(MethodRunner.java:50)
at org.testng.internal.invokers.TestInvoker$MethodInvocationAgent.invoke(TestInvoker.java:957)
at org.testng.internal.invokers.TestInvoker.invokeTestMethods(TestInvoker.java:200)
at org.testng.internal.invokers.TestMethodWorker.invokeTestMethods(TestMethodWorker.java:148)
at org.testng.internal.invokers.TestMethodWorker.run(TestMethodWorker.java:128)
at java.base/java.util.ArrayList.forEach(ArrayList.java:1511)
at org.testng.TestRunner.privateRun(TestRunner.java:848)
at org.testng.TestRunner.run(TestRunner.java:621)
at org.testng.SuiteRunner.runTest(SuiteRunner.java:443)
at org.testng.SuiteRunner.runSequentially(SuiteRunner.java:437)
at org.testng.SuiteRunner.privateRun(SuiteRunner.java:397)
at org.testng.SuiteRunner.run(SuiteRunner.java:336)
at org.testng.SuiteRunnerWorker.runSuite(SuiteRunnerWorker.java:52)
at org.testng.SuiteRunnerWorker.run(SuiteRunnerWorker.java:95)
at org.testng.TestNG.runSuitesSequentially(TestNG.java:1280)
at org.testng.TestNG.runSuitesLocally(TestNG.java:1200)
at org.testng.TestNG.runSuites(TestNG.java:1114)
at org.testng.TestNG.run(TestNG.java:1082)
at org.testng.remote.AbstractRemoteTestNG.run(AbstractRemoteTestNG.java:115)
at org.testng.remote.RemoteTestNG.initAndRun(RemoteTestNG.java:251)
at org.testng.remote.RemoteTestNG.main(RemoteTestNG.java:77)
]]>
    </error>
  </testcase> <!-- CreatedBy2 -->
  <testcase classname="pivotalApplication.PivotalEndToEndWorkflow" name="DocumentOn2" time="2.219"/>
  <testcase classname="pivotalApplication.PivotalEndToEndWorkflow" name="popUpOk" time="3.634"/>
  <testcase classname="pivotalApplication.PivotalEndToEndWorkflow" name="Camera" time="8.800">
    <error message="An element could not be located on the page using the given search parameters.
For documentation on this error, please visit: https://selenium.dev/exceptions/#no_such_element
Build info: version: &#039;4.9.1&#039;, revision: &#039;eb2032df7f&#039;
System info: os.name: &#039;Windows 10&#039;, os.arch: &#039;amd64&#039;, os.version: &#039;10.0&#039;, java.version: &#039;17.0.5&#039;
Driver info: io.appium.java_client.AppiumDriver
Command: [20ea10f1-6e5c-4b36-acae-16d429832c48, findElement {using=xpath, value=//*[@text=&#039;Allow&#039;]}]
Capabilities {appium:app: D:\pivotalapp-20-june.apk, appium:appActivity: com.calculator_apps.MainAct..., appium:appPackage: com.calculator_apps, appium:automationName: UiAutomator2, appium:databaseEnabled: false, appium:desired: {app: D:\pivotalapp-20-june.apk, appActivity: com.calculator_apps.MainAct..., appPackage: com.calculator_apps, automationName: UiAutomator2, deviceName: samsung, platformName: ANDROID, platformVersion: 10}, appium:deviceApiLevel: 29, appium:deviceManufacturer: samsung, appium:deviceModel: SM-A305F, appium:deviceName: RZ8M5181Y3M, appium:deviceScreenDensity: 420, appium:deviceScreenSize: 1080x2340, appium:deviceUDID: RZ8M5181Y3M, appium:javascriptEnabled: true, appium:locationContextEnabled: false, appium:networkConnectionEnabled: true, appium:pixelRatio: 2.625, appium:platformVersion: 10, appium:statBarHeight: 83, appium:takesScreenshot: true, appium:viewportRect: {height: 2048, left: 0, top: 83, width: 1080}, appium:warnings: {}, appium:webStorageEnabled: false, platformName: ANDROID}
Session ID: 20ea10f1-6e5c-4b36-acae-16d429832c48" type="org.openqa.selenium.NoSuchElementException">
      <![CDATA[org.openqa.selenium.NoSuchElementException: An element could not be located on the page using the given search parameters.
For documentation on this error, please visit: https://selenium.dev/exceptions/#no_such_element
Build info: version: '4.9.1', revision: 'eb2032df7f'
System info: os.name: 'Windows 10', os.arch: 'amd64', os.version: '10.0', java.version: '17.0.5'
Driver info: io.appium.java_client.AppiumDriver
Command: [20ea10f1-6e5c-4b36-acae-16d429832c48, findElement {using=xpath, value=//*[@text='Allow']}]
Capabilities {appium:app: D:\pivotalapp-20-june.apk, appium:appActivity: com.calculator_apps.MainAct..., appium:appPackage: com.calculator_apps, appium:automationName: UiAutomator2, appium:databaseEnabled: false, appium:desired: {app: D:\pivotalapp-20-june.apk, appActivity: com.calculator_apps.MainAct..., appPackage: com.calculator_apps, automationName: UiAutomator2, deviceName: samsung, platformName: ANDROID, platformVersion: 10}, appium:deviceApiLevel: 29, appium:deviceManufacturer: samsung, appium:deviceModel: SM-A305F, appium:deviceName: RZ8M5181Y3M, appium:deviceScreenDensity: 420, appium:deviceScreenSize: 1080x2340, appium:deviceUDID: RZ8M5181Y3M, appium:javascriptEnabled: true, appium:locationContextEnabled: false, appium:networkConnectionEnabled: true, appium:pixelRatio: 2.625, appium:platformVersion: 10, appium:statBarHeight: 83, appium:takesScreenshot: true, appium:viewportRect: {height: 2048, left: 0, top: 83, width: 1080}, appium:warnings: {}, appium:webStorageEnabled: false, platformName: ANDROID}
Session ID: 20ea10f1-6e5c-4b36-acae-16d429832c48
at jdk.internal.reflect.GeneratedConstructorAccessor10.newInstance(Unknown Source)
at java.base/jdk.internal.reflect.DelegatingConstructorAccessorImpl.newInstance(DelegatingConstructorAccessorImpl.java:45)
at java.base/java.lang.reflect.Constructor.newInstanceWithCaller(Constructor.java:499)
at java.base/java.lang.reflect.Constructor.newInstance(Constructor.java:480)
at org.openqa.selenium.remote.codec.w3c.W3CHttpResponseCodec.createException(W3CHttpResponseCodec.java:200)
at org.openqa.selenium.remote.codec.w3c.W3CHttpResponseCodec.decode(W3CHttpResponseCodec.java:133)
at org.openqa.selenium.remote.codec.w3c.W3CHttpResponseCodec.decode(W3CHttpResponseCodec.java:53)
at org.openqa.selenium.remote.HttpCommandExecutor.execute(HttpCommandExecutor.java:193)
at io.appium.java_client.remote.AppiumCommandExecutor.execute(AppiumCommandExecutor.java:262)
at org.openqa.selenium.remote.RemoteWebDriver.execute(RemoteWebDriver.java:543)
at org.openqa.selenium.remote.ElementLocation$ElementFinder$2.findElement(ElementLocation.java:162)
at org.openqa.selenium.remote.ElementLocation.findElement(ElementLocation.java:60)
at org.openqa.selenium.remote.RemoteWebDriver.findElement(RemoteWebDriver.java:352)
at org.openqa.selenium.remote.RemoteWebDriver.findElement(RemoteWebDriver.java:344)
at pivotalApplication.PivotalEndToEndWorkflow.Camera(PivotalEndToEndWorkflow.java:1763)
at java.base/jdk.internal.reflect.NativeMethodAccessorImpl.invoke0(Native Method)
at java.base/jdk.internal.reflect.NativeMethodAccessorImpl.invoke(NativeMethodAccessorImpl.java:77)
at java.base/jdk.internal.reflect.DelegatingMethodAccessorImpl.invoke(DelegatingMethodAccessorImpl.java:43)
at java.base/java.lang.reflect.Method.invoke(Method.java:568)
at org.testng.internal.invokers.MethodInvocationHelper.invokeMethod(MethodInvocationHelper.java:139)
at org.testng.internal.invokers.TestInvoker.invokeMethod(TestInvoker.java:664)
at org.testng.internal.invokers.TestInvoker.invokeTestMethod(TestInvoker.java:227)
at org.testng.internal.invokers.MethodRunner.runInSequence(MethodRunner.java:50)
at org.testng.internal.invokers.TestInvoker$MethodInvocationAgent.invoke(TestInvoker.java:957)
at org.testng.internal.invokers.TestInvoker.invokeTestMethods(TestInvoker.java:200)
at org.testng.internal.invokers.TestMethodWorker.invokeTestMethods(TestMethodWorker.java:148)
at org.testng.internal.invokers.TestMethodWorker.run(TestMethodWorker.java:128)
at java.base/java.util.ArrayList.forEach(ArrayList.java:1511)
at org.testng.TestRunner.privateRun(TestRunner.java:848)
at org.testng.TestRunner.run(TestRunner.java:621)
at org.testng.SuiteRunner.runTest(SuiteRunner.java:443)
at org.testng.SuiteRunner.runSequentially(SuiteRunner.java:437)
at org.testng.SuiteRunner.privateRun(SuiteRunner.java:397)
at org.testng.SuiteRunner.run(SuiteRunner.java:336)
at org.testng.SuiteRunnerWorker.runSuite(SuiteRunnerWorker.java:52)
at org.testng.SuiteRunnerWorker.run(SuiteRunnerWorker.java:95)
at org.testng.TestNG.runSuitesSequentially(TestNG.java:1280)
at org.testng.TestNG.runSuitesLocally(TestNG.java:1200)
at org.testng.TestNG.runSuites(TestNG.java:1114)
at org.testng.TestNG.run(TestNG.java:1082)
at org.testng.remote.AbstractRemoteTestNG.run(AbstractRemoteTestNG.java:115)
at org.testng.remote.RemoteTestNG.initAndRun(RemoteTestNG.java:251)
at org.testng.remote.RemoteTestNG.main(RemoteTestNG.java:77)
]]>
    </error>
  </testcase> <!-- Camera -->
  <testcase classname="pivotalApplication.PivotalEndToEndWorkflow" name="UploadCam" time="2.329">
    <error message="An element could not be located on the page using the given search parameters.
For documentation on this error, please visit: https://selenium.dev/exceptions/#no_such_element
Build info: version: &#039;4.9.1&#039;, revision: &#039;eb2032df7f&#039;
System info: os.name: &#039;Windows 10&#039;, os.arch: &#039;amd64&#039;, os.version: &#039;10.0&#039;, java.version: &#039;17.0.5&#039;
Driver info: io.appium.java_client.AppiumDriver
Command: [20ea10f1-6e5c-4b36-acae-16d429832c48, findElement {using=xpath, value=//*[@text=&#039;Upload&#039;]}]
Capabilities {appium:app: D:\pivotalapp-20-june.apk, appium:appActivity: com.calculator_apps.MainAct..., appium:appPackage: com.calculator_apps, appium:automationName: UiAutomator2, appium:databaseEnabled: false, appium:desired: {app: D:\pivotalapp-20-june.apk, appActivity: com.calculator_apps.MainAct..., appPackage: com.calculator_apps, automationName: UiAutomator2, deviceName: samsung, platformName: ANDROID, platformVersion: 10}, appium:deviceApiLevel: 29, appium:deviceManufacturer: samsung, appium:deviceModel: SM-A305F, appium:deviceName: RZ8M5181Y3M, appium:deviceScreenDensity: 420, appium:deviceScreenSize: 1080x2340, appium:deviceUDID: RZ8M5181Y3M, appium:javascriptEnabled: true, appium:locationContextEnabled: false, appium:networkConnectionEnabled: true, appium:pixelRatio: 2.625, appium:platformVersion: 10, appium:statBarHeight: 83, appium:takesScreenshot: true, appium:viewportRect: {height: 2048, left: 0, top: 83, width: 1080}, appium:warnings: {}, appium:webStorageEnabled: false, platformName: ANDROID}
Session ID: 20ea10f1-6e5c-4b36-acae-16d429832c48" type="org.openqa.selenium.NoSuchElementException">
      <![CDATA[org.openqa.selenium.NoSuchElementException: An element could not be located on the page using the given search parameters.
For documentation on this error, please visit: https://selenium.dev/exceptions/#no_such_element
Build info: version: '4.9.1', revision: 'eb2032df7f'
System info: os.name: 'Windows 10', os.arch: 'amd64', os.version: '10.0', java.version: '17.0.5'
Driver info: io.appium.java_client.AppiumDriver
Command: [20ea10f1-6e5c-4b36-acae-16d429832c48, findElement {using=xpath, value=//*[@text='Upload']}]
Capabilities {appium:app: D:\pivotalapp-20-june.apk, appium:appActivity: com.calculator_apps.MainAct..., appium:appPackage: com.calculator_apps, appium:automationName: UiAutomator2, appium:databaseEnabled: false, appium:desired: {app: D:\pivotalapp-20-june.apk, appActivity: com.calculator_apps.MainAct..., appPackage: com.calculator_apps, automationName: UiAutomator2, deviceName: samsung, platformName: ANDROID, platformVersion: 10}, appium:deviceApiLevel: 29, appium:deviceManufacturer: samsung, appium:deviceModel: SM-A305F, appium:deviceName: RZ8M5181Y3M, appium:deviceScreenDensity: 420, appium:deviceScreenSize: 1080x2340, appium:deviceUDID: RZ8M5181Y3M, appium:javascriptEnabled: true, appium:locationContextEnabled: false, appium:networkConnectionEnabled: true, appium:pixelRatio: 2.625, appium:platformVersion: 10, appium:statBarHeight: 83, appium:takesScreenshot: true, appium:viewportRect: {height: 2048, left: 0, top: 83, width: 1080}, appium:warnings: {}, appium:webStorageEnabled: false, platformName: ANDROID}
Session ID: 20ea10f1-6e5c-4b36-acae-16d429832c48
at jdk.internal.reflect.GeneratedConstructorAccessor10.newInstance(Unknown Source)
at java.base/jdk.internal.reflect.DelegatingConstructorAccessorImpl.newInstance(DelegatingConstructorAccessorImpl.java:45)
at java.base/java.lang.reflect.Constructor.newInstanceWithCaller(Constructor.java:499)
at java.base/java.lang.reflect.Constructor.newInstance(Constructor.java:480)
at org.openqa.selenium.remote.codec.w3c.W3CHttpResponseCodec.createException(W3CHttpResponseCodec.java:200)
at org.openqa.selenium.remote.codec.w3c.W3CHttpResponseCodec.decode(W3CHttpResponseCodec.java:133)
at org.openqa.selenium.remote.codec.w3c.W3CHttpResponseCodec.decode(W3CHttpResponseCodec.java:53)
at org.openqa.selenium.remote.HttpCommandExecutor.execute(HttpCommandExecutor.java:193)
at io.appium.java_client.remote.AppiumCommandExecutor.execute(AppiumCommandExecutor.java:262)
at org.openqa.selenium.remote.RemoteWebDriver.execute(RemoteWebDriver.java:543)
at org.openqa.selenium.remote.ElementLocation$ElementFinder$2.findElement(ElementLocation.java:162)
at org.openqa.selenium.remote.ElementLocation.findElement(ElementLocation.java:60)
at org.openqa.selenium.remote.RemoteWebDriver.findElement(RemoteWebDriver.java:352)
at org.openqa.selenium.remote.RemoteWebDriver.findElement(RemoteWebDriver.java:344)
at pivotalApplication.PivotalEndToEndWorkflow.UploadCam(PivotalEndToEndWorkflow.java:1790)
at java.base/jdk.internal.reflect.NativeMethodAccessorImpl.invoke0(Native Method)
at java.base/jdk.internal.reflect.NativeMethodAccessorImpl.invoke(NativeMethodAccessorImpl.java:77)
at java.base/jdk.internal.reflect.DelegatingMethodAccessorImpl.invoke(DelegatingMethodAccessorImpl.java:43)
at java.base/java.lang.reflect.Method.invoke(Method.java:568)
at org.testng.internal.invokers.MethodInvocationHelper.invokeMethod(MethodInvocationHelper.java:139)
at org.testng.internal.invokers.TestInvoker.invokeMethod(TestInvoker.java:664)
at org.testng.internal.invokers.TestInvoker.invokeTestMethod(TestInvoker.java:227)
at org.testng.internal.invokers.MethodRunner.runInSequence(MethodRunner.java:50)
at org.testng.internal.invokers.TestInvoker$MethodInvocationAgent.invoke(TestInvoker.java:957)
at org.testng.internal.invokers.TestInvoker.invokeTestMethods(TestInvoker.java:200)
at org.testng.internal.invokers.TestMethodWorker.invokeTestMethods(TestMethodWorker.java:148)
at org.testng.internal.invokers.TestMethodWorker.run(TestMethodWorker.java:128)
at java.base/java.util.ArrayList.forEach(ArrayList.java:1511)
at org.testng.TestRunner.privateRun(TestRunner.java:848)
at org.testng.TestRunner.run(TestRunner.java:621)
at org.testng.SuiteRunner.runTest(SuiteRunner.java:443)
at org.testng.SuiteRunner.runSequentially(SuiteRunner.java:437)
at org.testng.SuiteRunner.privateRun(SuiteRunner.java:397)
at org.testng.SuiteRunner.run(SuiteRunner.java:336)
at org.testng.SuiteRunnerWorker.runSuite(SuiteRunnerWorker.java:52)
at org.testng.SuiteRunnerWorker.run(SuiteRunnerWorker.java:95)
at org.testng.TestNG.runSuitesSequentially(TestNG.java:1280)
at org.testng.TestNG.runSuitesLocally(TestNG.java:1200)
at org.testng.TestNG.runSuites(TestNG.java:1114)
at org.testng.TestNG.run(TestNG.java:1082)
at org.testng.remote.AbstractRemoteTestNG.run(AbstractRemoteTestNG.java:115)
at org.testng.remote.RemoteTestNG.initAndRun(RemoteTestNG.java:251)
at org.testng.remote.RemoteTestNG.main(RemoteTestNG.java:77)
]]>
    </error>
  </testcase> <!-- UploadCam -->
  <testcase classname="pivotalApplication.PivotalEndToEndWorkflow" name="UploadCamOk" time="2.239">
    <error message="An element could not be located on the page using the given search parameters.
For documentation on this error, please visit: https://selenium.dev/exceptions/#no_such_element
Build info: version: &#039;4.9.1&#039;, revision: &#039;eb2032df7f&#039;
System info: os.name: &#039;Windows 10&#039;, os.arch: &#039;amd64&#039;, os.version: &#039;10.0&#039;, java.version: &#039;17.0.5&#039;
Driver info: io.appium.java_client.AppiumDriver
Command: [20ea10f1-6e5c-4b36-acae-16d429832c48, findElement {using=xpath, value=//*[@text=&#039;OK&#039;]}]
Capabilities {appium:app: D:\pivotalapp-20-june.apk, appium:appActivity: com.calculator_apps.MainAct..., appium:appPackage: com.calculator_apps, appium:automationName: UiAutomator2, appium:databaseEnabled: false, appium:desired: {app: D:\pivotalapp-20-june.apk, appActivity: com.calculator_apps.MainAct..., appPackage: com.calculator_apps, automationName: UiAutomator2, deviceName: samsung, platformName: ANDROID, platformVersion: 10}, appium:deviceApiLevel: 29, appium:deviceManufacturer: samsung, appium:deviceModel: SM-A305F, appium:deviceName: RZ8M5181Y3M, appium:deviceScreenDensity: 420, appium:deviceScreenSize: 1080x2340, appium:deviceUDID: RZ8M5181Y3M, appium:javascriptEnabled: true, appium:locationContextEnabled: false, appium:networkConnectionEnabled: true, appium:pixelRatio: 2.625, appium:platformVersion: 10, appium:statBarHeight: 83, appium:takesScreenshot: true, appium:viewportRect: {height: 2048, left: 0, top: 83, width: 1080}, appium:warnings: {}, appium:webStorageEnabled: false, platformName: ANDROID}
Session ID: 20ea10f1-6e5c-4b36-acae-16d429832c48" type="org.openqa.selenium.NoSuchElementException">
      <![CDATA[org.openqa.selenium.NoSuchElementException: An element could not be located on the page using the given search parameters.
For documentation on this error, please visit: https://selenium.dev/exceptions/#no_such_element
Build info: version: '4.9.1', revision: 'eb2032df7f'
System info: os.name: 'Windows 10', os.arch: 'amd64', os.version: '10.0', java.version: '17.0.5'
Driver info: io.appium.java_client.AppiumDriver
Command: [20ea10f1-6e5c-4b36-acae-16d429832c48, findElement {using=xpath, value=//*[@text='OK']}]
Capabilities {appium:app: D:\pivotalapp-20-june.apk, appium:appActivity: com.calculator_apps.MainAct..., appium:appPackage: com.calculator_apps, appium:automationName: UiAutomator2, appium:databaseEnabled: false, appium:desired: {app: D:\pivotalapp-20-june.apk, appActivity: com.calculator_apps.MainAct..., appPackage: com.calculator_apps, automationName: UiAutomator2, deviceName: samsung, platformName: ANDROID, platformVersion: 10}, appium:deviceApiLevel: 29, appium:deviceManufacturer: samsung, appium:deviceModel: SM-A305F, appium:deviceName: RZ8M5181Y3M, appium:deviceScreenDensity: 420, appium:deviceScreenSize: 1080x2340, appium:deviceUDID: RZ8M5181Y3M, appium:javascriptEnabled: true, appium:locationContextEnabled: false, appium:networkConnectionEnabled: true, appium:pixelRatio: 2.625, appium:platformVersion: 10, appium:statBarHeight: 83, appium:takesScreenshot: true, appium:viewportRect: {height: 2048, left: 0, top: 83, width: 1080}, appium:warnings: {}, appium:webStorageEnabled: false, platformName: ANDROID}
Session ID: 20ea10f1-6e5c-4b36-acae-16d429832c48
at jdk.internal.reflect.GeneratedConstructorAccessor10.newInstance(Unknown Source)
at java.base/jdk.internal.reflect.DelegatingConstructorAccessorImpl.newInstance(DelegatingConstructorAccessorImpl.java:45)
at java.base/java.lang.reflect.Constructor.newInstanceWithCaller(Constructor.java:499)
at java.base/java.lang.reflect.Constructor.newInstance(Constructor.java:480)
at org.openqa.selenium.remote.codec.w3c.W3CHttpResponseCodec.createException(W3CHttpResponseCodec.java:200)
at org.openqa.selenium.remote.codec.w3c.W3CHttpResponseCodec.decode(W3CHttpResponseCodec.java:133)
at org.openqa.selenium.remote.codec.w3c.W3CHttpResponseCodec.decode(W3CHttpResponseCodec.java:53)
at org.openqa.selenium.remote.HttpCommandExecutor.execute(HttpCommandExecutor.java:193)
at io.appium.java_client.remote.AppiumCommandExecutor.execute(AppiumCommandExecutor.java:262)
at org.openqa.selenium.remote.RemoteWebDriver.execute(RemoteWebDriver.java:543)
at org.openqa.selenium.remote.ElementLocation$ElementFinder$2.findElement(ElementLocation.java:162)
at org.openqa.selenium.remote.ElementLocation.findElement(ElementLocation.java:60)
at org.openqa.selenium.remote.RemoteWebDriver.findElement(RemoteWebDriver.java:352)
at org.openqa.selenium.remote.RemoteWebDriver.findElement(RemoteWebDriver.java:344)
at pivotalApplication.PivotalEndToEndWorkflow.UploadCamOk(PivotalEndToEndWorkflow.java:1797)
at java.base/jdk.internal.reflect.NativeMethodAccessorImpl.invoke0(Native Method)
at java.base/jdk.internal.reflect.NativeMethodAccessorImpl.invoke(NativeMethodAccessorImpl.java:77)
at java.base/jdk.internal.reflect.DelegatingMethodAccessorImpl.invoke(DelegatingMethodAccessorImpl.java:43)
at java.base/java.lang.reflect.Method.invoke(Method.java:568)
at org.testng.internal.invokers.MethodInvocationHelper.invokeMethod(MethodInvocationHelper.java:139)
at org.testng.internal.invokers.TestInvoker.invokeMethod(TestInvoker.java:664)
at org.testng.internal.invokers.TestInvoker.invokeTestMethod(TestInvoker.java:227)
at org.testng.internal.invokers.MethodRunner.runInSequence(MethodRunner.java:50)
at org.testng.internal.invokers.TestInvoker$MethodInvocationAgent.invoke(TestInvoker.java:957)
at org.testng.internal.invokers.TestInvoker.invokeTestMethods(TestInvoker.java:200)
at org.testng.internal.invokers.TestMethodWorker.invokeTestMethods(TestMethodWorker.java:148)
at org.testng.internal.invokers.TestMethodWorker.run(TestMethodWorker.java:128)
at java.base/java.util.ArrayList.forEach(ArrayList.java:1511)
at org.testng.TestRunner.privateRun(TestRunner.java:848)
at org.testng.TestRunner.run(TestRunner.java:621)
at org.testng.SuiteRunner.runTest(SuiteRunner.java:443)
at org.testng.SuiteRunner.runSequentially(SuiteRunner.java:437)
at org.testng.SuiteRunner.privateRun(SuiteRunner.java:397)
at org.testng.SuiteRunner.run(SuiteRunner.java:336)
at org.testng.SuiteRunnerWorker.runSuite(SuiteRunnerWorker.java:52)
at org.testng.SuiteRunnerWorker.run(SuiteRunnerWorker.java:95)
at org.testng.TestNG.runSuitesSequentially(TestNG.java:1280)
at org.testng.TestNG.runSuitesLocally(TestNG.java:1200)
at org.testng.TestNG.runSuites(TestNG.java:1114)
at org.testng.TestNG.run(TestNG.java:1082)
at org.testng.remote.AbstractRemoteTestNG.run(AbstractRemoteTestNG.java:115)
at org.testng.remote.RemoteTestNG.initAndRun(RemoteTestNG.java:251)
at org.testng.remote.RemoteTestNG.main(RemoteTestNG.java:77)
]]>
    </error>
  </testcase> <!-- UploadCamOk -->
  <testcase classname="pivotalApplication.PivotalEndToEndWorkflow" name="Transscript1" time="2.253">
    <error message="An element could not be located on the page using the given search parameters.
For documentation on this error, please visit: https://selenium.dev/exceptions/#no_such_element
Build info: version: &#039;4.9.1&#039;, revision: &#039;eb2032df7f&#039;
System info: os.name: &#039;Windows 10&#039;, os.arch: &#039;amd64&#039;, os.version: &#039;10.0&#039;, java.version: &#039;17.0.5&#039;
Driver info: io.appium.java_client.AppiumDriver
Command: [20ea10f1-6e5c-4b36-acae-16d429832c48, findElement {using=xpath, value=//*[@text=&#039;+Transcript&#039;]}]
Capabilities {appium:app: D:\pivotalapp-20-june.apk, appium:appActivity: com.calculator_apps.MainAct..., appium:appPackage: com.calculator_apps, appium:automationName: UiAutomator2, appium:databaseEnabled: false, appium:desired: {app: D:\pivotalapp-20-june.apk, appActivity: com.calculator_apps.MainAct..., appPackage: com.calculator_apps, automationName: UiAutomator2, deviceName: samsung, platformName: ANDROID, platformVersion: 10}, appium:deviceApiLevel: 29, appium:deviceManufacturer: samsung, appium:deviceModel: SM-A305F, appium:deviceName: RZ8M5181Y3M, appium:deviceScreenDensity: 420, appium:deviceScreenSize: 1080x2340, appium:deviceUDID: RZ8M5181Y3M, appium:javascriptEnabled: true, appium:locationContextEnabled: false, appium:networkConnectionEnabled: true, appium:pixelRatio: 2.625, appium:platformVersion: 10, appium:statBarHeight: 83, appium:takesScreenshot: true, appium:viewportRect: {height: 2048, left: 0, top: 83, width: 1080}, appium:warnings: {}, appium:webStorageEnabled: false, platformName: ANDROID}
Session ID: 20ea10f1-6e5c-4b36-acae-16d429832c48" type="org.openqa.selenium.NoSuchElementException">
      <![CDATA[org.openqa.selenium.NoSuchElementException: An element could not be located on the page using the given search parameters.
For documentation on this error, please visit: https://selenium.dev/exceptions/#no_such_element
Build info: version: '4.9.1', revision: 'eb2032df7f'
System info: os.name: 'Windows 10', os.arch: 'amd64', os.version: '10.0', java.version: '17.0.5'
Driver info: io.appium.java_client.AppiumDriver
Command: [20ea10f1-6e5c-4b36-acae-16d429832c48, findElement {using=xpath, value=//*[@text='+Transcript']}]
Capabilities {appium:app: D:\pivotalapp-20-june.apk, appium:appActivity: com.calculator_apps.MainAct..., appium:appPackage: com.calculator_apps, appium:automationName: UiAutomator2, appium:databaseEnabled: false, appium:desired: {app: D:\pivotalapp-20-june.apk, appActivity: com.calculator_apps.MainAct..., appPackage: com.calculator_apps, automationName: UiAutomator2, deviceName: samsung, platformName: ANDROID, platformVersion: 10}, appium:deviceApiLevel: 29, appium:deviceManufacturer: samsung, appium:deviceModel: SM-A305F, appium:deviceName: RZ8M5181Y3M, appium:deviceScreenDensity: 420, appium:deviceScreenSize: 1080x2340, appium:deviceUDID: RZ8M5181Y3M, appium:javascriptEnabled: true, appium:locationContextEnabled: false, appium:networkConnectionEnabled: true, appium:pixelRatio: 2.625, appium:platformVersion: 10, appium:statBarHeight: 83, appium:takesScreenshot: true, appium:viewportRect: {height: 2048, left: 0, top: 83, width: 1080}, appium:warnings: {}, appium:webStorageEnabled: false, platformName: ANDROID}
Session ID: 20ea10f1-6e5c-4b36-acae-16d429832c48
at jdk.internal.reflect.GeneratedConstructorAccessor10.newInstance(Unknown Source)
at java.base/jdk.internal.reflect.DelegatingConstructorAccessorImpl.newInstance(DelegatingConstructorAccessorImpl.java:45)
at java.base/java.lang.reflect.Constructor.newInstanceWithCaller(Constructor.java:499)
at java.base/java.lang.reflect.Constructor.newInstance(Constructor.java:480)
at org.openqa.selenium.remote.codec.w3c.W3CHttpResponseCodec.createException(W3CHttpResponseCodec.java:200)
at org.openqa.selenium.remote.codec.w3c.W3CHttpResponseCodec.decode(W3CHttpResponseCodec.java:133)
at org.openqa.selenium.remote.codec.w3c.W3CHttpResponseCodec.decode(W3CHttpResponseCodec.java:53)
at org.openqa.selenium.remote.HttpCommandExecutor.execute(HttpCommandExecutor.java:193)
at io.appium.java_client.remote.AppiumCommandExecutor.execute(AppiumCommandExecutor.java:262)
at org.openqa.selenium.remote.RemoteWebDriver.execute(RemoteWebDriver.java:543)
at org.openqa.selenium.remote.ElementLocation$ElementFinder$2.findElement(ElementLocation.java:162)
at org.openqa.selenium.remote.ElementLocation.findElement(ElementLocation.java:60)
at org.openqa.selenium.remote.RemoteWebDriver.findElement(RemoteWebDriver.java:352)
at org.openqa.selenium.remote.RemoteWebDriver.findElement(RemoteWebDriver.java:344)
at pivotalApplication.PivotalEndToEndWorkflow.Transscript1(PivotalEndToEndWorkflow.java:1806)
at java.base/jdk.internal.reflect.NativeMethodAccessorImpl.invoke0(Native Method)
at java.base/jdk.internal.reflect.NativeMethodAccessorImpl.invoke(NativeMethodAccessorImpl.java:77)
at java.base/jdk.internal.reflect.DelegatingMethodAccessorImpl.invoke(DelegatingMethodAccessorImpl.java:43)
at java.base/java.lang.reflect.Method.invoke(Method.java:568)
at org.testng.internal.invokers.MethodInvocationHelper.invokeMethod(MethodInvocationHelper.java:139)
at org.testng.internal.invokers.TestInvoker.invokeMethod(TestInvoker.java:664)
at org.testng.internal.invokers.TestInvoker.invokeTestMethod(TestInvoker.java:227)
at org.testng.internal.invokers.MethodRunner.runInSequence(MethodRunner.java:50)
at org.testng.internal.invokers.TestInvoker$MethodInvocationAgent.invoke(TestInvoker.java:957)
at org.testng.internal.invokers.TestInvoker.invokeTestMethods(TestInvoker.java:200)
at org.testng.internal.invokers.TestMethodWorker.invokeTestMethods(TestMethodWorker.java:148)
at org.testng.internal.invokers.TestMethodWorker.run(TestMethodWorker.java:128)
at java.base/java.util.ArrayList.forEach(ArrayList.java:1511)
at org.testng.TestRunner.privateRun(TestRunner.java:848)
at org.testng.TestRunner.run(TestRunner.java:621)
at org.testng.SuiteRunner.runTest(SuiteRunner.java:443)
at org.testng.SuiteRunner.runSequentially(SuiteRunner.java:437)
at org.testng.SuiteRunner.privateRun(SuiteRunner.java:397)
at org.testng.SuiteRunner.run(SuiteRunner.java:336)
at org.testng.SuiteRunnerWorker.runSuite(SuiteRunnerWorker.java:52)
at org.testng.SuiteRunnerWorker.run(SuiteRunnerWorker.java:95)
at org.testng.TestNG.runSuitesSequentially(TestNG.java:1280)
at org.testng.TestNG.runSuitesLocally(TestNG.java:1200)
at org.testng.TestNG.runSuites(TestNG.java:1114)
at org.testng.TestNG.run(TestNG.java:1082)
at org.testng.remote.AbstractRemoteTestNG.run(AbstractRemoteTestNG.java:115)
at org.testng.remote.RemoteTestNG.initAndRun(RemoteTestNG.java:251)
at org.testng.remote.RemoteTestNG.main(RemoteTestNG.java:77)
]]>
    </error>
  </testcase> <!-- Transscript1 -->
  <testcase classname="pivotalApplication.PivotalEndToEndWorkflow" name="CreatedBy1" time="2.208">
    <error message="An element could not be located on the page using the given search parameters.
For documentation on this error, please visit: https://selenium.dev/exceptions/#no_such_element
Build info: version: &#039;4.9.1&#039;, revision: &#039;eb2032df7f&#039;
System info: os.name: &#039;Windows 10&#039;, os.arch: &#039;amd64&#039;, os.version: &#039;10.0&#039;, java.version: &#039;17.0.5&#039;
Driver info: io.appium.java_client.AppiumDriver
Command: [20ea10f1-6e5c-4b36-acae-16d429832c48, findElement {using=xpath, value=//*[@text=&#039;Created By&#039;]}]
Capabilities {appium:app: D:\pivotalapp-20-june.apk, appium:appActivity: com.calculator_apps.MainAct..., appium:appPackage: com.calculator_apps, appium:automationName: UiAutomator2, appium:databaseEnabled: false, appium:desired: {app: D:\pivotalapp-20-june.apk, appActivity: com.calculator_apps.MainAct..., appPackage: com.calculator_apps, automationName: UiAutomator2, deviceName: samsung, platformName: ANDROID, platformVersion: 10}, appium:deviceApiLevel: 29, appium:deviceManufacturer: samsung, appium:deviceModel: SM-A305F, appium:deviceName: RZ8M5181Y3M, appium:deviceScreenDensity: 420, appium:deviceScreenSize: 1080x2340, appium:deviceUDID: RZ8M5181Y3M, appium:javascriptEnabled: true, appium:locationContextEnabled: false, appium:networkConnectionEnabled: true, appium:pixelRatio: 2.625, appium:platformVersion: 10, appium:statBarHeight: 83, appium:takesScreenshot: true, appium:viewportRect: {height: 2048, left: 0, top: 83, width: 1080}, appium:warnings: {}, appium:webStorageEnabled: false, platformName: ANDROID}
Session ID: 20ea10f1-6e5c-4b36-acae-16d429832c48" type="org.openqa.selenium.NoSuchElementException">
      <![CDATA[org.openqa.selenium.NoSuchElementException: An element could not be located on the page using the given search parameters.
For documentation on this error, please visit: https://selenium.dev/exceptions/#no_such_element
Build info: version: '4.9.1', revision: 'eb2032df7f'
System info: os.name: 'Windows 10', os.arch: 'amd64', os.version: '10.0', java.version: '17.0.5'
Driver info: io.appium.java_client.AppiumDriver
Command: [20ea10f1-6e5c-4b36-acae-16d429832c48, findElement {using=xpath, value=//*[@text='Created By']}]
Capabilities {appium:app: D:\pivotalapp-20-june.apk, appium:appActivity: com.calculator_apps.MainAct..., appium:appPackage: com.calculator_apps, appium:automationName: UiAutomator2, appium:databaseEnabled: false, appium:desired: {app: D:\pivotalapp-20-june.apk, appActivity: com.calculator_apps.MainAct..., appPackage: com.calculator_apps, automationName: UiAutomator2, deviceName: samsung, platformName: ANDROID, platformVersion: 10}, appium:deviceApiLevel: 29, appium:deviceManufacturer: samsung, appium:deviceModel: SM-A305F, appium:deviceName: RZ8M5181Y3M, appium:deviceScreenDensity: 420, appium:deviceScreenSize: 1080x2340, appium:deviceUDID: RZ8M5181Y3M, appium:javascriptEnabled: true, appium:locationContextEnabled: false, appium:networkConnectionEnabled: true, appium:pixelRatio: 2.625, appium:platformVersion: 10, appium:statBarHeight: 83, appium:takesScreenshot: true, appium:viewportRect: {height: 2048, left: 0, top: 83, width: 1080}, appium:warnings: {}, appium:webStorageEnabled: false, platformName: ANDROID}
Session ID: 20ea10f1-6e5c-4b36-acae-16d429832c48
at jdk.internal.reflect.GeneratedConstructorAccessor10.newInstance(Unknown Source)
at java.base/jdk.internal.reflect.DelegatingConstructorAccessorImpl.newInstance(DelegatingConstructorAccessorImpl.java:45)
at java.base/java.lang.reflect.Constructor.newInstanceWithCaller(Constructor.java:499)
at java.base/java.lang.reflect.Constructor.newInstance(Constructor.java:480)
at org.openqa.selenium.remote.codec.w3c.W3CHttpResponseCodec.createException(W3CHttpResponseCodec.java:200)
at org.openqa.selenium.remote.codec.w3c.W3CHttpResponseCodec.decode(W3CHttpResponseCodec.java:133)
at org.openqa.selenium.remote.codec.w3c.W3CHttpResponseCodec.decode(W3CHttpResponseCodec.java:53)
at org.openqa.selenium.remote.HttpCommandExecutor.execute(HttpCommandExecutor.java:193)
at io.appium.java_client.remote.AppiumCommandExecutor.execute(AppiumCommandExecutor.java:262)
at org.openqa.selenium.remote.RemoteWebDriver.execute(RemoteWebDriver.java:543)
at org.openqa.selenium.remote.ElementLocation$ElementFinder$2.findElement(ElementLocation.java:162)
at org.openqa.selenium.remote.ElementLocation.findElement(ElementLocation.java:60)
at org.openqa.selenium.remote.RemoteWebDriver.findElement(RemoteWebDriver.java:352)
at org.openqa.selenium.remote.RemoteWebDriver.findElement(RemoteWebDriver.java:344)
at pivotalApplication.PivotalEndToEndWorkflow.CreatedBy1(PivotalEndToEndWorkflow.java:1814)
at java.base/jdk.internal.reflect.NativeMethodAccessorImpl.invoke0(Native Method)
at java.base/jdk.internal.reflect.NativeMethodAccessorImpl.invoke(NativeMethodAccessorImpl.java:77)
at java.base/jdk.internal.reflect.DelegatingMethodAccessorImpl.invoke(DelegatingMethodAccessorImpl.java:43)
at java.base/java.lang.reflect.Method.invoke(Method.java:568)
at org.testng.internal.invokers.MethodInvocationHelper.invokeMethod(MethodInvocationHelper.java:139)
at org.testng.internal.invokers.TestInvoker.invokeMethod(TestInvoker.java:664)
at org.testng.internal.invokers.TestInvoker.invokeTestMethod(TestInvoker.java:227)
at org.testng.internal.invokers.MethodRunner.runInSequence(MethodRunner.java:50)
at org.testng.internal.invokers.TestInvoker$MethodInvocationAgent.invoke(TestInvoker.java:957)
at org.testng.internal.invokers.TestInvoker.invokeTestMethods(TestInvoker.java:200)
at org.testng.internal.invokers.TestMethodWorker.invokeTestMethods(TestMethodWorker.java:148)
at org.testng.internal.invokers.TestMethodWorker.run(TestMethodWorker.java:128)
at java.base/java.util.ArrayList.forEach(ArrayList.java:1511)
at org.testng.TestRunner.privateRun(TestRunner.java:848)
at org.testng.TestRunner.run(TestRunner.java:621)
at org.testng.SuiteRunner.runTest(SuiteRunner.java:443)
at org.testng.SuiteRunner.runSequentially(SuiteRunner.java:437)
at org.testng.SuiteRunner.privateRun(SuiteRunner.java:397)
at org.testng.SuiteRunner.run(SuiteRunner.java:336)
at org.testng.SuiteRunnerWorker.runSuite(SuiteRunnerWorker.java:52)
at org.testng.SuiteRunnerWorker.run(SuiteRunnerWorker.java:95)
at org.testng.TestNG.runSuitesSequentially(TestNG.java:1280)
at org.testng.TestNG.runSuitesLocally(TestNG.java:1200)
at org.testng.TestNG.runSuites(TestNG.java:1114)
at org.testng.TestNG.run(TestNG.java:1082)
at org.testng.remote.AbstractRemoteTestNG.run(AbstractRemoteTestNG.java:115)
at org.testng.remote.RemoteTestNG.initAndRun(RemoteTestNG.java:251)
at org.testng.remote.RemoteTestNG.main(RemoteTestNG.java:77)
]]>
    </error>
  </testcase> <!-- CreatedBy1 -->
  <testcase classname="pivotalApplication.PivotalEndToEndWorkflow" name="DocumentOn1" time="2.115">
    <error message="Index 5 out of bounds for length 0" type="java.lang.IndexOutOfBoundsException">
      <![CDATA[java.lang.IndexOutOfBoundsException: Index 5 out of bounds for length 0
at java.base/jdk.internal.util.Preconditions.outOfBounds(Preconditions.java:64)
at java.base/jdk.internal.util.Preconditions.outOfBoundsCheckIndex(Preconditions.java:70)
at java.base/jdk.internal.util.Preconditions.checkIndex(Preconditions.java:266)
at java.base/java.util.Objects.checkIndex(Objects.java:359)
at java.base/java.util.ArrayList.get(ArrayList.java:427)
at pivotalApplication.PivotalEndToEndWorkflow.DocumentOn1(PivotalEndToEndWorkflow.java:1824)
at java.base/jdk.internal.reflect.NativeMethodAccessorImpl.invoke0(Native Method)
at java.base/jdk.internal.reflect.NativeMethodAccessorImpl.invoke(NativeMethodAccessorImpl.java:77)
at java.base/jdk.internal.reflect.DelegatingMethodAccessorImpl.invoke(DelegatingMethodAccessorImpl.java:43)
at java.base/java.lang.reflect.Method.invoke(Method.java:568)
at org.testng.internal.invokers.MethodInvocationHelper.invokeMethod(MethodInvocationHelper.java:139)
at org.testng.internal.invokers.TestInvoker.invokeMethod(TestInvoker.java:664)
at org.testng.internal.invokers.TestInvoker.invokeTestMethod(TestInvoker.java:227)
at org.testng.internal.invokers.MethodRunner.runInSequence(MethodRunner.java:50)
at org.testng.internal.invokers.TestInvoker$MethodInvocationAgent.invoke(TestInvoker.java:957)
at org.testng.internal.invokers.TestInvoker.invokeTestMethods(TestInvoker.java:200)
at org.testng.internal.invokers.TestMethodWorker.invokeTestMethods(TestMethodWorker.java:148)
at org.testng.internal.invokers.TestMethodWorker.run(TestMethodWorker.java:128)
at java.base/java.util.ArrayList.forEach(ArrayList.java:1511)
at org.testng.TestRunner.privateRun(TestRunner.java:848)
at org.testng.TestRunner.run(TestRunner.java:621)
at org.testng.SuiteRunner.runTest(SuiteRunner.java:443)
at org.testng.SuiteRunner.runSequentially(SuiteRunner.java:437)
at org.testng.SuiteRunner.privateRun(SuiteRunner.java:397)
at org.testng.SuiteRunner.run(SuiteRunner.java:336)
at org.testng.SuiteRunnerWorker.runSuite(SuiteRunnerWorker.java:52)
at org.testng.SuiteRunnerWorker.run(SuiteRunnerWorker.java:95)
at org.testng.TestNG.runSuitesSequentially(TestNG.java:1280)
at org.testng.TestNG.runSuitesLocally(TestNG.java:1200)
at org.testng.TestNG.runSuites(TestNG.java:1114)
at org.testng.TestNG.run(TestNG.java:1082)
at org.testng.remote.AbstractRemoteTestNG.run(AbstractRemoteTestNG.java:115)
at org.testng.remote.RemoteTestNG.initAndRun(RemoteTestNG.java:251)
at org.testng.remote.RemoteTestNG.main(RemoteTestNG.java:77)
]]>
    </error>
  </testcase> <!-- DocumentOn1 -->
  <testcase classname="pivotalApplication.PivotalEndToEndWorkflow" name="popUpOk1" time="2.186">
    <error message="An element could not be located on the page using the given search parameters.
For documentation on this error, please visit: https://selenium.dev/exceptions/#no_such_element
Build info: version: &#039;4.9.1&#039;, revision: &#039;eb2032df7f&#039;
System info: os.name: &#039;Windows 10&#039;, os.arch: &#039;amd64&#039;, os.version: &#039;10.0&#039;, java.version: &#039;17.0.5&#039;
Driver info: io.appium.java_client.AppiumDriver
Command: [20ea10f1-6e5c-4b36-acae-16d429832c48, findElement {using=xpath, value=//*[@text=&#039;Ok&#039;]}]
Capabilities {appium:app: D:\pivotalapp-20-june.apk, appium:appActivity: com.calculator_apps.MainAct..., appium:appPackage: com.calculator_apps, appium:automationName: UiAutomator2, appium:databaseEnabled: false, appium:desired: {app: D:\pivotalapp-20-june.apk, appActivity: com.calculator_apps.MainAct..., appPackage: com.calculator_apps, automationName: UiAutomator2, deviceName: samsung, platformName: ANDROID, platformVersion: 10}, appium:deviceApiLevel: 29, appium:deviceManufacturer: samsung, appium:deviceModel: SM-A305F, appium:deviceName: RZ8M5181Y3M, appium:deviceScreenDensity: 420, appium:deviceScreenSize: 1080x2340, appium:deviceUDID: RZ8M5181Y3M, appium:javascriptEnabled: true, appium:locationContextEnabled: false, appium:networkConnectionEnabled: true, appium:pixelRatio: 2.625, appium:platformVersion: 10, appium:statBarHeight: 83, appium:takesScreenshot: true, appium:viewportRect: {height: 2048, left: 0, top: 83, width: 1080}, appium:warnings: {}, appium:webStorageEnabled: false, platformName: ANDROID}
Session ID: 20ea10f1-6e5c-4b36-acae-16d429832c48" type="org.openqa.selenium.NoSuchElementException">
      <![CDATA[org.openqa.selenium.NoSuchElementException: An element could not be located on the page using the given search parameters.
For documentation on this error, please visit: https://selenium.dev/exceptions/#no_such_element
Build info: version: '4.9.1', revision: 'eb2032df7f'
System info: os.name: 'Windows 10', os.arch: 'amd64', os.version: '10.0', java.version: '17.0.5'
Driver info: io.appium.java_client.AppiumDriver
Command: [20ea10f1-6e5c-4b36-acae-16d429832c48, findElement {using=xpath, value=//*[@text='Ok']}]
Capabilities {appium:app: D:\pivotalapp-20-june.apk, appium:appActivity: com.calculator_apps.MainAct..., appium:appPackage: com.calculator_apps, appium:automationName: UiAutomator2, appium:databaseEnabled: false, appium:desired: {app: D:\pivotalapp-20-june.apk, appActivity: com.calculator_apps.MainAct..., appPackage: com.calculator_apps, automationName: UiAutomator2, deviceName: samsung, platformName: ANDROID, platformVersion: 10}, appium:deviceApiLevel: 29, appium:deviceManufacturer: samsung, appium:deviceModel: SM-A305F, appium:deviceName: RZ8M5181Y3M, appium:deviceScreenDensity: 420, appium:deviceScreenSize: 1080x2340, appium:deviceUDID: RZ8M5181Y3M, appium:javascriptEnabled: true, appium:locationContextEnabled: false, appium:networkConnectionEnabled: true, appium:pixelRatio: 2.625, appium:platformVersion: 10, appium:statBarHeight: 83, appium:takesScreenshot: true, appium:viewportRect: {height: 2048, left: 0, top: 83, width: 1080}, appium:warnings: {}, appium:webStorageEnabled: false, platformName: ANDROID}
Session ID: 20ea10f1-6e5c-4b36-acae-16d429832c48
at jdk.internal.reflect.GeneratedConstructorAccessor10.newInstance(Unknown Source)
at java.base/jdk.internal.reflect.DelegatingConstructorAccessorImpl.newInstance(DelegatingConstructorAccessorImpl.java:45)
at java.base/java.lang.reflect.Constructor.newInstanceWithCaller(Constructor.java:499)
at java.base/java.lang.reflect.Constructor.newInstance(Constructor.java:480)
at org.openqa.selenium.remote.codec.w3c.W3CHttpResponseCodec.createException(W3CHttpResponseCodec.java:200)
at org.openqa.selenium.remote.codec.w3c.W3CHttpResponseCodec.decode(W3CHttpResponseCodec.java:133)
at org.openqa.selenium.remote.codec.w3c.W3CHttpResponseCodec.decode(W3CHttpResponseCodec.java:53)
at org.openqa.selenium.remote.HttpCommandExecutor.execute(HttpCommandExecutor.java:193)
at io.appium.java_client.remote.AppiumCommandExecutor.execute(AppiumCommandExecutor.java:262)
at org.openqa.selenium.remote.RemoteWebDriver.execute(RemoteWebDriver.java:543)
at org.openqa.selenium.remote.ElementLocation$ElementFinder$2.findElement(ElementLocation.java:162)
at org.openqa.selenium.remote.ElementLocation.findElement(ElementLocation.java:60)
at org.openqa.selenium.remote.RemoteWebDriver.findElement(RemoteWebDriver.java:352)
at org.openqa.selenium.remote.RemoteWebDriver.findElement(RemoteWebDriver.java:344)
at pivotalApplication.PivotalEndToEndWorkflow.popUpOk1(PivotalEndToEndWorkflow.java:1833)
at java.base/jdk.internal.reflect.NativeMethodAccessorImpl.invoke0(Native Method)
at java.base/jdk.internal.reflect.NativeMethodAccessorImpl.invoke(NativeMethodAccessorImpl.java:77)
at java.base/jdk.internal.reflect.DelegatingMethodAccessorImpl.invoke(DelegatingMethodAccessorImpl.java:43)
at java.base/java.lang.reflect.Method.invoke(Method.java:568)
at org.testng.internal.invokers.MethodInvocationHelper.invokeMethod(MethodInvocationHelper.java:139)
at org.testng.internal.invokers.TestInvoker.invokeMethod(TestInvoker.java:664)
at org.testng.internal.invokers.TestInvoker.invokeTestMethod(TestInvoker.java:227)
at org.testng.internal.invokers.MethodRunner.runInSequence(MethodRunner.java:50)
at org.testng.internal.invokers.TestInvoker$MethodInvocationAgent.invoke(TestInvoker.java:957)
at org.testng.internal.invokers.TestInvoker.invokeTestMethods(TestInvoker.java:200)
at org.testng.internal.invokers.TestMethodWorker.invokeTestMethods(TestMethodWorker.java:148)
at org.testng.internal.invokers.TestMethodWorker.run(TestMethodWorker.java:128)
at java.base/java.util.ArrayList.forEach(ArrayList.java:1511)
at org.testng.TestRunner.privateRun(TestRunner.java:848)
at org.testng.TestRunner.run(TestRunner.java:621)
at org.testng.SuiteRunner.runTest(SuiteRunner.java:443)
at org.testng.SuiteRunner.runSequentially(SuiteRunner.java:437)
at org.testng.SuiteRunner.privateRun(SuiteRunner.java:397)
at org.testng.SuiteRunner.run(SuiteRunner.java:336)
at org.testng.SuiteRunnerWorker.runSuite(SuiteRunnerWorker.java:52)
at org.testng.SuiteRunnerWorker.run(SuiteRunnerWorker.java:95)
at org.testng.TestNG.runSuitesSequentially(TestNG.java:1280)
at org.testng.TestNG.runSuitesLocally(TestNG.java:1200)
at org.testng.TestNG.runSuites(TestNG.java:1114)
at org.testng.TestNG.run(TestNG.java:1082)
at org.testng.remote.AbstractRemoteTestNG.run(AbstractRemoteTestNG.java:115)
at org.testng.remote.RemoteTestNG.initAndRun(RemoteTestNG.java:251)
at org.testng.remote.RemoteTestNG.main(RemoteTestNG.java:77)
]]>
    </error>
  </testcase> <!-- popUpOk1 -->
  <testcase classname="pivotalApplication.PivotalEndToEndWorkflow" name="Gallery" time="2.188">
    <error message="An element could not be located on the page using the given search parameters.
For documentation on this error, please visit: https://selenium.dev/exceptions/#no_such_element
Build info: version: &#039;4.9.1&#039;, revision: &#039;eb2032df7f&#039;
System info: os.name: &#039;Windows 10&#039;, os.arch: &#039;amd64&#039;, os.version: &#039;10.0&#039;, java.version: &#039;17.0.5&#039;
Driver info: io.appium.java_client.AppiumDriver
Command: [20ea10f1-6e5c-4b36-acae-16d429832c48, findElement {using=xpath, value=//*[@text=&#039;Gallery&#039;]}]
Capabilities {appium:app: D:\pivotalapp-20-june.apk, appium:appActivity: com.calculator_apps.MainAct..., appium:appPackage: com.calculator_apps, appium:automationName: UiAutomator2, appium:databaseEnabled: false, appium:desired: {app: D:\pivotalapp-20-june.apk, appActivity: com.calculator_apps.MainAct..., appPackage: com.calculator_apps, automationName: UiAutomator2, deviceName: samsung, platformName: ANDROID, platformVersion: 10}, appium:deviceApiLevel: 29, appium:deviceManufacturer: samsung, appium:deviceModel: SM-A305F, appium:deviceName: RZ8M5181Y3M, appium:deviceScreenDensity: 420, appium:deviceScreenSize: 1080x2340, appium:deviceUDID: RZ8M5181Y3M, appium:javascriptEnabled: true, appium:locationContextEnabled: false, appium:networkConnectionEnabled: true, appium:pixelRatio: 2.625, appium:platformVersion: 10, appium:statBarHeight: 83, appium:takesScreenshot: true, appium:viewportRect: {height: 2048, left: 0, top: 83, width: 1080}, appium:warnings: {}, appium:webStorageEnabled: false, platformName: ANDROID}
Session ID: 20ea10f1-6e5c-4b36-acae-16d429832c48" type="org.openqa.selenium.NoSuchElementException">
      <![CDATA[org.openqa.selenium.NoSuchElementException: An element could not be located on the page using the given search parameters.
For documentation on this error, please visit: https://selenium.dev/exceptions/#no_such_element
Build info: version: '4.9.1', revision: 'eb2032df7f'
System info: os.name: 'Windows 10', os.arch: 'amd64', os.version: '10.0', java.version: '17.0.5'
Driver info: io.appium.java_client.AppiumDriver
Command: [20ea10f1-6e5c-4b36-acae-16d429832c48, findElement {using=xpath, value=//*[@text='Gallery']}]
Capabilities {appium:app: D:\pivotalapp-20-june.apk, appium:appActivity: com.calculator_apps.MainAct..., appium:appPackage: com.calculator_apps, appium:automationName: UiAutomator2, appium:databaseEnabled: false, appium:desired: {app: D:\pivotalapp-20-june.apk, appActivity: com.calculator_apps.MainAct..., appPackage: com.calculator_apps, automationName: UiAutomator2, deviceName: samsung, platformName: ANDROID, platformVersion: 10}, appium:deviceApiLevel: 29, appium:deviceManufacturer: samsung, appium:deviceModel: SM-A305F, appium:deviceName: RZ8M5181Y3M, appium:deviceScreenDensity: 420, appium:deviceScreenSize: 1080x2340, appium:deviceUDID: RZ8M5181Y3M, appium:javascriptEnabled: true, appium:locationContextEnabled: false, appium:networkConnectionEnabled: true, appium:pixelRatio: 2.625, appium:platformVersion: 10, appium:statBarHeight: 83, appium:takesScreenshot: true, appium:viewportRect: {height: 2048, left: 0, top: 83, width: 1080}, appium:warnings: {}, appium:webStorageEnabled: false, platformName: ANDROID}
Session ID: 20ea10f1-6e5c-4b36-acae-16d429832c48
at jdk.internal.reflect.GeneratedConstructorAccessor10.newInstance(Unknown Source)
at java.base/jdk.internal.reflect.DelegatingConstructorAccessorImpl.newInstance(DelegatingConstructorAccessorImpl.java:45)
at java.base/java.lang.reflect.Constructor.newInstanceWithCaller(Constructor.java:499)
at java.base/java.lang.reflect.Constructor.newInstance(Constructor.java:480)
at org.openqa.selenium.remote.codec.w3c.W3CHttpResponseCodec.createException(W3CHttpResponseCodec.java:200)
at org.openqa.selenium.remote.codec.w3c.W3CHttpResponseCodec.decode(W3CHttpResponseCodec.java:133)
at org.openqa.selenium.remote.codec.w3c.W3CHttpResponseCodec.decode(W3CHttpResponseCodec.java:53)
at org.openqa.selenium.remote.HttpCommandExecutor.execute(HttpCommandExecutor.java:193)
at io.appium.java_client.remote.AppiumCommandExecutor.execute(AppiumCommandExecutor.java:262)
at org.openqa.selenium.remote.RemoteWebDriver.execute(RemoteWebDriver.java:543)
at org.openqa.selenium.remote.ElementLocation$ElementFinder$2.findElement(ElementLocation.java:162)
at org.openqa.selenium.remote.ElementLocation.findElement(ElementLocation.java:60)
at org.openqa.selenium.remote.RemoteWebDriver.findElement(RemoteWebDriver.java:352)
at org.openqa.selenium.remote.RemoteWebDriver.findElement(RemoteWebDriver.java:344)
at pivotalApplication.PivotalEndToEndWorkflow.Gallery(PivotalEndToEndWorkflow.java:1843)
at java.base/jdk.internal.reflect.NativeMethodAccessorImpl.invoke0(Native Method)
at java.base/jdk.internal.reflect.NativeMethodAccessorImpl.invoke(NativeMethodAccessorImpl.java:77)
at java.base/jdk.internal.reflect.DelegatingMethodAccessorImpl.invoke(DelegatingMethodAccessorImpl.java:43)
at java.base/java.lang.reflect.Method.invoke(Method.java:568)
at org.testng.internal.invokers.MethodInvocationHelper.invokeMethod(MethodInvocationHelper.java:139)
at org.testng.internal.invokers.TestInvoker.invokeMethod(TestInvoker.java:664)
at org.testng.internal.invokers.TestInvoker.invokeTestMethod(TestInvoker.java:227)
at org.testng.internal.invokers.MethodRunner.runInSequence(MethodRunner.java:50)
at org.testng.internal.invokers.TestInvoker$MethodInvocationAgent.invoke(TestInvoker.java:957)
at org.testng.internal.invokers.TestInvoker.invokeTestMethods(TestInvoker.java:200)
at org.testng.internal.invokers.TestMethodWorker.invokeTestMethods(TestMethodWorker.java:148)
at org.testng.internal.invokers.TestMethodWorker.run(TestMethodWorker.java:128)
at java.base/java.util.ArrayList.forEach(ArrayList.java:1511)
at org.testng.TestRunner.privateRun(TestRunner.java:848)
at org.testng.TestRunner.run(TestRunner.java:621)
at org.testng.SuiteRunner.runTest(SuiteRunner.java:443)
at org.testng.SuiteRunner.runSequentially(SuiteRunner.java:437)
at org.testng.SuiteRunner.privateRun(SuiteRunner.java:397)
at org.testng.SuiteRunner.run(SuiteRunner.java:336)
at org.testng.SuiteRunnerWorker.runSuite(SuiteRunnerWorker.java:52)
at org.testng.SuiteRunnerWorker.run(SuiteRunnerWorker.java:95)
at org.testng.TestNG.runSuitesSequentially(TestNG.java:1280)
at org.testng.TestNG.runSuitesLocally(TestNG.java:1200)
at org.testng.TestNG.runSuites(TestNG.java:1114)
at org.testng.TestNG.run(TestNG.java:1082)
at org.testng.remote.AbstractRemoteTestNG.run(AbstractRemoteTestNG.java:115)
at org.testng.remote.RemoteTestNG.initAndRun(RemoteTestNG.java:251)
at org.testng.remote.RemoteTestNG.main(RemoteTestNG.java:77)
]]>
    </error>
  </testcase> <!-- Gallery -->
  <testcase classname="pivotalApplication.PivotalEndToEndWorkflow" name="photo" time="10.196">
    <error message="An element could not be located on the page using the given search parameters.
For documentation on this error, please visit: https://selenium.dev/exceptions/#no_such_element
Build info: version: &#039;4.9.1&#039;, revision: &#039;eb2032df7f&#039;
System info: os.name: &#039;Windows 10&#039;, os.arch: &#039;amd64&#039;, os.version: &#039;10.0&#039;, java.version: &#039;17.0.5&#039;
Driver info: io.appium.java_client.AppiumDriver
Command: [20ea10f1-6e5c-4b36-acae-16d429832c48, findElement {using=xpath, value=//android.widget.LinearLayout[@content-desc=&quot;Screenshot_20230807-103653_Gallery.jpg, 680 kB, 7 Aug&quot;]}]
Capabilities {appium:app: D:\pivotalapp-20-june.apk, appium:appActivity: com.calculator_apps.MainAct..., appium:appPackage: com.calculator_apps, appium:automationName: UiAutomator2, appium:databaseEnabled: false, appium:desired: {app: D:\pivotalapp-20-june.apk, appActivity: com.calculator_apps.MainAct..., appPackage: com.calculator_apps, automationName: UiAutomator2, deviceName: samsung, platformName: ANDROID, platformVersion: 10}, appium:deviceApiLevel: 29, appium:deviceManufacturer: samsung, appium:deviceModel: SM-A305F, appium:deviceName: RZ8M5181Y3M, appium:deviceScreenDensity: 420, appium:deviceScreenSize: 1080x2340, appium:deviceUDID: RZ8M5181Y3M, appium:javascriptEnabled: true, appium:locationContextEnabled: false, appium:networkConnectionEnabled: true, appium:pixelRatio: 2.625, appium:platformVersion: 10, appium:statBarHeight: 83, appium:takesScreenshot: true, appium:viewportRect: {height: 2048, left: 0, top: 83, width: 1080}, appium:warnings: {}, appium:webStorageEnabled: false, platformName: ANDROID}
Session ID: 20ea10f1-6e5c-4b36-acae-16d429832c48" type="org.openqa.selenium.NoSuchElementException">
      <![CDATA[org.openqa.selenium.NoSuchElementException: An element could not be located on the page using the given search parameters.
For documentation on this error, please visit: https://selenium.dev/exceptions/#no_such_element
Build info: version: '4.9.1', revision: 'eb2032df7f'
System info: os.name: 'Windows 10', os.arch: 'amd64', os.version: '10.0', java.version: '17.0.5'
Driver info: io.appium.java_client.AppiumDriver
Command: [20ea10f1-6e5c-4b36-acae-16d429832c48, findElement {using=xpath, value=//android.widget.LinearLayout[@content-desc="Screenshot_20230807-103653_Gallery.jpg, 680 kB, 7 Aug"]}]
Capabilities {appium:app: D:\pivotalapp-20-june.apk, appium:appActivity: com.calculator_apps.MainAct..., appium:appPackage: com.calculator_apps, appium:automationName: UiAutomator2, appium:databaseEnabled: false, appium:desired: {app: D:\pivotalapp-20-june.apk, appActivity: com.calculator_apps.MainAct..., appPackage: com.calculator_apps, automationName: UiAutomator2, deviceName: samsung, platformName: ANDROID, platformVersion: 10}, appium:deviceApiLevel: 29, appium:deviceManufacturer: samsung, appium:deviceModel: SM-A305F, appium:deviceName: RZ8M5181Y3M, appium:deviceScreenDensity: 420, appium:deviceScreenSize: 1080x2340, appium:deviceUDID: RZ8M5181Y3M, appium:javascriptEnabled: true, appium:locationContextEnabled: false, appium:networkConnectionEnabled: true, appium:pixelRatio: 2.625, appium:platformVersion: 10, appium:statBarHeight: 83, appium:takesScreenshot: true, appium:viewportRect: {height: 2048, left: 0, top: 83, width: 1080}, appium:warnings: {}, appium:webStorageEnabled: false, platformName: ANDROID}
Session ID: 20ea10f1-6e5c-4b36-acae-16d429832c48
at jdk.internal.reflect.GeneratedConstructorAccessor10.newInstance(Unknown Source)
at java.base/jdk.internal.reflect.DelegatingConstructorAccessorImpl.newInstance(DelegatingConstructorAccessorImpl.java:45)
at java.base/java.lang.reflect.Constructor.newInstanceWithCaller(Constructor.java:499)
at java.base/java.lang.reflect.Constructor.newInstance(Constructor.java:480)
at org.openqa.selenium.remote.codec.w3c.W3CHttpResponseCodec.createException(W3CHttpResponseCodec.java:200)
at org.openqa.selenium.remote.codec.w3c.W3CHttpResponseCodec.decode(W3CHttpResponseCodec.java:133)
at org.openqa.selenium.remote.codec.w3c.W3CHttpResponseCodec.decode(W3CHttpResponseCodec.java:53)
at org.openqa.selenium.remote.HttpCommandExecutor.execute(HttpCommandExecutor.java:193)
at io.appium.java_client.remote.AppiumCommandExecutor.execute(AppiumCommandExecutor.java:262)
at org.openqa.selenium.remote.RemoteWebDriver.execute(RemoteWebDriver.java:543)
at org.openqa.selenium.remote.ElementLocation$ElementFinder$2.findElement(ElementLocation.java:162)
at org.openqa.selenium.remote.ElementLocation.findElement(ElementLocation.java:60)
at org.openqa.selenium.remote.RemoteWebDriver.findElement(RemoteWebDriver.java:352)
at org.openqa.selenium.remote.RemoteWebDriver.findElement(RemoteWebDriver.java:344)
at pivotalApplication.PivotalEndToEndWorkflow.photo(PivotalEndToEndWorkflow.java:1860)
at java.base/jdk.internal.reflect.NativeMethodAccessorImpl.invoke0(Native Method)
at java.base/jdk.internal.reflect.NativeMethodAccessorImpl.invoke(NativeMethodAccessorImpl.java:77)
at java.base/jdk.internal.reflect.DelegatingMethodAccessorImpl.invoke(DelegatingMethodAccessorImpl.java:43)
at java.base/java.lang.reflect.Method.invoke(Method.java:568)
at org.testng.internal.invokers.MethodInvocationHelper.invokeMethod(MethodInvocationHelper.java:139)
at org.testng.internal.invokers.TestInvoker.invokeMethod(TestInvoker.java:664)
at org.testng.internal.invokers.TestInvoker.invokeTestMethod(TestInvoker.java:227)
at org.testng.internal.invokers.MethodRunner.runInSequence(MethodRunner.java:50)
at org.testng.internal.invokers.TestInvoker$MethodInvocationAgent.invoke(TestInvoker.java:957)
at org.testng.internal.invokers.TestInvoker.invokeTestMethods(TestInvoker.java:200)
at org.testng.internal.invokers.TestMethodWorker.invokeTestMethods(TestMethodWorker.java:148)
at org.testng.internal.invokers.TestMethodWorker.run(TestMethodWorker.java:128)
at java.base/java.util.ArrayList.forEach(ArrayList.java:1511)
at org.testng.TestRunner.privateRun(TestRunner.java:848)
at org.testng.TestRunner.run(TestRunner.java:621)
at org.testng.SuiteRunner.runTest(SuiteRunner.java:443)
at org.testng.SuiteRunner.runSequentially(SuiteRunner.java:437)
at org.testng.SuiteRunner.privateRun(SuiteRunner.java:397)
at org.testng.SuiteRunner.run(SuiteRunner.java:336)
at org.testng.SuiteRunnerWorker.runSuite(SuiteRunnerWorker.java:52)
at org.testng.SuiteRunnerWorker.run(SuiteRunnerWorker.java:95)
at org.testng.TestNG.runSuitesSequentially(TestNG.java:1280)
at org.testng.TestNG.runSuitesLocally(TestNG.java:1200)
at org.testng.TestNG.runSuites(TestNG.java:1114)
at org.testng.TestNG.run(TestNG.java:1082)
at org.testng.remote.AbstractRemoteTestNG.run(AbstractRemoteTestNG.java:115)
at org.testng.remote.RemoteTestNG.initAndRun(RemoteTestNG.java:251)
at org.testng.remote.RemoteTestNG.main(RemoteTestNG.java:77)
]]>
    </error>
  </testcase> <!-- photo -->
  <testcase classname="pivotalApplication.PivotalEndToEndWorkflow" name="Upload1" time="2.190">
    <error message="An element could not be located on the page using the given search parameters.
For documentation on this error, please visit: https://selenium.dev/exceptions/#no_such_element
Build info: version: &#039;4.9.1&#039;, revision: &#039;eb2032df7f&#039;
System info: os.name: &#039;Windows 10&#039;, os.arch: &#039;amd64&#039;, os.version: &#039;10.0&#039;, java.version: &#039;17.0.5&#039;
Driver info: io.appium.java_client.AppiumDriver
Command: [20ea10f1-6e5c-4b36-acae-16d429832c48, findElement {using=xpath, value=//*[@text=&#039;Upload&#039;]}]
Capabilities {appium:app: D:\pivotalapp-20-june.apk, appium:appActivity: com.calculator_apps.MainAct..., appium:appPackage: com.calculator_apps, appium:automationName: UiAutomator2, appium:databaseEnabled: false, appium:desired: {app: D:\pivotalapp-20-june.apk, appActivity: com.calculator_apps.MainAct..., appPackage: com.calculator_apps, automationName: UiAutomator2, deviceName: samsung, platformName: ANDROID, platformVersion: 10}, appium:deviceApiLevel: 29, appium:deviceManufacturer: samsung, appium:deviceModel: SM-A305F, appium:deviceName: RZ8M5181Y3M, appium:deviceScreenDensity: 420, appium:deviceScreenSize: 1080x2340, appium:deviceUDID: RZ8M5181Y3M, appium:javascriptEnabled: true, appium:locationContextEnabled: false, appium:networkConnectionEnabled: true, appium:pixelRatio: 2.625, appium:platformVersion: 10, appium:statBarHeight: 83, appium:takesScreenshot: true, appium:viewportRect: {height: 2048, left: 0, top: 83, width: 1080}, appium:warnings: {}, appium:webStorageEnabled: false, platformName: ANDROID}
Session ID: 20ea10f1-6e5c-4b36-acae-16d429832c48" type="org.openqa.selenium.NoSuchElementException">
      <![CDATA[org.openqa.selenium.NoSuchElementException: An element could not be located on the page using the given search parameters.
For documentation on this error, please visit: https://selenium.dev/exceptions/#no_such_element
Build info: version: '4.9.1', revision: 'eb2032df7f'
System info: os.name: 'Windows 10', os.arch: 'amd64', os.version: '10.0', java.version: '17.0.5'
Driver info: io.appium.java_client.AppiumDriver
Command: [20ea10f1-6e5c-4b36-acae-16d429832c48, findElement {using=xpath, value=//*[@text='Upload']}]
Capabilities {appium:app: D:\pivotalapp-20-june.apk, appium:appActivity: com.calculator_apps.MainAct..., appium:appPackage: com.calculator_apps, appium:automationName: UiAutomator2, appium:databaseEnabled: false, appium:desired: {app: D:\pivotalapp-20-june.apk, appActivity: com.calculator_apps.MainAct..., appPackage: com.calculator_apps, automationName: UiAutomator2, deviceName: samsung, platformName: ANDROID, platformVersion: 10}, appium:deviceApiLevel: 29, appium:deviceManufacturer: samsung, appium:deviceModel: SM-A305F, appium:deviceName: RZ8M5181Y3M, appium:deviceScreenDensity: 420, appium:deviceScreenSize: 1080x2340, appium:deviceUDID: RZ8M5181Y3M, appium:javascriptEnabled: true, appium:locationContextEnabled: false, appium:networkConnectionEnabled: true, appium:pixelRatio: 2.625, appium:platformVersion: 10, appium:statBarHeight: 83, appium:takesScreenshot: true, appium:viewportRect: {height: 2048, left: 0, top: 83, width: 1080}, appium:warnings: {}, appium:webStorageEnabled: false, platformName: ANDROID}
Session ID: 20ea10f1-6e5c-4b36-acae-16d429832c48
at jdk.internal.reflect.GeneratedConstructorAccessor10.newInstance(Unknown Source)
at java.base/jdk.internal.reflect.DelegatingConstructorAccessorImpl.newInstance(DelegatingConstructorAccessorImpl.java:45)
at java.base/java.lang.reflect.Constructor.newInstanceWithCaller(Constructor.java:499)
at java.base/java.lang.reflect.Constructor.newInstance(Constructor.java:480)
at org.openqa.selenium.remote.codec.w3c.W3CHttpResponseCodec.createException(W3CHttpResponseCodec.java:200)
at org.openqa.selenium.remote.codec.w3c.W3CHttpResponseCodec.decode(W3CHttpResponseCodec.java:133)
at org.openqa.selenium.remote.codec.w3c.W3CHttpResponseCodec.decode(W3CHttpResponseCodec.java:53)
at org.openqa.selenium.remote.HttpCommandExecutor.execute(HttpCommandExecutor.java:193)
at io.appium.java_client.remote.AppiumCommandExecutor.execute(AppiumCommandExecutor.java:262)
at org.openqa.selenium.remote.RemoteWebDriver.execute(RemoteWebDriver.java:543)
at org.openqa.selenium.remote.ElementLocation$ElementFinder$2.findElement(ElementLocation.java:162)
at org.openqa.selenium.remote.ElementLocation.findElement(ElementLocation.java:60)
at org.openqa.selenium.remote.RemoteWebDriver.findElement(RemoteWebDriver.java:352)
at org.openqa.selenium.remote.RemoteWebDriver.findElement(RemoteWebDriver.java:344)
at pivotalApplication.PivotalEndToEndWorkflow.Upload1(PivotalEndToEndWorkflow.java:1869)
at java.base/jdk.internal.reflect.NativeMethodAccessorImpl.invoke0(Native Method)
at java.base/jdk.internal.reflect.NativeMethodAccessorImpl.invoke(NativeMethodAccessorImpl.java:77)
at java.base/jdk.internal.reflect.DelegatingMethodAccessorImpl.invoke(DelegatingMethodAccessorImpl.java:43)
at java.base/java.lang.reflect.Method.invoke(Method.java:568)
at org.testng.internal.invokers.MethodInvocationHelper.invokeMethod(MethodInvocationHelper.java:139)
at org.testng.internal.invokers.TestInvoker.invokeMethod(TestInvoker.java:664)
at org.testng.internal.invokers.TestInvoker.invokeTestMethod(TestInvoker.java:227)
at org.testng.internal.invokers.MethodRunner.runInSequence(MethodRunner.java:50)
at org.testng.internal.invokers.TestInvoker$MethodInvocationAgent.invoke(TestInvoker.java:957)
at org.testng.internal.invokers.TestInvoker.invokeTestMethods(TestInvoker.java:200)
at org.testng.internal.invokers.TestMethodWorker.invokeTestMethods(TestMethodWorker.java:148)
at org.testng.internal.invokers.TestMethodWorker.run(TestMethodWorker.java:128)
at java.base/java.util.ArrayList.forEach(ArrayList.java:1511)
at org.testng.TestRunner.privateRun(TestRunner.java:848)
at org.testng.TestRunner.run(TestRunner.java:621)
at org.testng.SuiteRunner.runTest(SuiteRunner.java:443)
at org.testng.SuiteRunner.runSequentially(SuiteRunner.java:437)
at org.testng.SuiteRunner.privateRun(SuiteRunner.java:397)
at org.testng.SuiteRunner.run(SuiteRunner.java:336)
at org.testng.SuiteRunnerWorker.runSuite(SuiteRunnerWorker.java:52)
at org.testng.SuiteRunnerWorker.run(SuiteRunnerWorker.java:95)
at org.testng.TestNG.runSuitesSequentially(TestNG.java:1280)
at org.testng.TestNG.runSuitesLocally(TestNG.java:1200)
at org.testng.TestNG.runSuites(TestNG.java:1114)
at org.testng.TestNG.run(TestNG.java:1082)
at org.testng.remote.AbstractRemoteTestNG.run(AbstractRemoteTestNG.java:115)
at org.testng.remote.RemoteTestNG.initAndRun(RemoteTestNG.java:251)
at org.testng.remote.RemoteTestNG.main(RemoteTestNG.java:77)
]]>
    </error>
  </testcase> <!-- Upload1 -->
  <testcase classname="pivotalApplication.PivotalEndToEndWorkflow" name="UploadOk1" time="4.967">
    <error message="Cached elements &#039;By.clazz: android.widget.TextView&#039; do not exist in DOM anymore
For documentation on this error, please visit: https://selenium.dev/exceptions/#stale_element_reference
Build info: version: &#039;4.9.1&#039;, revision: &#039;eb2032df7f&#039;
System info: os.name: &#039;Windows 10&#039;, os.arch: &#039;amd64&#039;, os.version: &#039;10.0&#039;, java.version: &#039;17.0.5&#039;
Driver info: io.appium.java_client.AppiumDriver
Command: [20ea10f1-6e5c-4b36-acae-16d429832c48, clickElement {id=00000000-0000-07cd-ffff-ffff00000097}]
Capabilities {appium:app: D:\pivotalapp-20-june.apk, appium:appActivity: com.calculator_apps.MainAct..., appium:appPackage: com.calculator_apps, appium:automationName: UiAutomator2, appium:databaseEnabled: false, appium:desired: {app: D:\pivotalapp-20-june.apk, appActivity: com.calculator_apps.MainAct..., appPackage: com.calculator_apps, automationName: UiAutomator2, deviceName: samsung, platformName: ANDROID, platformVersion: 10}, appium:deviceApiLevel: 29, appium:deviceManufacturer: samsung, appium:deviceModel: SM-A305F, appium:deviceName: RZ8M5181Y3M, appium:deviceScreenDensity: 420, appium:deviceScreenSize: 1080x2340, appium:deviceUDID: RZ8M5181Y3M, appium:javascriptEnabled: true, appium:locationContextEnabled: false, appium:networkConnectionEnabled: true, appium:pixelRatio: 2.625, appium:platformVersion: 10, appium:statBarHeight: 83, appium:takesScreenshot: true, appium:viewportRect: {height: 2048, left: 0, top: 83, width: 1080}, appium:warnings: {}, appium:webStorageEnabled: false, platformName: ANDROID}
Element: [[AppiumDriver:  on ANDROID (20ea10f1-6e5c-4b36-acae-16d429832c48)] -&gt; class name: android.widget.TextView]
Session ID: 20ea10f1-6e5c-4b36-acae-16d429832c48" type="org.openqa.selenium.StaleElementReferenceException">
      <![CDATA[org.openqa.selenium.StaleElementReferenceException: Cached elements 'By.clazz: android.widget.TextView' do not exist in DOM anymore
For documentation on this error, please visit: https://selenium.dev/exceptions/#stale_element_reference
Build info: version: '4.9.1', revision: 'eb2032df7f'
System info: os.name: 'Windows 10', os.arch: 'amd64', os.version: '10.0', java.version: '17.0.5'
Driver info: io.appium.java_client.AppiumDriver
Command: [20ea10f1-6e5c-4b36-acae-16d429832c48, clickElement {id=00000000-0000-07cd-ffff-ffff00000097}]
Capabilities {appium:app: D:\pivotalapp-20-june.apk, appium:appActivity: com.calculator_apps.MainAct..., appium:appPackage: com.calculator_apps, appium:automationName: UiAutomator2, appium:databaseEnabled: false, appium:desired: {app: D:\pivotalapp-20-june.apk, appActivity: com.calculator_apps.MainAct..., appPackage: com.calculator_apps, automationName: UiAutomator2, deviceName: samsung, platformName: ANDROID, platformVersion: 10}, appium:deviceApiLevel: 29, appium:deviceManufacturer: samsung, appium:deviceModel: SM-A305F, appium:deviceName: RZ8M5181Y3M, appium:deviceScreenDensity: 420, appium:deviceScreenSize: 1080x2340, appium:deviceUDID: RZ8M5181Y3M, appium:javascriptEnabled: true, appium:locationContextEnabled: false, appium:networkConnectionEnabled: true, appium:pixelRatio: 2.625, appium:platformVersion: 10, appium:statBarHeight: 83, appium:takesScreenshot: true, appium:viewportRect: {height: 2048, left: 0, top: 83, width: 1080}, appium:warnings: {}, appium:webStorageEnabled: false, platformName: ANDROID}
Element: [[AppiumDriver:  on ANDROID (20ea10f1-6e5c-4b36-acae-16d429832c48)] -> class name: android.widget.TextView]
Session ID: 20ea10f1-6e5c-4b36-acae-16d429832c48
at java.base/jdk.internal.reflect.NativeConstructorAccessorImpl.newInstance0(Native Method)
at java.base/jdk.internal.reflect.NativeConstructorAccessorImpl.newInstance(NativeConstructorAccessorImpl.java:77)
at java.base/jdk.internal.reflect.DelegatingConstructorAccessorImpl.newInstance(DelegatingConstructorAccessorImpl.java:45)
at java.base/java.lang.reflect.Constructor.newInstanceWithCaller(Constructor.java:499)
at java.base/java.lang.reflect.Constructor.newInstance(Constructor.java:480)
at org.openqa.selenium.remote.codec.w3c.W3CHttpResponseCodec.createException(W3CHttpResponseCodec.java:200)
at org.openqa.selenium.remote.codec.w3c.W3CHttpResponseCodec.decode(W3CHttpResponseCodec.java:133)
at org.openqa.selenium.remote.codec.w3c.W3CHttpResponseCodec.decode(W3CHttpResponseCodec.java:53)
at org.openqa.selenium.remote.HttpCommandExecutor.execute(HttpCommandExecutor.java:193)
at io.appium.java_client.remote.AppiumCommandExecutor.execute(AppiumCommandExecutor.java:262)
at org.openqa.selenium.remote.RemoteWebDriver.execute(RemoteWebDriver.java:543)
at org.openqa.selenium.remote.RemoteWebElement.execute(RemoteWebElement.java:257)
at org.openqa.selenium.remote.RemoteWebElement.click(RemoteWebElement.java:78)
at pivotalApplication.PivotalEndToEndWorkflow.UploadOk1(PivotalEndToEndWorkflow.java:1884)
at java.base/jdk.internal.reflect.NativeMethodAccessorImpl.invoke0(Native Method)
at java.base/jdk.internal.reflect.NativeMethodAccessorImpl.invoke(NativeMethodAccessorImpl.java:77)
at java.base/jdk.internal.reflect.DelegatingMethodAccessorImpl.invoke(DelegatingMethodAccessorImpl.java:43)
at java.base/java.lang.reflect.Method.invoke(Method.java:568)
at org.testng.internal.invokers.MethodInvocationHelper.invokeMethod(MethodInvocationHelper.java:139)
at org.testng.internal.invokers.TestInvoker.invokeMethod(TestInvoker.java:664)
at org.testng.internal.invokers.TestInvoker.invokeTestMethod(TestInvoker.java:227)
at org.testng.internal.invokers.MethodRunner.runInSequence(MethodRunner.java:50)
at org.testng.internal.invokers.TestInvoker$MethodInvocationAgent.invoke(TestInvoker.java:957)
at org.testng.internal.invokers.TestInvoker.invokeTestMethods(TestInvoker.java:200)
at org.testng.internal.invokers.TestMethodWorker.invokeTestMethods(TestMethodWorker.java:148)
at org.testng.internal.invokers.TestMethodWorker.run(TestMethodWorker.java:128)
at java.base/java.util.ArrayList.forEach(ArrayList.java:1511)
at org.testng.TestRunner.privateRun(TestRunner.java:848)
at org.testng.TestRunner.run(TestRunner.java:621)
at org.testng.SuiteRunner.runTest(SuiteRunner.java:443)
at org.testng.SuiteRunner.runSequentially(SuiteRunner.java:437)
at org.testng.SuiteRunner.privateRun(SuiteRunner.java:397)
at org.testng.SuiteRunner.run(SuiteRunner.java:336)
at org.testng.SuiteRunnerWorker.runSuite(SuiteRunnerWorker.java:52)
at org.testng.SuiteRunnerWorker.run(SuiteRunnerWorker.java:95)
at org.testng.TestNG.runSuitesSequentially(TestNG.java:1280)
at org.testng.TestNG.runSuitesLocally(TestNG.java:1200)
at org.testng.TestNG.runSuites(TestNG.java:1114)
at org.testng.TestNG.run(TestNG.java:1082)
at org.testng.remote.AbstractRemoteTestNG.run(AbstractRemoteTestNG.java:115)
at org.testng.remote.RemoteTestNG.initAndRun(RemoteTestNG.java:251)
at org.testng.remote.RemoteTestNG.main(RemoteTestNG.java:77)
]]>
    </error>
  </testcase> <!-- UploadOk1 -->
  <testcase classname="pivotalApplication.PivotalEndToEndWorkflow" name="Records" time="5.212">
    <error message="An element could not be located on the page using the given search parameters.
For documentation on this error, please visit: https://selenium.dev/exceptions/#no_such_element
Build info: version: &#039;4.9.1&#039;, revision: &#039;eb2032df7f&#039;
System info: os.name: &#039;Windows 10&#039;, os.arch: &#039;amd64&#039;, os.version: &#039;10.0&#039;, java.version: &#039;17.0.5&#039;
Driver info: io.appium.java_client.AppiumDriver
Command: [20ea10f1-6e5c-4b36-acae-16d429832c48, findElement {using=xpath, value=//*[@text=&#039;Records&#039;]}]
Capabilities {appium:app: D:\pivotalapp-20-june.apk, appium:appActivity: com.calculator_apps.MainAct..., appium:appPackage: com.calculator_apps, appium:automationName: UiAutomator2, appium:databaseEnabled: false, appium:desired: {app: D:\pivotalapp-20-june.apk, appActivity: com.calculator_apps.MainAct..., appPackage: com.calculator_apps, automationName: UiAutomator2, deviceName: samsung, platformName: ANDROID, platformVersion: 10}, appium:deviceApiLevel: 29, appium:deviceManufacturer: samsung, appium:deviceModel: SM-A305F, appium:deviceName: RZ8M5181Y3M, appium:deviceScreenDensity: 420, appium:deviceScreenSize: 1080x2340, appium:deviceUDID: RZ8M5181Y3M, appium:javascriptEnabled: true, appium:locationContextEnabled: false, appium:networkConnectionEnabled: true, appium:pixelRatio: 2.625, appium:platformVersion: 10, appium:statBarHeight: 83, appium:takesScreenshot: true, appium:viewportRect: {height: 2048, left: 0, top: 83, width: 1080}, appium:warnings: {}, appium:webStorageEnabled: false, platformName: ANDROID}
Session ID: 20ea10f1-6e5c-4b36-acae-16d429832c48" type="org.openqa.selenium.NoSuchElementException">
      <![CDATA[org.openqa.selenium.NoSuchElementException: An element could not be located on the page using the given search parameters.
For documentation on this error, please visit: https://selenium.dev/exceptions/#no_such_element
Build info: version: '4.9.1', revision: 'eb2032df7f'
System info: os.name: 'Windows 10', os.arch: 'amd64', os.version: '10.0', java.version: '17.0.5'
Driver info: io.appium.java_client.AppiumDriver
Command: [20ea10f1-6e5c-4b36-acae-16d429832c48, findElement {using=xpath, value=//*[@text='Records']}]
Capabilities {appium:app: D:\pivotalapp-20-june.apk, appium:appActivity: com.calculator_apps.MainAct..., appium:appPackage: com.calculator_apps, appium:automationName: UiAutomator2, appium:databaseEnabled: false, appium:desired: {app: D:\pivotalapp-20-june.apk, appActivity: com.calculator_apps.MainAct..., appPackage: com.calculator_apps, automationName: UiAutomator2, deviceName: samsung, platformName: ANDROID, platformVersion: 10}, appium:deviceApiLevel: 29, appium:deviceManufacturer: samsung, appium:deviceModel: SM-A305F, appium:deviceName: RZ8M5181Y3M, appium:deviceScreenDensity: 420, appium:deviceScreenSize: 1080x2340, appium:deviceUDID: RZ8M5181Y3M, appium:javascriptEnabled: true, appium:locationContextEnabled: false, appium:networkConnectionEnabled: true, appium:pixelRatio: 2.625, appium:platformVersion: 10, appium:statBarHeight: 83, appium:takesScreenshot: true, appium:viewportRect: {height: 2048, left: 0, top: 83, width: 1080}, appium:warnings: {}, appium:webStorageEnabled: false, platformName: ANDROID}
Session ID: 20ea10f1-6e5c-4b36-acae-16d429832c48
at jdk.internal.reflect.GeneratedConstructorAccessor10.newInstance(Unknown Source)
at java.base/jdk.internal.reflect.DelegatingConstructorAccessorImpl.newInstance(DelegatingConstructorAccessorImpl.java:45)
at java.base/java.lang.reflect.Constructor.newInstanceWithCaller(Constructor.java:499)
at java.base/java.lang.reflect.Constructor.newInstance(Constructor.java:480)
at org.openqa.selenium.remote.codec.w3c.W3CHttpResponseCodec.createException(W3CHttpResponseCodec.java:200)
at org.openqa.selenium.remote.codec.w3c.W3CHttpResponseCodec.decode(W3CHttpResponseCodec.java:133)
at org.openqa.selenium.remote.codec.w3c.W3CHttpResponseCodec.decode(W3CHttpResponseCodec.java:53)
at org.openqa.selenium.remote.HttpCommandExecutor.execute(HttpCommandExecutor.java:193)
at io.appium.java_client.remote.AppiumCommandExecutor.execute(AppiumCommandExecutor.java:262)
at org.openqa.selenium.remote.RemoteWebDriver.execute(RemoteWebDriver.java:543)
at org.openqa.selenium.remote.ElementLocation$ElementFinder$2.findElement(ElementLocation.java:162)
at org.openqa.selenium.remote.ElementLocation.findElement(ElementLocation.java:60)
at org.openqa.selenium.remote.RemoteWebDriver.findElement(RemoteWebDriver.java:352)
at org.openqa.selenium.remote.RemoteWebDriver.findElement(RemoteWebDriver.java:344)
at pivotalApplication.PivotalEndToEndWorkflow.Records(PivotalEndToEndWorkflow.java:1891)
at java.base/jdk.internal.reflect.NativeMethodAccessorImpl.invoke0(Native Method)
at java.base/jdk.internal.reflect.NativeMethodAccessorImpl.invoke(NativeMethodAccessorImpl.java:77)
at java.base/jdk.internal.reflect.DelegatingMethodAccessorImpl.invoke(DelegatingMethodAccessorImpl.java:43)
at java.base/java.lang.reflect.Method.invoke(Method.java:568)
at org.testng.internal.invokers.MethodInvocationHelper.invokeMethod(MethodInvocationHelper.java:139)
at org.testng.internal.invokers.TestInvoker.invokeMethod(TestInvoker.java:664)
at org.testng.internal.invokers.TestInvoker.invokeTestMethod(TestInvoker.java:227)
at org.testng.internal.invokers.MethodRunner.runInSequence(MethodRunner.java:50)
at org.testng.internal.invokers.TestInvoker$MethodInvocationAgent.invoke(TestInvoker.java:957)
at org.testng.internal.invokers.TestInvoker.invokeTestMethods(TestInvoker.java:200)
at org.testng.internal.invokers.TestMethodWorker.invokeTestMethods(TestMethodWorker.java:148)
at org.testng.internal.invokers.TestMethodWorker.run(TestMethodWorker.java:128)
at java.base/java.util.ArrayList.forEach(ArrayList.java:1511)
at org.testng.TestRunner.privateRun(TestRunner.java:848)
at org.testng.TestRunner.run(TestRunner.java:621)
at org.testng.SuiteRunner.runTest(SuiteRunner.java:443)
at org.testng.SuiteRunner.runSequentially(SuiteRunner.java:437)
at org.testng.SuiteRunner.privateRun(SuiteRunner.java:397)
at org.testng.SuiteRunner.run(SuiteRunner.java:336)
at org.testng.SuiteRunnerWorker.runSuite(SuiteRunnerWorker.java:52)
at org.testng.SuiteRunnerWorker.run(SuiteRunnerWorker.java:95)
at org.testng.TestNG.runSuitesSequentially(TestNG.java:1280)
at org.testng.TestNG.runSuitesLocally(TestNG.java:1200)
at org.testng.TestNG.runSuites(TestNG.java:1114)
at org.testng.TestNG.run(TestNG.java:1082)
at org.testng.remote.AbstractRemoteTestNG.run(AbstractRemoteTestNG.java:115)
at org.testng.remote.RemoteTestNG.initAndRun(RemoteTestNG.java:251)
at org.testng.remote.RemoteTestNG.main(RemoteTestNG.java:77)
]]>
    </error>
  </testcase> <!-- Records -->
  <testcase classname="pivotalApplication.PivotalEndToEndWorkflow" name="Certificates" time="5.200">
    <error message="An element could not be located on the page using the given search parameters.
For documentation on this error, please visit: https://selenium.dev/exceptions/#no_such_element
Build info: version: &#039;4.9.1&#039;, revision: &#039;eb2032df7f&#039;
System info: os.name: &#039;Windows 10&#039;, os.arch: &#039;amd64&#039;, os.version: &#039;10.0&#039;, java.version: &#039;17.0.5&#039;
Driver info: io.appium.java_client.AppiumDriver
Command: [20ea10f1-6e5c-4b36-acae-16d429832c48, findElement {using=xpath, value=//*[@text=&#039;Certificates&#039;]}]
Capabilities {appium:app: D:\pivotalapp-20-june.apk, appium:appActivity: com.calculator_apps.MainAct..., appium:appPackage: com.calculator_apps, appium:automationName: UiAutomator2, appium:databaseEnabled: false, appium:desired: {app: D:\pivotalapp-20-june.apk, appActivity: com.calculator_apps.MainAct..., appPackage: com.calculator_apps, automationName: UiAutomator2, deviceName: samsung, platformName: ANDROID, platformVersion: 10}, appium:deviceApiLevel: 29, appium:deviceManufacturer: samsung, appium:deviceModel: SM-A305F, appium:deviceName: RZ8M5181Y3M, appium:deviceScreenDensity: 420, appium:deviceScreenSize: 1080x2340, appium:deviceUDID: RZ8M5181Y3M, appium:javascriptEnabled: true, appium:locationContextEnabled: false, appium:networkConnectionEnabled: true, appium:pixelRatio: 2.625, appium:platformVersion: 10, appium:statBarHeight: 83, appium:takesScreenshot: true, appium:viewportRect: {height: 2048, left: 0, top: 83, width: 1080}, appium:warnings: {}, appium:webStorageEnabled: false, platformName: ANDROID}
Session ID: 20ea10f1-6e5c-4b36-acae-16d429832c48" type="org.openqa.selenium.NoSuchElementException">
      <![CDATA[org.openqa.selenium.NoSuchElementException: An element could not be located on the page using the given search parameters.
For documentation on this error, please visit: https://selenium.dev/exceptions/#no_such_element
Build info: version: '4.9.1', revision: 'eb2032df7f'
System info: os.name: 'Windows 10', os.arch: 'amd64', os.version: '10.0', java.version: '17.0.5'
Driver info: io.appium.java_client.AppiumDriver
Command: [20ea10f1-6e5c-4b36-acae-16d429832c48, findElement {using=xpath, value=//*[@text='Certificates']}]
Capabilities {appium:app: D:\pivotalapp-20-june.apk, appium:appActivity: com.calculator_apps.MainAct..., appium:appPackage: com.calculator_apps, appium:automationName: UiAutomator2, appium:databaseEnabled: false, appium:desired: {app: D:\pivotalapp-20-june.apk, appActivity: com.calculator_apps.MainAct..., appPackage: com.calculator_apps, automationName: UiAutomator2, deviceName: samsung, platformName: ANDROID, platformVersion: 10}, appium:deviceApiLevel: 29, appium:deviceManufacturer: samsung, appium:deviceModel: SM-A305F, appium:deviceName: RZ8M5181Y3M, appium:deviceScreenDensity: 420, appium:deviceScreenSize: 1080x2340, appium:deviceUDID: RZ8M5181Y3M, appium:javascriptEnabled: true, appium:locationContextEnabled: false, appium:networkConnectionEnabled: true, appium:pixelRatio: 2.625, appium:platformVersion: 10, appium:statBarHeight: 83, appium:takesScreenshot: true, appium:viewportRect: {height: 2048, left: 0, top: 83, width: 1080}, appium:warnings: {}, appium:webStorageEnabled: false, platformName: ANDROID}
Session ID: 20ea10f1-6e5c-4b36-acae-16d429832c48
at jdk.internal.reflect.GeneratedConstructorAccessor10.newInstance(Unknown Source)
at java.base/jdk.internal.reflect.DelegatingConstructorAccessorImpl.newInstance(DelegatingConstructorAccessorImpl.java:45)
at java.base/java.lang.reflect.Constructor.newInstanceWithCaller(Constructor.java:499)
at java.base/java.lang.reflect.Constructor.newInstance(Constructor.java:480)
at org.openqa.selenium.remote.codec.w3c.W3CHttpResponseCodec.createException(W3CHttpResponseCodec.java:200)
at org.openqa.selenium.remote.codec.w3c.W3CHttpResponseCodec.decode(W3CHttpResponseCodec.java:133)
at org.openqa.selenium.remote.codec.w3c.W3CHttpResponseCodec.decode(W3CHttpResponseCodec.java:53)
at org.openqa.selenium.remote.HttpCommandExecutor.execute(HttpCommandExecutor.java:193)
at io.appium.java_client.remote.AppiumCommandExecutor.execute(AppiumCommandExecutor.java:262)
at org.openqa.selenium.remote.RemoteWebDriver.execute(RemoteWebDriver.java:543)
at org.openqa.selenium.remote.ElementLocation$ElementFinder$2.findElement(ElementLocation.java:162)
at org.openqa.selenium.remote.ElementLocation.findElement(ElementLocation.java:60)
at org.openqa.selenium.remote.RemoteWebDriver.findElement(RemoteWebDriver.java:352)
at org.openqa.selenium.remote.RemoteWebDriver.findElement(RemoteWebDriver.java:344)
at pivotalApplication.PivotalEndToEndWorkflow.Certificates(PivotalEndToEndWorkflow.java:1901)
at java.base/jdk.internal.reflect.NativeMethodAccessorImpl.invoke0(Native Method)
at java.base/jdk.internal.reflect.NativeMethodAccessorImpl.invoke(NativeMethodAccessorImpl.java:77)
at java.base/jdk.internal.reflect.DelegatingMethodAccessorImpl.invoke(DelegatingMethodAccessorImpl.java:43)
at java.base/java.lang.reflect.Method.invoke(Method.java:568)
at org.testng.internal.invokers.MethodInvocationHelper.invokeMethod(MethodInvocationHelper.java:139)
at org.testng.internal.invokers.TestInvoker.invokeMethod(TestInvoker.java:664)
at org.testng.internal.invokers.TestInvoker.invokeTestMethod(TestInvoker.java:227)
at org.testng.internal.invokers.MethodRunner.runInSequence(MethodRunner.java:50)
at org.testng.internal.invokers.TestInvoker$MethodInvocationAgent.invoke(TestInvoker.java:957)
at org.testng.internal.invokers.TestInvoker.invokeTestMethods(TestInvoker.java:200)
at org.testng.internal.invokers.TestMethodWorker.invokeTestMethods(TestMethodWorker.java:148)
at org.testng.internal.invokers.TestMethodWorker.run(TestMethodWorker.java:128)
at java.base/java.util.ArrayList.forEach(ArrayList.java:1511)
at org.testng.TestRunner.privateRun(TestRunner.java:848)
at org.testng.TestRunner.run(TestRunner.java:621)
at org.testng.SuiteRunner.runTest(SuiteRunner.java:443)
at org.testng.SuiteRunner.runSequentially(SuiteRunner.java:437)
at org.testng.SuiteRunner.privateRun(SuiteRunner.java:397)
at org.testng.SuiteRunner.run(SuiteRunner.java:336)
at org.testng.SuiteRunnerWorker.runSuite(SuiteRunnerWorker.java:52)
at org.testng.SuiteRunnerWorker.run(SuiteRunnerWorker.java:95)
at org.testng.TestNG.runSuitesSequentially(TestNG.java:1280)
at org.testng.TestNG.runSuitesLocally(TestNG.java:1200)
at org.testng.TestNG.runSuites(TestNG.java:1114)
at org.testng.TestNG.run(TestNG.java:1082)
at org.testng.remote.AbstractRemoteTestNG.run(AbstractRemoteTestNG.java:115)
at org.testng.remote.RemoteTestNG.initAndRun(RemoteTestNG.java:251)
at org.testng.remote.RemoteTestNG.main(RemoteTestNG.java:77)
]]>
    </error>
  </testcase> <!-- Certificates -->
  <testcase classname="pivotalApplication.PivotalEndToEndWorkflow" name="SelectVaciines" time="5.909"/>
  <testcase classname="pivotalApplication.PivotalEndToEndWorkflow" name="Proceed" time="5.195">
    <error message="An element could not be located on the page using the given search parameters.
For documentation on this error, please visit: https://selenium.dev/exceptions/#no_such_element
Build info: version: &#039;4.9.1&#039;, revision: &#039;eb2032df7f&#039;
System info: os.name: &#039;Windows 10&#039;, os.arch: &#039;amd64&#039;, os.version: &#039;10.0&#039;, java.version: &#039;17.0.5&#039;
Driver info: io.appium.java_client.AppiumDriver
Command: [20ea10f1-6e5c-4b36-acae-16d429832c48, findElement {using=xpath, value=//*[@text=&#039;Proceed&#039;]}]
Capabilities {appium:app: D:\pivotalapp-20-june.apk, appium:appActivity: com.calculator_apps.MainAct..., appium:appPackage: com.calculator_apps, appium:automationName: UiAutomator2, appium:databaseEnabled: false, appium:desired: {app: D:\pivotalapp-20-june.apk, appActivity: com.calculator_apps.MainAct..., appPackage: com.calculator_apps, automationName: UiAutomator2, deviceName: samsung, platformName: ANDROID, platformVersion: 10}, appium:deviceApiLevel: 29, appium:deviceManufacturer: samsung, appium:deviceModel: SM-A305F, appium:deviceName: RZ8M5181Y3M, appium:deviceScreenDensity: 420, appium:deviceScreenSize: 1080x2340, appium:deviceUDID: RZ8M5181Y3M, appium:javascriptEnabled: true, appium:locationContextEnabled: false, appium:networkConnectionEnabled: true, appium:pixelRatio: 2.625, appium:platformVersion: 10, appium:statBarHeight: 83, appium:takesScreenshot: true, appium:viewportRect: {height: 2048, left: 0, top: 83, width: 1080}, appium:warnings: {}, appium:webStorageEnabled: false, platformName: ANDROID}
Session ID: 20ea10f1-6e5c-4b36-acae-16d429832c48" type="org.openqa.selenium.NoSuchElementException">
      <![CDATA[org.openqa.selenium.NoSuchElementException: An element could not be located on the page using the given search parameters.
For documentation on this error, please visit: https://selenium.dev/exceptions/#no_such_element
Build info: version: '4.9.1', revision: 'eb2032df7f'
System info: os.name: 'Windows 10', os.arch: 'amd64', os.version: '10.0', java.version: '17.0.5'
Driver info: io.appium.java_client.AppiumDriver
Command: [20ea10f1-6e5c-4b36-acae-16d429832c48, findElement {using=xpath, value=//*[@text='Proceed']}]
Capabilities {appium:app: D:\pivotalapp-20-june.apk, appium:appActivity: com.calculator_apps.MainAct..., appium:appPackage: com.calculator_apps, appium:automationName: UiAutomator2, appium:databaseEnabled: false, appium:desired: {app: D:\pivotalapp-20-june.apk, appActivity: com.calculator_apps.MainAct..., appPackage: com.calculator_apps, automationName: UiAutomator2, deviceName: samsung, platformName: ANDROID, platformVersion: 10}, appium:deviceApiLevel: 29, appium:deviceManufacturer: samsung, appium:deviceModel: SM-A305F, appium:deviceName: RZ8M5181Y3M, appium:deviceScreenDensity: 420, appium:deviceScreenSize: 1080x2340, appium:deviceUDID: RZ8M5181Y3M, appium:javascriptEnabled: true, appium:locationContextEnabled: false, appium:networkConnectionEnabled: true, appium:pixelRatio: 2.625, appium:platformVersion: 10, appium:statBarHeight: 83, appium:takesScreenshot: true, appium:viewportRect: {height: 2048, left: 0, top: 83, width: 1080}, appium:warnings: {}, appium:webStorageEnabled: false, platformName: ANDROID}
Session ID: 20ea10f1-6e5c-4b36-acae-16d429832c48
at jdk.internal.reflect.GeneratedConstructorAccessor10.newInstance(Unknown Source)
at java.base/jdk.internal.reflect.DelegatingConstructorAccessorImpl.newInstance(DelegatingConstructorAccessorImpl.java:45)
at java.base/java.lang.reflect.Constructor.newInstanceWithCaller(Constructor.java:499)
at java.base/java.lang.reflect.Constructor.newInstance(Constructor.java:480)
at org.openqa.selenium.remote.codec.w3c.W3CHttpResponseCodec.createException(W3CHttpResponseCodec.java:200)
at org.openqa.selenium.remote.codec.w3c.W3CHttpResponseCodec.decode(W3CHttpResponseCodec.java:133)
at org.openqa.selenium.remote.codec.w3c.W3CHttpResponseCodec.decode(W3CHttpResponseCodec.java:53)
at org.openqa.selenium.remote.HttpCommandExecutor.execute(HttpCommandExecutor.java:193)
at io.appium.java_client.remote.AppiumCommandExecutor.execute(AppiumCommandExecutor.java:262)
at org.openqa.selenium.remote.RemoteWebDriver.execute(RemoteWebDriver.java:543)
at org.openqa.selenium.remote.ElementLocation$ElementFinder$2.findElement(ElementLocation.java:162)
at org.openqa.selenium.remote.ElementLocation.findElement(ElementLocation.java:60)
at org.openqa.selenium.remote.RemoteWebDriver.findElement(RemoteWebDriver.java:352)
at org.openqa.selenium.remote.RemoteWebDriver.findElement(RemoteWebDriver.java:344)
at pivotalApplication.PivotalEndToEndWorkflow.Proceed(PivotalEndToEndWorkflow.java:1920)
at java.base/jdk.internal.reflect.NativeMethodAccessorImpl.invoke0(Native Method)
at java.base/jdk.internal.reflect.NativeMethodAccessorImpl.invoke(NativeMethodAccessorImpl.java:77)
at java.base/jdk.internal.reflect.DelegatingMethodAccessorImpl.invoke(DelegatingMethodAccessorImpl.java:43)
at java.base/java.lang.reflect.Method.invoke(Method.java:568)
at org.testng.internal.invokers.MethodInvocationHelper.invokeMethod(MethodInvocationHelper.java:139)
at org.testng.internal.invokers.TestInvoker.invokeMethod(TestInvoker.java:664)
at org.testng.internal.invokers.TestInvoker.invokeTestMethod(TestInvoker.java:227)
at org.testng.internal.invokers.MethodRunner.runInSequence(MethodRunner.java:50)
at org.testng.internal.invokers.TestInvoker$MethodInvocationAgent.invoke(TestInvoker.java:957)
at org.testng.internal.invokers.TestInvoker.invokeTestMethods(TestInvoker.java:200)
at org.testng.internal.invokers.TestMethodWorker.invokeTestMethods(TestMethodWorker.java:148)
at org.testng.internal.invokers.TestMethodWorker.run(TestMethodWorker.java:128)
at java.base/java.util.ArrayList.forEach(ArrayList.java:1511)
at org.testng.TestRunner.privateRun(TestRunner.java:848)
at org.testng.TestRunner.run(TestRunner.java:621)
at org.testng.SuiteRunner.runTest(SuiteRunner.java:443)
at org.testng.SuiteRunner.runSequentially(SuiteRunner.java:437)
at org.testng.SuiteRunner.privateRun(SuiteRunner.java:397)
at org.testng.SuiteRunner.run(SuiteRunner.java:336)
at org.testng.SuiteRunnerWorker.runSuite(SuiteRunnerWorker.java:52)
at org.testng.SuiteRunnerWorker.run(SuiteRunnerWorker.java:95)
at org.testng.TestNG.runSuitesSequentially(TestNG.java:1280)
at org.testng.TestNG.runSuitesLocally(TestNG.java:1200)
at org.testng.TestNG.runSuites(TestNG.java:1114)
at org.testng.TestNG.run(TestNG.java:1082)
at org.testng.remote.AbstractRemoteTestNG.run(AbstractRemoteTestNG.java:115)
at org.testng.remote.RemoteTestNG.initAndRun(RemoteTestNG.java:251)
at org.testng.remote.RemoteTestNG.main(RemoteTestNG.java:77)
]]>
    </error>
  </testcase> <!-- Proceed -->
  <testcase classname="pivotalApplication.PivotalEndToEndWorkflow" name="SpecialityDropdown" time="5.198">
    <error message="An element could not be located on the page using the given search parameters.
For documentation on this error, please visit: https://selenium.dev/exceptions/#no_such_element
Build info: version: &#039;4.9.1&#039;, revision: &#039;eb2032df7f&#039;
System info: os.name: &#039;Windows 10&#039;, os.arch: &#039;amd64&#039;, os.version: &#039;10.0&#039;, java.version: &#039;17.0.5&#039;
Driver info: io.appium.java_client.AppiumDriver
Command: [20ea10f1-6e5c-4b36-acae-16d429832c48, findElement {using=xpath, value=//*[@text=&#039;Speciality&#039;]}]
Capabilities {appium:app: D:\pivotalapp-20-june.apk, appium:appActivity: com.calculator_apps.MainAct..., appium:appPackage: com.calculator_apps, appium:automationName: UiAutomator2, appium:databaseEnabled: false, appium:desired: {app: D:\pivotalapp-20-june.apk, appActivity: com.calculator_apps.MainAct..., appPackage: com.calculator_apps, automationName: UiAutomator2, deviceName: samsung, platformName: ANDROID, platformVersion: 10}, appium:deviceApiLevel: 29, appium:deviceManufacturer: samsung, appium:deviceModel: SM-A305F, appium:deviceName: RZ8M5181Y3M, appium:deviceScreenDensity: 420, appium:deviceScreenSize: 1080x2340, appium:deviceUDID: RZ8M5181Y3M, appium:javascriptEnabled: true, appium:locationContextEnabled: false, appium:networkConnectionEnabled: true, appium:pixelRatio: 2.625, appium:platformVersion: 10, appium:statBarHeight: 83, appium:takesScreenshot: true, appium:viewportRect: {height: 2048, left: 0, top: 83, width: 1080}, appium:warnings: {}, appium:webStorageEnabled: false, platformName: ANDROID}
Session ID: 20ea10f1-6e5c-4b36-acae-16d429832c48" type="org.openqa.selenium.NoSuchElementException">
      <![CDATA[org.openqa.selenium.NoSuchElementException: An element could not be located on the page using the given search parameters.
For documentation on this error, please visit: https://selenium.dev/exceptions/#no_such_element
Build info: version: '4.9.1', revision: 'eb2032df7f'
System info: os.name: 'Windows 10', os.arch: 'amd64', os.version: '10.0', java.version: '17.0.5'
Driver info: io.appium.java_client.AppiumDriver
Command: [20ea10f1-6e5c-4b36-acae-16d429832c48, findElement {using=xpath, value=//*[@text='Speciality']}]
Capabilities {appium:app: D:\pivotalapp-20-june.apk, appium:appActivity: com.calculator_apps.MainAct..., appium:appPackage: com.calculator_apps, appium:automationName: UiAutomator2, appium:databaseEnabled: false, appium:desired: {app: D:\pivotalapp-20-june.apk, appActivity: com.calculator_apps.MainAct..., appPackage: com.calculator_apps, automationName: UiAutomator2, deviceName: samsung, platformName: ANDROID, platformVersion: 10}, appium:deviceApiLevel: 29, appium:deviceManufacturer: samsung, appium:deviceModel: SM-A305F, appium:deviceName: RZ8M5181Y3M, appium:deviceScreenDensity: 420, appium:deviceScreenSize: 1080x2340, appium:deviceUDID: RZ8M5181Y3M, appium:javascriptEnabled: true, appium:locationContextEnabled: false, appium:networkConnectionEnabled: true, appium:pixelRatio: 2.625, appium:platformVersion: 10, appium:statBarHeight: 83, appium:takesScreenshot: true, appium:viewportRect: {height: 2048, left: 0, top: 83, width: 1080}, appium:warnings: {}, appium:webStorageEnabled: false, platformName: ANDROID}
Session ID: 20ea10f1-6e5c-4b36-acae-16d429832c48
at jdk.internal.reflect.GeneratedConstructorAccessor10.newInstance(Unknown Source)
at java.base/jdk.internal.reflect.DelegatingConstructorAccessorImpl.newInstance(DelegatingConstructorAccessorImpl.java:45)
at java.base/java.lang.reflect.Constructor.newInstanceWithCaller(Constructor.java:499)
at java.base/java.lang.reflect.Constructor.newInstance(Constructor.java:480)
at org.openqa.selenium.remote.codec.w3c.W3CHttpResponseCodec.createException(W3CHttpResponseCodec.java:200)
at org.openqa.selenium.remote.codec.w3c.W3CHttpResponseCodec.decode(W3CHttpResponseCodec.java:133)
at org.openqa.selenium.remote.codec.w3c.W3CHttpResponseCodec.decode(W3CHttpResponseCodec.java:53)
at org.openqa.selenium.remote.HttpCommandExecutor.execute(HttpCommandExecutor.java:193)
at io.appium.java_client.remote.AppiumCommandExecutor.execute(AppiumCommandExecutor.java:262)
at org.openqa.selenium.remote.RemoteWebDriver.execute(RemoteWebDriver.java:543)
at org.openqa.selenium.remote.ElementLocation$ElementFinder$2.findElement(ElementLocation.java:162)
at org.openqa.selenium.remote.ElementLocation.findElement(ElementLocation.java:60)
at org.openqa.selenium.remote.RemoteWebDriver.findElement(RemoteWebDriver.java:352)
at org.openqa.selenium.remote.RemoteWebDriver.findElement(RemoteWebDriver.java:344)
at pivotalApplication.PivotalEndToEndWorkflow.SpecialityDropdown(PivotalEndToEndWorkflow.java:1930)
at java.base/jdk.internal.reflect.NativeMethodAccessorImpl.invoke0(Native Method)
at java.base/jdk.internal.reflect.NativeMethodAccessorImpl.invoke(NativeMethodAccessorImpl.java:77)
at java.base/jdk.internal.reflect.DelegatingMethodAccessorImpl.invoke(DelegatingMethodAccessorImpl.java:43)
at java.base/java.lang.reflect.Method.invoke(Method.java:568)
at org.testng.internal.invokers.MethodInvocationHelper.invokeMethod(MethodInvocationHelper.java:139)
at org.testng.internal.invokers.TestInvoker.invokeMethod(TestInvoker.java:664)
at org.testng.internal.invokers.TestInvoker.invokeTestMethod(TestInvoker.java:227)
at org.testng.internal.invokers.MethodRunner.runInSequence(MethodRunner.java:50)
at org.testng.internal.invokers.TestInvoker$MethodInvocationAgent.invoke(TestInvoker.java:957)
at org.testng.internal.invokers.TestInvoker.invokeTestMethods(TestInvoker.java:200)
at org.testng.internal.invokers.TestMethodWorker.invokeTestMethods(TestMethodWorker.java:148)
at org.testng.internal.invokers.TestMethodWorker.run(TestMethodWorker.java:128)
at java.base/java.util.ArrayList.forEach(ArrayList.java:1511)
at org.testng.TestRunner.privateRun(TestRunner.java:848)
at org.testng.TestRunner.run(TestRunner.java:621)
at org.testng.SuiteRunner.runTest(SuiteRunner.java:443)
at org.testng.SuiteRunner.runSequentially(SuiteRunner.java:437)
at org.testng.SuiteRunner.privateRun(SuiteRunner.java:397)
at org.testng.SuiteRunner.run(SuiteRunner.java:336)
at org.testng.SuiteRunnerWorker.runSuite(SuiteRunnerWorker.java:52)
at org.testng.SuiteRunnerWorker.run(SuiteRunnerWorker.java:95)
at org.testng.TestNG.runSuitesSequentially(TestNG.java:1280)
at org.testng.TestNG.runSuitesLocally(TestNG.java:1200)
at org.testng.TestNG.runSuites(TestNG.java:1114)
at org.testng.TestNG.run(TestNG.java:1082)
at org.testng.remote.AbstractRemoteTestNG.run(AbstractRemoteTestNG.java:115)
at org.testng.remote.RemoteTestNG.initAndRun(RemoteTestNG.java:251)
at org.testng.remote.RemoteTestNG.main(RemoteTestNG.java:77)
]]>
    </error>
  </testcase> <!-- SpecialityDropdown -->
  <testcase classname="pivotalApplication.PivotalEndToEndWorkflow" name="DefaultV3" time="5.226">
    <error message="An element could not be located on the page using the given search parameters.
For documentation on this error, please visit: https://selenium.dev/exceptions/#no_such_element
Build info: version: &#039;4.9.1&#039;, revision: &#039;eb2032df7f&#039;
System info: os.name: &#039;Windows 10&#039;, os.arch: &#039;amd64&#039;, os.version: &#039;10.0&#039;, java.version: &#039;17.0.5&#039;
Driver info: io.appium.java_client.AppiumDriver
Command: [20ea10f1-6e5c-4b36-acae-16d429832c48, findElement {using=xpath, value=//*[@text=&#039;default.v3&#039;]}]
Capabilities {appium:app: D:\pivotalapp-20-june.apk, appium:appActivity: com.calculator_apps.MainAct..., appium:appPackage: com.calculator_apps, appium:automationName: UiAutomator2, appium:databaseEnabled: false, appium:desired: {app: D:\pivotalapp-20-june.apk, appActivity: com.calculator_apps.MainAct..., appPackage: com.calculator_apps, automationName: UiAutomator2, deviceName: samsung, platformName: ANDROID, platformVersion: 10}, appium:deviceApiLevel: 29, appium:deviceManufacturer: samsung, appium:deviceModel: SM-A305F, appium:deviceName: RZ8M5181Y3M, appium:deviceScreenDensity: 420, appium:deviceScreenSize: 1080x2340, appium:deviceUDID: RZ8M5181Y3M, appium:javascriptEnabled: true, appium:locationContextEnabled: false, appium:networkConnectionEnabled: true, appium:pixelRatio: 2.625, appium:platformVersion: 10, appium:statBarHeight: 83, appium:takesScreenshot: true, appium:viewportRect: {height: 2048, left: 0, top: 83, width: 1080}, appium:warnings: {}, appium:webStorageEnabled: false, platformName: ANDROID}
Session ID: 20ea10f1-6e5c-4b36-acae-16d429832c48" type="org.openqa.selenium.NoSuchElementException">
      <![CDATA[org.openqa.selenium.NoSuchElementException: An element could not be located on the page using the given search parameters.
For documentation on this error, please visit: https://selenium.dev/exceptions/#no_such_element
Build info: version: '4.9.1', revision: 'eb2032df7f'
System info: os.name: 'Windows 10', os.arch: 'amd64', os.version: '10.0', java.version: '17.0.5'
Driver info: io.appium.java_client.AppiumDriver
Command: [20ea10f1-6e5c-4b36-acae-16d429832c48, findElement {using=xpath, value=//*[@text='default.v3']}]
Capabilities {appium:app: D:\pivotalapp-20-june.apk, appium:appActivity: com.calculator_apps.MainAct..., appium:appPackage: com.calculator_apps, appium:automationName: UiAutomator2, appium:databaseEnabled: false, appium:desired: {app: D:\pivotalapp-20-june.apk, appActivity: com.calculator_apps.MainAct..., appPackage: com.calculator_apps, automationName: UiAutomator2, deviceName: samsung, platformName: ANDROID, platformVersion: 10}, appium:deviceApiLevel: 29, appium:deviceManufacturer: samsung, appium:deviceModel: SM-A305F, appium:deviceName: RZ8M5181Y3M, appium:deviceScreenDensity: 420, appium:deviceScreenSize: 1080x2340, appium:deviceUDID: RZ8M5181Y3M, appium:javascriptEnabled: true, appium:locationContextEnabled: false, appium:networkConnectionEnabled: true, appium:pixelRatio: 2.625, appium:platformVersion: 10, appium:statBarHeight: 83, appium:takesScreenshot: true, appium:viewportRect: {height: 2048, left: 0, top: 83, width: 1080}, appium:warnings: {}, appium:webStorageEnabled: false, platformName: ANDROID}
Session ID: 20ea10f1-6e5c-4b36-acae-16d429832c48
at jdk.internal.reflect.GeneratedConstructorAccessor10.newInstance(Unknown Source)
at java.base/jdk.internal.reflect.DelegatingConstructorAccessorImpl.newInstance(DelegatingConstructorAccessorImpl.java:45)
at java.base/java.lang.reflect.Constructor.newInstanceWithCaller(Constructor.java:499)
at java.base/java.lang.reflect.Constructor.newInstance(Constructor.java:480)
at org.openqa.selenium.remote.codec.w3c.W3CHttpResponseCodec.createException(W3CHttpResponseCodec.java:200)
at org.openqa.selenium.remote.codec.w3c.W3CHttpResponseCodec.decode(W3CHttpResponseCodec.java:133)
at org.openqa.selenium.remote.codec.w3c.W3CHttpResponseCodec.decode(W3CHttpResponseCodec.java:53)
at org.openqa.selenium.remote.HttpCommandExecutor.execute(HttpCommandExecutor.java:193)
at io.appium.java_client.remote.AppiumCommandExecutor.execute(AppiumCommandExecutor.java:262)
at org.openqa.selenium.remote.RemoteWebDriver.execute(RemoteWebDriver.java:543)
at org.openqa.selenium.remote.ElementLocation$ElementFinder$2.findElement(ElementLocation.java:162)
at org.openqa.selenium.remote.ElementLocation.findElement(ElementLocation.java:60)
at org.openqa.selenium.remote.RemoteWebDriver.findElement(RemoteWebDriver.java:352)
at org.openqa.selenium.remote.RemoteWebDriver.findElement(RemoteWebDriver.java:344)
at pivotalApplication.PivotalEndToEndWorkflow.DefaultV3(PivotalEndToEndWorkflow.java:1940)
at java.base/jdk.internal.reflect.NativeMethodAccessorImpl.invoke0(Native Method)
at java.base/jdk.internal.reflect.NativeMethodAccessorImpl.invoke(NativeMethodAccessorImpl.java:77)
at java.base/jdk.internal.reflect.DelegatingMethodAccessorImpl.invoke(DelegatingMethodAccessorImpl.java:43)
at java.base/java.lang.reflect.Method.invoke(Method.java:568)
at org.testng.internal.invokers.MethodInvocationHelper.invokeMethod(MethodInvocationHelper.java:139)
at org.testng.internal.invokers.TestInvoker.invokeMethod(TestInvoker.java:664)
at org.testng.internal.invokers.TestInvoker.invokeTestMethod(TestInvoker.java:227)
at org.testng.internal.invokers.MethodRunner.runInSequence(MethodRunner.java:50)
at org.testng.internal.invokers.TestInvoker$MethodInvocationAgent.invoke(TestInvoker.java:957)
at org.testng.internal.invokers.TestInvoker.invokeTestMethods(TestInvoker.java:200)
at org.testng.internal.invokers.TestMethodWorker.invokeTestMethods(TestMethodWorker.java:148)
at org.testng.internal.invokers.TestMethodWorker.run(TestMethodWorker.java:128)
at java.base/java.util.ArrayList.forEach(ArrayList.java:1511)
at org.testng.TestRunner.privateRun(TestRunner.java:848)
at org.testng.TestRunner.run(TestRunner.java:621)
at org.testng.SuiteRunner.runTest(SuiteRunner.java:443)
at org.testng.SuiteRunner.runSequentially(SuiteRunner.java:437)
at org.testng.SuiteRunner.privateRun(SuiteRunner.java:397)
at org.testng.SuiteRunner.run(SuiteRunner.java:336)
at org.testng.SuiteRunnerWorker.runSuite(SuiteRunnerWorker.java:52)
at org.testng.SuiteRunnerWorker.run(SuiteRunnerWorker.java:95)
at org.testng.TestNG.runSuitesSequentially(TestNG.java:1280)
at org.testng.TestNG.runSuitesLocally(TestNG.java:1200)
at org.testng.TestNG.runSuites(TestNG.java:1114)
at org.testng.TestNG.run(TestNG.java:1082)
at org.testng.remote.AbstractRemoteTestNG.run(AbstractRemoteTestNG.java:115)
at org.testng.remote.RemoteTestNG.initAndRun(RemoteTestNG.java:251)
at org.testng.remote.RemoteTestNG.main(RemoteTestNG.java:77)
]]>
    </error>
  </testcase> <!-- DefaultV3 -->
  <testcase classname="pivotalApplication.PivotalEndToEndWorkflow" name="Preview" time="5.184">
    <error message="An element could not be located on the page using the given search parameters.
For documentation on this error, please visit: https://selenium.dev/exceptions/#no_such_element
Build info: version: &#039;4.9.1&#039;, revision: &#039;eb2032df7f&#039;
System info: os.name: &#039;Windows 10&#039;, os.arch: &#039;amd64&#039;, os.version: &#039;10.0&#039;, java.version: &#039;17.0.5&#039;
Driver info: io.appium.java_client.AppiumDriver
Command: [20ea10f1-6e5c-4b36-acae-16d429832c48, findElement {using=xpath, value=//*[@text=&#039;Preview&#039;]}]
Capabilities {appium:app: D:\pivotalapp-20-june.apk, appium:appActivity: com.calculator_apps.MainAct..., appium:appPackage: com.calculator_apps, appium:automationName: UiAutomator2, appium:databaseEnabled: false, appium:desired: {app: D:\pivotalapp-20-june.apk, appActivity: com.calculator_apps.MainAct..., appPackage: com.calculator_apps, automationName: UiAutomator2, deviceName: samsung, platformName: ANDROID, platformVersion: 10}, appium:deviceApiLevel: 29, appium:deviceManufacturer: samsung, appium:deviceModel: SM-A305F, appium:deviceName: RZ8M5181Y3M, appium:deviceScreenDensity: 420, appium:deviceScreenSize: 1080x2340, appium:deviceUDID: RZ8M5181Y3M, appium:javascriptEnabled: true, appium:locationContextEnabled: false, appium:networkConnectionEnabled: true, appium:pixelRatio: 2.625, appium:platformVersion: 10, appium:statBarHeight: 83, appium:takesScreenshot: true, appium:viewportRect: {height: 2048, left: 0, top: 83, width: 1080}, appium:warnings: {}, appium:webStorageEnabled: false, platformName: ANDROID}
Session ID: 20ea10f1-6e5c-4b36-acae-16d429832c48" type="org.openqa.selenium.NoSuchElementException">
      <![CDATA[org.openqa.selenium.NoSuchElementException: An element could not be located on the page using the given search parameters.
For documentation on this error, please visit: https://selenium.dev/exceptions/#no_such_element
Build info: version: '4.9.1', revision: 'eb2032df7f'
System info: os.name: 'Windows 10', os.arch: 'amd64', os.version: '10.0', java.version: '17.0.5'
Driver info: io.appium.java_client.AppiumDriver
Command: [20ea10f1-6e5c-4b36-acae-16d429832c48, findElement {using=xpath, value=//*[@text='Preview']}]
Capabilities {appium:app: D:\pivotalapp-20-june.apk, appium:appActivity: com.calculator_apps.MainAct..., appium:appPackage: com.calculator_apps, appium:automationName: UiAutomator2, appium:databaseEnabled: false, appium:desired: {app: D:\pivotalapp-20-june.apk, appActivity: com.calculator_apps.MainAct..., appPackage: com.calculator_apps, automationName: UiAutomator2, deviceName: samsung, platformName: ANDROID, platformVersion: 10}, appium:deviceApiLevel: 29, appium:deviceManufacturer: samsung, appium:deviceModel: SM-A305F, appium:deviceName: RZ8M5181Y3M, appium:deviceScreenDensity: 420, appium:deviceScreenSize: 1080x2340, appium:deviceUDID: RZ8M5181Y3M, appium:javascriptEnabled: true, appium:locationContextEnabled: false, appium:networkConnectionEnabled: true, appium:pixelRatio: 2.625, appium:platformVersion: 10, appium:statBarHeight: 83, appium:takesScreenshot: true, appium:viewportRect: {height: 2048, left: 0, top: 83, width: 1080}, appium:warnings: {}, appium:webStorageEnabled: false, platformName: ANDROID}
Session ID: 20ea10f1-6e5c-4b36-acae-16d429832c48
at jdk.internal.reflect.GeneratedConstructorAccessor10.newInstance(Unknown Source)
at java.base/jdk.internal.reflect.DelegatingConstructorAccessorImpl.newInstance(DelegatingConstructorAccessorImpl.java:45)
at java.base/java.lang.reflect.Constructor.newInstanceWithCaller(Constructor.java:499)
at java.base/java.lang.reflect.Constructor.newInstance(Constructor.java:480)
at org.openqa.selenium.remote.codec.w3c.W3CHttpResponseCodec.createException(W3CHttpResponseCodec.java:200)
at org.openqa.selenium.remote.codec.w3c.W3CHttpResponseCodec.decode(W3CHttpResponseCodec.java:133)
at org.openqa.selenium.remote.codec.w3c.W3CHttpResponseCodec.decode(W3CHttpResponseCodec.java:53)
at org.openqa.selenium.remote.HttpCommandExecutor.execute(HttpCommandExecutor.java:193)
at io.appium.java_client.remote.AppiumCommandExecutor.execute(AppiumCommandExecutor.java:262)
at org.openqa.selenium.remote.RemoteWebDriver.execute(RemoteWebDriver.java:543)
at org.openqa.selenium.remote.ElementLocation$ElementFinder$2.findElement(ElementLocation.java:162)
at org.openqa.selenium.remote.ElementLocation.findElement(ElementLocation.java:60)
at org.openqa.selenium.remote.RemoteWebDriver.findElement(RemoteWebDriver.java:352)
at org.openqa.selenium.remote.RemoteWebDriver.findElement(RemoteWebDriver.java:344)
at pivotalApplication.PivotalEndToEndWorkflow.Preview(PivotalEndToEndWorkflow.java:1950)
at java.base/jdk.internal.reflect.NativeMethodAccessorImpl.invoke0(Native Method)
at java.base/jdk.internal.reflect.NativeMethodAccessorImpl.invoke(NativeMethodAccessorImpl.java:77)
at java.base/jdk.internal.reflect.DelegatingMethodAccessorImpl.invoke(DelegatingMethodAccessorImpl.java:43)
at java.base/java.lang.reflect.Method.invoke(Method.java:568)
at org.testng.internal.invokers.MethodInvocationHelper.invokeMethod(MethodInvocationHelper.java:139)
at org.testng.internal.invokers.TestInvoker.invokeMethod(TestInvoker.java:664)
at org.testng.internal.invokers.TestInvoker.invokeTestMethod(TestInvoker.java:227)
at org.testng.internal.invokers.MethodRunner.runInSequence(MethodRunner.java:50)
at org.testng.internal.invokers.TestInvoker$MethodInvocationAgent.invoke(TestInvoker.java:957)
at org.testng.internal.invokers.TestInvoker.invokeTestMethods(TestInvoker.java:200)
at org.testng.internal.invokers.TestMethodWorker.invokeTestMethods(TestMethodWorker.java:148)
at org.testng.internal.invokers.TestMethodWorker.run(TestMethodWorker.java:128)
at java.base/java.util.ArrayList.forEach(ArrayList.java:1511)
at org.testng.TestRunner.privateRun(TestRunner.java:848)
at org.testng.TestRunner.run(TestRunner.java:621)
at org.testng.SuiteRunner.runTest(SuiteRunner.java:443)
at org.testng.SuiteRunner.runSequentially(SuiteRunner.java:437)
at org.testng.SuiteRunner.privateRun(SuiteRunner.java:397)
at org.testng.SuiteRunner.run(SuiteRunner.java:336)
at org.testng.SuiteRunnerWorker.runSuite(SuiteRunnerWorker.java:52)
at org.testng.SuiteRunnerWorker.run(SuiteRunnerWorker.java:95)
at org.testng.TestNG.runSuitesSequentially(TestNG.java:1280)
at org.testng.TestNG.runSuitesLocally(TestNG.java:1200)
at org.testng.TestNG.runSuites(TestNG.java:1114)
at org.testng.TestNG.run(TestNG.java:1082)
at org.testng.remote.AbstractRemoteTestNG.run(AbstractRemoteTestNG.java:115)
at org.testng.remote.RemoteTestNG.initAndRun(RemoteTestNG.java:251)
at org.testng.remote.RemoteTestNG.main(RemoteTestNG.java:77)
]]>
    </error>
  </testcase> <!-- Preview -->
  <testcase classname="pivotalApplication.PivotalEndToEndWorkflow" name="Print" time="5.201">
    <error message="An element could not be located on the page using the given search parameters.
For documentation on this error, please visit: https://selenium.dev/exceptions/#no_such_element
Build info: version: &#039;4.9.1&#039;, revision: &#039;eb2032df7f&#039;
System info: os.name: &#039;Windows 10&#039;, os.arch: &#039;amd64&#039;, os.version: &#039;10.0&#039;, java.version: &#039;17.0.5&#039;
Driver info: io.appium.java_client.AppiumDriver
Command: [20ea10f1-6e5c-4b36-acae-16d429832c48, findElement {using=xpath, value=//*[@text=&#039;Print&#039;]}]
Capabilities {appium:app: D:\pivotalapp-20-june.apk, appium:appActivity: com.calculator_apps.MainAct..., appium:appPackage: com.calculator_apps, appium:automationName: UiAutomator2, appium:databaseEnabled: false, appium:desired: {app: D:\pivotalapp-20-june.apk, appActivity: com.calculator_apps.MainAct..., appPackage: com.calculator_apps, automationName: UiAutomator2, deviceName: samsung, platformName: ANDROID, platformVersion: 10}, appium:deviceApiLevel: 29, appium:deviceManufacturer: samsung, appium:deviceModel: SM-A305F, appium:deviceName: RZ8M5181Y3M, appium:deviceScreenDensity: 420, appium:deviceScreenSize: 1080x2340, appium:deviceUDID: RZ8M5181Y3M, appium:javascriptEnabled: true, appium:locationContextEnabled: false, appium:networkConnectionEnabled: true, appium:pixelRatio: 2.625, appium:platformVersion: 10, appium:statBarHeight: 83, appium:takesScreenshot: true, appium:viewportRect: {height: 2048, left: 0, top: 83, width: 1080}, appium:warnings: {}, appium:webStorageEnabled: false, platformName: ANDROID}
Session ID: 20ea10f1-6e5c-4b36-acae-16d429832c48" type="org.openqa.selenium.NoSuchElementException">
      <![CDATA[org.openqa.selenium.NoSuchElementException: An element could not be located on the page using the given search parameters.
For documentation on this error, please visit: https://selenium.dev/exceptions/#no_such_element
Build info: version: '4.9.1', revision: 'eb2032df7f'
System info: os.name: 'Windows 10', os.arch: 'amd64', os.version: '10.0', java.version: '17.0.5'
Driver info: io.appium.java_client.AppiumDriver
Command: [20ea10f1-6e5c-4b36-acae-16d429832c48, findElement {using=xpath, value=//*[@text='Print']}]
Capabilities {appium:app: D:\pivotalapp-20-june.apk, appium:appActivity: com.calculator_apps.MainAct..., appium:appPackage: com.calculator_apps, appium:automationName: UiAutomator2, appium:databaseEnabled: false, appium:desired: {app: D:\pivotalapp-20-june.apk, appActivity: com.calculator_apps.MainAct..., appPackage: com.calculator_apps, automationName: UiAutomator2, deviceName: samsung, platformName: ANDROID, platformVersion: 10}, appium:deviceApiLevel: 29, appium:deviceManufacturer: samsung, appium:deviceModel: SM-A305F, appium:deviceName: RZ8M5181Y3M, appium:deviceScreenDensity: 420, appium:deviceScreenSize: 1080x2340, appium:deviceUDID: RZ8M5181Y3M, appium:javascriptEnabled: true, appium:locationContextEnabled: false, appium:networkConnectionEnabled: true, appium:pixelRatio: 2.625, appium:platformVersion: 10, appium:statBarHeight: 83, appium:takesScreenshot: true, appium:viewportRect: {height: 2048, left: 0, top: 83, width: 1080}, appium:warnings: {}, appium:webStorageEnabled: false, platformName: ANDROID}
Session ID: 20ea10f1-6e5c-4b36-acae-16d429832c48
at jdk.internal.reflect.GeneratedConstructorAccessor10.newInstance(Unknown Source)
at java.base/jdk.internal.reflect.DelegatingConstructorAccessorImpl.newInstance(DelegatingConstructorAccessorImpl.java:45)
at java.base/java.lang.reflect.Constructor.newInstanceWithCaller(Constructor.java:499)
at java.base/java.lang.reflect.Constructor.newInstance(Constructor.java:480)
at org.openqa.selenium.remote.codec.w3c.W3CHttpResponseCodec.createException(W3CHttpResponseCodec.java:200)
at org.openqa.selenium.remote.codec.w3c.W3CHttpResponseCodec.decode(W3CHttpResponseCodec.java:133)
at org.openqa.selenium.remote.codec.w3c.W3CHttpResponseCodec.decode(W3CHttpResponseCodec.java:53)
at org.openqa.selenium.remote.HttpCommandExecutor.execute(HttpCommandExecutor.java:193)
at io.appium.java_client.remote.AppiumCommandExecutor.execute(AppiumCommandExecutor.java:262)
at org.openqa.selenium.remote.RemoteWebDriver.execute(RemoteWebDriver.java:543)
at org.openqa.selenium.remote.ElementLocation$ElementFinder$2.findElement(ElementLocation.java:162)
at org.openqa.selenium.remote.ElementLocation.findElement(ElementLocation.java:60)
at org.openqa.selenium.remote.RemoteWebDriver.findElement(RemoteWebDriver.java:352)
at org.openqa.selenium.remote.RemoteWebDriver.findElement(RemoteWebDriver.java:344)
at pivotalApplication.PivotalEndToEndWorkflow.Print(PivotalEndToEndWorkflow.java:1959)
at java.base/jdk.internal.reflect.NativeMethodAccessorImpl.invoke0(Native Method)
at java.base/jdk.internal.reflect.NativeMethodAccessorImpl.invoke(NativeMethodAccessorImpl.java:77)
at java.base/jdk.internal.reflect.DelegatingMethodAccessorImpl.invoke(DelegatingMethodAccessorImpl.java:43)
at java.base/java.lang.reflect.Method.invoke(Method.java:568)
at org.testng.internal.invokers.MethodInvocationHelper.invokeMethod(MethodInvocationHelper.java:139)
at org.testng.internal.invokers.TestInvoker.invokeMethod(TestInvoker.java:664)
at org.testng.internal.invokers.TestInvoker.invokeTestMethod(TestInvoker.java:227)
at org.testng.internal.invokers.MethodRunner.runInSequence(MethodRunner.java:50)
at org.testng.internal.invokers.TestInvoker$MethodInvocationAgent.invoke(TestInvoker.java:957)
at org.testng.internal.invokers.TestInvoker.invokeTestMethods(TestInvoker.java:200)
at org.testng.internal.invokers.TestMethodWorker.invokeTestMethods(TestMethodWorker.java:148)
at org.testng.internal.invokers.TestMethodWorker.run(TestMethodWorker.java:128)
at java.base/java.util.ArrayList.forEach(ArrayList.java:1511)
at org.testng.TestRunner.privateRun(TestRunner.java:848)
at org.testng.TestRunner.run(TestRunner.java:621)
at org.testng.SuiteRunner.runTest(SuiteRunner.java:443)
at org.testng.SuiteRunner.runSequentially(SuiteRunner.java:437)
at org.testng.SuiteRunner.privateRun(SuiteRunner.java:397)
at org.testng.SuiteRunner.run(SuiteRunner.java:336)
at org.testng.SuiteRunnerWorker.runSuite(SuiteRunnerWorker.java:52)
at org.testng.SuiteRunnerWorker.run(SuiteRunnerWorker.java:95)
at org.testng.TestNG.runSuitesSequentially(TestNG.java:1280)
at org.testng.TestNG.runSuitesLocally(TestNG.java:1200)
at org.testng.TestNG.runSuites(TestNG.java:1114)
at org.testng.TestNG.run(TestNG.java:1082)
at org.testng.remote.AbstractRemoteTestNG.run(AbstractRemoteTestNG.java:115)
at org.testng.remote.RemoteTestNG.initAndRun(RemoteTestNG.java:251)
at org.testng.remote.RemoteTestNG.main(RemoteTestNG.java:77)
]]>
    </error>
  </testcase> <!-- Print -->
</testsuite> <!-- pivotalApplication.PivotalEndToEndWorkflow -->
