<?xml version="1.0" encoding="UTF-8"?>
<!-- Generated by org.testng.reporters.JUnitReportReporter -->
<testsuite hostname="DESKTOP-VQLLA2K" failures="0" tests="19" name="webAuto.OPDEndToEndWorkFlow2" time="325.492" errors="0" timestamp="2023-12-08T09:45:36 IST" skipped="0">
  <testcase classname="webAuto.OPDEndToEndWorkFlow2" name="numberField" time="0.368"/>
  <testcase classname="webAuto.OPDEndToEndWorkFlow2" name="sendOTP" time="12.062"/>
  <testcase classname="webAuto.OPDEndToEndWorkFlow2" name="verifyButton" time="10.306"/>
  <testcase classname="webAuto.OPDEndToEndWorkFlow2" name="searchBar1" time="5.522"/>
  <testcase classname="webAuto.OPDEndToEndWorkFlow2" name="searchOpt" time="3.175"/>
  <testcase classname="webAuto.OPDEndToEndWorkFlow2" name="searchBar2" time="15.476"/>
  <testcase classname="webAuto.OPDEndToEndWorkFlow2" name="Investigation" time="27.651"/>
  <testcase classname="webAuto.OPDEndToEndWorkFlow2" name="Investigation1" time="36.713"/>
  <testcase classname="webAuto.OPDEndToEndWorkFlow2" name="HealthProfile" time="16.338"/>
  <testcase classname="webAuto.OPDEndToEndWorkFlow2" name="Document1" time="0.363"/>
  <testcase classname="webAuto.OPDEndToEndWorkFlow2" name="ReceiptOption" time="16.004"/>
  <testcase classname="webAuto.OPDEndToEndWorkFlow2" name="previewReceipt" time="31.511"/>
  <testcase classname="webAuto.OPDEndToEndWorkFlow2" name="cirtificateOption1" time="20.762"/>
  <testcase classname="webAuto.OPDEndToEndWorkFlow2" name="AllDocuments" time="16.757"/>
  <testcase classname="webAuto.OPDEndToEndWorkFlow2" name="Document2" time="0.272"/>
  <testcase classname="webAuto.OPDEndToEndWorkFlow2" name="cirtificateOption" time="33.533"/>
  <testcase classname="webAuto.OPDEndToEndWorkFlow2" name="cirtificateOption3" time="20.614"/>
  <testcase classname="webAuto.OPDEndToEndWorkFlow2" name="AllDocuments1" time="11.932"/>
  <testcase classname="webAuto.OPDEndToEndWorkFlow2" name="ReferralOption3" time="46.133"/>
</testsuite> <!-- webAuto.OPDEndToEndWorkFlow2 -->
