<?xml version="1.0" encoding="UTF-8"?>
<!-- Generated by org.testng.reporters.JUnitReportReporter -->
<testsuite hostname="DESKTOP-VQLLA2K" failures="0" tests="49" name="pivotalApplication.AddFamilyMember" time="535.129" errors="0" timestamp="2023-09-04T12:36:14 IST" skipped="0">
  <testcase classname="pivotalApplication.AddFamilyMember" name="NumberField" time="1.394"/>
  <testcase classname="pivotalApplication.AddFamilyMember" name="IAgree" time="2.187"/>
  <testcase classname="pivotalApplication.AddFamilyMember" name="proceedButton" time="2.437"/>
  <testcase classname="pivotalApplication.AddFamilyMember" name="OTP" time="10.881"/>
  <testcase classname="pivotalApplication.AddFamilyMember" name="submit" time="5.926"/>
  <testcase classname="pivotalApplication.AddFamilyMember" name="Search" time="11.131"/>
  <testcase classname="pivotalApplication.AddFamilyMember" name="ClickPatient" time="21.678"/>
  <testcase classname="pivotalApplication.AddFamilyMember" name="AddfamilyMember" time="56.006"/>
  <testcase classname="pivotalApplication.AddFamilyMember" name="FirstName" time="44.321"/>
  <testcase classname="pivotalApplication.AddFamilyMember" name="MiddleName" time="5.450"/>
  <testcase classname="pivotalApplication.AddFamilyMember" name="BirthCalender" time="41.233"/>
  <testcase classname="pivotalApplication.AddFamilyMember" name="Birthok" time="32.442"/>
  <testcase classname="pivotalApplication.AddFamilyMember" name="GenFemale" time="17.498"/>
  <testcase classname="pivotalApplication.AddFamilyMember" name="Address" time="3.086"/>
  <testcase classname="pivotalApplication.AddFamilyMember" name="Area" time="4.040"/>
  <testcase classname="pivotalApplication.AddFamilyMember" name="City" time="4.821"/>
  <testcase classname="pivotalApplication.AddFamilyMember" name="PinCode" time="2.405"/>
  <testcase classname="pivotalApplication.AddFamilyMember" name="Next" time="50.454"/>
  <testcase classname="pivotalApplication.AddFamilyMember" name="ContinueProfile" time="30.425"/>
  <testcase classname="pivotalApplication.AddFamilyMember" name="TypeOfDelivery" time="2.212"/>
  <testcase classname="pivotalApplication.AddFamilyMember" name="TypeOfDeliveryNormal" time="4.746"/>
  <testcase classname="pivotalApplication.AddFamilyMember" name="weightl" time="11.619"/>
  <testcase classname="pivotalApplication.AddFamilyMember" name="Heightl" time="4.935"/>
  <testcase classname="pivotalApplication.AddFamilyMember" name="HC" time="3.396"/>
  <testcase classname="pivotalApplication.AddFamilyMember" name="CC" time="2.832"/>
  <testcase classname="pivotalApplication.AddFamilyMember" name="BPSYS" time="2.713"/>
  <testcase classname="pivotalApplication.AddFamilyMember" name="BPDia" time="2.664"/>
  <testcase classname="pivotalApplication.AddFamilyMember" name="BloodGroup" time="7.845"/>
  <testcase classname="pivotalApplication.AddFamilyMember" name="BloodGroupA" time="2.443"/>
  <testcase classname="pivotalApplication.AddFamilyMember" name="BirthHistoryNext" time="35.657"/>
  <testcase classname="pivotalApplication.AddFamilyMember" name="MedicalConditionAdd" time="2.471"/>
  <testcase classname="pivotalApplication.AddFamilyMember" name="MedicalConditionSelect" time="4.132"/>
  <testcase classname="pivotalApplication.AddFamilyMember" name="AddMedicalCondition" time="2.510"/>
  <testcase classname="pivotalApplication.AddFamilyMember" name="Allergies" time="3.231"/>
  <testcase classname="pivotalApplication.AddFamilyMember" name="Reactions" time="2.678"/>
  <testcase classname="pivotalApplication.AddFamilyMember" name="RecurringComplaints" time="3.287"/>
  <testcase classname="pivotalApplication.AddFamilyMember" name="HospitalizationHistory" time="2.709"/>
  <testcase classname="pivotalApplication.AddFamilyMember" name="HealthHistory" time="3.225"/>
  <testcase classname="pivotalApplication.AddFamilyMember" name="GeneticdisoredrAdd" time="4.170"/>
  <testcase classname="pivotalApplication.AddFamilyMember" name="GeneticdisoredrSelect" time="13.531"/>
  <testcase classname="pivotalApplication.AddFamilyMember" name="AddGeneticdisoredr" time="2.658"/>
  <testcase classname="pivotalApplication.AddFamilyMember" name="OtherEmailId" time="3.124"/>
  <testcase classname="pivotalApplication.AddFamilyMember" name="helathNext" time="2.611"/>
  <testcase classname="pivotalApplication.AddFamilyMember" name="FathersName" time="3.054"/>
  <testcase classname="pivotalApplication.AddFamilyMember" name="MothersName" time="3.191"/>
  <testcase classname="pivotalApplication.AddFamilyMember" name="Fatherheight" time="7.837"/>
  <testcase classname="pivotalApplication.AddFamilyMember" name="Mothersheight" time="5.511"/>
  <testcase classname="pivotalApplication.AddFamilyMember" name="FamailyNedicalHistory" time="9.421"/>
  <testcase classname="pivotalApplication.AddFamilyMember" name="EnterDisorders" time="26.901"/>
</testsuite> <!-- pivotalApplication.AddFamilyMember -->
