<?xml version="1.0" encoding="UTF-8"?>
<!-- Generated by org.testng.reporters.JUnitReportReporter -->
<testsuite hostname="DESKTOP-VQLLA2K" failures="0" tests="10" name="webAutoQueue.Reciept" time="93.367" errors="0" timestamp="2023-06-21T14:58:05 IST" skipped="0">
  <testcase classname="webAutoQueue.Reciept" name="numberField" time="0.372"/>
  <system-out/>
  <testcase classname="webAutoQueue.Reciept" name="sendOTP" time="8.510"/>
  <system-out/>
  <testcase classname="webAutoQueue.Reciept" name="verifyButton" time="10.361"/>
  <system-out/>
  <testcase classname="webAutoQueue.Reciept" name="searchBar" time="4.814"/>
  <system-out/>
  <testcase classname="webAutoQueue.Reciept" name="searchOpt" time="3.152"/>
  <system-out/>
  <testcase classname="webAutoQueue.Reciept" name="clickPatient" time="10.374"/>
  <system-out/>
  <testcase classname="webAutoQueue.Reciept" name="Document" time="0.497"/>
  <system-out/>
  <testcase classname="webAutoQueue.Reciept" name="ReceiptOption" time="17.836"/>
  <system-out/>
  <testcase classname="webAutoQueue.Reciept" name="OtheCharges" time="0.227"/>
  <system-out/>
  <testcase classname="webAutoQueue.Reciept" name="previewReceipt" time="37.224"/>
  <system-out/>
</testsuite> <!-- webAutoQueue.Reciept -->
