<?xml version="1.0" encoding="UTF-8"?>
<!-- Generated by org.testng.reporters.JUnitReportReporter -->
<testsuite hostname="DESKTOP-VQLLA2K" failures="0" tests="6" name="webAutoQueue.MoreInfoQ" time="48.836" errors="0" timestamp="2023-06-21T14:28:08 IST" skipped="0">
  <testcase classname="webAutoQueue.MoreInfoQ" name="numberField" time="0.309"/>
  <system-out/>
  <testcase classname="webAutoQueue.MoreInfoQ" name="sendOTP" time="9.363"/>
  <system-out/>
  <testcase classname="webAutoQueue.MoreInfoQ" name="verifyButton" time="10.291"/>
  <system-out/>
  <testcase classname="webAutoQueue.MoreInfoQ" name="searchBar" time="5.323"/>
  <system-out/>
  <testcase classname="webAutoQueue.MoreInfoQ" name="searchOpt" time="3.212"/>
  <system-out/>
  <testcase classname="webAutoQueue.MoreInfoQ" name="clickPatient" time="20.338"/>
  <system-out/>
</testsuite> <!-- webAutoQueue.MoreInfoQ -->
