<?xml version="1.0" encoding="UTF-8"?>
<!-- Generated by org.testng.reporters.JUnitReportReporter -->
<testsuite hostname="DESKTOP-VQLLA2K" failures="0" tests="37" name="pivotalApplication.EditPatientProfile" time="4.553" errors="1" timestamp="2023-10-25T14:08:02 IST" skipped="36">
  <testcase classname="pivotalApplication.EditPatientProfile" name="NumberField" time="0.001">
    <skipped/>
  </testcase> <!-- NumberField -->
  <testcase classname="pivotalApplication.EditPatientProfile" name="setup" time="4.539">
    <error message="Could not start a new session. Possible causes are invalid address of the remote server or browser start-up failure. 
Host info: host: &#039;DESKTOP-VQLLA2K&#039;, ip: &#039;192.168.56.1&#039;" type="org.openqa.selenium.SessionNotCreatedException">
      <![CDATA[org.openqa.selenium.SessionNotCreatedException: Could not start a new session. Possible causes are invalid address of the remote server or browser start-up failure. 
Host info: host: 'DESKTOP-VQLLA2K', ip: '192.168.56.1'
at org.openqa.selenium.remote.RemoteWebDriver.execute(RemoteWebDriver.java:561)
at io.appium.java_client.AppiumDriver.startSession(AppiumDriver.java:229)
at org.openqa.selenium.remote.RemoteWebDriver.<init>(RemoteWebDriver.java:157)
at io.appium.java_client.AppiumDriver.<init>(AppiumDriver.java:80)
at io.appium.java_client.AppiumDriver.<init>(AppiumDriver.java:92)
at pivotalApplication.EditPatientProfile.setup(EditPatientProfile.java:41)
at java.base/jdk.internal.reflect.NativeMethodAccessorImpl.invoke0(Native Method)
at java.base/jdk.internal.reflect.NativeMethodAccessorImpl.invoke(NativeMethodAccessorImpl.java:77)
at java.base/jdk.internal.reflect.DelegatingMethodAccessorImpl.invoke(DelegatingMethodAccessorImpl.java:43)
at java.base/java.lang.reflect.Method.invoke(Method.java:568)
at org.testng.internal.invokers.MethodInvocationHelper.invokeMethod(MethodInvocationHelper.java:139)
at org.testng.internal.invokers.MethodInvocationHelper.invokeMethodConsideringTimeout(MethodInvocationHelper.java:69)
at org.testng.internal.invokers.ConfigInvoker.invokeConfigurationMethod(ConfigInvoker.java:390)
at org.testng.internal.invokers.ConfigInvoker.invokeConfigurations(ConfigInvoker.java:325)
at org.testng.internal.invokers.TestMethodWorker.invokeBeforeClassMethods(TestMethodWorker.java:180)
at org.testng.internal.invokers.TestMethodWorker.run(TestMethodWorker.java:122)
at java.base/java.util.ArrayList.forEach(ArrayList.java:1511)
at org.testng.TestRunner.privateRun(TestRunner.java:848)
at org.testng.TestRunner.run(TestRunner.java:621)
at org.testng.SuiteRunner.runTest(SuiteRunner.java:443)
at org.testng.SuiteRunner.runSequentially(SuiteRunner.java:437)
at org.testng.SuiteRunner.privateRun(SuiteRunner.java:397)
at org.testng.SuiteRunner.run(SuiteRunner.java:336)
at org.testng.SuiteRunnerWorker.runSuite(SuiteRunnerWorker.java:52)
at org.testng.SuiteRunnerWorker.run(SuiteRunnerWorker.java:95)
at org.testng.TestNG.runSuitesSequentially(TestNG.java:1280)
at org.testng.TestNG.runSuitesLocally(TestNG.java:1200)
at org.testng.TestNG.runSuites(TestNG.java:1114)
at org.testng.TestNG.run(TestNG.java:1082)
at org.testng.remote.AbstractRemoteTestNG.run(AbstractRemoteTestNG.java:115)
at org.testng.remote.RemoteTestNG.initAndRun(RemoteTestNG.java:251)
at org.testng.remote.RemoteTestNG.main(RemoteTestNG.java:77)
Caused by: org.openqa.selenium.WebDriverException: Connection refused: no further information
Build info: version: '4.9.1', revision: 'eb2032df7f'
System info: os.name: 'Windows 10', os.arch: 'amd64', os.version: '10.0', java.version: '17.0.5'
Driver info: driver.version: AppiumDriver
at io.appium.java_client.remote.AppiumCommandExecutor.lambda$execute$4(AppiumCommandExecutor.java:274)
at java.base/java.util.Optional.orElseGet(Optional.java:364)
at io.appium.java_client.remote.AppiumCommandExecutor.execute(AppiumCommandExecutor.java:273)
at org.openqa.selenium.remote.RemoteWebDriver.execute(RemoteWebDriver.java:543)
... 31 more
Caused by: java.net.ConnectException: Connection refused: no further information
at java.base/sun.nio.ch.Net.pollConnect(Native Method)
at java.base/sun.nio.ch.Net.pollConnectNow(Net.java:672)
at java.base/sun.nio.ch.SocketChannelImpl.finishConnect(SocketChannelImpl.java:946)
at io.netty.channel.socket.nio.NioSocketChannel.doFinishConnect(NioSocketChannel.java:337)
at io.netty.channel.nio.AbstractNioChannel$AbstractNioUnsafe.finishConnect(AbstractNioChannel.java:334)
at io.netty.channel.nio.NioEventLoop.processSelectedKey(NioEventLoop.java:776)
at io.netty.channel.nio.NioEventLoop.processSelectedKeysOptimized(NioEventLoop.java:724)
at io.netty.channel.nio.NioEventLoop.processSelectedKeys(NioEventLoop.java:650)
at io.netty.channel.nio.NioEventLoop.run(NioEventLoop.java:562)
at io.netty.util.concurrent.SingleThreadEventExecutor$4.run(SingleThreadEventExecutor.java:997)
at io.netty.util.internal.ThreadExecutorMap$2.run(ThreadExecutorMap.java:74)
at io.netty.util.concurrent.FastThreadLocalRunnable.run(FastThreadLocalRunnable.java:30)
at java.base/java.lang.Thread.run(Thread.java:833)
]]>
    </error>
  </testcase> <!-- setup -->
  <testcase classname="pivotalApplication.EditPatientProfile" name="IAgree" time="0.000">
    <skipped/>
  </testcase> <!-- IAgree -->
  <testcase classname="pivotalApplication.EditPatientProfile" name="proceedButton" time="0.000">
    <skipped/>
  </testcase> <!-- proceedButton -->
  <testcase classname="pivotalApplication.EditPatientProfile" name="OTP" time="0.000">
    <skipped/>
  </testcase> <!-- OTP -->
  <testcase classname="pivotalApplication.EditPatientProfile" name="submit" time="0.000">
    <skipped/>
  </testcase> <!-- submit -->
  <testcase classname="pivotalApplication.EditPatientProfile" name="Search" time="0.000">
    <skipped/>
  </testcase> <!-- Search -->
  <testcase classname="pivotalApplication.EditPatientProfile" name="close" time="0.000">
    <skipped/>
  </testcase> <!-- close -->
  <testcase classname="pivotalApplication.EditPatientProfile" name="ClickPatient" time="0.000">
    <skipped/>
  </testcase> <!-- ClickPatient -->
  <testcase classname="pivotalApplication.EditPatientProfile" name="FirstName" time="0.000">
    <skipped/>
  </testcase> <!-- FirstName -->
  <testcase classname="pivotalApplication.EditPatientProfile" name="MiddleName" time="0.000">
    <skipped/>
  </testcase> <!-- MiddleName -->
  <testcase classname="pivotalApplication.EditPatientProfile" name="LastName" time="0.000">
    <skipped/>
  </testcase> <!-- LastName -->
  <testcase classname="pivotalApplication.EditPatientProfile" name="Address" time="0.000">
    <skipped/>
  </testcase> <!-- Address -->
  <testcase classname="pivotalApplication.EditPatientProfile" name="Area" time="0.000">
    <skipped/>
  </testcase> <!-- Area -->
  <testcase classname="pivotalApplication.EditPatientProfile" name="City" time="0.000">
    <skipped/>
  </testcase> <!-- City -->
  <testcase classname="pivotalApplication.EditPatientProfile" name="PinCode" time="0.000">
    <skipped/>
  </testcase> <!-- PinCode -->
  <testcase classname="pivotalApplication.EditPatientProfile" name="Next" time="0.000">
    <skipped/>
  </testcase> <!-- Next -->
  <testcase classname="pivotalApplication.EditPatientProfile" name="weightl" time="0.000">
    <skipped/>
  </testcase> <!-- weightl -->
  <testcase classname="pivotalApplication.EditPatientProfile" name="Heightl" time="0.000">
    <skipped/>
  </testcase> <!-- Heightl -->
  <testcase classname="pivotalApplication.EditPatientProfile" name="HC" time="0.000">
    <skipped/>
  </testcase> <!-- HC -->
  <testcase classname="pivotalApplication.EditPatientProfile" name="CC" time="0.000">
    <skipped/>
  </testcase> <!-- CC -->
  <testcase classname="pivotalApplication.EditPatientProfile" name="BPSYS" time="0.001">
    <skipped/>
  </testcase> <!-- BPSYS -->
  <testcase classname="pivotalApplication.EditPatientProfile" name="BPDia" time="0.000">
    <skipped/>
  </testcase> <!-- BPDia -->
  <testcase classname="pivotalApplication.EditPatientProfile" name="BirthHistoryNext" time="0.000">
    <skipped/>
  </testcase> <!-- BirthHistoryNext -->
  <testcase classname="pivotalApplication.EditPatientProfile" name="Allergies" time="0.001">
    <skipped/>
  </testcase> <!-- Allergies -->
  <testcase classname="pivotalApplication.EditPatientProfile" name="Reactions" time="0.000">
    <skipped/>
  </testcase> <!-- Reactions -->
  <testcase classname="pivotalApplication.EditPatientProfile" name="RecurringComplaints" time="0.000">
    <skipped/>
  </testcase> <!-- RecurringComplaints -->
  <testcase classname="pivotalApplication.EditPatientProfile" name="HospitalizationHistory" time="0.001">
    <skipped/>
  </testcase> <!-- HospitalizationHistory -->
  <testcase classname="pivotalApplication.EditPatientProfile" name="HealthHistory" time="0.000">
    <skipped/>
  </testcase> <!-- HealthHistory -->
  <testcase classname="pivotalApplication.EditPatientProfile" name="OtherEmailId" time="0.000">
    <skipped/>
  </testcase> <!-- OtherEmailId -->
  <testcase classname="pivotalApplication.EditPatientProfile" name="helathNext" time="0.009">
    <skipped/>
  </testcase> <!-- helathNext -->
  <testcase classname="pivotalApplication.EditPatientProfile" name="FathersName" time="0.000">
    <skipped/>
  </testcase> <!-- FathersName -->
  <testcase classname="pivotalApplication.EditPatientProfile" name="MothersName" time="0.000">
    <skipped/>
  </testcase> <!-- MothersName -->
  <testcase classname="pivotalApplication.EditPatientProfile" name="Fatherheight" time="0.001">
    <skipped/>
  </testcase> <!-- Fatherheight -->
  <testcase classname="pivotalApplication.EditPatientProfile" name="Mothersheight" time="0.000">
    <skipped/>
  </testcase> <!-- Mothersheight -->
  <testcase classname="pivotalApplication.EditPatientProfile" name="FamailyNedicalHistory" time="0.000">
    <skipped/>
  </testcase> <!-- FamailyNedicalHistory -->
  <testcase classname="pivotalApplication.EditPatientProfile" name="Close">
    <skipped/>
  </testcase> <!-- Close -->
</testsuite> <!-- pivotalApplication.EditPatientProfile -->
