<?xml version="1.0" encoding="UTF-8"?>
<!-- Generated by org.testng.reporters.JUnitReportReporter -->
<testsuite hostname="DESKTOP-VQLLA2K" failures="0" tests="40" name="webAutoQueue.FullVaccinationQ" time="333.461" errors="0" timestamp="2023-06-19T15:55:21 IST" skipped="14">
  <testcase classname="webAutoQueue.FullVaccinationQ" name="numberField" time="0.889"/>
  <system-out/>
  <testcase classname="webAutoQueue.FullVaccinationQ" name="sendOTP" time="7.459"/>
  <system-out/>
  <testcase classname="webAutoQueue.FullVaccinationQ" name="verifyButton" time="10.657"/>
  <system-out/>
  <testcase classname="webAutoQueue.FullVaccinationQ" name="createPatient" time="8.545"/>
  <system-out/>
  <testcase classname="webAutoQueue.FullVaccinationQ" name="Number1" time="1.514"/>
  <system-out/>
  <testcase classname="webAutoQueue.FullVaccinationQ" name="confirm" time="2.220"/>
  <system-out/>
  <testcase classname="webAutoQueue.FullVaccinationQ" name="number2" time="0.600"/>
  <system-out/>
  <testcase classname="webAutoQueue.FullVaccinationQ" name="firstName" time="0.495"/>
  <system-out/>
  <testcase classname="webAutoQueue.FullVaccinationQ" name="middleName" time="0.541"/>
  <system-out/>
  <testcase classname="webAutoQueue.FullVaccinationQ" name="lastName" time="0.465"/>
  <system-out/>
  <testcase classname="webAutoQueue.FullVaccinationQ" name="birthDate" time="1.722"/>
  <system-out/>
  <testcase classname="webAutoQueue.FullVaccinationQ" name="genFemale" time="0.297"/>
  <system-out/>
  <testcase classname="webAutoQueue.FullVaccinationQ" name="address" time="0.639"/>
  <system-out/>
  <testcase classname="webAutoQueue.FullVaccinationQ" name="locality" time="0.935"/>
  <system-out/>
  <testcase classname="webAutoQueue.FullVaccinationQ" name="city" time="0.438"/>
  <system-out/>
  <testcase classname="webAutoQueue.FullVaccinationQ" name="pinCode" time="1.077"/>
  <system-out/>
  <testcase classname="webAutoQueue.FullVaccinationQ" name="nextButton" time="15.239"/>
  <system-out/>
  <testcase classname="webAutoQueue.FullVaccinationQ" name="clickClose" time="1.468"/>
  <system-out/>
  <testcase classname="webAutoQueue.FullVaccinationQ" name="fillVitalForm" time="18.497"/>
  <system-out/>
  <testcase classname="webAutoQueue.FullVaccinationQ" name="fillHealthProfile" time="13.375"/>
  <system-out/>
  <testcase classname="webAutoQueue.FullVaccinationQ" name="fillFamilyProfile" time="17.398"/>
  <system-out/>
  <testcase classname="webAutoQueue.FullVaccinationQ" name="HealthBirthVaccine" time="20.377"/>
  <system-out/>
  <testcase classname="webAutoQueue.FullVaccinationQ" name="Health6WeekVisitVaccine" time="37.314"/>
  <system-out/>
  <testcase classname="webAutoQueue.FullVaccinationQ" name="Health10WeekVisitVaccine" time="72.865"/>
  <system-out/>
  <testcase classname="webAutoQueue.FullVaccinationQ" name="Health14WeekVisitVaccine" time="66.965"/>
  <system-out/>
  <testcase classname="webAutoQueue.FullVaccinationQ" name="HealthSpecialVaccine" time="31.470"/>
  <system-out/>
  <testcase classname="webAutoQueue.FullVaccinationQ" name="Health12To15MonthVisitVaccine">
    <skipped/>
  </testcase> <!-- Health12To15MonthVisitVaccine -->
  <system-out/>
  <testcase classname="webAutoQueue.FullVaccinationQ" name="Health16To18MonthVisitVaccine">
    <skipped/>
  </testcase> <!-- Health16To18MonthVisitVaccine -->
  <system-out/>
  <testcase classname="webAutoQueue.FullVaccinationQ" name="Health4Years6monthVisitVaccine">
    <skipped/>
  </testcase> <!-- Health4Years6monthVisitVaccine -->
  <system-out/>
  <testcase classname="webAutoQueue.FullVaccinationQ" name="Health2Years6monthVisitVaccine">
    <skipped/>
  </testcase> <!-- Health2Years6monthVisitVaccine -->
  <system-out/>
  <testcase classname="webAutoQueue.FullVaccinationQ" name="Health9To12MonthVisitVaccine">
    <skipped/>
  </testcase> <!-- Health9To12MonthVisitVaccine -->
  <system-out/>
  <testcase classname="webAutoQueue.FullVaccinationQ" name="Health10Years6MonthVisitVaccine">
    <skipped/>
  </testcase> <!-- Health10Years6MonthVisitVaccine -->
  <system-out/>
  <testcase classname="webAutoQueue.FullVaccinationQ" name="Health9MonthVisitVaccine">
    <skipped/>
  </testcase> <!-- Health9MonthVisitVaccine -->
  <system-out/>
  <testcase classname="webAutoQueue.FullVaccinationQ" name="Health18MonthVisitVaccine">
    <skipped/>
  </testcase> <!-- Health18MonthVisitVaccine -->
  <system-out/>
  <testcase classname="webAutoQueue.FullVaccinationQ" name="Health12MonthVisitVaccine">
    <skipped/>
  </testcase> <!-- Health12MonthVisitVaccine -->
  <system-out/>
  <testcase classname="webAutoQueue.FullVaccinationQ" name="Health3Years6monthVisitVaccine">
    <skipped/>
  </testcase> <!-- Health3Years6monthVisitVaccine -->
  <system-out/>
  <testcase classname="webAutoQueue.FullVaccinationQ" name="Health10Years12YearVisitVaccine">
    <skipped/>
  </testcase> <!-- Health10Years12YearVisitVaccine -->
  <system-out/>
  <testcase classname="webAutoQueue.FullVaccinationQ" name="Health2YearsVisitVaccine">
    <skipped/>
  </testcase> <!-- Health2YearsVisitVaccine -->
  <system-out/>
  <testcase classname="webAutoQueue.FullVaccinationQ" name="Health10YearsVisitVaccine">
    <skipped/>
  </testcase> <!-- Health10YearsVisitVaccine -->
  <system-out/>
  <testcase classname="webAutoQueue.FullVaccinationQ" name="Health7MonthVisitVaccine">
    <skipped/>
  </testcase> <!-- Health7MonthVisitVaccine -->
  <system-out/>
</testsuite> <!-- webAutoQueue.FullVaccinationQ -->
