<?xml version="1.0" encoding="UTF-8"?>
<!-- Generated by org.testng.reporters.JUnitReportReporter -->
<testsuite hostname="DESKTOP-VQLLA2K" failures="0" tests="9" name="webAuto.CreateReferral" time="0.116" errors="1" timestamp="2023-08-09T09:49:44 IST" skipped="8">
  <testcase classname="webAuto.CreateReferral" name="setUp" time="0.116">
    <error message="Receiver class org.openqa.selenium.chrome.ChromeDriverService$Builder does not define or inherit an implementation of the resolved method &#039;abstract void loadSystemProperties()&#039; of abstract class org.openqa.selenium.remote.service.DriverService$Builder." type="java.lang.AbstractMethodError">
      <![CDATA[java.lang.AbstractMethodError: Receiver class org.openqa.selenium.chrome.ChromeDriverService$Builder does not define or inherit an implementation of the resolved method 'abstract void loadSystemProperties()' of abstract class org.openqa.selenium.remote.service.DriverService$Builder.
at org.openqa.selenium.remote.service.DriverService$Builder.build(DriverService.java:496)
at org.openqa.selenium.chrome.ChromeDriverService.createDefaultService(ChromeDriverService.java:94)
at org.openqa.selenium.chrome.ChromeDriver.<init>(ChromeDriver.java:123)
at webAuto.CreateReferral.setUp(CreateReferral.java:79)
at java.base/jdk.internal.reflect.DirectMethodHandleAccessor.invoke(DirectMethodHandleAccessor.java:104)
at java.base/java.lang.reflect.Method.invoke(Method.java:578)
at org.testng.internal.MethodInvocationHelper.invokeMethod(MethodInvocationHelper.java:133)
at org.testng.internal.MethodInvocationHelper.invokeMethodConsideringTimeout(MethodInvocationHelper.java:62)
at org.testng.internal.ConfigInvoker.invokeConfigurationMethod(ConfigInvoker.java:385)
at org.testng.internal.ConfigInvoker.invokeConfigurations(ConfigInvoker.java:321)
at org.testng.internal.TestMethodWorker.invokeBeforeClassMethods(TestMethodWorker.java:176)
at org.testng.internal.TestMethodWorker.run(TestMethodWorker.java:122)
at java.base/java.util.ArrayList.forEach(ArrayList.java:1511)
at org.testng.TestRunner.privateRun(TestRunner.java:794)
at org.testng.TestRunner.run(TestRunner.java:596)
at org.testng.SuiteRunner.runTest(SuiteRunner.java:377)
at org.testng.SuiteRunner.runSequentially(SuiteRunner.java:371)
at org.testng.SuiteRunner.privateRun(SuiteRunner.java:332)
at org.testng.SuiteRunner.run(SuiteRunner.java:276)
at org.testng.SuiteRunnerWorker.runSuite(SuiteRunnerWorker.java:53)
at org.testng.SuiteRunnerWorker.run(SuiteRunnerWorker.java:96)
at org.testng.TestNG.runSuitesSequentially(TestNG.java:1212)
at org.testng.TestNG.runSuitesLocally(TestNG.java:1134)
at org.testng.TestNG.runSuites(TestNG.java:1063)
at org.testng.TestNG.run(TestNG.java:1031)
at org.testng.remote.AbstractRemoteTestNG.run(AbstractRemoteTestNG.java:115)
at org.testng.remote.RemoteTestNG.initAndRun(RemoteTestNG.java:251)
at org.testng.remote.RemoteTestNG.main(RemoteTestNG.java:77)
]]>
    </error>
  </testcase> <!-- setUp -->
  <system-out/>
  <testcase classname="webAuto.CreateReferral" name="numberField" time="0.000">
    <skipped/>
  </testcase> <!-- numberField -->
  <system-out/>
  <testcase classname="webAuto.CreateReferral" name="sendOTP" time="0.000">
    <skipped/>
  </testcase> <!-- sendOTP -->
  <system-out/>
  <testcase classname="webAuto.CreateReferral" name="verifyButton" time="0.000">
    <skipped/>
  </testcase> <!-- verifyButton -->
  <system-out/>
  <testcase classname="webAuto.CreateReferral" name="searchBar" time="0.000">
    <skipped/>
  </testcase> <!-- searchBar -->
  <system-out/>
  <testcase classname="webAuto.CreateReferral" name="searchOpt" time="0.000">
    <skipped/>
  </testcase> <!-- searchOpt -->
  <system-out/>
  <testcase classname="webAuto.CreateReferral" name="clickPatient" time="0.000">
    <skipped/>
  </testcase> <!-- clickPatient -->
  <system-out/>
  <testcase classname="webAuto.CreateReferral" name="Document" time="0.000">
    <skipped/>
  </testcase> <!-- Document -->
  <system-out/>
  <testcase classname="webAuto.CreateReferral" name="cirtificateOption" time="0.000">
    <skipped/>
  </testcase> <!-- cirtificateOption -->
  <system-out/>
</testsuite> <!-- webAuto.CreateReferral -->
