<?xml version="1.0" encoding="UTF-8"?>
<!-- Generated by org.testng.reporters.JUnitReportReporter -->
<testsuite hostname="DESKTOP-VQLLA2K" failures="1" tests="23" name="webAutoQueue.QuickRx" time="287.457" errors="0" timestamp="2023-06-21T14:47:47 IST" skipped="0">
  <testcase classname="webAutoQueue.QuickRx" name="numberField" time="0.874"/>
  <system-out/>
  <testcase classname="webAutoQueue.QuickRx" name="sendOTP" time="8.709"/>
  <system-out/>
  <testcase classname="webAutoQueue.QuickRx" name="verifyButton" time="15.866">
    <failure message="expected [Dr. IsAsha] but found [Dr. Vishakha]" type="java.lang.AssertionError">
      <![CDATA[java.lang.AssertionError: expected [Dr. IsAsha] but found [Dr. Vishakha]
at org.testng.Assert.fail(Assert.java:110)
at org.testng.Assert.failNotEquals(Assert.java:1577)
at org.testng.Assert.assertEqualsImpl(Assert.java:149)
at org.testng.Assert.assertEquals(Assert.java:131)
at org.testng.Assert.assertEquals(Assert.java:655)
at org.testng.Assert.assertEquals(Assert.java:665)
at webAutoQueue.QuickRx.verifyButton(QuickRx.java:247)
at java.base/jdk.internal.reflect.DirectMethodHandleAccessor.invoke(DirectMethodHandleAccessor.java:104)
at java.base/java.lang.reflect.Method.invoke(Method.java:578)
at org.testng.internal.invokers.MethodInvocationHelper.invokeMethod(MethodInvocationHelper.java:139)
at org.testng.internal.invokers.TestInvoker.invokeMethod(TestInvoker.java:677)
at org.testng.internal.invokers.TestInvoker.invokeTestMethod(TestInvoker.java:221)
at org.testng.internal.invokers.MethodRunner.runInSequence(MethodRunner.java:50)
at org.testng.internal.invokers.TestInvoker$MethodInvocationAgent.invoke(TestInvoker.java:969)
at org.testng.internal.invokers.TestInvoker.invokeTestMethods(TestInvoker.java:194)
at org.testng.internal.invokers.TestMethodWorker.invokeTestMethods(TestMethodWorker.java:148)
at org.testng.internal.invokers.TestMethodWorker.run(TestMethodWorker.java:128)
at java.base/java.util.ArrayList.forEach(ArrayList.java:1511)
at org.testng.TestRunner.privateRun(TestRunner.java:829)
at org.testng.TestRunner.run(TestRunner.java:602)
at org.testng.SuiteRunner.runTest(SuiteRunner.java:437)
at org.testng.SuiteRunner.runSequentially(SuiteRunner.java:431)
at org.testng.SuiteRunner.privateRun(SuiteRunner.java:391)
at org.testng.SuiteRunner.run(SuiteRunner.java:330)
at org.testng.SuiteRunnerWorker.runSuite(SuiteRunnerWorker.java:52)
at org.testng.SuiteRunnerWorker.run(SuiteRunnerWorker.java:95)
at org.testng.TestNG.runSuitesSequentially(TestNG.java:1256)
at org.testng.TestNG.runSuitesLocally(TestNG.java:1176)
at org.testng.TestNG.runSuites(TestNG.java:1099)
at org.testng.TestNG.run(TestNG.java:1067)
at org.testng.remote.AbstractRemoteTestNG.run(AbstractRemoteTestNG.java:115)
at org.testng.remote.RemoteTestNG.initAndRun(RemoteTestNG.java:251)
at org.testng.remote.RemoteTestNG.main(RemoteTestNG.java:77)
]]>
    </failure>
  </testcase> <!-- verifyButton -->
  <system-out/>
  <testcase classname="webAutoQueue.QuickRx" name="searchBar" time="0.461"/>
  <system-out/>
  <testcase classname="webAutoQueue.QuickRx" name="searchOpt" time="3.251"/>
  <system-out/>
  <testcase classname="webAutoQueue.QuickRx" name="clickPatient" time="10.384"/>
  <system-out/>
  <testcase classname="webAutoQueue.QuickRx" name="QuickRx" time="11.102"/>
  <system-out/>
  <testcase classname="webAutoQueue.QuickRx" name="chiefComplaint" time="5.142"/>
  <system-out/>
  <testcase classname="webAutoQueue.QuickRx" name="complaintDetails" time="0.220"/>
  <system-out/>
  <testcase classname="webAutoQueue.QuickRx" name="moreSymptoms" time="0.181"/>
  <system-out/>
  <testcase classname="webAutoQueue.QuickRx" name="vitalsButton" time="15.354"/>
  <system-out/>
  <testcase classname="webAutoQueue.QuickRx" name="vitalsOption" time="2.465"/>
  <system-out/>
  <testcase classname="webAutoQueue.QuickRx" name="BpandHeartOption" time="17.031"/>
  <system-out/>
  <testcase classname="webAutoQueue.QuickRx" name="BloodAndAnalysis" time="17.213"/>
  <system-out/>
  <testcase classname="webAutoQueue.QuickRx" name="LipidProfile" time="16.816"/>
  <system-out/>
  <testcase classname="webAutoQueue.QuickRx" name="OnExamination" time="15.669"/>
  <system-out/>
  <testcase classname="webAutoQueue.QuickRx" name="Diagnosis" time="15.379"/>
  <system-out/>
  <testcase classname="webAutoQueue.QuickRx" name="Medicine" time="0.140"/>
  <system-out/>
  <testcase classname="webAutoQueue.QuickRx" name="Medicine1" time="47.405"/>
  <system-out/>
  <testcase classname="webAutoQueue.QuickRx" name="DietaryAdvice" time="15.315"/>
  <system-out/>
  <testcase classname="webAutoQueue.QuickRx" name="GeneralInstruction" time="15.477"/>
  <system-out/>
  <testcase classname="webAutoQueue.QuickRx" name="SaveandProceed" time="0.396"/>
  <system-out/>
  <testcase classname="webAutoQueue.QuickRx" name="ConfirmPrescription" time="52.607"/>
  <system-out/>
</testsuite> <!-- webAutoQueue.QuickRx -->
