<?xml version="1.0" encoding="UTF-8"?>
<!-- Generated by org.testng.reporters.JUnitReportReporter -->
<testsuite hostname="DESKTOP-VQLLA2K" failures="0" tests="39" name="webAutoQueue.QEndToEndWf1" time="359.686" errors="0" timestamp="2023-06-20T12:43:54 IST" skipped="0">
  <testcase classname="webAutoQueue.QEndToEndWf1" name="numberField" time="0.321"/>
  <system-out/>
  <testcase classname="webAutoQueue.QEndToEndWf1" name="sendOTP" time="12.302"/>
  <system-out/>
  <testcase classname="webAutoQueue.QEndToEndWf1" name="verifyButton" time="10.178"/>
  <system-out/>
  <testcase classname="webAutoQueue.QEndToEndWf1" name="createPatient" time="7.968"/>
  <system-out/>
  <testcase classname="webAutoQueue.QEndToEndWf1" name="Number1" time="0.654"/>
  <system-out/>
  <testcase classname="webAutoQueue.QEndToEndWf1" name="confirm" time="2.318"/>
  <system-out/>
  <testcase classname="webAutoQueue.QEndToEndWf1" name="number2" time="0.640"/>
  <system-out/>
  <testcase classname="webAutoQueue.QEndToEndWf1" name="firstName" time="0.520"/>
  <system-out/>
  <testcase classname="webAutoQueue.QEndToEndWf1" name="middleName" time="0.481"/>
  <system-out/>
  <testcase classname="webAutoQueue.QEndToEndWf1" name="lastName" time="0.431"/>
  <system-out/>
  <testcase classname="webAutoQueue.QEndToEndWf1" name="birthDate" time="0.753"/>
  <system-out/>
  <testcase classname="webAutoQueue.QEndToEndWf1" name="genFemale" time="0.282"/>
  <system-out/>
  <testcase classname="webAutoQueue.QEndToEndWf1" name="address" time="0.544"/>
  <system-out/>
  <testcase classname="webAutoQueue.QEndToEndWf1" name="locality" time="0.470"/>
  <system-out/>
  <testcase classname="webAutoQueue.QEndToEndWf1" name="city" time="0.490"/>
  <system-out/>
  <testcase classname="webAutoQueue.QEndToEndWf1" name="pinCode" time="0.491"/>
  <system-out/>
  <testcase classname="webAutoQueue.QEndToEndWf1" name="proceedWithSameRMN" time="0.450"/>
  <system-out/>
  <testcase classname="webAutoQueue.QEndToEndWf1" name="nextButton" time="15.155"/>
  <system-out/>
  <testcase classname="webAutoQueue.QEndToEndWf1" name="clickClose" time="1.172"/>
  <system-out/>
  <testcase classname="webAutoQueue.QEndToEndWf1" name="fillVitalForm" time="18.033"/>
  <system-out/>
  <testcase classname="webAutoQueue.QEndToEndWf1" name="fillHealthProfile" time="13.366"/>
  <system-out/>
  <testcase classname="webAutoQueue.QEndToEndWf1" name="fillFamilyProfile" time="18.078"/>
  <system-out/>
  <testcase classname="webAutoQueue.QEndToEndWf1" name="GoHome" time="0.637"/>
  <system-out/>
  <testcase classname="webAutoQueue.QEndToEndWf1" name="Queue" time="3.216"/>
  <system-out/>
  <testcase classname="webAutoQueue.QEndToEndWf1" name="Join" time="3.132"/>
  <system-out/>
  <testcase classname="webAutoQueue.QEndToEndWf1" name="JoinOk" time="3.168"/>
  <system-out/>
  <testcase classname="webAutoQueue.QEndToEndWf1" name="AddPrescription" time="15.957"/>
  <system-out/>
  <testcase classname="webAutoQueue.QEndToEndWf1" name="Complaints" time="5.168"/>
  <system-out/>
  <testcase classname="webAutoQueue.QEndToEndWf1" name="VitalsOption" time="5.481"/>
  <system-out/>
  <testcase classname="webAutoQueue.QEndToEndWf1" name="BpandHeartOption" time="16.821"/>
  <system-out/>
  <testcase classname="webAutoQueue.QEndToEndWf1" name="BloodAndAnalysis" time="16.919"/>
  <system-out/>
  <testcase classname="webAutoQueue.QEndToEndWf1" name="LipidProfile" time="16.658"/>
  <system-out/>
  <testcase classname="webAutoQueue.QEndToEndWf1" name="OnExamination" time="15.393"/>
  <system-out/>
  <testcase classname="webAutoQueue.QEndToEndWf1" name="Diagnosis" time="15.384"/>
  <system-out/>
  <testcase classname="webAutoQueue.QEndToEndWf1" name="Medicine1" time="48.503"/>
  <system-out/>
  <testcase classname="webAutoQueue.QEndToEndWf1" name="DietaryAdvice" time="15.402"/>
  <system-out/>
  <testcase classname="webAutoQueue.QEndToEndWf1" name="GeneralInstruction" time="15.438"/>
  <system-out/>
  <testcase classname="webAutoQueue.QEndToEndWf1" name="SaveandProceed" time="0.320"/>
  <system-out/>
  <testcase classname="webAutoQueue.QEndToEndWf1" name="ConfirmPrescription" time="56.992"/>
  <system-out/>
</testsuite> <!-- webAutoQueue.QEndToEndWf1 -->
