<?xml version="1.0" encoding="UTF-8"?>
<!-- Generated by org.testng.reporters.JUnitReportReporter -->
<testsuite hostname="DESKTOP-VQLLA2K" failures="0" tests="14" name="healthApp.HealthChat" time="109.460" errors="0" timestamp="2023-12-11T12:18:23 IST" skipped="0">
  <testcase classname="healthApp.HealthChat" name="NumberField" time="12.210"/>
  <testcase classname="healthApp.HealthChat" name="IAgree" time="2.148"/>
  <testcase classname="healthApp.HealthChat" name="proceedButton" time="5.314"/>
  <testcase classname="healthApp.HealthChat" name="OTP" time="15.686"/>
  <testcase classname="healthApp.HealthChat" name="Verify" time="4.921"/>
  <testcase classname="healthApp.HealthChat" name="Chats" time="8.402"/>
  <testcase classname="healthApp.HealthChat" name="SelectFamilyMember" time="7.436"/>
  <testcase classname="healthApp.HealthChat" name="clickCamera" time="7.377"/>
  <testcase classname="healthApp.HealthChat" name="CameraAllow" time="7.319"/>
  <testcase classname="healthApp.HealthChat" name="CameraAllow1" time="7.270"/>
  <testcase classname="healthApp.HealthChat" name="CameraClick" time="8.549"/>
  <testcase classname="healthApp.HealthChat" name="OkClick" time="7.409"/>
  <testcase classname="healthApp.HealthChat" name="TypeMessage" time="7.940"/>
  <testcase classname="healthApp.HealthChat" name="SendButton" time="7.479"/>
</testsuite> <!-- healthApp.HealthChat -->
