<?xml version="1.0" encoding="UTF-8"?>
<!-- Generated by org.testng.reporters.JUnitReportReporter -->
<testsuite hostname="DESKTOP-VQLLA2K" failures="0" tests="17" name="pivotalApplicationNegative.NReceipt" time="187.977" errors="0" timestamp="2023-10-13T14:25:07 IST" skipped="0">
  <testcase classname="pivotalApplicationNegative.NReceipt" name="NumberField" time="1.327"/>
  <testcase classname="pivotalApplicationNegative.NReceipt" name="IAgree" time="2.177"/>
  <testcase classname="pivotalApplicationNegative.NReceipt" name="proceedButton" time="2.421"/>
  <testcase classname="pivotalApplicationNegative.NReceipt" name="OTP" time="11.638"/>
  <testcase classname="pivotalApplicationNegative.NReceipt" name="submit" time="5.317"/>
  <testcase classname="pivotalApplicationNegative.NReceipt" name="Search" time="10.473"/>
  <testcase classname="pivotalApplicationNegative.NReceipt" name="ClickPatient" time="18.011"/>
  <testcase classname="pivotalApplicationNegative.NReceipt" name="Reciept" time="7.645"/>
  <testcase classname="pivotalApplicationNegative.NReceipt" name="AddNewReceipt" time="13.360"/>
  <testcase classname="pivotalApplicationNegative.NReceipt" name="ReceiptNo" time="8.063"/>
  <testcase classname="pivotalApplicationNegative.NReceipt" name="Consultation" time="4.936"/>
  <testcase classname="pivotalApplicationNegative.NReceipt" name="Vaccination" time="4.382"/>
  <testcase classname="pivotalApplicationNegative.NReceipt" name="OtherReasons" time="4.381"/>
  <testcase classname="pivotalApplicationNegative.NReceipt" name="Addmore" time="4.519"/>
  <testcase classname="pivotalApplicationNegative.NReceipt" name="Preview" time="35.524"/>
  <testcase classname="pivotalApplicationNegative.NReceipt" name="PayerName" time="2.257"/>
  <testcase classname="pivotalApplicationNegative.NReceipt" name="CreateReceipt" time="51.546"/>
</testsuite> <!-- pivotalApplicationNegative.NReceipt -->
