<?xml version="1.0" encoding="UTF-8"?>
<!-- Generated by org.testng.reporters.JUnitReportReporter -->
<testsuite hostname="DESKTOP-VQLLA2K" failures="0" tests="17" name="webAutoQueueNegative.QDeletePatient" time="53.714" errors="0" timestamp="2023-06-21T15:45:53 IST" skipped="0">
  <testcase classname="webAutoQueueNegative.QDeletePatient" name="numberField" time="0.407"/>
  <system-out/>
  <testcase classname="webAutoQueueNegative.QDeletePatient" name="sendOTP" time="9.516"/>
  <system-out/>
  <testcase classname="webAutoQueueNegative.QDeletePatient" name="verifyButton" time="10.497"/>
  <system-out/>
  <testcase classname="webAutoQueueNegative.QDeletePatient" name="createPatient" time="5.920"/>
  <system-out/>
  <testcase classname="webAutoQueueNegative.QDeletePatient" name="Number1" time="1.228"/>
  <system-out/>
  <testcase classname="webAutoQueueNegative.QDeletePatient" name="confirm" time="2.720"/>
  <system-out/>
  <testcase classname="webAutoQueueNegative.QDeletePatient" name="number2" time="0.528"/>
  <system-out/>
  <testcase classname="webAutoQueueNegative.QDeletePatient" name="firstName" time="0.386"/>
  <system-out/>
  <testcase classname="webAutoQueueNegative.QDeletePatient" name="middleName" time="0.482"/>
  <system-out/>
  <testcase classname="webAutoQueueNegative.QDeletePatient" name="lastName" time="0.394"/>
  <system-out/>
  <testcase classname="webAutoQueueNegative.QDeletePatient" name="birthDate" time="0.804"/>
  <system-out/>
  <testcase classname="webAutoQueueNegative.QDeletePatient" name="genFemale" time="0.335"/>
  <system-out/>
  <testcase classname="webAutoQueueNegative.QDeletePatient" name="address" time="0.714"/>
  <system-out/>
  <testcase classname="webAutoQueueNegative.QDeletePatient" name="locality" time="0.527"/>
  <system-out/>
  <testcase classname="webAutoQueueNegative.QDeletePatient" name="city" time="0.448"/>
  <system-out/>
  <testcase classname="webAutoQueueNegative.QDeletePatient" name="pinCode" time="0.910"/>
  <system-out/>
  <testcase classname="webAutoQueueNegative.QDeletePatient" name="nextButton" time="17.898"/>
  <system-out/>
</testsuite> <!-- webAutoQueueNegative.QDeletePatient -->
