<?xml version="1.0" encoding="UTF-8"?>
<!-- Generated by org.testng.reporters.JUnitReportReporter -->
<testsuite hostname="DESKTOP-VQLLA2K" failures="0" tests="55" name="pivotalApplicationNegative.PDeletePatient" time="280.621" errors="0" timestamp="2023-10-12T15:36:01 IST" skipped="0">
  <testcase classname="pivotalApplicationNegative.PDeletePatient" name="NumberField" time="1.374"/>
  <testcase classname="pivotalApplicationNegative.PDeletePatient" name="IAgree" time="2.321"/>
  <testcase classname="pivotalApplicationNegative.PDeletePatient" name="proceedButton" time="2.471"/>
  <testcase classname="pivotalApplicationNegative.PDeletePatient" name="OTP" time="11.022"/>
  <testcase classname="pivotalApplicationNegative.PDeletePatient" name="submit" time="5.336"/>
  <testcase classname="pivotalApplicationNegative.PDeletePatient" name="Createptient" time="4.441"/>
  <testcase classname="pivotalApplicationNegative.PDeletePatient" name="Neweptient" time="12.312"/>
  <testcase classname="pivotalApplicationNegative.PDeletePatient" name="Close" time="5.903"/>
  <testcase classname="pivotalApplicationNegative.PDeletePatient" name="MobileNumber1" time="2.672"/>
  <testcase classname="pivotalApplicationNegative.PDeletePatient" name="confirm" time="4.584"/>
  <testcase classname="pivotalApplicationNegative.PDeletePatient" name="confirmPopup" time="6.476"/>
  <testcase classname="pivotalApplicationNegative.PDeletePatient" name="AdditionalNumber1" time="3.201"/>
  <testcase classname="pivotalApplicationNegative.PDeletePatient" name="FirstName" time="5.093"/>
  <testcase classname="pivotalApplicationNegative.PDeletePatient" name="MiddleName" time="5.050"/>
  <testcase classname="pivotalApplicationNegative.PDeletePatient" name="LastName" time="4.716"/>
  <testcase classname="pivotalApplicationNegative.PDeletePatient" name="BirthCalender" time="5.258"/>
  <testcase classname="pivotalApplicationNegative.PDeletePatient" name="Birthok" time="4.382"/>
  <testcase classname="pivotalApplicationNegative.PDeletePatient" name="GenFemale" time="4.468"/>
  <testcase classname="pivotalApplicationNegative.PDeletePatient" name="Address" time="3.014"/>
  <testcase classname="pivotalApplicationNegative.PDeletePatient" name="Area" time="3.005"/>
  <testcase classname="pivotalApplicationNegative.PDeletePatient" name="City" time="2.464"/>
  <testcase classname="pivotalApplicationNegative.PDeletePatient" name="PinCode" time="2.474"/>
  <testcase classname="pivotalApplicationNegative.PDeletePatient" name="Next" time="15.473"/>
  <testcase classname="pivotalApplicationNegative.PDeletePatient" name="ContinueProfile" time="10.369"/>
  <testcase classname="pivotalApplicationNegative.PDeletePatient" name="TypeOfDelivery" time="2.565"/>
  <testcase classname="pivotalApplicationNegative.PDeletePatient" name="TypeOfDeliveryNormal" time="2.248"/>
  <testcase classname="pivotalApplicationNegative.PDeletePatient" name="weightl" time="2.472"/>
  <testcase classname="pivotalApplicationNegative.PDeletePatient" name="Heightl" time="2.433"/>
  <testcase classname="pivotalApplicationNegative.PDeletePatient" name="HC" time="2.367"/>
  <testcase classname="pivotalApplicationNegative.PDeletePatient" name="CC" time="2.394"/>
  <testcase classname="pivotalApplicationNegative.PDeletePatient" name="BPSYS" time="2.406"/>
  <testcase classname="pivotalApplicationNegative.PDeletePatient" name="BPDia" time="2.390"/>
  <testcase classname="pivotalApplicationNegative.PDeletePatient" name="BloodGroup" time="2.432"/>
  <testcase classname="pivotalApplicationNegative.PDeletePatient" name="BloodGroupA" time="2.314"/>
  <testcase classname="pivotalApplicationNegative.PDeletePatient" name="BirthHistoryNext" time="7.523"/>
  <testcase classname="pivotalApplicationNegative.PDeletePatient" name="MedicalConditionAdd" time="3.831"/>
  <testcase classname="pivotalApplicationNegative.PDeletePatient" name="MedicalConditionSelect" time="4.090"/>
  <testcase classname="pivotalApplicationNegative.PDeletePatient" name="AddMedicalCondition" time="2.510"/>
  <testcase classname="pivotalApplicationNegative.PDeletePatient" name="Allergies" time="2.811"/>
  <testcase classname="pivotalApplicationNegative.PDeletePatient" name="Reactions" time="2.384"/>
  <testcase classname="pivotalApplicationNegative.PDeletePatient" name="RecurringComplaints" time="2.373"/>
  <testcase classname="pivotalApplicationNegative.PDeletePatient" name="HospitalizationHistory" time="2.384"/>
  <testcase classname="pivotalApplicationNegative.PDeletePatient" name="HealthHistory" time="2.404"/>
  <testcase classname="pivotalApplicationNegative.PDeletePatient" name="GeneticdisoredrAdd" time="4.189"/>
  <testcase classname="pivotalApplicationNegative.PDeletePatient" name="GeneticdisoredrSelect" time="13.019"/>
  <testcase classname="pivotalApplicationNegative.PDeletePatient" name="AddGeneticdisoredr" time="2.542"/>
  <testcase classname="pivotalApplicationNegative.PDeletePatient" name="OtherEmailId" time="2.357"/>
  <testcase classname="pivotalApplicationNegative.PDeletePatient" name="helathNext" time="2.382"/>
  <testcase classname="pivotalApplicationNegative.PDeletePatient" name="FathersName" time="2.949"/>
  <testcase classname="pivotalApplicationNegative.PDeletePatient" name="MothersName" time="2.367"/>
  <testcase classname="pivotalApplicationNegative.PDeletePatient" name="Fatherheight" time="7.111"/>
  <testcase classname="pivotalApplicationNegative.PDeletePatient" name="Mothersheight" time="6.105"/>
  <testcase classname="pivotalApplicationNegative.PDeletePatient" name="FamailyNedicalHistory" time="8.314"/>
  <testcase classname="pivotalApplicationNegative.PDeletePatient" name="EnterDisorders" time="21.159"/>
  <testcase classname="pivotalApplicationNegative.PDeletePatient" name="DeleteOption" time="25.917"/>
</testsuite> <!-- pivotalApplicationNegative.PDeletePatient -->
