<?xml version="1.0" encoding="UTF-8"?>
<!-- Generated by org.testng.reporters.JUnitReportReporter -->
<testsuite hostname="DESKTOP-VQLLA2K" failures="0" tests="13" name="pivotalApplicationNegative.NBookAppointment" time="70.186" errors="0" timestamp="2023-10-12T15:58:14 IST" skipped="0">
  <testcase classname="pivotalApplicationNegative.NBookAppointment" name="NumberField" time="1.463"/>
  <testcase classname="pivotalApplicationNegative.NBookAppointment" name="IAgree" time="2.257"/>
  <testcase classname="pivotalApplicationNegative.NBookAppointment" name="proceedButton" time="2.529"/>
  <testcase classname="pivotalApplicationNegative.NBookAppointment" name="OTP" time="11.000"/>
  <testcase classname="pivotalApplicationNegative.NBookAppointment" name="submit" time="5.697"/>
  <testcase classname="pivotalApplicationNegative.NBookAppointment" name="Search" time="7.521"/>
  <testcase classname="pivotalApplicationNegative.NBookAppointment" name="close" time="4.505"/>
  <testcase classname="pivotalApplicationNegative.NBookAppointment" name="Appointment" time="10.304"/>
  <testcase classname="pivotalApplicationNegative.NBookAppointment" name="SlotTime" time="5.442"/>
  <testcase classname="pivotalApplicationNegative.NBookAppointment" name="Time" time="2.320"/>
  <testcase classname="pivotalApplicationNegative.NBookAppointment" name="SlotBook" time="2.498"/>
  <testcase classname="pivotalApplicationNegative.NBookAppointment" name="Book" time="7.414"/>
  <testcase classname="pivotalApplicationNegative.NBookAppointment" name="AppointmentBookedPopup" time="7.236"/>
</testsuite> <!-- pivotalApplicationNegative.NBookAppointment -->
