<?xml version="1.0" encoding="UTF-8"?>
<!-- Generated by org.testng.reporters.JUnitReportReporter -->
<testsuite hostname="DESKTOP-VQLLA2K" failures="0" tests="24" name="webAutoQueue.AdultPatient" time="103.128" errors="0" timestamp="2023-06-21T13:12:59 IST" skipped="0">
  <testcase classname="webAutoQueue.AdultPatient" name="numberField" time="0.518"/>
  <system-out/>
  <testcase classname="webAutoQueue.AdultPatient" name="sendOTP" time="7.460"/>
  <system-out/>
  <testcase classname="webAutoQueue.AdultPatient" name="verifyButton" time="10.232"/>
  <system-out/>
  <testcase classname="webAutoQueue.AdultPatient" name="createPatient" time="5.245"/>
  <system-out/>
  <testcase classname="webAutoQueue.AdultPatient" name="Number1" time="1.118"/>
  <system-out/>
  <testcase classname="webAutoQueue.AdultPatient" name="confirm" time="2.090"/>
  <system-out/>
  <testcase classname="webAutoQueue.AdultPatient" name="number2" time="0.498"/>
  <system-out/>
  <testcase classname="webAutoQueue.AdultPatient" name="firstName" time="0.449"/>
  <system-out/>
  <testcase classname="webAutoQueue.AdultPatient" name="middleName" time="0.432"/>
  <system-out/>
  <testcase classname="webAutoQueue.AdultPatient" name="lastName" time="0.418"/>
  <system-out/>
  <testcase classname="webAutoQueue.AdultPatient" name="birthDate" time="1.612"/>
  <system-out/>
  <testcase classname="webAutoQueue.AdultPatient" name="genFemale" time="0.213"/>
  <system-out/>
  <testcase classname="webAutoQueue.AdultPatient" name="address" time="0.497"/>
  <system-out/>
  <testcase classname="webAutoQueue.AdultPatient" name="locality" time="0.417"/>
  <system-out/>
  <testcase classname="webAutoQueue.AdultPatient" name="city" time="0.390"/>
  <system-out/>
  <testcase classname="webAutoQueue.AdultPatient" name="pinCode" time="0.438"/>
  <system-out/>
  <testcase classname="webAutoQueue.AdultPatient" name="prefferedLanguage" time="0.429"/>
  <system-out/>
  <testcase classname="webAutoQueue.AdultPatient" name="nextButton" time="15.169"/>
  <system-out/>
  <testcase classname="webAutoQueue.AdultPatient" name="clickClose" time="0.794"/>
  <system-out/>
  <testcase classname="webAutoQueue.AdultPatient" name="BloodGroups" time="0.367"/>
  <system-out/>
  <testcase classname="webAutoQueue.AdultPatient" name="Habits" time="0.214"/>
  <system-out/>
  <testcase classname="webAutoQueue.AdultPatient" name="HealthNext" time="15.193"/>
  <system-out/>
  <testcase classname="webAutoQueue.AdultPatient" name="HealthProfile" time="18.665"/>
  <system-out/>
  <testcase classname="webAutoQueue.AdultPatient" name="FamilyProfile" time="20.270"/>
  <system-out/>
</testsuite> <!-- webAutoQueue.AdultPatient -->
