<?xml version="1.0" encoding="UTF-8"?>
<!-- Generated by org.testng.reporters.JUnitReportReporter -->
<testsuite hostname="DESKTOP-VQLLA2K" failures="0" tests="4" name="webAutoQueueNegative.DeleteFavouriteMedicineQ" time="46.493" errors="0" timestamp="2023-06-20T17:42:44 IST" skipped="0">
  <testcase classname="webAutoQueueNegative.DeleteFavouriteMedicineQ" name="numberField" time="1.097"/>
  <system-out/>
  <testcase classname="webAutoQueueNegative.DeleteFavouriteMedicineQ" name="sendOTP" time="12.382"/>
  <system-out/>
  <testcase classname="webAutoQueueNegative.DeleteFavouriteMedicineQ" name="verifyButton" time="22.310"/>
  <system-out/>
  <testcase classname="webAutoQueueNegative.DeleteFavouriteMedicineQ" name="deleteButton" time="10.704"/>
  <system-out/>
</testsuite> <!-- webAutoQueueNegative.DeleteFavouriteMedicineQ -->
