<?xml version="1.0" encoding="UTF-8"?>
<!-- Generated by org.testng.reporters.JUnitReportReporter -->
<testsuite hostname="DESKTOP-VQLLA2K" failures="0" tests="13" name="pivotalApplication.SearchNAppointment" time="57.054" errors="0" timestamp="2023-07-26T15:17:54 IST" skipped="0">
  <testcase classname="pivotalApplication.SearchNAppointment" name="NumberField" time="1.413"/>
  <system-out/>
  <testcase classname="pivotalApplication.SearchNAppointment" name="IAgree" time="2.218"/>
  <system-out/>
  <testcase classname="pivotalApplication.SearchNAppointment" name="proceedButton" time="2.439"/>
  <system-out/>
  <testcase classname="pivotalApplication.SearchNAppointment" name="OTP" time="11.618"/>
  <system-out/>
  <testcase classname="pivotalApplication.SearchNAppointment" name="submit" time="2.466"/>
  <system-out/>
  <testcase classname="pivotalApplication.SearchNAppointment" name="Search" time="8.126"/>
  <system-out/>
  <testcase classname="pivotalApplication.SearchNAppointment" name="close" time="4.449"/>
  <system-out/>
  <testcase classname="pivotalApplication.SearchNAppointment" name="Appointment" time="2.410"/>
  <system-out/>
  <testcase classname="pivotalApplication.SearchNAppointment" name="SlotTime" time="2.599"/>
  <system-out/>
  <testcase classname="pivotalApplication.SearchNAppointment" name="Time" time="2.280"/>
  <system-out/>
  <testcase classname="pivotalApplication.SearchNAppointment" name="SlotBook" time="2.512"/>
  <system-out/>
  <testcase classname="pivotalApplication.SearchNAppointment" name="Book" time="7.325"/>
  <system-out/>
  <testcase classname="pivotalApplication.SearchNAppointment" name="AppointmentBookedPopup" time="7.199"/>
  <system-out/>
</testsuite> <!-- pivotalApplication.SearchNAppointment -->
