<?xml version="1.0" encoding="UTF-8"?>
<!-- Generated by org.testng.reporters.JUnitReportReporter -->
<testsuite hostname="DESKTOP-VQLLA2K" failures="0" tests="37" name="webAuto.OpdEndToEndWorkFlow1" time="383.769" errors="0" timestamp="2023-12-08T09:45:36 IST" skipped="0">
  <testcase classname="webAuto.OpdEndToEndWorkFlow1" name="numberField" time="0.358"/>
  <testcase classname="webAuto.OpdEndToEndWorkFlow1" name="sendOTP" time="12.380"/>
  <testcase classname="webAuto.OpdEndToEndWorkFlow1" name="verifyButton" time="10.307"/>
  <testcase classname="webAuto.OpdEndToEndWorkFlow1" name="createPatient" time="3.712"/>
  <testcase classname="webAuto.OpdEndToEndWorkFlow1" name="Number1" time="1.132"/>
  <testcase classname="webAuto.OpdEndToEndWorkFlow1" name="confirm" time="2.515"/>
  <testcase classname="webAuto.OpdEndToEndWorkFlow1" name="number2" time="0.663"/>
  <testcase classname="webAuto.OpdEndToEndWorkFlow1" name="firstName" time="0.515"/>
  <testcase classname="webAuto.OpdEndToEndWorkFlow1" name="middleName" time="0.438"/>
  <testcase classname="webAuto.OpdEndToEndWorkFlow1" name="lastName" time="0.438"/>
  <testcase classname="webAuto.OpdEndToEndWorkFlow1" name="birthDate" time="0.805"/>
  <testcase classname="webAuto.OpdEndToEndWorkFlow1" name="genFemale" time="0.314"/>
  <testcase classname="webAuto.OpdEndToEndWorkFlow1" name="address" time="0.594"/>
  <testcase classname="webAuto.OpdEndToEndWorkFlow1" name="locality" time="0.438"/>
  <testcase classname="webAuto.OpdEndToEndWorkFlow1" name="city" time="0.469"/>
  <testcase classname="webAuto.OpdEndToEndWorkFlow1" name="pinCode" time="0.511"/>
  <testcase classname="webAuto.OpdEndToEndWorkFlow1" name="proceedWithSameRMN" time="0.452"/>
  <testcase classname="webAuto.OpdEndToEndWorkFlow1" name="nextButton" time="15.162"/>
  <testcase classname="webAuto.OpdEndToEndWorkFlow1" name="clickClose" time="1.242"/>
  <testcase classname="webAuto.OpdEndToEndWorkFlow1" name="fillVitalForm" time="18.826"/>
  <testcase classname="webAuto.OpdEndToEndWorkFlow1" name="fillHealthProfile" time="13.207"/>
  <testcase classname="webAuto.OpdEndToEndWorkFlow1" name="fillFamilyProfile" time="20.498"/>
  <testcase classname="webAuto.OpdEndToEndWorkFlow1" name="GoHome" time="0.823"/>
  <testcase classname="webAuto.OpdEndToEndWorkFlow1" name="AddNewAppointment" time="26.302"/>
  <testcase classname="webAuto.OpdEndToEndWorkFlow1" name="AddPrescription" time="16.194"/>
  <testcase classname="webAuto.OpdEndToEndWorkFlow1" name="Complaints" time="6.711"/>
  <testcase classname="webAuto.OpdEndToEndWorkFlow1" name="VitalsOption" time="6.778"/>
  <testcase classname="webAuto.OpdEndToEndWorkFlow1" name="BpandHeartOption" time="16.974"/>
  <testcase classname="webAuto.OpdEndToEndWorkFlow1" name="BloodAndAnalysis" time="18.139"/>
  <testcase classname="webAuto.OpdEndToEndWorkFlow1" name="LipidProfile" time="17.121"/>
  <testcase classname="webAuto.OpdEndToEndWorkFlow1" name="OnExamination" time="15.827"/>
  <testcase classname="webAuto.OpdEndToEndWorkFlow1" name="Diagnosis" time="15.666"/>
  <testcase classname="webAuto.OpdEndToEndWorkFlow1" name="Medicine1" time="50.086"/>
  <testcase classname="webAuto.OpdEndToEndWorkFlow1" name="DietaryAdvice" time="15.497"/>
  <testcase classname="webAuto.OpdEndToEndWorkFlow1" name="GeneralInstruction" time="15.417"/>
  <testcase classname="webAuto.OpdEndToEndWorkFlow1" name="SaveandProceed" time="0.289"/>
  <testcase classname="webAuto.OpdEndToEndWorkFlow1" name="ConfirmPrescription" time="56.969"/>
</testsuite> <!-- webAuto.OpdEndToEndWorkFlow1 -->
