<?xml version="1.0" encoding="UTF-8"?>
<!-- Generated by org.testng.reporters.JUnitReportReporter -->
<testsuite hostname="DESKTOP-VQLLA2K" failures="0" tests="54" name="pivotalApplication.CreatePediatricPatient" time="275.752" errors="0" timestamp="2023-09-05T11:16:29 IST" skipped="0">
  <testcase classname="pivotalApplication.CreatePediatricPatient" name="NumberField" time="1.041"/>
  <testcase classname="pivotalApplication.CreatePediatricPatient" name="IAgree" time="2.196"/>
  <testcase classname="pivotalApplication.CreatePediatricPatient" name="proceedButton" time="2.487"/>
  <testcase classname="pivotalApplication.CreatePediatricPatient" name="OTP" time="10.946"/>
  <testcase classname="pivotalApplication.CreatePediatricPatient" name="submit" time="6.360"/>
  <testcase classname="pivotalApplication.CreatePediatricPatient" name="Createptient" time="5.011"/>
  <testcase classname="pivotalApplication.CreatePediatricPatient" name="Neweptient" time="12.370"/>
  <testcase classname="pivotalApplication.CreatePediatricPatient" name="Close" time="5.525"/>
  <testcase classname="pivotalApplication.CreatePediatricPatient" name="MobileNumber1" time="3.360"/>
  <testcase classname="pivotalApplication.CreatePediatricPatient" name="confirm" time="4.841"/>
  <testcase classname="pivotalApplication.CreatePediatricPatient" name="confirmPopup" time="6.338"/>
  <testcase classname="pivotalApplication.CreatePediatricPatient" name="AdditionalNumber1" time="3.525"/>
  <testcase classname="pivotalApplication.CreatePediatricPatient" name="FirstName" time="4.876"/>
  <testcase classname="pivotalApplication.CreatePediatricPatient" name="MiddleName" time="5.927"/>
  <testcase classname="pivotalApplication.CreatePediatricPatient" name="LastName" time="5.288"/>
  <testcase classname="pivotalApplication.CreatePediatricPatient" name="BirthCalender" time="6.042"/>
  <testcase classname="pivotalApplication.CreatePediatricPatient" name="Birthok" time="4.464"/>
  <testcase classname="pivotalApplication.CreatePediatricPatient" name="GenFemale" time="4.494"/>
  <testcase classname="pivotalApplication.CreatePediatricPatient" name="Address" time="2.618"/>
  <testcase classname="pivotalApplication.CreatePediatricPatient" name="Area" time="3.069"/>
  <testcase classname="pivotalApplication.CreatePediatricPatient" name="City" time="3.218"/>
  <testcase classname="pivotalApplication.CreatePediatricPatient" name="PinCode" time="3.251"/>
  <testcase classname="pivotalApplication.CreatePediatricPatient" name="Next" time="16.558"/>
  <testcase classname="pivotalApplication.CreatePediatricPatient" name="ContinueProfile" time="10.441"/>
  <testcase classname="pivotalApplication.CreatePediatricPatient" name="TypeOfDelivery" time="2.557"/>
  <testcase classname="pivotalApplication.CreatePediatricPatient" name="TypeOfDeliveryNormal" time="2.365"/>
  <testcase classname="pivotalApplication.CreatePediatricPatient" name="weightl" time="2.810"/>
  <testcase classname="pivotalApplication.CreatePediatricPatient" name="Heightl" time="3.228"/>
  <testcase classname="pivotalApplication.CreatePediatricPatient" name="HC" time="2.636"/>
  <testcase classname="pivotalApplication.CreatePediatricPatient" name="CC" time="2.677"/>
  <testcase classname="pivotalApplication.CreatePediatricPatient" name="BPSYS" time="3.426"/>
  <testcase classname="pivotalApplication.CreatePediatricPatient" name="BPDia" time="3.167"/>
  <testcase classname="pivotalApplication.CreatePediatricPatient" name="BloodGroup" time="2.584"/>
  <testcase classname="pivotalApplication.CreatePediatricPatient" name="BloodGroupA" time="2.344"/>
  <testcase classname="pivotalApplication.CreatePediatricPatient" name="BirthHistoryNext" time="7.584"/>
  <testcase classname="pivotalApplication.CreatePediatricPatient" name="MedicalConditionAdd" time="4.288"/>
  <testcase classname="pivotalApplication.CreatePediatricPatient" name="MedicalConditionSelect" time="3.985"/>
  <testcase classname="pivotalApplication.CreatePediatricPatient" name="AddMedicalCondition" time="2.519"/>
  <testcase classname="pivotalApplication.CreatePediatricPatient" name="Allergies" time="2.700"/>
  <testcase classname="pivotalApplication.CreatePediatricPatient" name="Reactions" time="2.730"/>
  <testcase classname="pivotalApplication.CreatePediatricPatient" name="RecurringComplaints" time="3.550"/>
  <testcase classname="pivotalApplication.CreatePediatricPatient" name="HospitalizationHistory" time="2.782"/>
  <testcase classname="pivotalApplication.CreatePediatricPatient" name="HealthHistory" time="2.985"/>
  <testcase classname="pivotalApplication.CreatePediatricPatient" name="GeneticdisoredrAdd" time="2.609"/>
  <testcase classname="pivotalApplication.CreatePediatricPatient" name="GeneticdisoredrSelect" time="16.372"/>
  <testcase classname="pivotalApplication.CreatePediatricPatient" name="AddGeneticdisoredr" time="2.675"/>
  <testcase classname="pivotalApplication.CreatePediatricPatient" name="OtherEmailId" time="2.442"/>
  <testcase classname="pivotalApplication.CreatePediatricPatient" name="helathNext" time="2.681"/>
  <testcase classname="pivotalApplication.CreatePediatricPatient" name="FathersName" time="2.737"/>
  <testcase classname="pivotalApplication.CreatePediatricPatient" name="MothersName" time="2.867"/>
  <testcase classname="pivotalApplication.CreatePediatricPatient" name="Fatherheight" time="8.815"/>
  <testcase classname="pivotalApplication.CreatePediatricPatient" name="Mothersheight" time="6.786"/>
  <testcase classname="pivotalApplication.CreatePediatricPatient" name="FamailyNedicalHistory" time="10.598"/>
  <testcase classname="pivotalApplication.CreatePediatricPatient" name="EnterDisorders" time="22.007"/>
</testsuite> <!-- pivotalApplication.CreatePediatricPatient -->
