<?xml version="1.0" encoding="UTF-8"?>
<!-- Generated by org.testng.reporters.JUnitReportReporter -->
<testsuite hostname="DESKTOP-VQLLA2K" failures="0" tests="17" name="pivotalApplicationNegative.Nreferal" time="74.459" errors="0" timestamp="2023-10-13T12:59:52 IST" skipped="0">
  <testcase classname="pivotalApplicationNegative.Nreferal" name="NumberField" time="1.365"/>
  <testcase classname="pivotalApplicationNegative.Nreferal" name="IAgree" time="2.194"/>
  <testcase classname="pivotalApplicationNegative.Nreferal" name="proceedButton" time="2.419"/>
  <testcase classname="pivotalApplicationNegative.Nreferal" name="OTP" time="10.888"/>
  <testcase classname="pivotalApplicationNegative.Nreferal" name="submit" time="5.570"/>
  <testcase classname="pivotalApplicationNegative.Nreferal" name="Search" time="8.123"/>
  <testcase classname="pivotalApplicationNegative.Nreferal" name="close" time="4.450"/>
  <testcase classname="pivotalApplicationNegative.Nreferal" name="ClickPatient" time="2.361"/>
  <testcase classname="pivotalApplicationNegative.Nreferal" name="RffralCreation" time="3.032"/>
  <testcase classname="pivotalApplicationNegative.Nreferal" name="DrName" time="2.927"/>
  <testcase classname="pivotalApplicationNegative.Nreferal" name="DrEmail" time="2.349"/>
  <testcase classname="pivotalApplicationNegative.Nreferal" name="DrMobNumber" time="2.351"/>
  <testcase classname="pivotalApplicationNegative.Nreferal" name="HealthCondition" time="2.831"/>
  <testcase classname="pivotalApplicationNegative.Nreferal" name="Duration" time="8.156"/>
  <testcase classname="pivotalApplicationNegative.Nreferal" name="Speciality" time="7.723"/>
  <testcase classname="pivotalApplicationNegative.Nreferal" name="preview" time="2.437"/>
  <testcase classname="pivotalApplicationNegative.Nreferal" name="Save" time="5.283"/>
</testsuite> <!-- pivotalApplicationNegative.Nreferal -->
