<?xml version="1.0" encoding="UTF-8"?>
<!-- Generated by org.testng.reporters.JUnitReportReporter -->
<testsuite hostname="DESKTOP-VQLLA2K" failures="0" tests="8" name="webAutoQueue.Referral" time="84.820" errors="0" timestamp="2023-06-21T15:01:37 IST" skipped="0">
  <testcase classname="webAutoQueue.Referral" name="numberField" time="0.332"/>
  <system-out/>
  <testcase classname="webAutoQueue.Referral" name="sendOTP" time="9.020"/>
  <system-out/>
  <testcase classname="webAutoQueue.Referral" name="verifyButton" time="10.542"/>
  <system-out/>
  <testcase classname="webAutoQueue.Referral" name="searchBar" time="5.496"/>
  <system-out/>
  <testcase classname="webAutoQueue.Referral" name="searchOpt" time="3.151"/>
  <system-out/>
  <testcase classname="webAutoQueue.Referral" name="clickPatient" time="10.357"/>
  <system-out/>
  <testcase classname="webAutoQueue.Referral" name="Document" time="0.228"/>
  <system-out/>
  <testcase classname="webAutoQueue.Referral" name="cirtificateOption" time="45.694"/>
  <system-out/>
</testsuite> <!-- webAutoQueue.Referral -->
