<?xml version="1.0" encoding="UTF-8"?>
<!-- Generated by org.testng.reporters.JUnitReportReporter -->
<testsuite hostname="DESKTOP-VQLLA2K" failures="0" tests="14" name="pivotalApplication.Chats" time="91.054" errors="0" timestamp="2023-09-04T11:07:42 IST" skipped="0">
  <testcase classname="pivotalApplication.Chats" name="NumberField" time="1.356"/>
  <testcase classname="pivotalApplication.Chats" name="IAgree" time="2.171"/>
  <testcase classname="pivotalApplication.Chats" name="proceedButton" time="2.427"/>
  <testcase classname="pivotalApplication.Chats" name="OTP" time="10.891"/>
  <testcase classname="pivotalApplication.Chats" name="submit" time="5.451"/>
  <testcase classname="pivotalApplication.Chats" name="chatsclick" time="7.479"/>
  <testcase classname="pivotalApplication.Chats" name="Patientclick" time="7.604"/>
  <testcase classname="pivotalApplication.Chats" name="clickCamera" time="7.344"/>
  <testcase classname="pivotalApplication.Chats" name="CameraAllow" time="7.290"/>
  <testcase classname="pivotalApplication.Chats" name="CameraAllow1" time="7.382"/>
  <testcase classname="pivotalApplication.Chats" name="CameraClick" time="8.562"/>
  <testcase classname="pivotalApplication.Chats" name="OkClick" time="7.424"/>
  <testcase classname="pivotalApplication.Chats" name="TypeMessage" time="8.271"/>
  <testcase classname="pivotalApplication.Chats" name="SendButton" time="7.402"/>
</testsuite> <!-- pivotalApplication.Chats -->
