<?xml version="1.0" encoding="UTF-8"?>
<!-- Generated by org.testng.reporters.JUnitReportReporter -->
<testsuite hostname="DESKTOP-VQLLA2K" failures="0" tests="7" name="pivotalApplicationNegative.NLogin" time="125.797" errors="0" timestamp="2023-10-11T15:43:47 IST" skipped="0">
  <testcase classname="pivotalApplicationNegative.NLogin" name="Case2RandomNUmber" time="12.016"/>
  <testcase classname="pivotalApplicationNegative.NLogin" name="Case3NumberLessThanTen" time="11.476"/>
  <testcase classname="pivotalApplicationNegative.NLogin" name="NumberField" time="7.661"/>
  <testcase classname="pivotalApplicationNegative.NLogin" name="proceedButton" time="3.046"/>
  <testcase classname="pivotalApplicationNegative.NLogin" name="OTP" time="11.336"/>
  <testcase classname="pivotalApplicationNegative.NLogin" name="submit" time="71.591"/>
  <testcase classname="pivotalApplicationNegative.NLogin" name="ResendOTP" time="8.671"/>
</testsuite> <!-- pivotalApplicationNegative.NLogin -->
