<?xml version="1.0" encoding="UTF-8"?>
<!-- Generated by org.testng.reporters.JUnitReportReporter -->
<testsuite hostname="DESKTOP-VQLLA2K" failures="0" tests="3" name="HealthNegative.Enab" time="20.196" errors="0" timestamp="2023-10-30T17:08:30 IST" skipped="0">
  <testcase classname="HealthNegative.Enab" name="NumberField" time="12.542"/>
  <testcase classname="HealthNegative.Enab" name="IAgree" time="2.120"/>
  <testcase classname="HealthNegative.Enab" name="proceedButton" time="5.534"/>
</testsuite> <!-- HealthNegative.Enab -->
