<?xml version="1.0" encoding="UTF-8"?>
<!-- Generated by org.testng.reporters.JUnitReportReporter -->
<testsuite hostname="DESKTOP-VQLLA2K" failures="0" tests="10" name="HealthNegative.NegativeHealthLogin" time="143.585" errors="0" timestamp="2023-10-26T16:51:34 IST" skipped="0">
  <testcase classname="HealthNegative.NegativeHealthLogin" name="NumberFieldCase1" time="33.040"/>
  <testcase classname="HealthNegative.NegativeHealthLogin" name="NumberField" time="11.252"/>
  <testcase classname="HealthNegative.NegativeHealthLogin" name="IAgree" time="2.068"/>
  <testcase classname="HealthNegative.NegativeHealthLogin" name="proceedButton" time="13.610"/>
  <testcase classname="HealthNegative.NegativeHealthLogin" name="OTPCase1" time="16.419"/>
  <testcase classname="HealthNegative.NegativeHealthLogin" name="Verify1" time="4.811"/>
  <testcase classname="HealthNegative.NegativeHealthLogin" name="OTPCase2" time="5.656"/>
  <testcase classname="HealthNegative.NegativeHealthLogin" name="Verify2" time="47.637"/>
  <testcase classname="HealthNegative.NegativeHealthLogin" name="OTP" time="6.676"/>
  <testcase classname="HealthNegative.NegativeHealthLogin" name="Verify" time="2.416"/>
</testsuite> <!-- HealthNegative.NegativeHealthLogin -->
