<?xml version="1.0" encoding="UTF-8"?>
<!-- Generated by org.testng.reporters.JUnitReportReporter -->
<testsuite hostname="DESKTOP-VQLLA2K" failures="0" tests="32" name="healthApp.HealthAdultFamilyMember" time="230.781" errors="0" timestamp="2023-12-11T12:12:32 IST" skipped="0">
  <testcase classname="healthApp.HealthAdultFamilyMember" name="NumberField" time="11.412"/>
  <testcase classname="healthApp.HealthAdultFamilyMember" name="IAgree" time="2.110"/>
  <testcase classname="healthApp.HealthAdultFamilyMember" name="proceedButton" time="5.371"/>
  <testcase classname="healthApp.HealthAdultFamilyMember" name="OTP" time="17.211"/>
  <testcase classname="healthApp.HealthAdultFamilyMember" name="Verify" time="10.682"/>
  <testcase classname="healthApp.HealthAdultFamilyMember" name="Family" time="5.828"/>
  <testcase classname="healthApp.HealthAdultFamilyMember" name="AddFamilyMember" time="6.679"/>
  <testcase classname="healthApp.HealthAdultFamilyMember" name="FirstName" time="5.423"/>
  <testcase classname="healthApp.HealthAdultFamilyMember" name="MiddleName" time="5.878"/>
  <testcase classname="healthApp.HealthAdultFamilyMember" name="Birthdate" time="49.001"/>
  <testcase classname="healthApp.HealthAdultFamilyMember" name="Male" time="5.407"/>
  <testcase classname="healthApp.HealthAdultFamilyMember" name="SaveAndNext" time="10.649"/>
  <testcase classname="healthApp.HealthAdultFamilyMember" name="SelectClick" time="6.672"/>
  <testcase classname="healthApp.HealthAdultFamilyMember" name="SelectOther" time="5.299"/>
  <testcase classname="healthApp.HealthAdultFamilyMember" name="Next" time="6.017"/>
  <testcase classname="healthApp.HealthAdultFamilyMember" name="LinkDr" time="1.170"/>
  <testcase classname="healthApp.HealthAdultFamilyMember" name="AddtionalInformation" time="1.799"/>
  <testcase classname="healthApp.HealthAdultFamilyMember" name="MedicalConditionAdd" time="3.798"/>
  <testcase classname="healthApp.HealthAdultFamilyMember" name="MedicalConditionSelect" time="3.571"/>
  <testcase classname="healthApp.HealthAdultFamilyMember" name="AddMedicalCondition" time="2.409"/>
  <testcase classname="healthApp.HealthAdultFamilyMember" name="Allergies" time="2.329"/>
  <testcase classname="healthApp.HealthAdultFamilyMember" name="Reactions" time="2.838"/>
  <testcase classname="healthApp.HealthAdultFamilyMember" name="RecurringComplaints" time="2.839"/>
  <testcase classname="healthApp.HealthAdultFamilyMember" name="HospitalizationHistory" time="2.343"/>
  <testcase classname="healthApp.HealthAdultFamilyMember" name="HealthHistory" time="2.823"/>
  <testcase classname="healthApp.HealthAdultFamilyMember" name="GeneticdisoredrAdd" time="4.077"/>
  <testcase classname="healthApp.HealthAdultFamilyMember" name="GeneticdisoredrSelect" time="12.917"/>
  <testcase classname="healthApp.HealthAdultFamilyMember" name="AddGeneticdisoredr" time="2.494"/>
  <testcase classname="healthApp.HealthAdultFamilyMember" name="helathNext" time="2.315"/>
  <testcase classname="healthApp.HealthAdultFamilyMember" name="FamailyNedicalHistory" time="8.016"/>
  <testcase classname="healthApp.HealthAdultFamilyMember" name="EnterDisorders" time="8.911"/>
  <testcase classname="healthApp.HealthAdultFamilyMember" name="MothersName" time="12.493"/>
</testsuite> <!-- healthApp.HealthAdultFamilyMember -->
