<?xml version="1.0" encoding="UTF-8"?>
<!-- Generated by org.testng.reporters.JUnitReportReporter -->
<testsuite hostname="DESKTOP-VQLLA2K" failures="0" tests="21" name="webAutoQueue.PediatricPatient" time="97.250" errors="0" timestamp="2023-06-21T14:54:49 IST" skipped="0">
  <testcase classname="webAutoQueue.PediatricPatient" name="numberField" time="0.288"/>
  <system-out/>
  <testcase classname="webAutoQueue.PediatricPatient" name="sendOTP" time="6.445"/>
  <system-out/>
  <testcase classname="webAutoQueue.PediatricPatient" name="verifyButton" time="10.349"/>
  <system-out/>
  <testcase classname="webAutoQueue.PediatricPatient" name="createPatient" time="5.328"/>
  <system-out/>
  <testcase classname="webAutoQueue.PediatricPatient" name="Number1" time="1.381"/>
  <system-out/>
  <testcase classname="webAutoQueue.PediatricPatient" name="confirm" time="2.305"/>
  <system-out/>
  <testcase classname="webAutoQueue.PediatricPatient" name="number2" time="0.520"/>
  <system-out/>
  <testcase classname="webAutoQueue.PediatricPatient" name="firstName" time="0.435"/>
  <system-out/>
  <testcase classname="webAutoQueue.PediatricPatient" name="middleName" time="0.441"/>
  <system-out/>
  <testcase classname="webAutoQueue.PediatricPatient" name="lastName" time="0.370"/>
  <system-out/>
  <testcase classname="webAutoQueue.PediatricPatient" name="birthDate" time="0.725"/>
  <system-out/>
  <testcase classname="webAutoQueue.PediatricPatient" name="genFemale" time="0.227"/>
  <system-out/>
  <testcase classname="webAutoQueue.PediatricPatient" name="address" time="0.497"/>
  <system-out/>
  <testcase classname="webAutoQueue.PediatricPatient" name="locality" time="0.403"/>
  <system-out/>
  <testcase classname="webAutoQueue.PediatricPatient" name="city" time="0.664"/>
  <system-out/>
  <testcase classname="webAutoQueue.PediatricPatient" name="pinCode" time="0.890"/>
  <system-out/>
  <testcase classname="webAutoQueue.PediatricPatient" name="nextButton" time="15.143"/>
  <system-out/>
  <testcase classname="webAutoQueue.PediatricPatient" name="clickClose" time="1.336"/>
  <system-out/>
  <testcase classname="webAutoQueue.PediatricPatient" name="fillVitalForm" time="17.781"/>
  <system-out/>
  <testcase classname="webAutoQueue.PediatricPatient" name="fillHealthProfile" time="13.712"/>
  <system-out/>
  <testcase classname="webAutoQueue.PediatricPatient" name="fillFamilyProfile" time="18.010"/>
  <system-out/>
</testsuite> <!-- webAutoQueue.PediatricPatient -->
