<?xml version="1.0" encoding="UTF-8"?>
<!-- Generated by org.testng.reporters.JUnitReportReporter -->
<testsuite hostname="DESKTOP-VQLLA2K" failures="0" tests="29" name="webAuto.LMPFlow" time="201.244" errors="0" timestamp="2023-09-12T11:49:54 IST" skipped="0">
  <testcase classname="webAuto.LMPFlow" name="numberField" time="0.340"/>
  <testcase classname="webAuto.LMPFlow" name="sendOTP" time="12.294"/>
  <testcase classname="webAuto.LMPFlow" name="verifyButton" time="10.170"/>
  <testcase classname="webAuto.LMPFlow" name="createPatient" time="4.025"/>
  <testcase classname="webAuto.LMPFlow" name="Number1" time="0.791"/>
  <testcase classname="webAuto.LMPFlow" name="confirm" time="2.520"/>
  <testcase classname="webAuto.LMPFlow" name="number2" time="0.552"/>
  <testcase classname="webAuto.LMPFlow" name="firstName" time="0.605"/>
  <testcase classname="webAuto.LMPFlow" name="middleName" time="0.417"/>
  <testcase classname="webAuto.LMPFlow" name="lastName" time="0.403"/>
  <testcase classname="webAuto.LMPFlow" name="birthDate" time="1.566"/>
  <testcase classname="webAuto.LMPFlow" name="genFemale" time="0.264"/>
  <testcase classname="webAuto.LMPFlow" name="address" time="0.476"/>
  <testcase classname="webAuto.LMPFlow" name="locality" time="0.439"/>
  <testcase classname="webAuto.LMPFlow" name="city" time="0.428"/>
  <testcase classname="webAuto.LMPFlow" name="pinCode" time="0.471"/>
  <testcase classname="webAuto.LMPFlow" name="proceedWithSameRMN" time="0.501"/>
  <testcase classname="webAuto.LMPFlow" name="nextButton" time="15.185"/>
  <testcase classname="webAuto.LMPFlow" name="clickClose" time="1.162"/>
  <testcase classname="webAuto.LMPFlow" name="fillVitalForm" time="18.331"/>
  <testcase classname="webAuto.LMPFlow" name="fillHealthProfile" time="14.183"/>
  <testcase classname="webAuto.LMPFlow" name="fillFamilyProfile" time="18.206"/>
  <testcase classname="webAuto.LMPFlow" name="GoHome" time="0.771"/>
  <testcase classname="webAuto.LMPFlow" name="searchBar2" time="19.652"/>
  <testcase classname="webAuto.LMPFlow" name="AdVitals" time="5.499"/>
  <testcase classname="webAuto.LMPFlow" name="AdBpandHeartOption" time="16.637"/>
  <testcase classname="webAuto.LMPFlow" name="AdBloodAndAnalysis" time="17.050"/>
  <testcase classname="webAuto.LMPFlow" name="AdLipidProfile" time="17.434"/>
  <testcase classname="webAuto.LMPFlow" name="EditVital" time="20.872"/>
</testsuite> <!-- webAuto.LMPFlow -->
