<?xml version="1.0" encoding="UTF-8"?>
<!-- Generated by org.testng.reporters.JUnitReportReporter -->
<testsuite hostname="DESKTOP-VQLLA2K" failures="0" tests="173" name="pivotalApplication.PivoFin1" time="957.379" errors="0" timestamp="2023-12-15T10:44:15 IST" skipped="0">
  <testcase classname="pivotalApplication.PivoFin1" name="NumberField" time="0.706"/>
  <testcase classname="pivotalApplication.PivoFin1" name="IAgree" time="2.103"/>
  <testcase classname="pivotalApplication.PivoFin1" name="proceedButton" time="2.375"/>
  <testcase classname="pivotalApplication.PivoFin1" name="OTP" time="10.916"/>
  <testcase classname="pivotalApplication.PivoFin1" name="submit" time="8.512"/>
  <testcase classname="pivotalApplication.PivoFin1" name="Createptient" time="4.503"/>
  <testcase classname="pivotalApplication.PivoFin1" name="Neweptient" time="12.325"/>
  <testcase classname="pivotalApplication.PivoFin1" name="Close" time="5.243"/>
  <testcase classname="pivotalApplication.PivoFin1" name="MobileNumber1" time="3.434"/>
  <testcase classname="pivotalApplication.PivoFin1" name="confirm" time="4.545"/>
  <testcase classname="pivotalApplication.PivoFin1" name="confirmPopup" time="4.537"/>
  <testcase classname="pivotalApplication.PivoFin1" name="AdditionalNumber1" time="3.050"/>
  <testcase classname="pivotalApplication.PivoFin1" name="FirstName" time="5.212"/>
  <testcase classname="pivotalApplication.PivoFin1" name="MiddleName" time="4.438"/>
  <testcase classname="pivotalApplication.PivoFin1" name="LastName" time="5.507"/>
  <testcase classname="pivotalApplication.PivoFin1" name="BirthCalender" time="6.632"/>
  <testcase classname="pivotalApplication.PivoFin1" name="Birthok" time="4.351"/>
  <testcase classname="pivotalApplication.PivoFin1" name="GenFemale" time="4.418"/>
  <testcase classname="pivotalApplication.PivoFin1" name="Address" time="2.370"/>
  <testcase classname="pivotalApplication.PivoFin1" name="Area" time="2.374"/>
  <testcase classname="pivotalApplication.PivoFin1" name="City" time="2.371"/>
  <testcase classname="pivotalApplication.PivoFin1" name="PinCode" time="2.867"/>
  <testcase classname="pivotalApplication.PivoFin1" name="Next" time="15.956"/>
  <testcase classname="pivotalApplication.PivoFin1" name="ContinueProfile" time="10.547"/>
  <testcase classname="pivotalApplication.PivoFin1" name="TypeOfDelivery" time="2.415"/>
  <testcase classname="pivotalApplication.PivoFin1" name="TypeOfDeliveryNormal" time="2.267"/>
  <testcase classname="pivotalApplication.PivoFin1" name="weightl" time="2.453"/>
  <testcase classname="pivotalApplication.PivoFin1" name="Heightl" time="2.472"/>
  <testcase classname="pivotalApplication.PivoFin1" name="HC" time="2.354"/>
  <testcase classname="pivotalApplication.PivoFin1" name="CC" time="2.408"/>
  <testcase classname="pivotalApplication.PivoFin1" name="BPSYS" time="2.326"/>
  <testcase classname="pivotalApplication.PivoFin1" name="BPDia" time="2.299"/>
  <testcase classname="pivotalApplication.PivoFin1" name="BloodGroup" time="2.410"/>
  <testcase classname="pivotalApplication.PivoFin1" name="BloodGroupA" time="2.242"/>
  <testcase classname="pivotalApplication.PivoFin1" name="BirthHistoryNext" time="7.443"/>
  <testcase classname="pivotalApplication.PivoFin1" name="MedicalConditionAdd" time="3.722"/>
  <testcase classname="pivotalApplication.PivoFin1" name="MedicalConditionSelect" time="3.821"/>
  <testcase classname="pivotalApplication.PivoFin1" name="AddMedicalCondition" time="2.375"/>
  <testcase classname="pivotalApplication.PivoFin1" name="Allergies" time="2.799"/>
  <testcase classname="pivotalApplication.PivoFin1" name="Reactions" time="2.800"/>
  <testcase classname="pivotalApplication.PivoFin1" name="RecurringComplaints" time="2.826"/>
  <testcase classname="pivotalApplication.PivoFin1" name="HospitalizationHistory" time="2.831"/>
  <testcase classname="pivotalApplication.PivoFin1" name="HealthHistory" time="3.111"/>
  <testcase classname="pivotalApplication.PivoFin1" name="GeneticdisoredrAdd" time="4.319"/>
  <testcase classname="pivotalApplication.PivoFin1" name="GeneticdisoredrSelect" time="12.846"/>
  <testcase classname="pivotalApplication.PivoFin1" name="AddGeneticdisoredr" time="2.519"/>
  <testcase classname="pivotalApplication.PivoFin1" name="OtherEmailId" time="2.857"/>
  <testcase classname="pivotalApplication.PivoFin1" name="helathNext" time="2.370"/>
  <testcase classname="pivotalApplication.PivoFin1" name="FathersName" time="2.844"/>
  <testcase classname="pivotalApplication.PivoFin1" name="MothersName" time="2.748"/>
  <testcase classname="pivotalApplication.PivoFin1" name="Fatherheight" time="8.106"/>
  <testcase classname="pivotalApplication.PivoFin1" name="Mothersheight" time="5.559"/>
  <testcase classname="pivotalApplication.PivoFin1" name="FamailyMedicalHistory" time="8.206"/>
  <testcase classname="pivotalApplication.PivoFin1" name="EnterDisorders" time="15.523"/>
  <testcase classname="pivotalApplication.PivoFin1" name="AddVital" time="5.342"/>
  <testcase classname="pivotalApplication.PivoFin1" name="weight" time="0.283"/>
  <testcase classname="pivotalApplication.PivoFin1" name="Height" time="5.979"/>
  <testcase classname="pivotalApplication.PivoFin1" name="HC1" time="5.324"/>
  <testcase classname="pivotalApplication.PivoFin1" name="CC1" time="6.248"/>
  <testcase classname="pivotalApplication.PivoFin1" name="Temperature" time="5.824"/>
  <testcase classname="pivotalApplication.PivoFin1" name="SPO2" time="11.680"/>
  <testcase classname="pivotalApplication.PivoFin1" name="UpArrow" time="10.772"/>
  <testcase classname="pivotalApplication.PivoFin1" name="BPSYS1" time="5.250"/>
  <testcase classname="pivotalApplication.PivoFin1" name="BPDIA" time="5.285"/>
  <testcase classname="pivotalApplication.PivoFin1" name="HeartRate" time="6.171"/>
  <testcase classname="pivotalApplication.PivoFin1" name="Pulse" time="10.879"/>
  <testcase classname="pivotalApplication.PivoFin1" name="BloodSugar" time="10.294"/>
  <testcase classname="pivotalApplication.PivoFin1" name="BloodSugarf" time="5.252"/>
  <testcase classname="pivotalApplication.PivoFin1" name="BloodSugarPP" time="5.742"/>
  <testcase classname="pivotalApplication.PivoFin1" name="BloodSugarHB" time="16.312"/>
  <testcase classname="pivotalApplication.PivoFin1" name="CholesterolHDL" time="5.796"/>
  <testcase classname="pivotalApplication.PivoFin1" name="CholesterolLDL" time="5.791"/>
  <testcase classname="pivotalApplication.PivoFin1" name="TotalCholesterol" time="5.768"/>
  <testcase classname="pivotalApplication.PivoFin1" name="Triglycerides" time="5.794"/>
  <testcase classname="pivotalApplication.PivoFin1" name="Save" time="5.412"/>
  <testcase classname="pivotalApplication.PivoFin1" name="Appointment" time="21.100"/>
  <testcase classname="pivotalApplication.PivoFin1" name="SlotTime" time="42.275"/>
  <testcase classname="pivotalApplication.PivoFin1" name="VideoCheckBox" time="2.271"/>
  <testcase classname="pivotalApplication.PivoFin1" name="Book" time="7.486"/>
  <testcase classname="pivotalApplication.PivoFin1" name="AppointmentBookedPopup" time="14.948"/>
  <testcase classname="pivotalApplication.PivoFin1" name="ClickPatient" time="3.073"/>
  <testcase classname="pivotalApplication.PivoFin1" name="prescription" time="2.893"/>
  <testcase classname="pivotalApplication.PivoFin1" name="ComplaintAndDiagnosis" time="2.653"/>
  <testcase classname="pivotalApplication.PivoFin1" name="AddChiefComplaints" time="2.380"/>
  <testcase classname="pivotalApplication.PivoFin1" name="Fever" time="4.087"/>
  <testcase classname="pivotalApplication.PivoFin1" name="Details" time="2.504"/>
  <testcase classname="pivotalApplication.PivoFin1" name="mild" time="2.340"/>
  <testcase classname="pivotalApplication.PivoFin1" name="moreSymptoms" time="2.279"/>
  <testcase classname="pivotalApplication.PivoFin1" name="Since2Days" time="2.294"/>
  <testcase classname="pivotalApplication.PivoFin1" name="AddComplaint" time="2.272"/>
  <testcase classname="pivotalApplication.PivoFin1" name="AddWorkingDiagnosis" time="2.435"/>
  <testcase classname="pivotalApplication.PivoFin1" name="AcuteUrti" time="5.253"/>
  <testcase classname="pivotalApplication.PivoFin1" name="AddDiagnosis" time="2.804"/>
  <testcase classname="pivotalApplication.PivoFin1" name="Medicine" time="2.861"/>
  <testcase classname="pivotalApplication.PivoFin1" name="TapToAddMedicine" time="2.381"/>
  <testcase classname="pivotalApplication.PivoFin1" name="SearchMedDolo" time="6.707"/>
  <testcase classname="pivotalApplication.PivoFin1" name="AddToPrescription" time="2.301"/>
  <testcase classname="pivotalApplication.PivoFin1" name="ClickFavourite" time="2.468"/>
  <testcase classname="pivotalApplication.PivoFin1" name="ClickFavoutiteDropdown" time="2.188"/>
  <testcase classname="pivotalApplication.PivoFin1" name="ClickFavoutiteMedDrp" time="2.170"/>
  <testcase classname="pivotalApplication.PivoFin1" name="ClickFavoutiteMedicine" time="2.232"/>
  <testcase classname="pivotalApplication.PivoFin1" name="CopyMedicine" time="2.232"/>
  <testcase classname="pivotalApplication.PivoFin1" name="popularClick" time="2.456"/>
  <testcase classname="pivotalApplication.PivoFin1" name="popularMedicineClick" time="3.845"/>
  <testcase classname="pivotalApplication.PivoFin1" name="popularCopyMedicine" time="2.752"/>
  <testcase classname="pivotalApplication.PivoFin1" name="DietAndNutrition" time="2.419"/>
  <testcase classname="pivotalApplication.PivoFin1" name="DietAndNutritionAdd" time="2.300"/>
  <testcase classname="pivotalApplication.PivoFin1" name="DietAdvice" time="2.393"/>
  <testcase classname="pivotalApplication.PivoFin1" name="AddDietAdvice" time="2.339"/>
  <testcase classname="pivotalApplication.PivoFin1" name="GeneralInstructions" time="2.377"/>
  <testcase classname="pivotalApplication.PivoFin1" name="GeneralInstructionsAdd" time="2.399"/>
  <testcase classname="pivotalApplication.PivoFin1" name="InstructionsAdd" time="2.367"/>
  <testcase classname="pivotalApplication.PivoFin1" name="Instructions" time="2.343"/>
  <testcase classname="pivotalApplication.PivoFin1" name="NextFollowup" time="4.402"/>
  <testcase classname="pivotalApplication.PivoFin1" name="NextFollowupCln7der" time="2.301"/>
  <testcase classname="pivotalApplication.PivoFin1" name="NextOk" time="2.250"/>
  <testcase classname="pivotalApplication.PivoFin1" name="NextVistTab" time="2.431"/>
  <testcase classname="pivotalApplication.PivoFin1" name="PreviewPrescription" time="2.381"/>
  <testcase classname="pivotalApplication.PivoFin1" name="SaveAndShare" time="10.167"/>
  <testcase classname="pivotalApplication.PivoFin1" name="DownloadBack" time="20.872"/>
  <testcase classname="pivotalApplication.PivoFin1" name="ImmunizationClick" time="2.518"/>
  <testcase classname="pivotalApplication.PivoFin1" name="AtBirth" time="2.515"/>
  <testcase classname="pivotalApplication.PivoFin1" name="AddVaccine" time="2.513"/>
  <testcase classname="pivotalApplication.PivoFin1" name="SelectBrand" time="2.581"/>
  <testcase classname="pivotalApplication.PivoFin1" name="SelectDate" time="7.605"/>
  <testcase classname="pivotalApplication.PivoFin1" name="VaccineLabel" time="28.945"/>
  <testcase classname="pivotalApplication.PivoFin1" name="BulkUpdate" time="7.820"/>
  <testcase classname="pivotalApplication.PivoFin1" name="PCV" time="4.410"/>
  <testcase classname="pivotalApplication.PivoFin1" name="IPV" time="4.471"/>
  <testcase classname="pivotalApplication.PivoFin1" name="Rotavirus" time="4.428"/>
  <testcase classname="pivotalApplication.PivoFin1" name="AddToSchedule" time="4.463"/>
  <testcase classname="pivotalApplication.PivoFin1" name="BulkUpdate1" time="10.481"/>
  <testcase classname="pivotalApplication.PivoFin1" name="TransScript" time="5.440"/>
  <testcase classname="pivotalApplication.PivoFin1" name="CreatedBy" time="15.747"/>
  <testcase classname="pivotalApplication.PivoFin1" name="DocumentOn" time="7.205"/>
  <testcase classname="pivotalApplication.PivoFin1" name="popoupOk" time="4.289"/>
  <testcase classname="pivotalApplication.PivoFin1" name="Gallaries" time="2.244"/>
  <testcase classname="pivotalApplication.PivoFin1" name="GallariesPhoto" time="10.311"/>
  <testcase classname="pivotalApplication.PivoFin1" name="Upload" time="7.295"/>
  <testcase classname="pivotalApplication.PivoFin1" name="UploadOk" time="7.232"/>
  <testcase classname="pivotalApplication.PivoFin1" name="TransScript1" time="61.393"/>
  <testcase classname="pivotalApplication.PivoFin1" name="ImmunizationGovClick" time="2.591"/>
  <testcase classname="pivotalApplication.PivoFin1" name="BulkCancel" time="5.181"/>
  <testcase classname="pivotalApplication.PivoFin1" name="opvO" time="2.621"/>
  <testcase classname="pivotalApplication.PivoFin1" name="SaveVaccine" time="2.273"/>
  <testcase classname="pivotalApplication.PivoFin1" name="IPV1" time="3.609"/>
  <testcase classname="pivotalApplication.PivoFin1" name="SaveVaccine1" time="2.231"/>
  <testcase classname="pivotalApplication.PivoFin1" name="HepB" time="3.110"/>
  <testcase classname="pivotalApplication.PivoFin1" name="SaveVaccine2" time="2.277"/>
  <testcase classname="pivotalApplication.PivoFin1" name="Transscript" time="3.294"/>
  <testcase classname="pivotalApplication.PivoFin1" name="CreatedBy2" time="2.855"/>
  <testcase classname="pivotalApplication.PivoFin1" name="DocumentOn2" time="2.183"/>
  <testcase classname="pivotalApplication.PivoFin1" name="popUpOk" time="2.279"/>
  <testcase classname="pivotalApplication.PivoFin1" name="Camera" time="13.575"/>
  <testcase classname="pivotalApplication.PivoFin1" name="UploadCam" time="2.281"/>
  <testcase classname="pivotalApplication.PivoFin1" name="UploadCamOk" time="3.003"/>
  <testcase classname="pivotalApplication.PivoFin1" name="Transscript1" time="2.586"/>
  <testcase classname="pivotalApplication.PivoFin1" name="CreatedBy1" time="3.015"/>
  <testcase classname="pivotalApplication.PivoFin1" name="DocumentOn1" time="2.187"/>
  <testcase classname="pivotalApplication.PivoFin1" name="popUpOk1" time="2.281"/>
  <testcase classname="pivotalApplication.PivoFin1" name="Gallery" time="2.229"/>
  <testcase classname="pivotalApplication.PivoFin1" name="photo" time="10.310"/>
  <testcase classname="pivotalApplication.PivoFin1" name="Upload1" time="2.298"/>
  <testcase classname="pivotalApplication.PivoFin1" name="UploadOk1" time="8.725"/>
  <testcase classname="pivotalApplication.PivoFin1" name="ImmunizationClick1" time="2.477"/>
  <testcase classname="pivotalApplication.PivoFin1" name="Records" time="5.408"/>
  <testcase classname="pivotalApplication.PivoFin1" name="Certificates" time="5.481"/>
  <testcase classname="pivotalApplication.PivoFin1" name="SelectVaciines" time="5.189"/>
  <testcase classname="pivotalApplication.PivoFin1" name="Proceed" time="5.472"/>
  <testcase classname="pivotalApplication.PivoFin1" name="SpecialityDropdown" time="5.281"/>
  <testcase classname="pivotalApplication.PivoFin1" name="DefaultV3" time="5.169"/>
  <testcase classname="pivotalApplication.PivoFin1" name="Preview" time="5.322"/>
  <testcase classname="pivotalApplication.PivoFin1" name="Print" time="5.238"/>
</testsuite> <!-- pivotalApplication.PivoFin1 -->
