<?xml version="1.0" encoding="UTF-8"?>
<!-- Generated by org.testng.reporters.JUnitReportReporter -->
<testsuite hostname="DESKTOP-VQLLA2K" failures="0" tests="19" name="webAuto.LinkedPatient" time="0.023" errors="1" timestamp="2023-08-08T17:09:45 IST" skipped="18">
  <testcase classname="webAuto.LinkedPatient" name="setUp" time="0.023">
    <error message="Unresolved compilation problem: 
	ChromeDriver cannot be resolved to a type
" type="java.lang.Error">
      <![CDATA[java.lang.Error: Unresolved compilation problem: 
ChromeDriver cannot be resolved to a type

at webAuto.LinkedPatient.setUp(LinkedPatient.java:89)
at java.base/jdk.internal.reflect.DirectMethodHandleAccessor.invoke(DirectMethodHandleAccessor.java:104)
at java.base/java.lang.reflect.Method.invoke(Method.java:578)
at org.testng.internal.MethodInvocationHelper.invokeMethod(MethodInvocationHelper.java:133)
at org.testng.internal.MethodInvocationHelper.invokeMethodConsideringTimeout(MethodInvocationHelper.java:62)
at org.testng.internal.ConfigInvoker.invokeConfigurationMethod(ConfigInvoker.java:385)
at org.testng.internal.ConfigInvoker.invokeConfigurations(ConfigInvoker.java:321)
at org.testng.internal.TestMethodWorker.invokeBeforeClassMethods(TestMethodWorker.java:176)
at org.testng.internal.TestMethodWorker.run(TestMethodWorker.java:122)
at java.base/java.util.ArrayList.forEach(ArrayList.java:1511)
at org.testng.TestRunner.privateRun(TestRunner.java:794)
at org.testng.TestRunner.run(TestRunner.java:596)
at org.testng.SuiteRunner.runTest(SuiteRunner.java:377)
at org.testng.SuiteRunner.runSequentially(SuiteRunner.java:371)
at org.testng.SuiteRunner.privateRun(SuiteRunner.java:332)
at org.testng.SuiteRunner.run(SuiteRunner.java:276)
at org.testng.SuiteRunnerWorker.runSuite(SuiteRunnerWorker.java:53)
at org.testng.SuiteRunnerWorker.run(SuiteRunnerWorker.java:96)
at org.testng.TestNG.runSuitesSequentially(TestNG.java:1212)
at org.testng.TestNG.runSuitesLocally(TestNG.java:1134)
at org.testng.TestNG.runSuites(TestNG.java:1063)
at org.testng.TestNG.run(TestNG.java:1031)
at org.testng.remote.AbstractRemoteTestNG.run(AbstractRemoteTestNG.java:115)
at org.testng.remote.RemoteTestNG.initAndRun(RemoteTestNG.java:251)
at org.testng.remote.RemoteTestNG.main(RemoteTestNG.java:77)
]]>
    </error>
  </testcase> <!-- setUp -->
  <system-out/>
  <testcase classname="webAuto.LinkedPatient" name="numberField" time="0.000">
    <skipped/>
  </testcase> <!-- numberField -->
  <system-out/>
  <testcase classname="webAuto.LinkedPatient" name="sendOTP" time="0.000">
    <skipped/>
  </testcase> <!-- sendOTP -->
  <system-out/>
  <testcase classname="webAuto.LinkedPatient" name="verifyButton" time="0.000">
    <skipped/>
  </testcase> <!-- verifyButton -->
  <system-out/>
  <testcase classname="webAuto.LinkedPatient" name="createPatient" time="0.000">
    <skipped/>
  </testcase> <!-- createPatient -->
  <system-out/>
  <testcase classname="webAuto.LinkedPatient" name="Number1" time="0.000">
    <skipped/>
  </testcase> <!-- Number1 -->
  <system-out/>
  <testcase classname="webAuto.LinkedPatient" name="confirm" time="0.000">
    <skipped/>
  </testcase> <!-- confirm -->
  <system-out/>
  <testcase classname="webAuto.LinkedPatient" name="number2" time="0.000">
    <skipped/>
  </testcase> <!-- number2 -->
  <system-out/>
  <testcase classname="webAuto.LinkedPatient" name="firstName" time="0.000">
    <skipped/>
  </testcase> <!-- firstName -->
  <system-out/>
  <testcase classname="webAuto.LinkedPatient" name="middleName" time="0.000">
    <skipped/>
  </testcase> <!-- middleName -->
  <system-out/>
  <testcase classname="webAuto.LinkedPatient" name="lastName" time="0.000">
    <skipped/>
  </testcase> <!-- lastName -->
  <system-out/>
  <testcase classname="webAuto.LinkedPatient" name="birthDate" time="0.000">
    <skipped/>
  </testcase> <!-- birthDate -->
  <system-out/>
  <testcase classname="webAuto.LinkedPatient" name="genFemale" time="0.000">
    <skipped/>
  </testcase> <!-- genFemale -->
  <system-out/>
  <testcase classname="webAuto.LinkedPatient" name="address" time="0.000">
    <skipped/>
  </testcase> <!-- address -->
  <system-out/>
  <testcase classname="webAuto.LinkedPatient" name="locality" time="0.000">
    <skipped/>
  </testcase> <!-- locality -->
  <system-out/>
  <testcase classname="webAuto.LinkedPatient" name="city" time="0.000">
    <skipped/>
  </testcase> <!-- city -->
  <system-out/>
  <testcase classname="webAuto.LinkedPatient" name="pinCode" time="0.000">
    <skipped/>
  </testcase> <!-- pinCode -->
  <system-out/>
  <testcase classname="webAuto.LinkedPatient" name="nextButton" time="0.000">
    <skipped/>
  </testcase> <!-- nextButton -->
  <system-out/>
  <testcase classname="webAuto.LinkedPatient" name="clickPatient" time="0.000">
    <skipped/>
  </testcase> <!-- clickPatient -->
  <system-out/>
</testsuite> <!-- webAuto.LinkedPatient -->
