<?xml version="1.0" encoding="UTF-8"?>
<!-- Generated by org.testng.reporters.JUnitReportReporter -->
<testsuite hostname="DESKTOP-VQLLA2K" failures="0" tests="11" name="pivotalApplication.PivoVaccineInventory" time="56.121" errors="1" timestamp="2023-11-17T16:49:45 IST" skipped="0">
  <testcase classname="pivotalApplication.PivoVaccineInventory" name="NumberField" time="0.897"/>
  <testcase classname="pivotalApplication.PivoVaccineInventory" name="IAgree" time="2.196"/>
  <testcase classname="pivotalApplication.PivoVaccineInventory" name="proceedButton" time="2.465"/>
  <testcase classname="pivotalApplication.PivoVaccineInventory" name="OTP" time="11.024"/>
  <testcase classname="pivotalApplication.PivoVaccineInventory" name="submit" time="3.583"/>
  <testcase classname="pivotalApplication.PivoVaccineInventory" name="close" time="4.328"/>
  <testcase classname="pivotalApplication.PivoVaccineInventory" name="menu" time="4.703"/>
  <testcase classname="pivotalApplication.PivoVaccineInventory" name="VccineInventory" time="4.355"/>
  <testcase classname="pivotalApplication.PivoVaccineInventory" name="NewStock" time="4.811"/>
  <testcase classname="pivotalApplication.PivoVaccineInventory" name="SearchBrand" time="17.593"/>
  <testcase classname="pivotalApplication.PivoVaccineInventory" name="SearchBrandOrCompany" time="0.166">
    <error message="Index 0 out of bounds for length 0" type="java.lang.IndexOutOfBoundsException">
      <![CDATA[java.lang.IndexOutOfBoundsException: Index 0 out of bounds for length 0
at java.base/jdk.internal.util.Preconditions.outOfBounds(Preconditions.java:64)
at java.base/jdk.internal.util.Preconditions.outOfBoundsCheckIndex(Preconditions.java:70)
at java.base/jdk.internal.util.Preconditions.checkIndex(Preconditions.java:266)
at java.base/java.util.Objects.checkIndex(Objects.java:359)
at java.base/java.util.ArrayList.get(ArrayList.java:427)
at pivotalApplication.PivoVaccineInventory.SearchBrandOrCompany(PivoVaccineInventory.java:155)
at java.base/jdk.internal.reflect.NativeMethodAccessorImpl.invoke0(Native Method)
at java.base/jdk.internal.reflect.NativeMethodAccessorImpl.invoke(NativeMethodAccessorImpl.java:77)
at java.base/jdk.internal.reflect.DelegatingMethodAccessorImpl.invoke(DelegatingMethodAccessorImpl.java:43)
at java.base/java.lang.reflect.Method.invoke(Method.java:568)
at org.testng.internal.invokers.MethodInvocationHelper.invokeMethod(MethodInvocationHelper.java:139)
at org.testng.internal.invokers.TestInvoker.invokeMethod(TestInvoker.java:664)
at org.testng.internal.invokers.TestInvoker.invokeTestMethod(TestInvoker.java:227)
at org.testng.internal.invokers.MethodRunner.runInSequence(MethodRunner.java:50)
at org.testng.internal.invokers.TestInvoker$MethodInvocationAgent.invoke(TestInvoker.java:957)
at org.testng.internal.invokers.TestInvoker.invokeTestMethods(TestInvoker.java:200)
at org.testng.internal.invokers.TestMethodWorker.invokeTestMethods(TestMethodWorker.java:148)
at org.testng.internal.invokers.TestMethodWorker.run(TestMethodWorker.java:128)
at java.base/java.util.ArrayList.forEach(ArrayList.java:1511)
at org.testng.TestRunner.privateRun(TestRunner.java:848)
at org.testng.TestRunner.run(TestRunner.java:621)
at org.testng.SuiteRunner.runTest(SuiteRunner.java:443)
at org.testng.SuiteRunner.runSequentially(SuiteRunner.java:437)
at org.testng.SuiteRunner.privateRun(SuiteRunner.java:397)
at org.testng.SuiteRunner.run(SuiteRunner.java:336)
at org.testng.SuiteRunnerWorker.runSuite(SuiteRunnerWorker.java:52)
at org.testng.SuiteRunnerWorker.run(SuiteRunnerWorker.java:95)
at org.testng.TestNG.runSuitesSequentially(TestNG.java:1280)
at org.testng.TestNG.runSuitesLocally(TestNG.java:1200)
at org.testng.TestNG.runSuites(TestNG.java:1114)
at org.testng.TestNG.run(TestNG.java:1082)
at org.testng.remote.AbstractRemoteTestNG.run(AbstractRemoteTestNG.java:115)
at org.testng.remote.RemoteTestNG.initAndRun(RemoteTestNG.java:251)
at org.testng.remote.RemoteTestNG.main(RemoteTestNG.java:77)
]]>
    </error>
  </testcase> <!-- SearchBrandOrCompany -->
</testsuite> <!-- pivotalApplication.PivoVaccineInventory -->
