<?xml version="1.0" encoding="UTF-8"?>
<!-- Generated by org.testng.reporters.JUnitReportReporter -->
<testsuite hostname="DESKTOP-VQLLA2K" failures="0" tests="17" name="webAutoQueueNegative.QLogIn" time="0.015" errors="1" timestamp="2023-08-08T15:45:14 IST" skipped="16">
  <testcase classname="webAutoQueueNegative.QLogIn" name="setUp" time="0.015">
    <error message="Unresolved compilation problem: 
	ChromeDriver cannot be resolved to a type
" type="java.lang.Error">
      <![CDATA[java.lang.Error: Unresolved compilation problem: 
ChromeDriver cannot be resolved to a type

at webAutoQueueNegative.QLogIn.setUp(QLogIn.java:128)
at java.base/jdk.internal.reflect.DirectMethodHandleAccessor.invoke(DirectMethodHandleAccessor.java:104)
at java.base/java.lang.reflect.Method.invoke(Method.java:578)
at org.testng.internal.MethodInvocationHelper.invokeMethod(MethodInvocationHelper.java:133)
at org.testng.internal.MethodInvocationHelper.invokeMethodConsideringTimeout(MethodInvocationHelper.java:62)
at org.testng.internal.ConfigInvoker.invokeConfigurationMethod(ConfigInvoker.java:385)
at org.testng.internal.ConfigInvoker.invokeConfigurations(ConfigInvoker.java:321)
at org.testng.internal.TestMethodWorker.invokeBeforeClassMethods(TestMethodWorker.java:176)
at org.testng.internal.TestMethodWorker.run(TestMethodWorker.java:122)
at java.base/java.util.ArrayList.forEach(ArrayList.java:1511)
at org.testng.TestRunner.privateRun(TestRunner.java:794)
at org.testng.TestRunner.run(TestRunner.java:596)
at org.testng.SuiteRunner.runTest(SuiteRunner.java:377)
at org.testng.SuiteRunner.runSequentially(SuiteRunner.java:371)
at org.testng.SuiteRunner.privateRun(SuiteRunner.java:332)
at org.testng.SuiteRunner.run(SuiteRunner.java:276)
at org.testng.SuiteRunnerWorker.runSuite(SuiteRunnerWorker.java:53)
at org.testng.SuiteRunnerWorker.run(SuiteRunnerWorker.java:96)
at org.testng.TestNG.runSuitesSequentially(TestNG.java:1212)
at org.testng.TestNG.runSuitesLocally(TestNG.java:1134)
at org.testng.TestNG.runSuites(TestNG.java:1063)
at org.testng.TestNG.run(TestNG.java:1031)
at org.testng.remote.AbstractRemoteTestNG.run(AbstractRemoteTestNG.java:115)
at org.testng.remote.RemoteTestNG.initAndRun(RemoteTestNG.java:251)
at org.testng.remote.RemoteTestNG.main(RemoteTestNG.java:77)
]]>
    </error>
  </testcase> <!-- setUp -->
  <system-out/>
  <testcase classname="webAutoQueueNegative.QLogIn" name="numberField1" time="0.000">
    <skipped/>
  </testcase> <!-- numberField1 -->
  <system-out/>
  <testcase classname="webAutoQueueNegative.QLogIn" name="numberField2" time="0.000">
    <skipped/>
  </testcase> <!-- numberField2 -->
  <system-out/>
  <testcase classname="webAutoQueueNegative.QLogIn" name="numberField3" time="0.000">
    <skipped/>
  </testcase> <!-- numberField3 -->
  <system-out/>
  <testcase classname="webAutoQueueNegative.QLogIn" name="numberField4" time="0.000">
    <skipped/>
  </testcase> <!-- numberField4 -->
  <system-out/>
  <testcase classname="webAutoQueueNegative.QLogIn" name="numberField5" time="0.000">
    <skipped/>
  </testcase> <!-- numberField5 -->
  <system-out/>
  <testcase classname="webAutoQueueNegative.QLogIn" name="numberField6" time="0.000">
    <skipped/>
  </testcase> <!-- numberField6 -->
  <system-out/>
  <testcase classname="webAutoQueueNegative.QLogIn" name="sendOTP5" time="0.000">
    <skipped/>
  </testcase> <!-- sendOTP5 -->
  <system-out/>
  <testcase classname="webAutoQueueNegative.QLogIn" name="sendOTP1" time="0.000">
    <skipped/>
  </testcase> <!-- sendOTP1 -->
  <system-out/>
  <testcase classname="webAutoQueueNegative.QLogIn" name="searchBar1" time="0.000">
    <skipped/>
  </testcase> <!-- searchBar1 -->
  <system-out/>
  <testcase classname="webAutoQueueNegative.QLogIn" name="createPatient" time="0.000">
    <skipped/>
  </testcase> <!-- createPatient -->
  <system-out/>
  <testcase classname="webAutoQueueNegative.QLogIn" name="Number1" time="0.000">
    <skipped/>
  </testcase> <!-- Number1 -->
  <system-out/>
  <testcase classname="webAutoQueueNegative.QLogIn" name="confirm" time="0.000">
    <skipped/>
  </testcase> <!-- confirm -->
  <system-out/>
  <testcase classname="webAutoQueueNegative.QLogIn" name="number2" time="0.000">
    <skipped/>
  </testcase> <!-- number2 -->
  <system-out/>
  <testcase classname="webAutoQueueNegative.QLogIn" name="firstName" time="0.000">
    <skipped/>
  </testcase> <!-- firstName -->
  <system-out/>
  <testcase classname="webAutoQueueNegative.QLogIn" name="lastName" time="0.000">
    <skipped/>
  </testcase> <!-- lastName -->
  <system-out/>
  <testcase classname="webAutoQueueNegative.QLogIn" name="nextButton" time="0.000">
    <skipped/>
  </testcase> <!-- nextButton -->
  <system-out/>
</testsuite> <!-- webAutoQueueNegative.QLogIn -->
