<?xml version="1.0" encoding="UTF-8"?>
<!-- Generated by org.testng.reporters.JUnitReportReporter -->
<testsuite hostname="DESKTOP-VQLLA2K" failures="0" tests="28" name="webAuto.AddVitalWeb" time="181.480" errors="0" timestamp="2023-12-08T09:55:44 IST" skipped="0">
  <testcase classname="webAuto.AddVitalWeb" name="numberField" time="0.324"/>
  <testcase classname="webAuto.AddVitalWeb" name="sendOTP" time="12.265"/>
  <testcase classname="webAuto.AddVitalWeb" name="verifyButton" time="10.329"/>
  <testcase classname="webAuto.AddVitalWeb" name="createPatient" time="6.974"/>
  <testcase classname="webAuto.AddVitalWeb" name="Number1" time="0.939"/>
  <testcase classname="webAuto.AddVitalWeb" name="confirm" time="3.071"/>
  <testcase classname="webAuto.AddVitalWeb" name="number2" time="0.697"/>
  <testcase classname="webAuto.AddVitalWeb" name="firstName" time="0.508"/>
  <testcase classname="webAuto.AddVitalWeb" name="middleName" time="0.372"/>
  <testcase classname="webAuto.AddVitalWeb" name="lastName" time="0.374"/>
  <testcase classname="webAuto.AddVitalWeb" name="birthDate" time="0.681"/>
  <testcase classname="webAuto.AddVitalWeb" name="genFemale" time="0.242"/>
  <testcase classname="webAuto.AddVitalWeb" name="address" time="0.567"/>
  <testcase classname="webAuto.AddVitalWeb" name="locality" time="0.493"/>
  <testcase classname="webAuto.AddVitalWeb" name="city" time="0.442"/>
  <testcase classname="webAuto.AddVitalWeb" name="pinCode" time="0.462"/>
  <testcase classname="webAuto.AddVitalWeb" name="proceedWithSameRMN" time="0.398"/>
  <testcase classname="webAuto.AddVitalWeb" name="nextButton" time="15.154"/>
  <testcase classname="webAuto.AddVitalWeb" name="clickClose" time="1.315"/>
  <testcase classname="webAuto.AddVitalWeb" name="fillVitalForm" time="17.852"/>
  <testcase classname="webAuto.AddVitalWeb" name="fillHealthProfile" time="13.381"/>
  <testcase classname="webAuto.AddVitalWeb" name="fillFamilyProfile" time="18.333"/>
  <testcase classname="webAuto.AddVitalWeb" name="GoHome" time="0.504"/>
  <testcase classname="webAuto.AddVitalWeb" name="searchBar2" time="19.863"/>
  <testcase classname="webAuto.AddVitalWeb" name="AdVitals" time="5.438"/>
  <testcase classname="webAuto.AddVitalWeb" name="AdBpandHeartOption" time="16.486"/>
  <testcase classname="webAuto.AddVitalWeb" name="AdBloodAndAnalysis" time="16.913"/>
  <testcase classname="webAuto.AddVitalWeb" name="AdLipidProfile" time="17.103"/>
</testsuite> <!-- webAuto.AddVitalWeb -->
