<?xml version="1.0" encoding="UTF-8"?>
<!-- Generated by org.testng.reporters.JUnitReportReporter -->
<testsuite hostname="DESKTOP-VQLLA2K" failures="0" tests="17" name="pivotalApplication.ReferralCreation" time="78.387" errors="0" timestamp="2023-09-05T15:16:42 IST" skipped="0">
  <testcase classname="pivotalApplication.ReferralCreation" name="NumberField" time="1.509"/>
  <testcase classname="pivotalApplication.ReferralCreation" name="IAgree" time="2.164"/>
  <testcase classname="pivotalApplication.ReferralCreation" name="proceedButton" time="2.555"/>
  <testcase classname="pivotalApplication.ReferralCreation" name="OTP" time="11.385"/>
  <testcase classname="pivotalApplication.ReferralCreation" name="submit" time="7.392"/>
  <testcase classname="pivotalApplication.ReferralCreation" name="Search" time="10.896"/>
  <testcase classname="pivotalApplication.ReferralCreation" name="close" time="4.644"/>
  <testcase classname="pivotalApplication.ReferralCreation" name="ClickPatient" time="2.559"/>
  <testcase classname="pivotalApplication.ReferralCreation" name="RffralCreation" time="3.587"/>
  <testcase classname="pivotalApplication.ReferralCreation" name="DrName" time="3.149"/>
  <testcase classname="pivotalApplication.ReferralCreation" name="DrEmail" time="2.984"/>
  <testcase classname="pivotalApplication.ReferralCreation" name="DrMobNumber" time="2.692"/>
  <testcase classname="pivotalApplication.ReferralCreation" name="HealthCondition" time="2.954"/>
  <testcase classname="pivotalApplication.ReferralCreation" name="Duration" time="3.470"/>
  <testcase classname="pivotalApplication.ReferralCreation" name="Speciality" time="8.650"/>
  <testcase classname="pivotalApplication.ReferralCreation" name="preview" time="2.509"/>
  <testcase classname="pivotalApplication.ReferralCreation" name="Save" time="5.288"/>
</testsuite> <!-- pivotalApplication.ReferralCreation -->
