<?xml version="1.0" encoding="UTF-8"?>
<!-- Generated by org.testng.reporters.JUnitReportReporter -->
<testsuite hostname="DESKTOP-VQLLA2K" failures="0" tests="43" name="pivotalApplication.LMPAddPivo" time="257.679" errors="0" timestamp="2023-12-08T11:33:27 IST" skipped="0">
  <testcase classname="pivotalApplication.LMPAddPivo" name="NumberField" time="1.363"/>
  <testcase classname="pivotalApplication.LMPAddPivo" name="IAgree" time="2.149"/>
  <testcase classname="pivotalApplication.LMPAddPivo" name="proceedButton" time="2.554"/>
  <testcase classname="pivotalApplication.LMPAddPivo" name="OTP" time="10.977"/>
  <testcase classname="pivotalApplication.LMPAddPivo" name="submit" time="6.323"/>
  <testcase classname="pivotalApplication.LMPAddPivo" name="Createptient" time="4.550"/>
  <testcase classname="pivotalApplication.LMPAddPivo" name="Neweptient" time="12.319"/>
  <testcase classname="pivotalApplication.LMPAddPivo" name="Close" time="5.209"/>
  <testcase classname="pivotalApplication.LMPAddPivo" name="MobileNumber1" time="2.571"/>
  <testcase classname="pivotalApplication.LMPAddPivo" name="confirm" time="4.846"/>
  <testcase classname="pivotalApplication.LMPAddPivo" name="confirmPopup" time="5.570"/>
  <testcase classname="pivotalApplication.LMPAddPivo" name="AdditionalNumber1" time="3.342"/>
  <testcase classname="pivotalApplication.LMPAddPivo" name="FirstName" time="5.104"/>
  <testcase classname="pivotalApplication.LMPAddPivo" name="MiddleName" time="5.036"/>
  <testcase classname="pivotalApplication.LMPAddPivo" name="LastName" time="4.964"/>
  <testcase classname="pivotalApplication.LMPAddPivo" name="Age" time="0.964"/>
  <testcase classname="pivotalApplication.LMPAddPivo" name="GenFemale" time="4.452"/>
  <testcase classname="pivotalApplication.LMPAddPivo" name="Address" time="2.947"/>
  <testcase classname="pivotalApplication.LMPAddPivo" name="Area" time="2.472"/>
  <testcase classname="pivotalApplication.LMPAddPivo" name="City" time="2.454"/>
  <testcase classname="pivotalApplication.LMPAddPivo" name="PinCode" time="3.173"/>
  <testcase classname="pivotalApplication.LMPAddPivo" name="Next" time="15.461"/>
  <testcase classname="pivotalApplication.LMPAddPivo" name="AddVital" time="5.342"/>
  <testcase classname="pivotalApplication.LMPAddPivo" name="Continue" time="5.254"/>
  <testcase classname="pivotalApplication.LMPAddPivo" name="weight" time="0.338"/>
  <testcase classname="pivotalApplication.LMPAddPivo" name="Height" time="6.153"/>
  <testcase classname="pivotalApplication.LMPAddPivo" name="Temperature" time="5.871"/>
  <testcase classname="pivotalApplication.LMPAddPivo" name="SPO2" time="5.899"/>
  <testcase classname="pivotalApplication.LMPAddPivo" name="LMPDate" time="16.838"/>
  <testcase classname="pivotalApplication.LMPAddPivo" name="UpArrow" time="10.732"/>
  <testcase classname="pivotalApplication.LMPAddPivo" name="BPSYS" time="5.316"/>
  <testcase classname="pivotalApplication.LMPAddPivo" name="BPDIA" time="5.783"/>
  <testcase classname="pivotalApplication.LMPAddPivo" name="HeartRate" time="6.717"/>
  <testcase classname="pivotalApplication.LMPAddPivo" name="Pulse" time="16.780"/>
  <testcase classname="pivotalApplication.LMPAddPivo" name="BloodSugar" time="5.769"/>
  <testcase classname="pivotalApplication.LMPAddPivo" name="BloodSugarf" time="5.767"/>
  <testcase classname="pivotalApplication.LMPAddPivo" name="BloodSugarPP" time="5.778"/>
  <testcase classname="pivotalApplication.LMPAddPivo" name="BloodSugarHB" time="11.429"/>
  <testcase classname="pivotalApplication.LMPAddPivo" name="CholesterolHDL" time="6.934"/>
  <testcase classname="pivotalApplication.LMPAddPivo" name="CholesterolLDL" time="5.761"/>
  <testcase classname="pivotalApplication.LMPAddPivo" name="TotalCholesterol" time="5.789"/>
  <testcase classname="pivotalApplication.LMPAddPivo" name="Triglycerides" time="5.279"/>
  <testcase classname="pivotalApplication.LMPAddPivo" name="Save" time="5.350"/>
</testsuite> <!-- pivotalApplication.LMPAddPivo -->
