<?xml version="1.0" encoding="UTF-8"?>
<!-- Generated by org.testng.reporters.JUnitReportReporter -->
<testsuite hostname="DESKTOP-VQLLA2K" failures="0" tests="14" name="healthApp.NewAppoitnment" time="121.089" errors="0" timestamp="2023-12-01T16:54:28 IST" skipped="0">
  <testcase classname="healthApp.NewAppoitnment" name="NumberField" time="12.172"/>
  <testcase classname="healthApp.NewAppoitnment" name="IAgree" time="2.223"/>
  <testcase classname="healthApp.NewAppoitnment" name="proceedButton" time="5.597"/>
  <testcase classname="healthApp.NewAppoitnment" name="OTP" time="17.855"/>
  <testcase classname="healthApp.NewAppoitnment" name="Verify" time="10.799"/>
  <testcase classname="healthApp.NewAppoitnment" name="BookAppointment" time="6.249"/>
  <testcase classname="healthApp.NewAppoitnment" name="SelectFamilyMember" time="2.456"/>
  <testcase classname="healthApp.NewAppoitnment" name="SelectDoctor" time="5.514"/>
  <testcase classname="healthApp.NewAppoitnment" name="Doctor" time="5.398"/>
  <testcase classname="healthApp.NewAppoitnment" name="DateClick" time="5.481"/>
  <testcase classname="healthApp.NewAppoitnment" name="Time" time="5.686"/>
  <testcase classname="healthApp.NewAppoitnment" name="PurposeVisit" time="30.814"/>
  <testcase classname="healthApp.NewAppoitnment" name="CreateAppointment" time="5.496"/>
  <testcase classname="healthApp.NewAppoitnment" name="Done" time="5.349"/>
</testsuite> <!-- healthApp.NewAppoitnment -->
