<?xml version="1.0" encoding="UTF-8"?>
<!-- Generated by org.testng.reporters.JUnitReportReporter -->
<testsuite hostname="DESKTOP-VQLLA2K" failures="0" tests="10" name="pivotalApplication.PivotalChatAppointment" time="73.422" errors="0" timestamp="2023-11-23T13:06:23 IST" skipped="0">
  <testcase classname="pivotalApplication.PivotalChatAppointment" name="NumberField" time="0.888"/>
  <testcase classname="pivotalApplication.PivotalChatAppointment" name="IAgree" time="2.221"/>
  <testcase classname="pivotalApplication.PivotalChatAppointment" name="proceedButton" time="2.403"/>
  <testcase classname="pivotalApplication.PivotalChatAppointment" name="OTP" time="10.987"/>
  <testcase classname="pivotalApplication.PivotalChatAppointment" name="submit" time="8.174"/>
  <testcase classname="pivotalApplication.PivotalChatAppointment" name="chatsclick" time="7.602"/>
  <testcase classname="pivotalApplication.PivotalChatAppointment" name="Patientclick" time="7.517"/>
  <testcase classname="pivotalApplication.PivotalChatAppointment" name="AppointmentClick" time="18.926"/>
  <testcase classname="pivotalApplication.PivotalChatAppointment" name="Book" time="7.462"/>
  <testcase classname="pivotalApplication.PivotalChatAppointment" name="AppointmentBookedPopup" time="7.242"/>
</testsuite> <!-- pivotalApplication.PivotalChatAppointment -->
