<?xml version="1.0" encoding="UTF-8"?>
<!-- Generated by org.testng.reporters.JUnitReportReporter -->
<testsuite hostname="DESKTOP-VQLLA2K" failures="0" tests="7" name="webAutoQueue.InvestigationReport" time="66.094" errors="0" timestamp="2023-06-21T14:23:52 IST" skipped="0">
  <testcase classname="webAutoQueue.InvestigationReport" name="numberField" time="0.325"/>
  <system-out/>
  <testcase classname="webAutoQueue.InvestigationReport" name="sendOTP" time="8.716"/>
  <system-out/>
  <testcase classname="webAutoQueue.InvestigationReport" name="verifyButton" time="10.161"/>
  <system-out/>
  <testcase classname="webAutoQueue.InvestigationReport" name="searchBar" time="9.719"/>
  <system-out/>
  <testcase classname="webAutoQueue.InvestigationReport" name="searchOpt" time="3.182"/>
  <system-out/>
  <testcase classname="webAutoQueue.InvestigationReport" name="clickPatient" time="10.405"/>
  <system-out/>
  <testcase classname="webAutoQueue.InvestigationReport" name="Investigation" time="23.586"/>
  <system-out/>
</testsuite> <!-- webAutoQueue.InvestigationReport -->
