<?xml version="1.0" encoding="UTF-8"?>
<!-- Generated by org.testng.reporters.JUnitReportReporter -->
<testsuite hostname="DESKTOP-VQLLA2K" failures="0" tests="14" name="pivotalApplication.FitCertificate" time="280.067" errors="0" timestamp="2023-09-11T11:19:00 IST" skipped="0">
  <testcase classname="pivotalApplication.FitCertificate" name="NumberField" time="0.931"/>
  <testcase classname="pivotalApplication.FitCertificate" name="IAgree" time="2.266"/>
  <testcase classname="pivotalApplication.FitCertificate" name="proceedButton" time="2.448"/>
  <testcase classname="pivotalApplication.FitCertificate" name="OTP" time="11.129"/>
  <testcase classname="pivotalApplication.FitCertificate" name="submit" time="6.061"/>
  <testcase classname="pivotalApplication.FitCertificate" name="Search" time="11.396"/>
  <testcase classname="pivotalApplication.FitCertificate" name="ClickPatient" time="19.049"/>
  <testcase classname="pivotalApplication.FitCertificate" name="Certificate" time="27.574"/>
  <testcase classname="pivotalApplication.FitCertificate" name="CertificateDropdown" time="22.317"/>
  <testcase classname="pivotalApplication.FitCertificate" name="CertificateType" time="22.340"/>
  <testcase classname="pivotalApplication.FitCertificate" name="Speciality" time="32.399"/>
  <testcase classname="pivotalApplication.FitCertificate" name="SpecialitySelect" time="37.285"/>
  <testcase classname="pivotalApplication.FitCertificate" name="Preview" time="52.594"/>
  <testcase classname="pivotalApplication.FitCertificate" name="Print" time="32.278"/>
</testsuite> <!-- pivotalApplication.FitCertificate -->
